<?xml version="1.0" encoding="UTF-8"?>
<testsuite name="org.joda.time.TestAllPackages" time="6.732" tests="4221" errors="0" skipped="0" failures="0">
  <properties>
    <property name="DISPLAY" value=":0"/>
    <property name="org.joda.time.DateTimeZone.Provider" value="org.joda.time.tz.UTCProvider"/>
    <property name="file.encoding.pkg" value="sun.io"/>
    <property name="CLUTTER_IM_MODULE" value=""/>
    <property name="java.home" value="/usr/lib/jvm/java-8-openjdk-amd64/jre"/>
    <property name="XDG_GREETER_DATA_DIR" value="/var/lib/lightdm-data/kwgi222"/>
    <property name="LOGNAME" value="kwgi222"/>
    <property name="VTE_VERSION" value="4205"/>
    <property name="NODE_NAME" value="master"/>
    <property name="PWD" value="/home/kwgi222/Downloads"/>
    <property name="JENKINS_URL" value="http://128.163.143.153:8080/"/>
    <property name="sun.font.fontmanager" value="sun.awt.X11FontManager"/>
    <property name="GDMSESSION" value="gnome-flashback-metacity"/>
    <property name="java.endorsed.dirs" value="/usr/lib/jvm/java-8-openjdk-amd64/jre/lib/endorsed"/>
    <property name="XDG_SEAT_PATH" value="/org/freedesktop/DisplayManager/Seat0"/>
    <property name="sun.os.patch.level" value="unknown"/>
    <property name="java.vendor.url" value="http://java.oracle.com/"/>
    <property name="GPG_AGENT_INFO" value="/home/kwgi222/.gnupg/S.gpg-agent:0:1"/>
    <property name="java.version" value="1.8.0_151"/>
    <property name="JOB_NAME" value="mp2"/>
    <property name="java.vendor.url.bug" value="http://bugreport.sun.com/bugreport/"/>
    <property name="XDG_DATA_DIRS" value="/usr/share/gnome-flashback-metacity:/usr/local/share:/usr/share:/var/lib/snapd/desktop:/var/lib/snapd/desktop"/>
    <property name="user.name" value="kwgi222"/>
    <property name="sun.io.unicode.encoding" value="UnicodeLittle"/>
    <property name="XDG_RUNTIME_DIR" value="/run/user/1002"/>
    <property name="sun.jnu.encoding" value="UTF-8"/>
    <property name="java.runtime.name" value="OpenJDK Runtime Environment"/>
    <property name="GNOME_KEYRING_CONTROL" value=""/>
    <property name="XDG_SESSION_DESKTOP" value="gnome-flashback-metacity"/>
    <property name="java.specification.name" value="Java Platform API Specification"/>
    <property name="RUN_CHANGES_DISPLAY_URL" value="http://128.163.143.153:8080/job/mp2/14/display/redirect?page=changes"/>
    <property name="user.timezone" value="America/New_York"/>
    <property name="path.separator" value=":"/>
    <property name="WINDOWID" value="69206026"/>
    <property name="BUILD_TAG" value="jenkins-mp2-14"/>
    <property name="TERM" value="xterm-256color"/>
    <property name="GTK_MODULES" value="gail:atk-bridge:unity-gtk-module"/>
    <property name="MANDATORY_PATH" value="/usr/share/gconf/gnome-flashback-metacity.mandatory.path"/>
    <property name="file.encoding" value="UTF-8"/>
    <property name="PATH" value="/home/kwgi222/bin:/home/kwgi222/.local/bin:/usr/local/sbin:/usr/local/bin:/usr/sbin:/usr/bin:/sbin:/bin:/usr/games:/usr/local/games:/snap/bin"/>
    <property name="QT_ACCESSIBILITY" value="1"/>
    <property name="DESKTOP_SESSION" value="gnome-flashback-metacity"/>
    <property name="sun.java.command" value="jenkins.maven3.agent.Maven33Main /home/kwgi222/.jenkins/tools/hudson.tasks.Maven_MavenInstallation/_usr_share_maven /home/kwgi222/.jenkins/war/WEB-INF/lib/remoting-3.14.jar /home/kwgi222/.jenkins/plugins/maven-plugin/WEB-INF/lib/maven33-interceptor-1.12-alpha-1.jar /home/kwgi222/.jenkins/plugins/maven-plugin/WEB-INF/lib/maven3-interceptor-commons-1.12-alpha-1.jar 43634"/>
    <property name="HUDSON_URL" value="http://128.163.143.153:8080/"/>
    <property name="XDG_CONFIG_DIRS" value="/etc/xdg/xdg-gnome-flashback-metacity:/usr/share/upstart/xdg:/etc/xdg"/>
    <property name="JENKINS_SERVER_COOKIE" value="280585ba269bc9d8"/>
    <property name="SESSIONTYPE" value="gnome-session"/>
    <property name="EXECUTOR_NUMBER" value="1"/>
    <property name="XDG_SESSION_TYPE" value="x11"/>
    <property name="GIT_COMMIT" value="541e7334ccf8410d1b461d8de50f386ab1df8b0d"/>
    <property name="XDG_SESSION_PATH" value="/org/freedesktop/DisplayManager/Session0"/>
    <property name="java.io.tmpdir" value="/tmp"/>
    <property name="user.language" value="en"/>
    <property name="line.separator" value="&#10;"/>
    <property name="GTK2_MODULES" value="overlay-scrollbar"/>
    <property name="BUILD_URL" value="http://128.163.143.153:8080/job/mp2/14/"/>
    <property name="SHLVL" value="1"/>
    <property name="M2_HOME" value="/home/kwgi222/.jenkins/tools/hudson.tasks.Maven_MavenInstallation/_usr_share_maven"/>
    <property name="USER" value="kwgi222"/>
    <property name="java.vm.info" value="mixed mode"/>
    <property name="sun.desktop" value="gnome"/>
    <property name="java.vm.specification.name" value="Java Virtual Machine Specification"/>
    <property name="BUILD_DISPLAY_NAME" value="#14"/>
    <property name="guice.disable.misplaced.annotation.check" value="true"/>
    <property name="HUDSON_SERVER_COOKIE" value="280585ba269bc9d8"/>
    <property name="UPSTART_SESSION" value="unix:abstract=/com/ubuntu/upstart-session/1002/1761"/>
    <property name="MAVEN_HOME" value="/home/kwgi222/.jenkins/tools/hudson.tasks.Maven_MavenInstallation/_usr_share_maven"/>
    <property name="java.awt.printerjob" value="sun.print.PSPrinterJob"/>
    <property name="SESSION_MANAGER" value="local/kwgi222:@/tmp/.ICE-unix/1965,unix/kwgi222:/tmp/.ICE-unix/1965"/>
    <property name="DEFAULTS_PATH" value="/usr/share/gconf/gnome-flashback-metacity.default.path"/>
    <property name="maven3.interceptor.common" value="/home/kwgi222/.jenkins/plugins/maven-plugin/WEB-INF/lib/maven3-interceptor-commons-1.12-alpha-1.jar"/>
    <property name="CLASSPATH" value=""/>
    <property name="GNOME_DESKTOP_SESSION_ID" value="this-is-deprecated"/>
    <property name="XAUTHORITY" value="/home/kwgi222/.Xauthority"/>
    <property name="LESSCLOSE" value="/usr/bin/lesspipe %s %s"/>
    <property name="XDG_MENU_PREFIX" value="gnome-flashback-"/>
    <property name="XDG_CURRENT_DESKTOP" value="GNOME-Flashback:Unity"/>
    <property name="os.name" value="Linux"/>
    <property name="java.specification.vendor" value="Oracle Corporation"/>
    <property name="java.vm.name" value="OpenJDK 64-Bit Server VM"/>
    <property name="BUILD_NUMBER" value="14"/>
    <property name="maven3.interceptor" value="/home/kwgi222/.jenkins/plugins/maven-plugin/WEB-INF/lib/maven33-interceptor-1.12-alpha-1.jar"/>
    <property name="java.library.path" value="/usr/java/packages/lib/amd64:/usr/lib/x86_64-linux-gnu/jni:/lib/x86_64-linux-gnu:/usr/lib/x86_64-linux-gnu:/usr/lib/jni:/lib:/usr/lib"/>
    <property name="QT_IM_MODULE" value="ibus"/>
    <property name="POM_GROUPID" value="joda-time"/>
    <property name="POM_ARTIFACTID" value="joda-time"/>
    <property name="java.class.version" value="52.0"/>
    <property name="DBUS_SESSION_BUS_ADDRESS" value="unix:abstract=/tmp/dbus-DhOvCPsSIX"/>
    <property name="JOB_URL" value="http://128.163.143.153:8080/job/mp2/"/>
    <property name="GIT_PREVIOUS_COMMIT" value="541e7334ccf8410d1b461d8de50f386ab1df8b0d"/>
    <property name="GIT_BRANCH" value="origin/master"/>
    <property name="RUN_DISPLAY_URL" value="http://128.163.143.153:8080/job/mp2/14/display/redirect"/>
    <property name="net.sourceforge.cobertura.datafile" value="/home/kwgi222/workspace/cs498/mp2/joda-time/target/cobertura/cobertura.ser"/>
    <property name="JENKINS_HOME" value="/home/kwgi222/.jenkins"/>
    <property name="BUILD_ID" value="14"/>
    <property name="sun.boot.library.path" value="/usr/lib/jvm/java-8-openjdk-amd64/jre/lib/amd64"/>
    <property name="sun.management.compiler" value="HotSpot 64-Bit Tiered Compilers"/>
    <property name="java.awt.graphicsenv" value="sun.awt.X11GraphicsEnvironment"/>
    <property name="POM_VERSION" value="2.9.9"/>
    <property name="GTK_IM_MODULE" value=""/>
    <property name="HUDSON_HOME" value="/home/kwgi222/.jenkins"/>
    <property name="GIT_PREVIOUS_SUCCESSFUL_COMMIT" value="541e7334ccf8410d1b461d8de50f386ab1df8b0d"/>
    <property name="PATH+MAVEN" value="/home/kwgi222/.jenkins/tools/hudson.tasks.Maven_MavenInstallation/_usr_share_maven/bin"/>
    <property name="OLDPWD" value="/home/kwgi222"/>
    <property name="INSTANCE" value=""/>
    <property name="QT_QPA_PLATFORMTHEME" value="appmenu-qt5"/>
    <property name="java.vm.specification.version" value="1.8"/>
    <property name="SHELL" value="/bin/bash"/>
    <property name="SESSION" value="gnome-flashback-metacity"/>
    <property name="awt.toolkit" value="sun.awt.X11.XToolkit"/>
    <property name="NODE_LABELS" value="master"/>
    <property name="sun.cpu.isalist" value=""/>
    <property name="JOB_DISPLAY_URL" value="http://128.163.143.153:8080/job/mp2/display/redirect"/>
    <property name="securerandom.source" value="file:/dev/./urandom"/>
    <property name="java.ext.dirs" value="/usr/lib/jvm/java-8-openjdk-amd64/jre/lib/ext:/usr/java/packages/lib/ext"/>
    <property name="os.version" value="4.4.0-104-generic"/>
    <property name="user.home" value="/home/kwgi222"/>
    <property name="_" value="/usr/bin/java"/>
    <property name="java.vm.vendor" value="Oracle Corporation"/>
    <property name="JOB" value="dbus"/>
    <property name="project.build.outputDirectory" value="/home/kwgi222/workspace/cs498/mp2/joda-time/target/generated-classes/cobertura"/>
    <property name="IM_CONFIG_PHASE" value="1"/>
    <property name="user.dir" value="/home/kwgi222/workspace/cs498/mp2/joda-time"/>
    <property name="GDM_LANG" value="en"/>
    <property name="XDG_VTNR" value="7"/>
    <property name="sun.cpu.endian" value="little"/>
    <property name="UBUNTU_MENUPROXY" value="1"/>
    <property name="java.vm.version" value="25.151-b12"/>
    <property name="java.class.path" value="/home/kwgi222/.jenkins/plugins/maven-plugin/WEB-INF/lib/maven33-agent-1.12-alpha-1.jar:/home/kwgi222/.jenkins/tools/hudson.tasks.Maven_MavenInstallation/_usr_share_maven/boot/plexus-classworlds-2.5.2.jar:/home/kwgi222/.jenkins/tools/hudson.tasks.Maven_MavenInstallation/_usr_share_maven/conf/logging"/>
    <property name="org.slf4j.simpleLogger.defaultLogLevel" value="info"/>
    <property name="XDG_SEAT" value="seat0"/>
    <property name="os.arch" value="amd64"/>
    <property name="WORKSPACE" value="/home/kwgi222/.jenkins/workspace/mp2"/>
    <property name="sun.java.launcher" value="SUN_STANDARD"/>
    <property name="LANG" value="en_US.UTF-8"/>
    <property name="GNOME_KEYRING_PID" value=""/>
    <property name="LESSOPEN" value="| /usr/bin/lesspipe %s"/>
    <property name="java.vm.specification.vendor" value="Oracle Corporation"/>
    <property name="file.separator" value="/"/>
    <property name="LANGUAGE" value="en"/>
    <property name="java.runtime.version" value="1.8.0_151-8u151-b12-0ubuntu0.16.04.2-b12"/>
    <property name="XDG_SESSION_ID" value="c5"/>
    <property name="sun.boot.class.path" value="/usr/lib/jvm/java-8-openjdk-amd64/jre/lib/resources.jar:/usr/lib/jvm/java-8-openjdk-amd64/jre/lib/rt.jar:/usr/lib/jvm/java-8-openjdk-amd64/jre/lib/sunrsasign.jar:/usr/lib/jvm/java-8-openjdk-amd64/jre/lib/jsse.jar:/usr/lib/jvm/java-8-openjdk-amd64/jre/lib/jce.jar:/usr/lib/jvm/java-8-openjdk-amd64/jre/lib/charsets.jar:/usr/lib/jvm/java-8-openjdk-amd64/jre/lib/jfr.jar:/usr/lib/jvm/java-8-openjdk-amd64/jre/classes"/>
    <property name="QT4_IM_MODULE" value=""/>
    <property name="user.country" value="US"/>
    <property name="POM_PACKAGING" value="jar"/>
    <property name="maven.home" value="/home/kwgi222/.jenkins/tools/hudson.tasks.Maven_MavenInstallation/_usr_share_maven"/>
    <property name="JOB_BASE_NAME" value="mp2"/>
    <property name="XMODIFIERS" value="@im=ibus"/>
    <property name="HOME" value="/home/kwgi222"/>
    <property name="java.vendor" value="Oracle Corporation"/>
    <property name="QT_LINUX_ACCESSIBILITY_ALWAYS_ON" value="1"/>
    <property name="SSH_AUTH_SOCK" value="/run/user/1002/keyring/ssh"/>
    <property name="LS_COLORS" value="rs=0:di=01;34:ln=01;36:mh=00:pi=40;33:so=01;35:do=01;35:bd=40;33;01:cd=40;33;01:or=40;31;01:mi=00:su=37;41:sg=30;43:ca=30;41:tw=30;42:ow=34;42:st=37;44:ex=01;32:*.tar=01;31:*.tgz=01;31:*.arc=01;31:*.arj=01;31:*.taz=01;31:*.lha=01;31:*.lz4=01;31:*.lzh=01;31:*.lzma=01;31:*.tlz=01;31:*.txz=01;31:*.tzo=01;31:*.t7z=01;31:*.zip=01;31:*.z=01;31:*.Z=01;31:*.dz=01;31:*.gz=01;31:*.lrz=01;31:*.lz=01;31:*.lzo=01;31:*.xz=01;31:*.bz2=01;31:*.bz=01;31:*.tbz=01;31:*.tbz2=01;31:*.tz=01;31:*.deb=01;31:*.rpm=01;31:*.jar=01;31:*.war=01;31:*.ear=01;31:*.sar=01;31:*.rar=01;31:*.alz=01;31:*.ace=01;31:*.zoo=01;31:*.cpio=01;31:*.7z=01;31:*.rz=01;31:*.cab=01;31:*.jpg=01;35:*.jpeg=01;35:*.gif=01;35:*.bmp=01;35:*.pbm=01;35:*.pgm=01;35:*.ppm=01;35:*.tga=01;35:*.xbm=01;35:*.xpm=01;35:*.tif=01;35:*.tiff=01;35:*.png=01;35:*.svg=01;35:*.svgz=01;35:*.mng=01;35:*.pcx=01;35:*.mov=01;35:*.mpg=01;35:*.mpeg=01;35:*.m2v=01;35:*.mkv=01;35:*.webm=01;35:*.ogm=01;35:*.mp4=01;35:*.m4v=01;35:*.mp4v=01;35:*.vob=01;35:*.qt=01;35:*.nuv=01;35:*.wmv=01;35:*.asf=01;35:*.rm=01;35:*.rmvb=01;35:*.flc=01;35:*.avi=01;35:*.fli=01;35:*.flv=01;35:*.gl=01;35:*.dl=01;35:*.xcf=01;35:*.xwd=01;35:*.yuv=01;35:*.cgm=01;35:*.emf=01;35:*.ogv=01;35:*.ogx=01;35:*.aac=00;36:*.au=00;36:*.flac=00;36:*.m4a=00;36:*.mid=00;36:*.midi=00;36:*.mka=00;36:*.mp3=00;36:*.mpc=00;36:*.ogg=00;36:*.ra=00;36:*.wav=00;36:*.oga=00;36:*.opus=00;36:*.spx=00;36:*.xspf=00;36:"/>
    <property name="POM_DISPLAYNAME" value="Joda-Time"/>
    <property name="java.specification.version" value="1.8"/>
    <property name="sun.arch.data.model" value="64"/>
    <property name="GIT_URL" value="https://github.com/KiplingGillespie/mp2"/>
  </properties>
  <testcase name="testTest" classname="org.joda.time.TestChronology" time="0.022"/>
  <testcase name="testEqualsHashCode_ISO" classname="org.joda.time.TestChronology" time="0"/>
  <testcase name="testEqualsHashCode_Lenient" classname="org.joda.time.TestChronology" time="0.001"/>
  <testcase name="testEqualsHashCode_Strict" classname="org.joda.time.TestChronology" time="0"/>
  <testcase name="testEqualsHashCode_Limit" classname="org.joda.time.TestChronology" time="0"/>
  <testcase name="testEqualsHashCode_Zoned" classname="org.joda.time.TestChronology" time="0"/>
  <testcase name="testToString" classname="org.joda.time.TestChronology" time="0.003"/>
  <testcase name="test_era" classname="org.joda.time.TestDateTimeFieldType" time="0.072"/>
  <testcase name="test_centuryOfEra" classname="org.joda.time.TestDateTimeFieldType" time="0"/>
  <testcase name="test_yearOfCentury" classname="org.joda.time.TestDateTimeFieldType" time="0"/>
  <testcase name="test_yearOfEra" classname="org.joda.time.TestDateTimeFieldType" time="0.001"/>
  <testcase name="test_year" classname="org.joda.time.TestDateTimeFieldType" time="0"/>
  <testcase name="test_monthOfYear" classname="org.joda.time.TestDateTimeFieldType" time="0.001"/>
  <testcase name="test_weekyearOfCentury" classname="org.joda.time.TestDateTimeFieldType" time="0"/>
  <testcase name="test_weekyear" classname="org.joda.time.TestDateTimeFieldType" time="0.001"/>
  <testcase name="test_weekOfWeekyear" classname="org.joda.time.TestDateTimeFieldType" time="0"/>
  <testcase name="test_dayOfYear" classname="org.joda.time.TestDateTimeFieldType" time="0"/>
  <testcase name="test_dayOfMonth" classname="org.joda.time.TestDateTimeFieldType" time="0.001"/>
  <testcase name="test_dayOfWeek" classname="org.joda.time.TestDateTimeFieldType" time="0"/>
  <testcase name="test_halfdayOfDay" classname="org.joda.time.TestDateTimeFieldType" time="0.006"/>
  <testcase name="test_clockhourOfDay" classname="org.joda.time.TestDateTimeFieldType" time="0.001"/>
  <testcase name="test_clockhourOfHalfday" classname="org.joda.time.TestDateTimeFieldType" time="0"/>
  <testcase name="test_hourOfHalfday" classname="org.joda.time.TestDateTimeFieldType" time="0.001"/>
  <testcase name="test_hourOfDay" classname="org.joda.time.TestDateTimeFieldType" time="0.001"/>
  <testcase name="test_minuteOfDay" classname="org.joda.time.TestDateTimeFieldType" time="0.001"/>
  <testcase name="test_minuteOfHour" classname="org.joda.time.TestDateTimeFieldType" time="0.003"/>
  <testcase name="test_secondOfDay" classname="org.joda.time.TestDateTimeFieldType" time="0.001"/>
  <testcase name="test_secondOfMinute" classname="org.joda.time.TestDateTimeFieldType" time="0.001"/>
  <testcase name="test_millisOfDay" classname="org.joda.time.TestDateTimeFieldType" time="0"/>
  <testcase name="test_millisOfSecond" classname="org.joda.time.TestDateTimeFieldType" time="0"/>
  <testcase name="test_other" classname="org.joda.time.TestDateTimeFieldType" time="0.001"/>
  <testcase name="test_millis" classname="org.joda.time.TestDurationFieldType" time="0.003"/>
  <testcase name="test_eras" classname="org.joda.time.TestDurationFieldType" time="0"/>
  <testcase name="test_centuries" classname="org.joda.time.TestDurationFieldType" time="0"/>
  <testcase name="test_years" classname="org.joda.time.TestDurationFieldType" time="0"/>
  <testcase name="test_months" classname="org.joda.time.TestDurationFieldType" time="0.002"/>
  <testcase name="test_weekyears" classname="org.joda.time.TestDurationFieldType" time="0"/>
  <testcase name="test_weeks" classname="org.joda.time.TestDurationFieldType" time="0.002"/>
  <testcase name="test_days" classname="org.joda.time.TestDurationFieldType" time="0.002"/>
  <testcase name="test_halfdays" classname="org.joda.time.TestDurationFieldType" time="0.001"/>
  <testcase name="test_minutes" classname="org.joda.time.TestDurationFieldType" time="0"/>
  <testcase name="test_seconds" classname="org.joda.time.TestDurationFieldType" time="0"/>
  <testcase name="test_other" classname="org.joda.time.TestDurationFieldType" time="0.003"/>
  <testcase name="test_hours" classname="org.joda.time.TestDurationFieldType" time="0"/>
  <testcase name="testConstructor" classname="org.joda.time.TestInstant_Constructors" time="0"/>
  <testcase name="test_now" classname="org.joda.time.TestInstant_Constructors" time="0"/>
  <testcase name="test_ofEpochMilli" classname="org.joda.time.TestInstant_Constructors" time="0"/>
  <testcase name="test_ofEpochSecond" classname="org.joda.time.TestInstant_Constructors" time="0"/>
  <testcase name="test_ofEpochSecond_zero" classname="org.joda.time.TestInstant_Constructors" time="0"/>
  <testcase name="test_ofEpochSecond_overflow" classname="org.joda.time.TestInstant_Constructors" time="0.01"/>
  <testcase name="test_ofEpochSecond_underflow" classname="org.joda.time.TestInstant_Constructors" time="0"/>
  <testcase name="testParse_noFormatter" classname="org.joda.time.TestInstant_Constructors" time="0.008"/>
  <testcase name="testParse_formatter" classname="org.joda.time.TestInstant_Constructors" time="0.005"/>
  <testcase name="testConstructor_long1" classname="org.joda.time.TestInstant_Constructors" time="0"/>
  <testcase name="testConstructor_long2" classname="org.joda.time.TestInstant_Constructors" time="0"/>
  <testcase name="testConstructor_Object" classname="org.joda.time.TestInstant_Constructors" time="0.011"/>
  <testcase name="testConstructor_invalidObject" classname="org.joda.time.TestInstant_Constructors" time="0"/>
  <testcase name="testConstructor_nullObject" classname="org.joda.time.TestInstant_Constructors" time="0"/>
  <testcase name="testConstructor_badconverterObject" classname="org.joda.time.TestInstant_Constructors" time="0.005"/>
  <testcase name="testTest" classname="org.joda.time.TestInstant_Basics" time="0.001"/>
  <testcase name="testToString" classname="org.joda.time.TestInstant_Basics" time="0.001"/>
  <testcase name="testGet_DateTimeFieldType" classname="org.joda.time.TestInstant_Basics" time="0"/>
  <testcase name="testGet_DateTimeField" classname="org.joda.time.TestInstant_Basics" time="0.004"/>
  <testcase name="testGetMethods" classname="org.joda.time.TestInstant_Basics" time="0.001"/>
  <testcase name="testEqualsHashCode" classname="org.joda.time.TestInstant_Basics" time="0.001"/>
  <testcase name="testCompareTo" classname="org.joda.time.TestInstant_Basics" time="0.001"/>
  <testcase name="testIsEqual_long" classname="org.joda.time.TestInstant_Basics" time="0"/>
  <testcase name="testIsEqualNow" classname="org.joda.time.TestInstant_Basics" time="0"/>
  <testcase name="testIsEqual_RI" classname="org.joda.time.TestInstant_Basics" time="0.001"/>
  <testcase name="testIsBefore_long" classname="org.joda.time.TestInstant_Basics" time="0"/>
  <testcase name="testIsBeforeNow" classname="org.joda.time.TestInstant_Basics" time="0"/>
  <testcase name="testIsBefore_RI" classname="org.joda.time.TestInstant_Basics" time="0.001"/>
  <testcase name="testIsAfter_long" classname="org.joda.time.TestInstant_Basics" time="0"/>
  <testcase name="testIsAfterNow" classname="org.joda.time.TestInstant_Basics" time="0"/>
  <testcase name="testIsAfter_RI" classname="org.joda.time.TestInstant_Basics" time="0"/>
  <testcase name="testSerialization" classname="org.joda.time.TestInstant_Basics" time="0.001"/>
  <testcase name="testToInstant" classname="org.joda.time.TestInstant_Basics" time="0"/>
  <testcase name="testToDateTime" classname="org.joda.time.TestInstant_Basics" time="0"/>
  <testcase name="testToDateTimeISO" classname="org.joda.time.TestInstant_Basics" time="0"/>
  <testcase name="testToDateTime_DateTimeZone" classname="org.joda.time.TestInstant_Basics" time="0"/>
  <testcase name="testToDateTime_Chronology" classname="org.joda.time.TestInstant_Basics" time="0"/>
  <testcase name="testToMutableDateTime" classname="org.joda.time.TestInstant_Basics" time="0.003"/>
  <testcase name="testToMutableDateTimeISO" classname="org.joda.time.TestInstant_Basics" time="0"/>
  <testcase name="testToMutableDateTime_DateTimeZone" classname="org.joda.time.TestInstant_Basics" time="0.001"/>
  <testcase name="testToMutableDateTime_Chronology" classname="org.joda.time.TestInstant_Basics" time="0"/>
  <testcase name="testToDate" classname="org.joda.time.TestInstant_Basics" time="0.001"/>
  <testcase name="testWithMillis_long" classname="org.joda.time.TestInstant_Basics" time="0"/>
  <testcase name="testWithDurationAdded_long_int" classname="org.joda.time.TestInstant_Basics" time="0"/>
  <testcase name="testWithDurationAdded_RD_int" classname="org.joda.time.TestInstant_Basics" time="0.002"/>
  <testcase name="testPlus_long" classname="org.joda.time.TestInstant_Basics" time="0"/>
  <testcase name="testPlus_RD" classname="org.joda.time.TestInstant_Basics" time="0"/>
  <testcase name="testMinus_long" classname="org.joda.time.TestInstant_Basics" time="0.001"/>
  <testcase name="testMinus_RD" classname="org.joda.time.TestInstant_Basics" time="0"/>
  <testcase name="testImmutable" classname="org.joda.time.TestInstant_Basics" time="0"/>
  <testcase name="testConstructor" classname="org.joda.time.TestDateTime_Constructors" time="0"/>
  <testcase name="testTest" classname="org.joda.time.TestDateTime_Constructors" time="0.001"/>
  <testcase name="test_now" classname="org.joda.time.TestDateTime_Constructors" time="0"/>
  <testcase name="testConstructor_long_nullChronology" classname="org.joda.time.TestDateTime_Constructors" time="0"/>
  <testcase name="testConstructor_ObjectString1" classname="org.joda.time.TestDateTime_Constructors" time="0.001"/>
  <testcase name="testConstructor_ObjectString2" classname="org.joda.time.TestDateTime_Constructors" time="0.002"/>
  <testcase name="testConstructor_ObjectString3" classname="org.joda.time.TestDateTime_Constructors" time="0.001"/>
  <testcase name="testConstructor_ObjectString4" classname="org.joda.time.TestDateTime_Constructors" time="0"/>
  <testcase name="testConstructor_ObjectString5" classname="org.joda.time.TestDateTime_Constructors" time="0.001"/>
  <testcase name="testConstructor_ObjectString6" classname="org.joda.time.TestDateTime_Constructors" time="0"/>
  <testcase name="testConstructor_ObjectString7" classname="org.joda.time.TestDateTime_Constructors" time="0"/>
  <testcase name="testConstructor_ObjectStringEx1" classname="org.joda.time.TestDateTime_Constructors" time="0"/>
  <testcase name="testConstructor_ObjectStringEx2" classname="org.joda.time.TestDateTime_Constructors" time="0"/>
  <testcase name="testConstructor_Object_DateTimeZone" classname="org.joda.time.TestDateTime_Constructors" time="0.001"/>
  <testcase name="testConstructor_invalidObject_DateTimeZone" classname="org.joda.time.TestDateTime_Constructors" time="0"/>
  <testcase name="testConstructor_nullObject_DateTimeZone" classname="org.joda.time.TestDateTime_Constructors" time="0"/>
  <testcase name="testConstructor_Object_nullDateTimeZone" classname="org.joda.time.TestDateTime_Constructors" time="0"/>
  <testcase name="testConstructor_nullObject_nullDateTimeZone" classname="org.joda.time.TestDateTime_Constructors" time="0"/>
  <testcase name="testConstructor_badconverterObject_DateTimeZone" classname="org.joda.time.TestDateTime_Constructors" time="0"/>
  <testcase name="testConstructor_Object_Chronology" classname="org.joda.time.TestDateTime_Constructors" time="0"/>
  <testcase name="testConstructor_invalidObject_Chronology" classname="org.joda.time.TestDateTime_Constructors" time="0.001"/>
  <testcase name="testConstructor_nullObject_Chronology" classname="org.joda.time.TestDateTime_Constructors" time="0"/>
  <testcase name="testConstructor_Object_nullChronology" classname="org.joda.time.TestDateTime_Constructors" time="0"/>
  <testcase name="testConstructor_nullObject_nullChronology" classname="org.joda.time.TestDateTime_Constructors" time="0"/>
  <testcase name="testConstructor_badconverterObject_Chronology" classname="org.joda.time.TestDateTime_Constructors" time="0"/>
  <testcase name="testConstructor_int_int_int_int_int" classname="org.joda.time.TestDateTime_Constructors" time="0.001"/>
  <testcase name="testConstructor_int_int_int_int_int_DateTimeZone" classname="org.joda.time.TestDateTime_Constructors" time="0.002"/>
  <testcase name="testConstructor_int_int_int_int_int_nullDateTimeZone" classname="org.joda.time.TestDateTime_Constructors" time="0.001"/>
  <testcase name="testConstructor_int_int_int_int_int_Chronology" classname="org.joda.time.TestDateTime_Constructors" time="0.001"/>
  <testcase name="testConstructor_int_int_int_int_int_nullChronology" classname="org.joda.time.TestDateTime_Constructors" time="0.001"/>
  <testcase name="testConstructor_int_int_int_int_int_int" classname="org.joda.time.TestDateTime_Constructors" time="0"/>
  <testcase name="testConstructor_int_int_int_int_int_int_DateTimeZone" classname="org.joda.time.TestDateTime_Constructors" time="0"/>
  <testcase name="testConstructor_int_int_int_int_int_int_nullDateTimeZone" classname="org.joda.time.TestDateTime_Constructors" time="0"/>
  <testcase name="testConstructor_int_int_int_int_int_int_Chronology" classname="org.joda.time.TestDateTime_Constructors" time="0.005"/>
  <testcase name="testConstructor_int_int_int_int_int_int_nullChronology" classname="org.joda.time.TestDateTime_Constructors" time="0.001"/>
  <testcase name="testConstructor_int_int_int_int_int_int_int" classname="org.joda.time.TestDateTime_Constructors" time="0.002"/>
  <testcase name="testConstructor_int_int_int_int_int_int_int_DateTimeZone" classname="org.joda.time.TestDateTime_Constructors" time="0.002"/>
  <testcase name="testConstructor_int_int_int_int_int_int_int_nullDateTimeZone" classname="org.joda.time.TestDateTime_Constructors" time="0.001"/>
  <testcase name="testConstructor_int_int_int_int_int_int_int_Chronology" classname="org.joda.time.TestDateTime_Constructors" time="0.002"/>
  <testcase name="testConstructor_int_int_int_int_int_int_int_nullChronology" classname="org.joda.time.TestDateTime_Constructors" time="0"/>
  <testcase name="test_now_DateTimeZone" classname="org.joda.time.TestDateTime_Constructors" time="0"/>
  <testcase name="test_now_nullDateTimeZone" classname="org.joda.time.TestDateTime_Constructors" time="0"/>
  <testcase name="test_now_Chronology" classname="org.joda.time.TestDateTime_Constructors" time="0"/>
  <testcase name="test_now_nullChronology" classname="org.joda.time.TestDateTime_Constructors" time="0"/>
  <testcase name="testParse_noFormatter_vs_constructor_noOffset" classname="org.joda.time.TestDateTime_Constructors" time="0.001"/>
  <testcase name="testParse_noFormatter_vs_constructor_correctOffset" classname="org.joda.time.TestDateTime_Constructors" time="0.001"/>
  <testcase name="testConstructor_DateTimeZone" classname="org.joda.time.TestDateTime_Constructors" time="0"/>
  <testcase name="testConstructor_nullDateTimeZone" classname="org.joda.time.TestDateTime_Constructors" time="0"/>
  <testcase name="testConstructor_Chronology" classname="org.joda.time.TestDateTime_Constructors" time="0"/>
  <testcase name="testConstructor_nullChronology" classname="org.joda.time.TestDateTime_Constructors" time="0"/>
  <testcase name="testConstructor_long1_DateTimeZone" classname="org.joda.time.TestDateTime_Constructors" time="0.001"/>
  <testcase name="testConstructor_long2_DateTimeZone" classname="org.joda.time.TestDateTime_Constructors" time="0"/>
  <testcase name="testConstructor_long_nullDateTimeZone" classname="org.joda.time.TestDateTime_Constructors" time="0"/>
  <testcase name="testConstructor_long1_Chronology" classname="org.joda.time.TestDateTime_Constructors" time="0"/>
  <testcase name="testConstructor_long2_Chronology" classname="org.joda.time.TestDateTime_Constructors" time="0.001"/>
  <testcase name="testParse_noFormatter" classname="org.joda.time.TestDateTime_Constructors" time="0"/>
  <testcase name="testParse_formatter" classname="org.joda.time.TestDateTime_Constructors" time="0"/>
  <testcase name="testConstructor_long1" classname="org.joda.time.TestDateTime_Constructors" time="0"/>
  <testcase name="testConstructor_long2" classname="org.joda.time.TestDateTime_Constructors" time="0"/>
  <testcase name="testConstructor_Object" classname="org.joda.time.TestDateTime_Constructors" time="0.001"/>
  <testcase name="testConstructor_invalidObject" classname="org.joda.time.TestDateTime_Constructors" time="0"/>
  <testcase name="testConstructor_nullObject" classname="org.joda.time.TestDateTime_Constructors" time="0.001"/>
  <testcase name="testConstructor_badconverterObject" classname="org.joda.time.TestDateTime_Constructors" time="0"/>
  <testcase name="testTest" classname="org.joda.time.TestDateTime_Basics" time="0.002"/>
  <testcase name="testToString" classname="org.joda.time.TestDateTime_Basics" time="0.001"/>
  <testcase name="testMinusMonths_intMax" classname="org.joda.time.TestDateTime_Basics" time="0"/>
  <testcase name="testMinusMonths_intMin" classname="org.joda.time.TestDateTime_Basics" time="0"/>
  <testcase name="testMinusWeeks_int" classname="org.joda.time.TestDateTime_Basics" time="0"/>
  <testcase name="testMinusDays_int" classname="org.joda.time.TestDateTime_Basics" time="0.001"/>
  <testcase name="testMinusHours_int" classname="org.joda.time.TestDateTime_Basics" time="0.001"/>
  <testcase name="testMinusMinutes_int" classname="org.joda.time.TestDateTime_Basics" time="0"/>
  <testcase name="testMinusSeconds_int" classname="org.joda.time.TestDateTime_Basics" time="0"/>
  <testcase name="testMinusMillis_int" classname="org.joda.time.TestDateTime_Basics" time="0"/>
  <testcase name="testGet_DateTimeFieldType" classname="org.joda.time.TestDateTime_Basics" time="0.001"/>
  <testcase name="testGet_DateTimeField" classname="org.joda.time.TestDateTime_Basics" time="0"/>
  <testcase name="testEqualsHashCode" classname="org.joda.time.TestDateTime_Basics" time="0"/>
  <testcase name="testCompareTo" classname="org.joda.time.TestDateTime_Basics" time="0"/>
  <testcase name="testIsEqual_long" classname="org.joda.time.TestDateTime_Basics" time="0"/>
  <testcase name="testIsEqualNow" classname="org.joda.time.TestDateTime_Basics" time="0"/>
  <testcase name="testIsEqual_RI" classname="org.joda.time.TestDateTime_Basics" time="0"/>
  <testcase name="testIsBefore_long" classname="org.joda.time.TestDateTime_Basics" time="0"/>
  <testcase name="testIsBeforeNow" classname="org.joda.time.TestDateTime_Basics" time="0"/>
  <testcase name="testIsBefore_RI" classname="org.joda.time.TestDateTime_Basics" time="0"/>
  <testcase name="testIsAfter_long" classname="org.joda.time.TestDateTime_Basics" time="0"/>
  <testcase name="testIsAfterNow" classname="org.joda.time.TestDateTime_Basics" time="0"/>
  <testcase name="testIsAfter_RI" classname="org.joda.time.TestDateTime_Basics" time="0"/>
  <testcase name="testSerialization" classname="org.joda.time.TestDateTime_Basics" time="0.008"/>
  <testcase name="testToInstant" classname="org.joda.time.TestDateTime_Basics" time="0"/>
  <testcase name="testToDateTime" classname="org.joda.time.TestDateTime_Basics" time="0"/>
  <testcase name="testToDateTimeISO" classname="org.joda.time.TestDateTime_Basics" time="0"/>
  <testcase name="testToDateTime_DateTimeZone" classname="org.joda.time.TestDateTime_Basics" time="0"/>
  <testcase name="testToDateTime_Chronology" classname="org.joda.time.TestDateTime_Basics" time="0.001"/>
  <testcase name="testToMutableDateTime" classname="org.joda.time.TestDateTime_Basics" time="0"/>
  <testcase name="testToMutableDateTimeISO" classname="org.joda.time.TestDateTime_Basics" time="0"/>
  <testcase name="testToMutableDateTime_DateTimeZone" classname="org.joda.time.TestDateTime_Basics" time="0"/>
  <testcase name="testToMutableDateTime_Chronology" classname="org.joda.time.TestDateTime_Basics" time="0"/>
  <testcase name="testToDate" classname="org.joda.time.TestDateTime_Basics" time="0"/>
  <testcase name="testWithMillis_long" classname="org.joda.time.TestDateTime_Basics" time="0.002"/>
  <testcase name="testWithDurationAdded_long_int" classname="org.joda.time.TestDateTime_Basics" time="0"/>
  <testcase name="testWithDurationAdded_RD_int" classname="org.joda.time.TestDateTime_Basics" time="0"/>
  <testcase name="testPlus_long" classname="org.joda.time.TestDateTime_Basics" time="0"/>
  <testcase name="testPlus_RD" classname="org.joda.time.TestDateTime_Basics" time="0.004"/>
  <testcase name="testMinus_long" classname="org.joda.time.TestDateTime_Basics" time="0"/>
  <testcase name="testMinus_RD" classname="org.joda.time.TestDateTime_Basics" time="0"/>
  <testcase name="testIsSupported_DateTimeFieldType" classname="org.joda.time.TestDateTime_Basics" time="0"/>
  <testcase name="testGetters" classname="org.joda.time.TestDateTime_Basics" time="0"/>
  <testcase name="testWithers" classname="org.joda.time.TestDateTime_Basics" time="0"/>
  <testcase name="testToString_String" classname="org.joda.time.TestDateTime_Basics" time="0"/>
  <testcase name="testToString_String_Locale" classname="org.joda.time.TestDateTime_Basics" time="0.006"/>
  <testcase name="testToString_DTFormatter" classname="org.joda.time.TestDateTime_Basics" time="0.002"/>
  <testcase name="testToCalendar_Locale" classname="org.joda.time.TestDateTime_Basics" time="0.005"/>
  <testcase name="testToGregorianCalendar" classname="org.joda.time.TestDateTime_Basics" time="0.001"/>
  <testcase name="testToDateMidnight" classname="org.joda.time.TestDateTime_Basics" time="0"/>
  <testcase name="testToYearMonthDay" classname="org.joda.time.TestDateTime_Basics" time="0.004"/>
  <testcase name="testToTimeOfDay" classname="org.joda.time.TestDateTime_Basics" time="0.002"/>
  <testcase name="testToLocalDateTime" classname="org.joda.time.TestDateTime_Basics" time="0.007"/>
  <testcase name="testToLocalDate" classname="org.joda.time.TestDateTime_Basics" time="0.001"/>
  <testcase name="testToLocalTime" classname="org.joda.time.TestDateTime_Basics" time="0.004"/>
  <testcase name="testWithChronology_Chronology" classname="org.joda.time.TestDateTime_Basics" time="0.001"/>
  <testcase name="testWithZone_DateTimeZone" classname="org.joda.time.TestDateTime_Basics" time="0"/>
  <testcase name="testWithZoneRetainFields_DateTimeZone" classname="org.joda.time.TestDateTime_Basics" time="0.001"/>
  <testcase name="testWithDate_int_int_int" classname="org.joda.time.TestDateTime_Basics" time="0"/>
  <testcase name="testWithDate_int_int_int_toDST1" classname="org.joda.time.TestDateTime_Basics" time="0.003"/>
  <testcase name="testWithDate_int_int_int_toDST2" classname="org.joda.time.TestDateTime_Basics" time="0"/>
  <testcase name="testWithDate_int_int_int_affectedByDST" classname="org.joda.time.TestDateTime_Basics" time="0.005"/>
  <testcase name="testWithDate_LocalDate" classname="org.joda.time.TestDateTime_Basics" time="0"/>
  <testcase name="testWithTime_int_int_int_int" classname="org.joda.time.TestDateTime_Basics" time="0"/>
  <testcase name="testWithTime_int_int_int_int_toDST" classname="org.joda.time.TestDateTime_Basics" time="0.004"/>
  <testcase name="testWithTime_LocalTime" classname="org.joda.time.TestDateTime_Basics" time="0"/>
  <testcase name="testWithFields_RPartial" classname="org.joda.time.TestDateTime_Basics" time="0.001"/>
  <testcase name="testWithField1" classname="org.joda.time.TestDateTime_Basics" time="0.001"/>
  <testcase name="testWithField2" classname="org.joda.time.TestDateTime_Basics" time="0"/>
  <testcase name="testWithFieldAdded1" classname="org.joda.time.TestDateTime_Basics" time="0.003"/>
  <testcase name="testWithFieldAdded2" classname="org.joda.time.TestDateTime_Basics" time="0.001"/>
  <testcase name="testWithFieldAdded3" classname="org.joda.time.TestDateTime_Basics" time="0.001"/>
  <testcase name="testWithFieldAdded4" classname="org.joda.time.TestDateTime_Basics" time="0.001"/>
  <testcase name="testWithDurationAdded_RP_int" classname="org.joda.time.TestDateTime_Basics" time="0.001"/>
  <testcase name="testPlus_RP" classname="org.joda.time.TestDateTime_Basics" time="0.001"/>
  <testcase name="testPlusYears_int" classname="org.joda.time.TestDateTime_Basics" time="0"/>
  <testcase name="testPlusMonths_int" classname="org.joda.time.TestDateTime_Basics" time="0.001"/>
  <testcase name="testPlusMonths_intMax" classname="org.joda.time.TestDateTime_Basics" time="0.001"/>
  <testcase name="testPlusMonths_intMin" classname="org.joda.time.TestDateTime_Basics" time="0.001"/>
  <testcase name="testPlusWeeks_int" classname="org.joda.time.TestDateTime_Basics" time="0"/>
  <testcase name="testPlusDays_int" classname="org.joda.time.TestDateTime_Basics" time="0"/>
  <testcase name="testPlusHours_int" classname="org.joda.time.TestDateTime_Basics" time="0"/>
  <testcase name="testPlusMinutes_int" classname="org.joda.time.TestDateTime_Basics" time="0"/>
  <testcase name="testPlusSeconds_int" classname="org.joda.time.TestDateTime_Basics" time="0"/>
  <testcase name="testPlusMillis_int" classname="org.joda.time.TestDateTime_Basics" time="0"/>
  <testcase name="testMinus_RP" classname="org.joda.time.TestDateTime_Basics" time="0.001"/>
  <testcase name="testMinusYears_int" classname="org.joda.time.TestDateTime_Basics" time="0"/>
  <testcase name="testMinusMonths_int" classname="org.joda.time.TestDateTime_Basics" time="0"/>
  <testcase name="testProperty" classname="org.joda.time.TestDateTime_Basics" time="0.001"/>
  <testcase name="testTest" classname="org.joda.time.TestDateTime_Properties" time="0"/>
  <testcase name="testPropertyLeapMonthOfYear" classname="org.joda.time.TestDateTime_Properties" time="0.001"/>
  <testcase name="testPropertyAddMonthOfYear" classname="org.joda.time.TestDateTime_Properties" time="0"/>
  <testcase name="testPropertyAddWrapFieldMonthOfYear" classname="org.joda.time.TestDateTime_Properties" time="0.001"/>
  <testcase name="testPropertySetMonthOfYear" classname="org.joda.time.TestDateTime_Properties" time="0.001"/>
  <testcase name="testPropertySetTextMonthOfYear" classname="org.joda.time.TestDateTime_Properties" time="0"/>
  <testcase name="testPropertyCompareToMonthOfYear" classname="org.joda.time.TestDateTime_Properties" time="0"/>
  <testcase name="testPropertyGetDayOfMonth" classname="org.joda.time.TestDateTime_Properties" time="0"/>
  <testcase name="testPropertyGetMaxMinValuesDayOfMonth" classname="org.joda.time.TestDateTime_Properties" time="0"/>
  <testcase name="testPropertyAddDayOfMonth" classname="org.joda.time.TestDateTime_Properties" time="0.001"/>
  <testcase name="testPropertyAddWrapFieldDayOfMonth" classname="org.joda.time.TestDateTime_Properties" time="0.001"/>
  <testcase name="testPropertySetDayOfMonth" classname="org.joda.time.TestDateTime_Properties" time="0"/>
  <testcase name="testPropertySetTextDayOfMonth" classname="org.joda.time.TestDateTime_Properties" time="0"/>
  <testcase name="testPropertyWithMaximumValueDayOfMonth" classname="org.joda.time.TestDateTime_Properties" time="0.001"/>
  <testcase name="testPropertyWithMaximumValueMillisOfDayDSTGap" classname="org.joda.time.TestDateTime_Properties" time="0.001"/>
  <testcase name="testPropertyWithMinimumValueDayOfMonth" classname="org.joda.time.TestDateTime_Properties" time="0.001"/>
  <testcase name="testPropertyWithMinimumValueMillisOfDayDSTGap" classname="org.joda.time.TestDateTime_Properties" time="0.001"/>
  <testcase name="testPropertyCompareToDayOfMonth" classname="org.joda.time.TestDateTime_Properties" time="0"/>
  <testcase name="testPropertyGetDayOfYear" classname="org.joda.time.TestDateTime_Properties" time="0"/>
  <testcase name="testPropertyGetMaxMinValuesDayOfYear" classname="org.joda.time.TestDateTime_Properties" time="0"/>
  <testcase name="testPropertyAddDayOfYear" classname="org.joda.time.TestDateTime_Properties" time="0.001"/>
  <testcase name="testPropertyAddWrapFieldDayOfYear" classname="org.joda.time.TestDateTime_Properties" time="0"/>
  <testcase name="testPropertySetDayOfYear" classname="org.joda.time.TestDateTime_Properties" time="0.001"/>
  <testcase name="testPropertySetTextDayOfYear" classname="org.joda.time.TestDateTime_Properties" time="0"/>
  <testcase name="testPropertyCompareToDayOfYear" classname="org.joda.time.TestDateTime_Properties" time="0"/>
  <testcase name="testPropertyGetWeekOfWeekyear" classname="org.joda.time.TestDateTime_Properties" time="0.001"/>
  <testcase name="testPropertyGetEra" classname="org.joda.time.TestDateTime_Properties" time="0"/>
  <testcase name="testPropertyGetMaxMinValuesWeekOfWeekyear" classname="org.joda.time.TestDateTime_Properties" time="0"/>
  <testcase name="testPropertyAddWeekOfWeekyear" classname="org.joda.time.TestDateTime_Properties" time="0"/>
  <testcase name="testPropertyAddWrapFieldWeekOfWeekyear" classname="org.joda.time.TestDateTime_Properties" time="0.001"/>
  <testcase name="testPropertySetWeekOfWeekyear" classname="org.joda.time.TestDateTime_Properties" time="0"/>
  <testcase name="testPropertySetTextWeekOfWeekyear" classname="org.joda.time.TestDateTime_Properties" time="0"/>
  <testcase name="testPropertyCompareToWeekOfWeekyear" classname="org.joda.time.TestDateTime_Properties" time="0"/>
  <testcase name="testPropertyGetDayOfWeek" classname="org.joda.time.TestDateTime_Properties" time="0.002"/>
  <testcase name="testPropertyAddDayOfWeek" classname="org.joda.time.TestDateTime_Properties" time="0"/>
  <testcase name="testPropertyAddLongDayOfWeek" classname="org.joda.time.TestDateTime_Properties" time="0"/>
  <testcase name="testPropertyAddWrapFieldDayOfWeek" classname="org.joda.time.TestDateTime_Properties" time="0.001"/>
  <testcase name="testPropertySetDayOfWeek" classname="org.joda.time.TestDateTime_Properties" time="0"/>
  <testcase name="testPropertySetTextDayOfWeek" classname="org.joda.time.TestDateTime_Properties" time="0.001"/>
  <testcase name="testPropertyCompareToDayOfWeek" classname="org.joda.time.TestDateTime_Properties" time="0.001"/>
  <testcase name="testPropertyGetHourOfDay" classname="org.joda.time.TestDateTime_Properties" time="0"/>
  <testcase name="testPropertyGetDifferenceHourOfDay" classname="org.joda.time.TestDateTime_Properties" time="0"/>
  <testcase name="testPropertyRoundFloorHourOfDay" classname="org.joda.time.TestDateTime_Properties" time="0.001"/>
  <testcase name="testPropertyRoundCeilingHourOfDay" classname="org.joda.time.TestDateTime_Properties" time="0"/>
  <testcase name="testPropertyRoundHalfFloorHourOfDay" classname="org.joda.time.TestDateTime_Properties" time="0"/>
  <testcase name="testPropertyRoundHalfCeilingHourOfDay" classname="org.joda.time.TestDateTime_Properties" time="0.001"/>
  <testcase name="testPropertyRoundHalfEvenHourOfDay" classname="org.joda.time.TestDateTime_Properties" time="0.001"/>
  <testcase name="testPropertyRemainderHourOfDay" classname="org.joda.time.TestDateTime_Properties" time="0"/>
  <testcase name="testPropertyGetMinuteOfHour" classname="org.joda.time.TestDateTime_Properties" time="0"/>
  <testcase name="testPropertyGetMinuteOfDay" classname="org.joda.time.TestDateTime_Properties" time="0"/>
  <testcase name="testPropertyGetSecondOfMinute" classname="org.joda.time.TestDateTime_Properties" time="0"/>
  <testcase name="testPropertyGetSecondOfDay" classname="org.joda.time.TestDateTime_Properties" time="0"/>
  <testcase name="testPropertyGetMillisOfSecond" classname="org.joda.time.TestDateTime_Properties" time="0"/>
  <testcase name="testPropertyGetMillisOfDay" classname="org.joda.time.TestDateTime_Properties" time="0"/>
  <testcase name="testPropertyToIntervalYearOfEra" classname="org.joda.time.TestDateTime_Properties" time="0.004"/>
  <testcase name="testPropertyToIntervalYearOfCentury" classname="org.joda.time.TestDateTime_Properties" time="0"/>
  <testcase name="testPropertyToIntervalYear" classname="org.joda.time.TestDateTime_Properties" time="0.002"/>
  <testcase name="testPropertyToIntervalMonthOfYear" classname="org.joda.time.TestDateTime_Properties" time="0"/>
  <testcase name="testPropertyToIntervalDayOfMonth" classname="org.joda.time.TestDateTime_Properties" time="0.001"/>
  <testcase name="testPropertyToIntervalHourOfDay" classname="org.joda.time.TestDateTime_Properties" time="0"/>
  <testcase name="testPropertyToIntervalMinuteOfHour" classname="org.joda.time.TestDateTime_Properties" time="0"/>
  <testcase name="testPropertyEqualsHashCodeYear" classname="org.joda.time.TestDateTime_Properties" time="0.002"/>
  <testcase name="testPropertyGetMonthOfYear" classname="org.joda.time.TestDateTime_Properties" time="0.001"/>
  <testcase name="testPropertyToIntervalSecondOfMinute" classname="org.joda.time.TestDateTime_Properties" time="0"/>
  <testcase name="testPropertyToIntervalMillisOfSecond" classname="org.joda.time.TestDateTime_Properties" time="0"/>
  <testcase name="testPropertyEqualsHashCodeLenient" classname="org.joda.time.TestDateTime_Properties" time="0.001"/>
  <testcase name="testPropertyEqualsHashCodeStrict" classname="org.joda.time.TestDateTime_Properties" time="0.002"/>
  <testcase name="testPropertyGetYearOfEra" classname="org.joda.time.TestDateTime_Properties" time="0.001"/>
  <testcase name="testPropertyGetCenturyOfEra" classname="org.joda.time.TestDateTime_Properties" time="0"/>
  <testcase name="testPropertyGetYearOfCentury" classname="org.joda.time.TestDateTime_Properties" time="0"/>
  <testcase name="testPropertyGetWeekyear" classname="org.joda.time.TestDateTime_Properties" time="0.001"/>
  <testcase name="testPropertyGetYear" classname="org.joda.time.TestDateTime_Properties" time="0"/>
  <testcase name="testPropertyLeapYear" classname="org.joda.time.TestDateTime_Properties" time="0"/>
  <testcase name="testPropertyAddYear" classname="org.joda.time.TestDateTime_Properties" time="0.001"/>
  <testcase name="testPropertyAddWrapFieldYear" classname="org.joda.time.TestDateTime_Properties" time="0"/>
  <testcase name="testPropertySetYear" classname="org.joda.time.TestDateTime_Properties" time="0.001"/>
  <testcase name="testPropertySetTextYear" classname="org.joda.time.TestDateTime_Properties" time="0"/>
  <testcase name="testPropertyCompareToYear" classname="org.joda.time.TestDateTime_Properties" time="0"/>
  <testcase name="testPropertyCompareToYear2" classname="org.joda.time.TestDateTime_Properties" time="0"/>
  <testcase name="testConstructor" classname="org.joda.time.TestMutableDateTime_Constructors" time="0"/>
  <testcase name="testTest" classname="org.joda.time.TestMutableDateTime_Constructors" time="0.001"/>
  <testcase name="test_now" classname="org.joda.time.TestMutableDateTime_Constructors" time="0"/>
  <testcase name="testConstructor_long_nullChronology" classname="org.joda.time.TestMutableDateTime_Constructors" time="0"/>
  <testcase name="testConstructor_Object_DateTimeZone" classname="org.joda.time.TestMutableDateTime_Constructors" time="0"/>
  <testcase name="testConstructor_invalidObject_DateTimeZone" classname="org.joda.time.TestMutableDateTime_Constructors" time="0.001"/>
  <testcase name="testConstructor_nullObject_DateTimeZone" classname="org.joda.time.TestMutableDateTime_Constructors" time="0.001"/>
  <testcase name="testConstructor_Object_nullDateTimeZone" classname="org.joda.time.TestMutableDateTime_Constructors" time="0"/>
  <testcase name="testConstructor_nullObject_nullDateTimeZone" classname="org.joda.time.TestMutableDateTime_Constructors" time="0"/>
  <testcase name="testConstructor_badconverterObject_DateTimeZone" classname="org.joda.time.TestMutableDateTime_Constructors" time="0"/>
  <testcase name="testConstructor_Object_Chronology" classname="org.joda.time.TestMutableDateTime_Constructors" time="0"/>
  <testcase name="testConstructor_invalidObject_Chronology" classname="org.joda.time.TestMutableDateTime_Constructors" time="0.001"/>
  <testcase name="testConstructor_nullObject_Chronology" classname="org.joda.time.TestMutableDateTime_Constructors" time="0"/>
  <testcase name="testConstructor_Object_nullChronology" classname="org.joda.time.TestMutableDateTime_Constructors" time="0"/>
  <testcase name="testConstructor_nullObject_nullChronology" classname="org.joda.time.TestMutableDateTime_Constructors" time="0"/>
  <testcase name="testConstructor_badconverterObject_Chronology" classname="org.joda.time.TestMutableDateTime_Constructors" time="0"/>
  <testcase name="testConstructor_int_int_int_int_int_int_int" classname="org.joda.time.TestMutableDateTime_Constructors" time="0.002"/>
  <testcase name="testConstructor_int_int_int_int_int_int_int_DateTimeZone" classname="org.joda.time.TestMutableDateTime_Constructors" time="0.001"/>
  <testcase name="testConstructor_int_int_int_int_int_int_int_nullDateTimeZone" classname="org.joda.time.TestMutableDateTime_Constructors" time="0"/>
  <testcase name="testConstructor_int_int_int_int_int_int_int_Chronology" classname="org.joda.time.TestMutableDateTime_Constructors" time="0.001"/>
  <testcase name="testConstructor_int_int_int_int_int_int_int_nullChronology" classname="org.joda.time.TestMutableDateTime_Constructors" time="0"/>
  <testcase name="test_now_DateTimeZone" classname="org.joda.time.TestMutableDateTime_Constructors" time="0"/>
  <testcase name="test_now_nullDateTimeZone" classname="org.joda.time.TestMutableDateTime_Constructors" time="0"/>
  <testcase name="test_now_Chronology" classname="org.joda.time.TestMutableDateTime_Constructors" time="0.001"/>
  <testcase name="test_now_nullChronology" classname="org.joda.time.TestMutableDateTime_Constructors" time="0"/>
  <testcase name="testConstructor_DateTimeZone" classname="org.joda.time.TestMutableDateTime_Constructors" time="0"/>
  <testcase name="testConstructor_nullDateTimeZone" classname="org.joda.time.TestMutableDateTime_Constructors" time="0"/>
  <testcase name="testConstructor_Chronology" classname="org.joda.time.TestMutableDateTime_Constructors" time="0"/>
  <testcase name="testConstructor_nullChronology" classname="org.joda.time.TestMutableDateTime_Constructors" time="0.001"/>
  <testcase name="testConstructor_long1_DateTimeZone" classname="org.joda.time.TestMutableDateTime_Constructors" time="0"/>
  <testcase name="testConstructor_long2_DateTimeZone" classname="org.joda.time.TestMutableDateTime_Constructors" time="0"/>
  <testcase name="testConstructor_long_nullDateTimeZone" classname="org.joda.time.TestMutableDateTime_Constructors" time="0"/>
  <testcase name="testConstructor_long1_Chronology" classname="org.joda.time.TestMutableDateTime_Constructors" time="0"/>
  <testcase name="testConstructor_long2_Chronology" classname="org.joda.time.TestMutableDateTime_Constructors" time="0"/>
  <testcase name="testParse_noFormatter" classname="org.joda.time.TestMutableDateTime_Constructors" time="0.002"/>
  <testcase name="testParse_formatter" classname="org.joda.time.TestMutableDateTime_Constructors" time="0"/>
  <testcase name="testConstructor_long1" classname="org.joda.time.TestMutableDateTime_Constructors" time="0"/>
  <testcase name="testConstructor_long2" classname="org.joda.time.TestMutableDateTime_Constructors" time="0"/>
  <testcase name="testConstructor_Object" classname="org.joda.time.TestMutableDateTime_Constructors" time="0.001"/>
  <testcase name="testConstructor_invalidObject" classname="org.joda.time.TestMutableDateTime_Constructors" time="0"/>
  <testcase name="testConstructor_nullObject" classname="org.joda.time.TestMutableDateTime_Constructors" time="0"/>
  <testcase name="testConstructor_badconverterObject" classname="org.joda.time.TestMutableDateTime_Constructors" time="0"/>
  <testcase name="testTest" classname="org.joda.time.TestMutableDateTime_Basics" time="0"/>
  <testcase name="testToString" classname="org.joda.time.TestMutableDateTime_Basics" time="0.001"/>
  <testcase name="testGet_DateTimeFieldType" classname="org.joda.time.TestMutableDateTime_Basics" time="0.001"/>
  <testcase name="testGet_DateTimeField" classname="org.joda.time.TestMutableDateTime_Basics" time="0.001"/>
  <testcase name="testGetMethods" classname="org.joda.time.TestMutableDateTime_Basics" time="0.001"/>
  <testcase name="testEqualsHashCode" classname="org.joda.time.TestMutableDateTime_Basics" time="0.001"/>
  <testcase name="testCompareTo" classname="org.joda.time.TestMutableDateTime_Basics" time="0"/>
  <testcase name="testSerialization" classname="org.joda.time.TestMutableDateTime_Basics" time="0.002"/>
  <testcase name="testToInstant" classname="org.joda.time.TestMutableDateTime_Basics" time="0"/>
  <testcase name="testToDateTime" classname="org.joda.time.TestMutableDateTime_Basics" time="0"/>
  <testcase name="testToDateTimeISO" classname="org.joda.time.TestMutableDateTime_Basics" time="0"/>
  <testcase name="testToDateTime_DateTimeZone" classname="org.joda.time.TestMutableDateTime_Basics" time="0"/>
  <testcase name="testToDateTime_Chronology" classname="org.joda.time.TestMutableDateTime_Basics" time="0"/>
  <testcase name="testToMutableDateTime" classname="org.joda.time.TestMutableDateTime_Basics" time="0"/>
  <testcase name="testToMutableDateTimeISO" classname="org.joda.time.TestMutableDateTime_Basics" time="0"/>
  <testcase name="testToMutableDateTime_DateTimeZone" classname="org.joda.time.TestMutableDateTime_Basics" time="0.001"/>
  <testcase name="testToMutableDateTime_Chronology" classname="org.joda.time.TestMutableDateTime_Basics" time="0.002"/>
  <testcase name="testToDate" classname="org.joda.time.TestMutableDateTime_Basics" time="0"/>
  <testcase name="testRounding7" classname="org.joda.time.TestMutableDateTime_Basics" time="0.001"/>
  <testcase name="testRounding8" classname="org.joda.time.TestMutableDateTime_Basics" time="0"/>
  <testcase name="testToString_String" classname="org.joda.time.TestMutableDateTime_Basics" time="0"/>
  <testcase name="testToString_DTFormatter" classname="org.joda.time.TestMutableDateTime_Basics" time="0.001"/>
  <testcase name="testToCalendar_Locale" classname="org.joda.time.TestMutableDateTime_Basics" time="0"/>
  <testcase name="testToGregorianCalendar" classname="org.joda.time.TestMutableDateTime_Basics" time="0.001"/>
  <testcase name="testProperty" classname="org.joda.time.TestMutableDateTime_Basics" time="0.001"/>
  <testcase name="testIsBefore" classname="org.joda.time.TestMutableDateTime_Basics" time="0"/>
  <testcase name="testIsAfter" classname="org.joda.time.TestMutableDateTime_Basics" time="0"/>
  <testcase name="testToString_String_String" classname="org.joda.time.TestMutableDateTime_Basics" time="0.001"/>
  <testcase name="testClone" classname="org.joda.time.TestMutableDateTime_Basics" time="0"/>
  <testcase name="testCopy" classname="org.joda.time.TestMutableDateTime_Basics" time="0"/>
  <testcase name="testRounding5" classname="org.joda.time.TestMutableDateTime_Basics" time="0.002"/>
  <testcase name="testRounding6" classname="org.joda.time.TestMutableDateTime_Basics" time="0"/>
  <testcase name="testRounding3" classname="org.joda.time.TestMutableDateTime_Basics" time="0"/>
  <testcase name="testRounding4" classname="org.joda.time.TestMutableDateTime_Basics" time="0"/>
  <testcase name="testRounding1" classname="org.joda.time.TestMutableDateTime_Basics" time="0"/>
  <testcase name="testRounding2" classname="org.joda.time.TestMutableDateTime_Basics" time="0"/>
  <testcase name="testIsEqual" classname="org.joda.time.TestMutableDateTime_Basics" time="0"/>
  <testcase name="testTest" classname="org.joda.time.TestMutableDateTime_Sets" time="0"/>
  <testcase name="testSetMillis_long1" classname="org.joda.time.TestMutableDateTime_Sets" time="0"/>
  <testcase name="testSetChronology_Chronology1" classname="org.joda.time.TestMutableDateTime_Sets" time="0"/>
  <testcase name="testSetChronology_Chronology2" classname="org.joda.time.TestMutableDateTime_Sets" time="0"/>
  <testcase name="testSetZone_DateTimeZone1" classname="org.joda.time.TestMutableDateTime_Sets" time="0"/>
  <testcase name="testSetZone_DateTimeZone2" classname="org.joda.time.TestMutableDateTime_Sets" time="0"/>
  <testcase name="testSetZoneRetainFields_DateTimeZone1" classname="org.joda.time.TestMutableDateTime_Sets" time="0"/>
  <testcase name="testSetZoneRetainFields_DateTimeZone2" classname="org.joda.time.TestMutableDateTime_Sets" time="0"/>
  <testcase name="testSetZoneRetainFields_DateTimeZone3" classname="org.joda.time.TestMutableDateTime_Sets" time="0"/>
  <testcase name="testSetZoneRetainFields_DateTimeZone4" classname="org.joda.time.TestMutableDateTime_Sets" time="0"/>
  <testcase name="testSetMillis_RI1" classname="org.joda.time.TestMutableDateTime_Sets" time="0"/>
  <testcase name="testSetMillis_RI2" classname="org.joda.time.TestMutableDateTime_Sets" time="0"/>
  <testcase name="testSet_DateTimeFieldType_int1" classname="org.joda.time.TestMutableDateTime_Sets" time="0"/>
  <testcase name="testSet_DateTimeFieldType_int2" classname="org.joda.time.TestMutableDateTime_Sets" time="0"/>
  <testcase name="testSet_DateTimeFieldType_int3" classname="org.joda.time.TestMutableDateTime_Sets" time="0"/>
  <testcase name="testSetDate_int_int_int1" classname="org.joda.time.TestMutableDateTime_Sets" time="0"/>
  <testcase name="testSetDate_int_int_int2" classname="org.joda.time.TestMutableDateTime_Sets" time="0"/>
  <testcase name="testSetDate_long1" classname="org.joda.time.TestMutableDateTime_Sets" time="0"/>
  <testcase name="testSetDate_RI1" classname="org.joda.time.TestMutableDateTime_Sets" time="0"/>
  <testcase name="testSetDate_RI2" classname="org.joda.time.TestMutableDateTime_Sets" time="0"/>
  <testcase name="testSetDate_RI_same" classname="org.joda.time.TestMutableDateTime_Sets" time="0"/>
  <testcase name="testSetDate_RI_different1" classname="org.joda.time.TestMutableDateTime_Sets" time="0.001"/>
  <testcase name="testSetDate_RI_different2" classname="org.joda.time.TestMutableDateTime_Sets" time="0"/>
  <testcase name="testSetTime_int_int_int_int1" classname="org.joda.time.TestMutableDateTime_Sets" time="0"/>
  <testcase name="testSetTime_long1" classname="org.joda.time.TestMutableDateTime_Sets" time="0"/>
  <testcase name="testSetTime_RI2" classname="org.joda.time.TestMutableDateTime_Sets" time="0"/>
  <testcase name="testSetWeekOfWeekyear_int1" classname="org.joda.time.TestMutableDateTime_Sets" time="0"/>
  <testcase name="testSetWeekOfWeekyear_int2" classname="org.joda.time.TestMutableDateTime_Sets" time="0"/>
  <testcase name="testSetDayOfWeek_int1" classname="org.joda.time.TestMutableDateTime_Sets" time="0.001"/>
  <testcase name="testSetDayOfWeek_int2" classname="org.joda.time.TestMutableDateTime_Sets" time="0"/>
  <testcase name="testSetHourOfDay_int1" classname="org.joda.time.TestMutableDateTime_Sets" time="0"/>
  <testcase name="testSetHourOfDay_int2" classname="org.joda.time.TestMutableDateTime_Sets" time="0"/>
  <testcase name="testSetMinuteOfHour_int1" classname="org.joda.time.TestMutableDateTime_Sets" time="0"/>
  <testcase name="testSetMinuteOfHour_int2" classname="org.joda.time.TestMutableDateTime_Sets" time="0"/>
  <testcase name="testSetMinuteOfDay_int1" classname="org.joda.time.TestMutableDateTime_Sets" time="0"/>
  <testcase name="testSetMinuteOfDay_int2" classname="org.joda.time.TestMutableDateTime_Sets" time="0"/>
  <testcase name="testSetSecondOfMinute_int1" classname="org.joda.time.TestMutableDateTime_Sets" time="0"/>
  <testcase name="testSetSecondOfMinute_int2" classname="org.joda.time.TestMutableDateTime_Sets" time="0.001"/>
  <testcase name="testSetSecondOfDay_int1" classname="org.joda.time.TestMutableDateTime_Sets" time="0"/>
  <testcase name="testSetSecondOfDay_int2" classname="org.joda.time.TestMutableDateTime_Sets" time="0"/>
  <testcase name="testSetMilliOfSecond_int1" classname="org.joda.time.TestMutableDateTime_Sets" time="0"/>
  <testcase name="testSetMilliOfSecond_int2" classname="org.joda.time.TestMutableDateTime_Sets" time="0"/>
  <testcase name="testSetMilliOfDay_int1" classname="org.joda.time.TestMutableDateTime_Sets" time="0.008"/>
  <testcase name="testSetMilliOfDay_int2" classname="org.joda.time.TestMutableDateTime_Sets" time="0"/>
  <testcase name="testSetTime_int_int_int2" classname="org.joda.time.TestMutableDateTime_Sets" time="0.001"/>
  <testcase name="testSetTime_RI1" classname="org.joda.time.TestMutableDateTime_Sets" time="0"/>
  <testcase name="testSetTime_Object3" classname="org.joda.time.TestMutableDateTime_Sets" time="0"/>
  <testcase name="testSetDateTime_int_int_int_int_int_int_int1" classname="org.joda.time.TestMutableDateTime_Sets" time="0"/>
  <testcase name="testSetDateTime_int_int_int_int_int_int_int2" classname="org.joda.time.TestMutableDateTime_Sets" time="0"/>
  <testcase name="testSetYear_int1" classname="org.joda.time.TestMutableDateTime_Sets" time="0"/>
  <testcase name="testSetMonthOfYear_int1" classname="org.joda.time.TestMutableDateTime_Sets" time="0"/>
  <testcase name="testSetMonthOfYear_int_dstOverlapSummer_addZero" classname="org.joda.time.TestMutableDateTime_Sets" time="0.001"/>
  <testcase name="testSetMonthOfYear_int_dstOverlapWinter_addZero" classname="org.joda.time.TestMutableDateTime_Sets" time="0"/>
  <testcase name="testSetMonthOfYear_int2" classname="org.joda.time.TestMutableDateTime_Sets" time="0"/>
  <testcase name="testSetDayOfMonth_int1" classname="org.joda.time.TestMutableDateTime_Sets" time="0"/>
  <testcase name="testSetDayOfMonth_int2" classname="org.joda.time.TestMutableDateTime_Sets" time="0"/>
  <testcase name="testSetDayOfMonth_int_dstOverlapSummer_addZero" classname="org.joda.time.TestMutableDateTime_Sets" time="0"/>
  <testcase name="testSetDayOfMonth_int_dstOverlapWinter_addZero" classname="org.joda.time.TestMutableDateTime_Sets" time="0.005"/>
  <testcase name="testSetDayOfYear_int1" classname="org.joda.time.TestMutableDateTime_Sets" time="0.001"/>
  <testcase name="testSetDayOfYear_int_dstOverlapSummer_addZero" classname="org.joda.time.TestMutableDateTime_Sets" time="0"/>
  <testcase name="testSetDayOfYear_int_dstOverlapWinter_addZero" classname="org.joda.time.TestMutableDateTime_Sets" time="0"/>
  <testcase name="testSetDayOfYear_int2" classname="org.joda.time.TestMutableDateTime_Sets" time="0"/>
  <testcase name="testSetWeekyear_int1" classname="org.joda.time.TestMutableDateTime_Sets" time="0.001"/>
  <testcase name="testTest" classname="org.joda.time.TestMutableDateTime_Adds" time="0"/>
  <testcase name="testAdd_DurationFieldType_int_dstOverlapWinter_addZero" classname="org.joda.time.TestMutableDateTime_Adds" time="0"/>
  <testcase name="testAdd_DurationFieldType_int2" classname="org.joda.time.TestMutableDateTime_Adds" time="0"/>
  <testcase name="testAdd_DurationFieldType_int3" classname="org.joda.time.TestMutableDateTime_Adds" time="0.001"/>
  <testcase name="testAddYears_int1" classname="org.joda.time.TestMutableDateTime_Adds" time="0"/>
  <testcase name="testAddYears_int_dstOverlapSummer_addZero" classname="org.joda.time.TestMutableDateTime_Adds" time="0"/>
  <testcase name="testAddYears_int_dstOverlapWinter_addZero" classname="org.joda.time.TestMutableDateTime_Adds" time="0"/>
  <testcase name="testAddMonths_int1" classname="org.joda.time.TestMutableDateTime_Adds" time="0"/>
  <testcase name="testAddMonths_int_dstOverlapSummer_addZero" classname="org.joda.time.TestMutableDateTime_Adds" time="0"/>
  <testcase name="testAddMonths_int_dstOverlapWinter_addZero" classname="org.joda.time.TestMutableDateTime_Adds" time="0"/>
  <testcase name="testAddDays_int1" classname="org.joda.time.TestMutableDateTime_Adds" time="0"/>
  <testcase name="testAddDays_int_dstOverlapSummer_addZero" classname="org.joda.time.TestMutableDateTime_Adds" time="0.001"/>
  <testcase name="testAddDays_int_dstOverlapWinter_addZero" classname="org.joda.time.TestMutableDateTime_Adds" time="0"/>
  <testcase name="testAddWeekyears_int1" classname="org.joda.time.TestMutableDateTime_Adds" time="0"/>
  <testcase name="testAddWeeks_int1" classname="org.joda.time.TestMutableDateTime_Adds" time="0"/>
  <testcase name="testAddWeeks_int_dstOverlapSummer_addZero" classname="org.joda.time.TestMutableDateTime_Adds" time="0"/>
  <testcase name="testAddWeeks_int_dstOverlapWinter_addZero" classname="org.joda.time.TestMutableDateTime_Adds" time="0"/>
  <testcase name="testAddHours_int1" classname="org.joda.time.TestMutableDateTime_Adds" time="0.001"/>
  <testcase name="testAddHours_int_dstOverlapSummer_addZero" classname="org.joda.time.TestMutableDateTime_Adds" time="0.001"/>
  <testcase name="testAddHours_int_dstOverlapWinter_addZero" classname="org.joda.time.TestMutableDateTime_Adds" time="0"/>
  <testcase name="testAddMinutes_int1" classname="org.joda.time.TestMutableDateTime_Adds" time="0"/>
  <testcase name="testAddMinutes_int_dstOverlapSummer_addZero" classname="org.joda.time.TestMutableDateTime_Adds" time="0"/>
  <testcase name="testAddMinutes_int_dstOverlapWinter_addZero" classname="org.joda.time.TestMutableDateTime_Adds" time="0.001"/>
  <testcase name="testAddSeconds_int1" classname="org.joda.time.TestMutableDateTime_Adds" time="0"/>
  <testcase name="testAddSeconds_int_dstOverlapSummer_addZero" classname="org.joda.time.TestMutableDateTime_Adds" time="0"/>
  <testcase name="testAddSeconds_int_dstOverlapWinter_addZero" classname="org.joda.time.TestMutableDateTime_Adds" time="0"/>
  <testcase name="testAdd_long1" classname="org.joda.time.TestMutableDateTime_Adds" time="0"/>
  <testcase name="testAdd_RD1" classname="org.joda.time.TestMutableDateTime_Adds" time="0"/>
  <testcase name="testAdd_RD2" classname="org.joda.time.TestMutableDateTime_Adds" time="0"/>
  <testcase name="testAdd_RD_int1" classname="org.joda.time.TestMutableDateTime_Adds" time="0.001"/>
  <testcase name="testAdd_RD_int2" classname="org.joda.time.TestMutableDateTime_Adds" time="0"/>
  <testcase name="testAdd_RP1" classname="org.joda.time.TestMutableDateTime_Adds" time="0.003"/>
  <testcase name="testAdd_RP2" classname="org.joda.time.TestMutableDateTime_Adds" time="0"/>
  <testcase name="testAdd_RP_int1" classname="org.joda.time.TestMutableDateTime_Adds" time="0"/>
  <testcase name="testAdd_RP_int2" classname="org.joda.time.TestMutableDateTime_Adds" time="0"/>
  <testcase name="testAdd_DurationFieldType_int1" classname="org.joda.time.TestMutableDateTime_Adds" time="0.009"/>
  <testcase name="testAdd_DurationFieldType_int_dstOverlapSummer_addZero" classname="org.joda.time.TestMutableDateTime_Adds" time="0"/>
  <testcase name="testAddMillis_int1" classname="org.joda.time.TestMutableDateTime_Adds" time="0"/>
  <testcase name="testAddMillis_int_dstOverlapSummer_addZero" classname="org.joda.time.TestMutableDateTime_Adds" time="0.001"/>
  <testcase name="testAddMillis_int_dstOverlapWinter_addZero" classname="org.joda.time.TestMutableDateTime_Adds" time="0"/>
  <testcase name="testTest" classname="org.joda.time.TestMutableDateTime_Properties" time="0"/>
  <testcase name="testPropertyAddMonthOfYear" classname="org.joda.time.TestMutableDateTime_Properties" time="0"/>
  <testcase name="testPropertyAddWrapFieldMonthOfYear" classname="org.joda.time.TestMutableDateTime_Properties" time="0.001"/>
  <testcase name="testPropertySetMonthOfYear" classname="org.joda.time.TestMutableDateTime_Properties" time="0"/>
  <testcase name="testPropertySetTextMonthOfYear" classname="org.joda.time.TestMutableDateTime_Properties" time="0.001"/>
  <testcase name="testPropertyGetDayOfMonth" classname="org.joda.time.TestMutableDateTime_Properties" time="0.001"/>
  <testcase name="testPropertyAddDayOfMonth" classname="org.joda.time.TestMutableDateTime_Properties" time="0"/>
  <testcase name="testPropertyAddWrapFieldDayOfMonth" classname="org.joda.time.TestMutableDateTime_Properties" time="0"/>
  <testcase name="testPropertySetDayOfMonth" classname="org.joda.time.TestMutableDateTime_Properties" time="0"/>
  <testcase name="testPropertySetTextDayOfMonth" classname="org.joda.time.TestMutableDateTime_Properties" time="0"/>
  <testcase name="testPropertyGetDayOfYear" classname="org.joda.time.TestMutableDateTime_Properties" time="0.001"/>
  <testcase name="testPropertyAddDayOfYear" classname="org.joda.time.TestMutableDateTime_Properties" time="0"/>
  <testcase name="testPropertyAddWrapFieldDayOfYear" classname="org.joda.time.TestMutableDateTime_Properties" time="0"/>
  <testcase name="testPropertySetDayOfYear" classname="org.joda.time.TestMutableDateTime_Properties" time="0"/>
  <testcase name="testPropertySetTextDayOfYear" classname="org.joda.time.TestMutableDateTime_Properties" time="0"/>
  <testcase name="testPropertyGetWeekOfWeekyear" classname="org.joda.time.TestMutableDateTime_Properties" time="0"/>
  <testcase name="testPropertyGetEra" classname="org.joda.time.TestMutableDateTime_Properties" time="0.001"/>
  <testcase name="testPropertyAddWeekOfWeekyear" classname="org.joda.time.TestMutableDateTime_Properties" time="0"/>
  <testcase name="testPropertyAddWrapFieldWeekOfWeekyear" classname="org.joda.time.TestMutableDateTime_Properties" time="0"/>
  <testcase name="testPropertySetWeekOfWeekyear" classname="org.joda.time.TestMutableDateTime_Properties" time="0"/>
  <testcase name="testPropertySetTextWeekOfWeekyear" classname="org.joda.time.TestMutableDateTime_Properties" time="0.001"/>
  <testcase name="testPropertyGetDayOfWeek" classname="org.joda.time.TestMutableDateTime_Properties" time="0"/>
  <testcase name="testPropertyAddDayOfWeek" classname="org.joda.time.TestMutableDateTime_Properties" time="0"/>
  <testcase name="testPropertyAddLongDayOfWeek" classname="org.joda.time.TestMutableDateTime_Properties" time="0"/>
  <testcase name="testPropertyAddWrapFieldDayOfWeek" classname="org.joda.time.TestMutableDateTime_Properties" time="0"/>
  <testcase name="testPropertySetDayOfWeek" classname="org.joda.time.TestMutableDateTime_Properties" time="0"/>
  <testcase name="testPropertySetTextDayOfWeek" classname="org.joda.time.TestMutableDateTime_Properties" time="0"/>
  <testcase name="testPropertyGetHourOfDay" classname="org.joda.time.TestMutableDateTime_Properties" time="0"/>
  <testcase name="testPropertyRoundFloorHourOfDay" classname="org.joda.time.TestMutableDateTime_Properties" time="0"/>
  <testcase name="testPropertyRoundCeilingHourOfDay" classname="org.joda.time.TestMutableDateTime_Properties" time="0.001"/>
  <testcase name="testPropertyRoundHalfFloorHourOfDay" classname="org.joda.time.TestMutableDateTime_Properties" time="0"/>
  <testcase name="testPropertyRoundHalfCeilingHourOfDay" classname="org.joda.time.TestMutableDateTime_Properties" time="0"/>
  <testcase name="testPropertyRoundHalfEvenHourOfDay" classname="org.joda.time.TestMutableDateTime_Properties" time="0.001"/>
  <testcase name="testPropertyRemainderHourOfDay" classname="org.joda.time.TestMutableDateTime_Properties" time="0"/>
  <testcase name="testPropertyGetMinuteOfHour" classname="org.joda.time.TestMutableDateTime_Properties" time="0"/>
  <testcase name="testPropertyGetMinuteOfDay" classname="org.joda.time.TestMutableDateTime_Properties" time="0"/>
  <testcase name="testPropertyGetSecondOfMinute" classname="org.joda.time.TestMutableDateTime_Properties" time="0.001"/>
  <testcase name="testPropertyGetSecondOfDay" classname="org.joda.time.TestMutableDateTime_Properties" time="0"/>
  <testcase name="testPropertyGetMillisOfSecond" classname="org.joda.time.TestMutableDateTime_Properties" time="0"/>
  <testcase name="testPropertyGetMillisOfDay" classname="org.joda.time.TestMutableDateTime_Properties" time="0"/>
  <testcase name="testPropertyToIntervalYearOfEra" classname="org.joda.time.TestMutableDateTime_Properties" time="0"/>
  <testcase name="testPropertyToIntervalYearOfCentury" classname="org.joda.time.TestMutableDateTime_Properties" time="0.001"/>
  <testcase name="testPropertyToIntervalYear" classname="org.joda.time.TestMutableDateTime_Properties" time="0"/>
  <testcase name="testPropertyToIntervalMonthOfYear" classname="org.joda.time.TestMutableDateTime_Properties" time="0"/>
  <testcase name="testPropertyToIntervalDayOfMonth" classname="org.joda.time.TestMutableDateTime_Properties" time="0"/>
  <testcase name="testPropertyToIntervalHourOfDay" classname="org.joda.time.TestMutableDateTime_Properties" time="0"/>
  <testcase name="testPropertyToIntervalMinuteOfHour" classname="org.joda.time.TestMutableDateTime_Properties" time="0"/>
  <testcase name="testPropertyGetMonthOfYear" classname="org.joda.time.TestMutableDateTime_Properties" time="0.002"/>
  <testcase name="testPropertyToIntervalSecondOfMinute" classname="org.joda.time.TestMutableDateTime_Properties" time="0"/>
  <testcase name="testPropertyToIntervalMillisOfSecond" classname="org.joda.time.TestMutableDateTime_Properties" time="0.001"/>
  <testcase name="testPropertyGetYearOfEra" classname="org.joda.time.TestMutableDateTime_Properties" time="0"/>
  <testcase name="testPropertyGetCenturyOfEra" classname="org.joda.time.TestMutableDateTime_Properties" time="0.001"/>
  <testcase name="testPropertyGetYearOfCentury" classname="org.joda.time.TestMutableDateTime_Properties" time="0"/>
  <testcase name="testPropertyGetWeekyear" classname="org.joda.time.TestMutableDateTime_Properties" time="0"/>
  <testcase name="testPropertyGetYear" classname="org.joda.time.TestMutableDateTime_Properties" time="0"/>
  <testcase name="testPropertyAddYear" classname="org.joda.time.TestMutableDateTime_Properties" time="0"/>
  <testcase name="testPropertyAddWrapFieldYear" classname="org.joda.time.TestMutableDateTime_Properties" time="0"/>
  <testcase name="testPropertySetYear" classname="org.joda.time.TestMutableDateTime_Properties" time="0"/>
  <testcase name="testPropertySetTextYear" classname="org.joda.time.TestMutableDateTime_Properties" time="0"/>
  <testcase name="testConstructor" classname="org.joda.time.TestDateMidnight_Constructors" time="0"/>
  <testcase name="testTest" classname="org.joda.time.TestDateMidnight_Constructors" time="0.001"/>
  <testcase name="test_now" classname="org.joda.time.TestDateMidnight_Constructors" time="0"/>
  <testcase name="testConstructor_long_nullChronology" classname="org.joda.time.TestDateMidnight_Constructors" time="0"/>
  <testcase name="testConstructor_Object_DateTimeZone" classname="org.joda.time.TestDateMidnight_Constructors" time="0"/>
  <testcase name="testConstructor_invalidObject_DateTimeZone" classname="org.joda.time.TestDateMidnight_Constructors" time="0"/>
  <testcase name="testConstructor_nullObject_DateTimeZone" classname="org.joda.time.TestDateMidnight_Constructors" time="0"/>
  <testcase name="testConstructor_Object_nullDateTimeZone" classname="org.joda.time.TestDateMidnight_Constructors" time="0"/>
  <testcase name="testConstructor_nullObject_nullDateTimeZone" classname="org.joda.time.TestDateMidnight_Constructors" time="0"/>
  <testcase name="testConstructor_badconverterObject_DateTimeZone" classname="org.joda.time.TestDateMidnight_Constructors" time="0"/>
  <testcase name="testConstructor_Object_Chronology" classname="org.joda.time.TestDateMidnight_Constructors" time="0"/>
  <testcase name="testConstructor_invalidObject_Chronology" classname="org.joda.time.TestDateMidnight_Constructors" time="0.001"/>
  <testcase name="testConstructor_nullObject_Chronology" classname="org.joda.time.TestDateMidnight_Constructors" time="0"/>
  <testcase name="testConstructor_Object_nullChronology" classname="org.joda.time.TestDateMidnight_Constructors" time="0"/>
  <testcase name="testConstructor_nullObject_nullChronology" classname="org.joda.time.TestDateMidnight_Constructors" time="0"/>
  <testcase name="testConstructor_badconverterObject_Chronology" classname="org.joda.time.TestDateMidnight_Constructors" time="0"/>
  <testcase name="test_now_DateTimeZone" classname="org.joda.time.TestDateMidnight_Constructors" time="0"/>
  <testcase name="test_now_nullDateTimeZone" classname="org.joda.time.TestDateMidnight_Constructors" time="0"/>
  <testcase name="test_now_Chronology" classname="org.joda.time.TestDateMidnight_Constructors" time="0.001"/>
  <testcase name="test_now_nullChronology" classname="org.joda.time.TestDateMidnight_Constructors" time="0"/>
  <testcase name="testConstructor_DateTimeZone" classname="org.joda.time.TestDateMidnight_Constructors" time="0"/>
  <testcase name="testConstructor_nullDateTimeZone" classname="org.joda.time.TestDateMidnight_Constructors" time="0"/>
  <testcase name="testConstructor_Chronology" classname="org.joda.time.TestDateMidnight_Constructors" time="0"/>
  <testcase name="testConstructor_nullChronology" classname="org.joda.time.TestDateMidnight_Constructors" time="0"/>
  <testcase name="testConstructor_long1_DateTimeZone" classname="org.joda.time.TestDateMidnight_Constructors" time="0"/>
  <testcase name="testConstructor_long2_DateTimeZone" classname="org.joda.time.TestDateMidnight_Constructors" time="0.001"/>
  <testcase name="testConstructor_long_nullDateTimeZone" classname="org.joda.time.TestDateMidnight_Constructors" time="0"/>
  <testcase name="testConstructor_long1_Chronology" classname="org.joda.time.TestDateMidnight_Constructors" time="0"/>
  <testcase name="testConstructor_long2_Chronology" classname="org.joda.time.TestDateMidnight_Constructors" time="0"/>
  <testcase name="testParse_noFormatter" classname="org.joda.time.TestDateMidnight_Constructors" time="0.001"/>
  <testcase name="testParse_formatter" classname="org.joda.time.TestDateMidnight_Constructors" time="0"/>
  <testcase name="testConstructor_long1" classname="org.joda.time.TestDateMidnight_Constructors" time="0"/>
  <testcase name="testConstructor_long2" classname="org.joda.time.TestDateMidnight_Constructors" time="0"/>
  <testcase name="testConstructor_Object" classname="org.joda.time.TestDateMidnight_Constructors" time="0"/>
  <testcase name="testConstructor_invalidObject" classname="org.joda.time.TestDateMidnight_Constructors" time="0"/>
  <testcase name="testConstructor_nullObject" classname="org.joda.time.TestDateMidnight_Constructors" time="0"/>
  <testcase name="testConstructor_badconverterObject" classname="org.joda.time.TestDateMidnight_Constructors" time="0"/>
  <testcase name="testConstructor_int_int_int" classname="org.joda.time.TestDateMidnight_Constructors" time="0.001"/>
  <testcase name="testConstructor_int_int_int_DateTimeZone" classname="org.joda.time.TestDateMidnight_Constructors" time="0"/>
  <testcase name="testConstructor_int_int_int_nullDateTimeZone" classname="org.joda.time.TestDateMidnight_Constructors" time="0.001"/>
  <testcase name="testConstructor_int_int_int_Chronology" classname="org.joda.time.TestDateMidnight_Constructors" time="0"/>
  <testcase name="testConstructor_int_int_int_nullChronology" classname="org.joda.time.TestDateMidnight_Constructors" time="0"/>
  <testcase name="testTest" classname="org.joda.time.TestDateMidnight_Basics" time="0"/>
  <testcase name="testToString" classname="org.joda.time.TestDateMidnight_Basics" time="0.001"/>
  <testcase name="testMinusWeeks_int" classname="org.joda.time.TestDateMidnight_Basics" time="0"/>
  <testcase name="testMinusDays_int" classname="org.joda.time.TestDateMidnight_Basics" time="0"/>
  <testcase name="testGet_DateTimeFieldType" classname="org.joda.time.TestDateMidnight_Basics" time="0"/>
  <testcase name="testGet_DateTimeField" classname="org.joda.time.TestDateMidnight_Basics" time="0.001"/>
  <testcase name="testEqualsHashCode" classname="org.joda.time.TestDateMidnight_Basics" time="0"/>
  <testcase name="testCompareTo" classname="org.joda.time.TestDateMidnight_Basics" time="0"/>
  <testcase name="testSerialization" classname="org.joda.time.TestDateMidnight_Basics" time="0.002"/>
  <testcase name="testToInstant" classname="org.joda.time.TestDateMidnight_Basics" time="0"/>
  <testcase name="testToDateTime" classname="org.joda.time.TestDateMidnight_Basics" time="0"/>
  <testcase name="testToDateTimeISO" classname="org.joda.time.TestDateMidnight_Basics" time="0"/>
  <testcase name="testToDateTime_DateTimeZone" classname="org.joda.time.TestDateMidnight_Basics" time="0"/>
  <testcase name="testToDateTime_Chronology" classname="org.joda.time.TestDateMidnight_Basics" time="0.001"/>
  <testcase name="testToMutableDateTime" classname="org.joda.time.TestDateMidnight_Basics" time="0"/>
  <testcase name="testToMutableDateTimeISO" classname="org.joda.time.TestDateMidnight_Basics" time="0"/>
  <testcase name="testToMutableDateTime_DateTimeZone" classname="org.joda.time.TestDateMidnight_Basics" time="0"/>
  <testcase name="testToMutableDateTime_Chronology" classname="org.joda.time.TestDateMidnight_Basics" time="0"/>
  <testcase name="testToDate" classname="org.joda.time.TestDateMidnight_Basics" time="0"/>
  <testcase name="testWithMillis_long" classname="org.joda.time.TestDateMidnight_Basics" time="0.001"/>
  <testcase name="testWithDurationAdded_long_int" classname="org.joda.time.TestDateMidnight_Basics" time="0"/>
  <testcase name="testWithDurationAdded_RD_int" classname="org.joda.time.TestDateMidnight_Basics" time="0"/>
  <testcase name="testPlus_long" classname="org.joda.time.TestDateMidnight_Basics" time="0"/>
  <testcase name="testPlus_RD" classname="org.joda.time.TestDateMidnight_Basics" time="0"/>
  <testcase name="testMinus_long" classname="org.joda.time.TestDateMidnight_Basics" time="0"/>
  <testcase name="testMinus_RD" classname="org.joda.time.TestDateMidnight_Basics" time="0.001"/>
  <testcase name="testGetters" classname="org.joda.time.TestDateMidnight_Basics" time="0"/>
  <testcase name="testWithers" classname="org.joda.time.TestDateMidnight_Basics" time="0"/>
  <testcase name="testToString_String" classname="org.joda.time.TestDateMidnight_Basics" time="0"/>
  <testcase name="testToString_DTFormatter" classname="org.joda.time.TestDateMidnight_Basics" time="0"/>
  <testcase name="testToCalendar_Locale" classname="org.joda.time.TestDateMidnight_Basics" time="0"/>
  <testcase name="testToGregorianCalendar" classname="org.joda.time.TestDateMidnight_Basics" time="0"/>
  <testcase name="testToYearMonthDay" classname="org.joda.time.TestDateMidnight_Basics" time="0"/>
  <testcase name="testToLocalDate" classname="org.joda.time.TestDateMidnight_Basics" time="0.001"/>
  <testcase name="testWithChronology_Chronology" classname="org.joda.time.TestDateMidnight_Basics" time="0"/>
  <testcase name="testWithZoneRetainFields_DateTimeZone" classname="org.joda.time.TestDateMidnight_Basics" time="0"/>
  <testcase name="testWithFields_RPartial" classname="org.joda.time.TestDateMidnight_Basics" time="0"/>
  <testcase name="testWithField1" classname="org.joda.time.TestDateMidnight_Basics" time="0"/>
  <testcase name="testWithField2" classname="org.joda.time.TestDateMidnight_Basics" time="0"/>
  <testcase name="testWithFieldAdded1" classname="org.joda.time.TestDateMidnight_Basics" time="0.001"/>
  <testcase name="testWithFieldAdded2" classname="org.joda.time.TestDateMidnight_Basics" time="0"/>
  <testcase name="testWithFieldAdded3" classname="org.joda.time.TestDateMidnight_Basics" time="0"/>
  <testcase name="testWithFieldAdded4" classname="org.joda.time.TestDateMidnight_Basics" time="0"/>
  <testcase name="testWithDurationAdded_RP_int" classname="org.joda.time.TestDateMidnight_Basics" time="0.001"/>
  <testcase name="testPlus_RP" classname="org.joda.time.TestDateMidnight_Basics" time="0"/>
  <testcase name="testPlusYears_int" classname="org.joda.time.TestDateMidnight_Basics" time="0"/>
  <testcase name="testPlusMonths_int" classname="org.joda.time.TestDateMidnight_Basics" time="0"/>
  <testcase name="testPlusWeeks_int" classname="org.joda.time.TestDateMidnight_Basics" time="0.001"/>
  <testcase name="testPlusDays_int" classname="org.joda.time.TestDateMidnight_Basics" time="0"/>
  <testcase name="testMinus_RP" classname="org.joda.time.TestDateMidnight_Basics" time="0"/>
  <testcase name="testMinusYears_int" classname="org.joda.time.TestDateMidnight_Basics" time="0"/>
  <testcase name="testMinusMonths_int" classname="org.joda.time.TestDateMidnight_Basics" time="0"/>
  <testcase name="testProperty" classname="org.joda.time.TestDateMidnight_Basics" time="0.001"/>
  <testcase name="testIsBefore" classname="org.joda.time.TestDateMidnight_Basics" time="0.001"/>
  <testcase name="testIsAfter" classname="org.joda.time.TestDateMidnight_Basics" time="0"/>
  <testcase name="testToString_String_String" classname="org.joda.time.TestDateMidnight_Basics" time="0"/>
  <testcase name="testToInterval" classname="org.joda.time.TestDateMidnight_Basics" time="0"/>
  <testcase name="testIsEqual" classname="org.joda.time.TestDateMidnight_Basics" time="0.001"/>
  <testcase name="testTest" classname="org.joda.time.TestDateMidnight_Properties" time="0"/>
  <testcase name="testPropertyAddMonthOfYear" classname="org.joda.time.TestDateMidnight_Properties" time="0"/>
  <testcase name="testPropertyAddWrapFieldMonthOfYear" classname="org.joda.time.TestDateMidnight_Properties" time="0"/>
  <testcase name="testPropertySetMonthOfYear" classname="org.joda.time.TestDateMidnight_Properties" time="0.001"/>
  <testcase name="testPropertySetTextMonthOfYear" classname="org.joda.time.TestDateMidnight_Properties" time="0"/>
  <testcase name="testPropertyGetDayOfMonth" classname="org.joda.time.TestDateMidnight_Properties" time="0"/>
  <testcase name="testPropertyWithMaximumValueDayOfMonth" classname="org.joda.time.TestDateMidnight_Properties" time="0"/>
  <testcase name="testPropertyWithMinimumValueDayOfMonth" classname="org.joda.time.TestDateMidnight_Properties" time="0"/>
  <testcase name="testPropertyGetDayOfYear" classname="org.joda.time.TestDateMidnight_Properties" time="0"/>
  <testcase name="testPropertyGetWeekOfWeekyear" classname="org.joda.time.TestDateMidnight_Properties" time="0"/>
  <testcase name="testPropertyGetEra" classname="org.joda.time.TestDateMidnight_Properties" time="0"/>
  <testcase name="testPropertyGetDayOfWeek" classname="org.joda.time.TestDateMidnight_Properties" time="0"/>
  <testcase name="testPropertyToIntervalYearOfEra" classname="org.joda.time.TestDateMidnight_Properties" time="0"/>
  <testcase name="testPropertyToIntervalYearOfCentury" classname="org.joda.time.TestDateMidnight_Properties" time="0.001"/>
  <testcase name="testPropertyToIntervalYear" classname="org.joda.time.TestDateMidnight_Properties" time="0"/>
  <testcase name="testPropertyToIntervalMonthOfYear" classname="org.joda.time.TestDateMidnight_Properties" time="0"/>
  <testcase name="testPropertyToIntervalDayOfMonth" classname="org.joda.time.TestDateMidnight_Properties" time="0"/>
  <testcase name="testPropertyGetMonthOfYear" classname="org.joda.time.TestDateMidnight_Properties" time="0.001"/>
  <testcase name="testPropertyEqualsHashCodeLenient" classname="org.joda.time.TestDateMidnight_Properties" time="0"/>
  <testcase name="testPropertyEqualsHashCodeStrict" classname="org.joda.time.TestDateMidnight_Properties" time="0"/>
  <testcase name="testPropertyRoundHalfFloorMonthOfYear" classname="org.joda.time.TestDateMidnight_Properties" time="0.001"/>
  <testcase name="testPropertyRoundHalfCeilingMonthOfYear" classname="org.joda.time.TestDateMidnight_Properties" time="0"/>
  <testcase name="testPropertyRoundHalfEvenMonthOfYear" classname="org.joda.time.TestDateMidnight_Properties" time="0"/>
  <testcase name="testPropertyGetYearOfEra" classname="org.joda.time.TestDateMidnight_Properties" time="0"/>
  <testcase name="testPropertyGetCenturyOfEra" classname="org.joda.time.TestDateMidnight_Properties" time="0"/>
  <testcase name="testPropertyGetYearOfCentury" classname="org.joda.time.TestDateMidnight_Properties" time="0"/>
  <testcase name="testPropertyGetWeekyear" classname="org.joda.time.TestDateMidnight_Properties" time="0"/>
  <testcase name="testPropertyGetYear" classname="org.joda.time.TestDateMidnight_Properties" time="0"/>
  <testcase name="testPropertyRoundFloorMonthOfYear" classname="org.joda.time.TestDateMidnight_Properties" time="0"/>
  <testcase name="testPropertySetTextLocaleMonthOfYear" classname="org.joda.time.TestDateMidnight_Properties" time="0.001"/>
  <testcase name="testPropertyAddLongMonthOfYear" classname="org.joda.time.TestDateMidnight_Properties" time="0"/>
  <testcase name="testPropertyGetDifferenceMonthOfYear" classname="org.joda.time.TestDateMidnight_Properties" time="0"/>
  <testcase name="testPropertyRemainderMonthOfYear" classname="org.joda.time.TestDateMidnight_Properties" time="0"/>
  <testcase name="testPropertyRoundCeilingMonthOfYear" classname="org.joda.time.TestDateMidnight_Properties" time="0"/>
  <testcase name="testParse_noFormatter" classname="org.joda.time.TestDuration_Constructors" time="0.001"/>
  <testcase name="testConstructor_long1" classname="org.joda.time.TestDuration_Constructors" time="0"/>
  <testcase name="testFactory_standardHours_long" classname="org.joda.time.TestDuration_Constructors" time="0"/>
  <testcase name="testFactory_standardMinutes_long" classname="org.joda.time.TestDuration_Constructors" time="0"/>
  <testcase name="testFactory_standardSeconds_long" classname="org.joda.time.TestDuration_Constructors" time="0"/>
  <testcase name="testFactory_millis_long" classname="org.joda.time.TestDuration_Constructors" time="0"/>
  <testcase name="testConstructor_long_long1" classname="org.joda.time.TestDuration_Constructors" time="0"/>
  <testcase name="testConstructor_RI_RI1" classname="org.joda.time.TestDuration_Constructors" time="0"/>
  <testcase name="testConstructor_RI_RI2" classname="org.joda.time.TestDuration_Constructors" time="0"/>
  <testcase name="testConstructor_RI_RI3" classname="org.joda.time.TestDuration_Constructors" time="0"/>
  <testcase name="testConstructor_RI_RI4" classname="org.joda.time.TestDuration_Constructors" time="0"/>
  <testcase name="testConstructor_Object1" classname="org.joda.time.TestDuration_Constructors" time="0"/>
  <testcase name="testConstructor_Object2" classname="org.joda.time.TestDuration_Constructors" time="0"/>
  <testcase name="testConstructor_Object3" classname="org.joda.time.TestDuration_Constructors" time="0.001"/>
  <testcase name="testConstructor_Object4" classname="org.joda.time.TestDuration_Constructors" time="0"/>
  <testcase name="testConstructor_Object5" classname="org.joda.time.TestDuration_Constructors" time="0"/>
  <testcase name="testConstructor_Overflow1" classname="org.joda.time.TestDuration_Constructors" time="0"/>
  <testcase name="testConstructor_Overflow2" classname="org.joda.time.TestDuration_Constructors" time="0"/>
  <testcase name="testConstructor_Overflow3" classname="org.joda.time.TestDuration_Constructors" time="0"/>
  <testcase name="testConstructor_Overflow4" classname="org.joda.time.TestDuration_Constructors" time="0.001"/>
  <testcase name="testZERO" classname="org.joda.time.TestDuration_Constructors" time="0"/>
  <testcase name="testFactory_standardDays_long" classname="org.joda.time.TestDuration_Constructors" time="0"/>
  <testcase name="testTest" classname="org.joda.time.TestDuration_Basics" time="0.001"/>
  <testcase name="testToString" classname="org.joda.time.TestDuration_Basics" time="0"/>
  <testcase name="testEqualsHashCode" classname="org.joda.time.TestDuration_Basics" time="0"/>
  <testcase name="testCompareTo" classname="org.joda.time.TestDuration_Basics" time="0"/>
  <testcase name="testSerialization" classname="org.joda.time.TestDuration_Basics" time="0.001"/>
  <testcase name="testGetMillis" classname="org.joda.time.TestDuration_Basics" time="0"/>
  <testcase name="testGetStandardSeconds" classname="org.joda.time.TestDuration_Basics" time="0"/>
  <testcase name="testToDuration1" classname="org.joda.time.TestDuration_Basics" time="0"/>
  <testcase name="testToDuration2" classname="org.joda.time.TestDuration_Basics" time="0"/>
  <testcase name="testToStandardDays" classname="org.joda.time.TestDuration_Basics" time="0.013"/>
  <testcase name="testToStandardDays_overflow" classname="org.joda.time.TestDuration_Basics" time="0"/>
  <testcase name="testToStandardHours" classname="org.joda.time.TestDuration_Basics" time="0.001"/>
  <testcase name="testToStandardHours_overflow" classname="org.joda.time.TestDuration_Basics" time="0"/>
  <testcase name="testToStandardMinutes" classname="org.joda.time.TestDuration_Basics" time="0.001"/>
  <testcase name="testToStandardMinutes_overflow" classname="org.joda.time.TestDuration_Basics" time="0.001"/>
  <testcase name="testToStandardSeconds" classname="org.joda.time.TestDuration_Basics" time="0.001"/>
  <testcase name="testToStandardSeconds_overflow" classname="org.joda.time.TestDuration_Basics" time="0"/>
  <testcase name="testToPeriod" classname="org.joda.time.TestDuration_Basics" time="0"/>
  <testcase name="testToPeriod_fixedZone" classname="org.joda.time.TestDuration_Basics" time="0"/>
  <testcase name="testToPeriod_PeriodType" classname="org.joda.time.TestDuration_Basics" time="0.002"/>
  <testcase name="testToPeriod_Chronology" classname="org.joda.time.TestDuration_Basics" time="0"/>
  <testcase name="testToPeriod_PeriodType_Chronology" classname="org.joda.time.TestDuration_Basics" time="0.001"/>
  <testcase name="testToPeriodFrom" classname="org.joda.time.TestDuration_Basics" time="0.001"/>
  <testcase name="testToPeriodFrom_PeriodType" classname="org.joda.time.TestDuration_Basics" time="0"/>
  <testcase name="testToPeriodTo" classname="org.joda.time.TestDuration_Basics" time="0"/>
  <testcase name="testToPeriodTo_PeriodType" classname="org.joda.time.TestDuration_Basics" time="0.001"/>
  <testcase name="testToIntervalFrom" classname="org.joda.time.TestDuration_Basics" time="0"/>
  <testcase name="testToIntervalTo" classname="org.joda.time.TestDuration_Basics" time="0"/>
  <testcase name="testWithMillis1" classname="org.joda.time.TestDuration_Basics" time="0"/>
  <testcase name="testWithMillis2" classname="org.joda.time.TestDuration_Basics" time="0"/>
  <testcase name="testWithDurationAdded_long_int1" classname="org.joda.time.TestDuration_Basics" time="0"/>
  <testcase name="testPlus_long1" classname="org.joda.time.TestDuration_Basics" time="0"/>
  <testcase name="testWithDurationAdded_long_int2" classname="org.joda.time.TestDuration_Basics" time="0"/>
  <testcase name="testWithDurationAdded_long_int3" classname="org.joda.time.TestDuration_Basics" time="0"/>
  <testcase name="testWithDurationAdded_long_int4" classname="org.joda.time.TestDuration_Basics" time="0"/>
  <testcase name="testWithDurationAdded_long_int5" classname="org.joda.time.TestDuration_Basics" time="0"/>
  <testcase name="testPlus_long2" classname="org.joda.time.TestDuration_Basics" time="0"/>
  <testcase name="testMinus_long1" classname="org.joda.time.TestDuration_Basics" time="0"/>
  <testcase name="testMinus_long2" classname="org.joda.time.TestDuration_Basics" time="0"/>
  <testcase name="testMultipliedBy_long1" classname="org.joda.time.TestDuration_Basics" time="0"/>
  <testcase name="testMultipliedBy_long2" classname="org.joda.time.TestDuration_Basics" time="0"/>
  <testcase name="testDividedBy_long1" classname="org.joda.time.TestDuration_Basics" time="0"/>
  <testcase name="testDividedBy_long2" classname="org.joda.time.TestDuration_Basics" time="0"/>
  <testcase name="testDividedByRoundingMode_long1" classname="org.joda.time.TestDuration_Basics" time="0.003"/>
  <testcase name="testDividedByRoundingMode_long2" classname="org.joda.time.TestDuration_Basics" time="0"/>
  <testcase name="testDividedByRoundingMode_long3" classname="org.joda.time.TestDuration_Basics" time="0"/>
  <testcase name="testDividedByRoundingMode_long4" classname="org.joda.time.TestDuration_Basics" time="0"/>
  <testcase name="testNegated_long1" classname="org.joda.time.TestDuration_Basics" time="0.001"/>
  <testcase name="testNegated_long2" classname="org.joda.time.TestDuration_Basics" time="0"/>
  <testcase name="testNegated_long3" classname="org.joda.time.TestDuration_Basics" time="0"/>
  <testcase name="testAbs" classname="org.joda.time.TestDuration_Basics" time="0"/>
  <testcase name="testWithDurationAdded_RD_int1" classname="org.joda.time.TestDuration_Basics" time="0"/>
  <testcase name="testWithDurationAdded_RD_int2" classname="org.joda.time.TestDuration_Basics" time="0"/>
  <testcase name="testWithDurationAdded_RD_int3" classname="org.joda.time.TestDuration_Basics" time="0"/>
  <testcase name="testWithDurationAdded_RD_int4" classname="org.joda.time.TestDuration_Basics" time="0"/>
  <testcase name="testWithDurationAdded_RD_int5" classname="org.joda.time.TestDuration_Basics" time="0"/>
  <testcase name="testWithDurationAdded_RD_int6" classname="org.joda.time.TestDuration_Basics" time="0"/>
  <testcase name="testPlus_RD1" classname="org.joda.time.TestDuration_Basics" time="0"/>
  <testcase name="testPlus_RD2" classname="org.joda.time.TestDuration_Basics" time="0"/>
  <testcase name="testPlus_RD3" classname="org.joda.time.TestDuration_Basics" time="0.001"/>
  <testcase name="testMinus_RD1" classname="org.joda.time.TestDuration_Basics" time="0"/>
  <testcase name="testMinus_RD2" classname="org.joda.time.TestDuration_Basics" time="0"/>
  <testcase name="testMinus_RD3" classname="org.joda.time.TestDuration_Basics" time="0"/>
  <testcase name="testMutableDuration" classname="org.joda.time.TestDuration_Basics" time="0.001"/>
  <testcase name="testIsBefore" classname="org.joda.time.TestDuration_Basics" time="0.001"/>
  <testcase name="testIsAfter" classname="org.joda.time.TestDuration_Basics" time="0"/>
  <testcase name="testIsEqual" classname="org.joda.time.TestDuration_Basics" time="0"/>
  <testcase name="testConstructor_RI_RP2" classname="org.joda.time.TestInterval_Constructors" time="0.001"/>
  <testcase name="testConstructor_RI_RP3" classname="org.joda.time.TestInterval_Constructors" time="0"/>
  <testcase name="testConstructor_RI_RP4" classname="org.joda.time.TestInterval_Constructors" time="0"/>
  <testcase name="testConstructor_RI_RP5" classname="org.joda.time.TestInterval_Constructors" time="0"/>
  <testcase name="testConstructor_RI_RP6" classname="org.joda.time.TestInterval_Constructors" time="0"/>
  <testcase name="testConstructor_RI_RP7" classname="org.joda.time.TestInterval_Constructors" time="0.006"/>
  <testcase name="testConstructor_RI_RP8" classname="org.joda.time.TestInterval_Constructors" time="0"/>
  <testcase name="testConstructor_RP_RI1" classname="org.joda.time.TestInterval_Constructors" time="0"/>
  <testcase name="testConstructor_RP_RI2" classname="org.joda.time.TestInterval_Constructors" time="0"/>
  <testcase name="testConstructor_RP_RI3" classname="org.joda.time.TestInterval_Constructors" time="0"/>
  <testcase name="testConstructor_RP_RI4" classname="org.joda.time.TestInterval_Constructors" time="0"/>
  <testcase name="testConstructor_RP_RI5" classname="org.joda.time.TestInterval_Constructors" time="0"/>
  <testcase name="testConstructor_RP_RI6" classname="org.joda.time.TestInterval_Constructors" time="0"/>
  <testcase name="testConstructor_RP_RI7" classname="org.joda.time.TestInterval_Constructors" time="0"/>
  <testcase name="testConstructor_RP_RI8" classname="org.joda.time.TestInterval_Constructors" time="0"/>
  <testcase name="testConstructor_RI_RD1" classname="org.joda.time.TestInterval_Constructors" time="0"/>
  <testcase name="testConstructor_RI_RD2" classname="org.joda.time.TestInterval_Constructors" time="0"/>
  <testcase name="testConstructor_RI_RD3" classname="org.joda.time.TestInterval_Constructors" time="0"/>
  <testcase name="testConstructor_RI_RD4" classname="org.joda.time.TestInterval_Constructors" time="0"/>
  <testcase name="testConstructor_RI_RD5" classname="org.joda.time.TestInterval_Constructors" time="0"/>
  <testcase name="testConstructor_RD_RI1" classname="org.joda.time.TestInterval_Constructors" time="0"/>
  <testcase name="testConstructor_RD_RI2" classname="org.joda.time.TestInterval_Constructors" time="0"/>
  <testcase name="testConstructor_RD_RI3" classname="org.joda.time.TestInterval_Constructors" time="0"/>
  <testcase name="testConstructor_RD_RI4" classname="org.joda.time.TestInterval_Constructors" time="0"/>
  <testcase name="testConstructor_RD_RI5" classname="org.joda.time.TestInterval_Constructors" time="0.001"/>
  <testcase name="testConstructor_Object6" classname="org.joda.time.TestInterval_Constructors" time="0.001"/>
  <testcase name="testConstructor_Object_Chronology1" classname="org.joda.time.TestInterval_Constructors" time="0.001"/>
  <testcase name="testConstructor_Object_Chronology2" classname="org.joda.time.TestInterval_Constructors" time="0"/>
  <testcase name="testParse_noOffsetInString" classname="org.joda.time.TestInterval_Constructors" time="0.013"/>
  <testcase name="testParse_offsetInString" classname="org.joda.time.TestInterval_Constructors" time="0.005"/>
  <testcase name="testParseWithOffset_noOffsetInString" classname="org.joda.time.TestInterval_Constructors" time="0.004"/>
  <testcase name="testParseWithOffset_offsetInString" classname="org.joda.time.TestInterval_Constructors" time="0.001"/>
  <testcase name="testParseWithOffset_invalid" classname="org.joda.time.TestInterval_Constructors" time="0"/>
  <testcase name="testConstructor_long_long2" classname="org.joda.time.TestInterval_Constructors" time="0"/>
  <testcase name="testConstructor_long_long3" classname="org.joda.time.TestInterval_Constructors" time="0"/>
  <testcase name="testConstructor_long_long_minMax" classname="org.joda.time.TestInterval_Constructors" time="0"/>
  <testcase name="testConstructor_long_long_min" classname="org.joda.time.TestInterval_Constructors" time="0.001"/>
  <testcase name="testConstructor_long_long_max" classname="org.joda.time.TestInterval_Constructors" time="0"/>
  <testcase name="testConstructor_long_long_Zone" classname="org.joda.time.TestInterval_Constructors" time="0"/>
  <testcase name="testConstructor_long_long_nullZone" classname="org.joda.time.TestInterval_Constructors" time="0"/>
  <testcase name="testConstructor_long_long_Chronology" classname="org.joda.time.TestInterval_Constructors" time="0"/>
  <testcase name="testConstructor_long_long_nullChronology" classname="org.joda.time.TestInterval_Constructors" time="0"/>
  <testcase name="testConstructor_RI_RI5" classname="org.joda.time.TestInterval_Constructors" time="0"/>
  <testcase name="testConstructor_RI_RI6" classname="org.joda.time.TestInterval_Constructors" time="0"/>
  <testcase name="testConstructor_RI_RI7" classname="org.joda.time.TestInterval_Constructors" time="0"/>
  <testcase name="testConstructor_RI_RI_chronoStart" classname="org.joda.time.TestInterval_Constructors" time="0"/>
  <testcase name="testConstructor_RI_RI_chronoEnd" classname="org.joda.time.TestInterval_Constructors" time="0"/>
  <testcase name="testConstructor_RI_RI_zones" classname="org.joda.time.TestInterval_Constructors" time="0"/>
  <testcase name="testConstructor_RI_RI_instant" classname="org.joda.time.TestInterval_Constructors" time="0"/>
  <testcase name="testConstructor_RI_RP1" classname="org.joda.time.TestInterval_Constructors" time="0"/>
  <testcase name="testConstructor_long_long1" classname="org.joda.time.TestInterval_Constructors" time="0"/>
  <testcase name="testConstructor_RI_RI1" classname="org.joda.time.TestInterval_Constructors" time="0"/>
  <testcase name="testConstructor_RI_RI2" classname="org.joda.time.TestInterval_Constructors" time="0"/>
  <testcase name="testConstructor_RI_RI3" classname="org.joda.time.TestInterval_Constructors" time="0"/>
  <testcase name="testConstructor_RI_RI4" classname="org.joda.time.TestInterval_Constructors" time="0"/>
  <testcase name="testConstructor_Object1" classname="org.joda.time.TestInterval_Constructors" time="0"/>
  <testcase name="testConstructor_Object2" classname="org.joda.time.TestInterval_Constructors" time="0"/>
  <testcase name="testConstructor_Object3" classname="org.joda.time.TestInterval_Constructors" time="0"/>
  <testcase name="testConstructor_Object4" classname="org.joda.time.TestInterval_Constructors" time="0.008"/>
  <testcase name="testConstructor_Object5" classname="org.joda.time.TestInterval_Constructors" time="0.001"/>
  <testcase name="testTest" classname="org.joda.time.TestInterval_Basics" time="0"/>
  <testcase name="testToString" classname="org.joda.time.TestInterval_Basics" time="0"/>
  <testcase name="testEqualsHashCode" classname="org.joda.time.TestInterval_Basics" time="0.001"/>
  <testcase name="testIsEqual_RI" classname="org.joda.time.TestInterval_Basics" time="0"/>
  <testcase name="testIsBefore_long" classname="org.joda.time.TestInterval_Basics" time="0"/>
  <testcase name="testIsBeforeNow" classname="org.joda.time.TestInterval_Basics" time="0"/>
  <testcase name="testIsBefore_RI" classname="org.joda.time.TestInterval_Basics" time="0"/>
  <testcase name="testIsAfter_long" classname="org.joda.time.TestInterval_Basics" time="0"/>
  <testcase name="testIsAfterNow" classname="org.joda.time.TestInterval_Basics" time="0"/>
  <testcase name="testIsAfter_RI" classname="org.joda.time.TestInterval_Basics" time="0"/>
  <testcase name="testSerialization" classname="org.joda.time.TestInterval_Basics" time="0.012"/>
  <testcase name="testGetDuration1" classname="org.joda.time.TestInterval_Basics" time="0"/>
  <testcase name="testGetDuration2" classname="org.joda.time.TestInterval_Basics" time="0"/>
  <testcase name="testContains_RInterval_null" classname="org.joda.time.TestInterval_Basics" time="0"/>
  <testcase name="testContains_RInterval_zeroDuration" classname="org.joda.time.TestInterval_Basics" time="0"/>
  <testcase name="testOverlaps_RInterval" classname="org.joda.time.TestInterval_Basics" time="0"/>
  <testcase name="testOverlaps_RInterval_null" classname="org.joda.time.TestInterval_Basics" time="0"/>
  <testcase name="testOverlaps_RInterval_zeroDuration" classname="org.joda.time.TestInterval_Basics" time="0"/>
  <testcase name="testOverlap_RInterval" classname="org.joda.time.TestInterval_Basics" time="0"/>
  <testcase name="testOverlap_RInterval_null" classname="org.joda.time.TestInterval_Basics" time="0"/>
  <testcase name="testOverlap_RInterval_zone" classname="org.joda.time.TestInterval_Basics" time="0.001"/>
  <testcase name="testOverlap_RInterval_zoneUTC" classname="org.joda.time.TestInterval_Basics" time="0.017"/>
  <testcase name="testGap_RInterval" classname="org.joda.time.TestInterval_Basics" time="0"/>
  <testcase name="testGap_RInterval_null" classname="org.joda.time.TestInterval_Basics" time="0"/>
  <testcase name="testGap_RInterval_zone" classname="org.joda.time.TestInterval_Basics" time="0"/>
  <testcase name="testGap_RInterval_zoneUTC" classname="org.joda.time.TestInterval_Basics" time="0"/>
  <testcase name="testAbuts_RInterval" classname="org.joda.time.TestInterval_Basics" time="0"/>
  <testcase name="testAbuts_RInterval_null" classname="org.joda.time.TestInterval_Basics" time="0"/>
  <testcase name="testIsBefore_RI_null" classname="org.joda.time.TestInterval_Basics" time="0"/>
  <testcase name="testIsBefore_RInterval" classname="org.joda.time.TestInterval_Basics" time="0"/>
  <testcase name="testIsBefore_RInterval_null" classname="org.joda.time.TestInterval_Basics" time="0"/>
  <testcase name="testIsAfter_RI_null" classname="org.joda.time.TestInterval_Basics" time="0"/>
  <testcase name="testIsAfter_RInterval" classname="org.joda.time.TestInterval_Basics" time="0"/>
  <testcase name="testIsAfter_RInterval_null" classname="org.joda.time.TestInterval_Basics" time="0"/>
  <testcase name="testToInterval1" classname="org.joda.time.TestInterval_Basics" time="0"/>
  <testcase name="testToMutableInterval1" classname="org.joda.time.TestInterval_Basics" time="0"/>
  <testcase name="testToPeriod_PeriodType1" classname="org.joda.time.TestInterval_Basics" time="0"/>
  <testcase name="testToPeriod_PeriodType2" classname="org.joda.time.TestInterval_Basics" time="0"/>
  <testcase name="testToString_reparse" classname="org.joda.time.TestInterval_Basics" time="0"/>
  <testcase name="testWithChronology1" classname="org.joda.time.TestInterval_Basics" time="0"/>
  <testcase name="testWithChronology2" classname="org.joda.time.TestInterval_Basics" time="0"/>
  <testcase name="testWithChronology3" classname="org.joda.time.TestInterval_Basics" time="0"/>
  <testcase name="testWithStartMillis_long1" classname="org.joda.time.TestInterval_Basics" time="0"/>
  <testcase name="testWithStartMillis_long2" classname="org.joda.time.TestInterval_Basics" time="0.001"/>
  <testcase name="testWithStartMillis_long3" classname="org.joda.time.TestInterval_Basics" time="0"/>
  <testcase name="testWithStartInstant_RI1" classname="org.joda.time.TestInterval_Basics" time="0"/>
  <testcase name="testWithStartInstant_RI2" classname="org.joda.time.TestInterval_Basics" time="0"/>
  <testcase name="testWithStartInstant_RI3" classname="org.joda.time.TestInterval_Basics" time="0"/>
  <testcase name="testWithEndMillis_long1" classname="org.joda.time.TestInterval_Basics" time="0"/>
  <testcase name="testWithEndMillis_long2" classname="org.joda.time.TestInterval_Basics" time="0"/>
  <testcase name="testWithEndMillis_long3" classname="org.joda.time.TestInterval_Basics" time="0"/>
  <testcase name="testWithEndInstant_RI1" classname="org.joda.time.TestInterval_Basics" time="0"/>
  <testcase name="testWithEndInstant_RI2" classname="org.joda.time.TestInterval_Basics" time="0"/>
  <testcase name="testWithEndInstant_RI3" classname="org.joda.time.TestInterval_Basics" time="0"/>
  <testcase name="testWithDurationAfterStart1" classname="org.joda.time.TestInterval_Basics" time="0"/>
  <testcase name="testWithDurationAfterStart2" classname="org.joda.time.TestInterval_Basics" time="0"/>
  <testcase name="testWithDurationAfterStart3" classname="org.joda.time.TestInterval_Basics" time="0"/>
  <testcase name="testWithDurationAfterStart4" classname="org.joda.time.TestInterval_Basics" time="0"/>
  <testcase name="testWithDurationBeforeEnd1" classname="org.joda.time.TestInterval_Basics" time="0"/>
  <testcase name="testWithDurationBeforeEnd2" classname="org.joda.time.TestInterval_Basics" time="0"/>
  <testcase name="testWithDurationBeforeEnd3" classname="org.joda.time.TestInterval_Basics" time="0.001"/>
  <testcase name="testWithDurationBeforeEnd4" classname="org.joda.time.TestInterval_Basics" time="0"/>
  <testcase name="testWithPeriodAfterStart1" classname="org.joda.time.TestInterval_Basics" time="0"/>
  <testcase name="testWithPeriodAfterStart2" classname="org.joda.time.TestInterval_Basics" time="0"/>
  <testcase name="testWithPeriodAfterStart3" classname="org.joda.time.TestInterval_Basics" time="0"/>
  <testcase name="testWithPeriodBeforeEnd1" classname="org.joda.time.TestInterval_Basics" time="0"/>
  <testcase name="testWithPeriodBeforeEnd2" classname="org.joda.time.TestInterval_Basics" time="0.001"/>
  <testcase name="testWithPeriodBeforeEnd3" classname="org.joda.time.TestInterval_Basics" time="0"/>
  <testcase name="testGetDuration3" classname="org.joda.time.TestInterval_Basics" time="0"/>
  <testcase name="testEqualsHashCodeLenient" classname="org.joda.time.TestInterval_Basics" time="0"/>
  <testcase name="testEqualsHashCodeStrict" classname="org.joda.time.TestInterval_Basics" time="0.001"/>
  <testcase name="test_useCase_ContainsOverlapAbutGap" classname="org.joda.time.TestInterval_Basics" time="0"/>
  <testcase name="test_useCase_ContainsOverlapAbutGap_zeroDuration" classname="org.joda.time.TestInterval_Basics" time="0"/>
  <testcase name="test_useCase_ContainsOverlapAbutGap_bothZeroDuration" classname="org.joda.time.TestInterval_Basics" time="0"/>
  <testcase name="testContains_long" classname="org.joda.time.TestInterval_Basics" time="0"/>
  <testcase name="testContains_long_zeroDuration" classname="org.joda.time.TestInterval_Basics" time="0"/>
  <testcase name="testContainsNow" classname="org.joda.time.TestInterval_Basics" time="0.001"/>
  <testcase name="testContains_RI" classname="org.joda.time.TestInterval_Basics" time="0"/>
  <testcase name="testContains_RI_null" classname="org.joda.time.TestInterval_Basics" time="0"/>
  <testcase name="testContains_RI_zeroDuration" classname="org.joda.time.TestInterval_Basics" time="0"/>
  <testcase name="testContains_RInterval" classname="org.joda.time.TestInterval_Basics" time="0"/>
  <testcase name="testGetMillis" classname="org.joda.time.TestInterval_Basics" time="0"/>
  <testcase name="testToPeriod" classname="org.joda.time.TestInterval_Basics" time="0.001"/>
  <testcase name="testConstructor" classname="org.joda.time.TestLocalDateTime_Constructors" time="0"/>
  <testcase name="testConstructor_long_nullChronology" classname="org.joda.time.TestLocalDateTime_Constructors" time="0"/>
  <testcase name="testConstructor_ObjectString1" classname="org.joda.time.TestLocalDateTime_Constructors" time="0"/>
  <testcase name="testConstructor_ObjectString2" classname="org.joda.time.TestLocalDateTime_Constructors" time="0.001"/>
  <testcase name="testConstructor_ObjectString3" classname="org.joda.time.TestLocalDateTime_Constructors" time="0"/>
  <testcase name="testConstructor_ObjectString4" classname="org.joda.time.TestLocalDateTime_Constructors" time="0"/>
  <testcase name="testConstructor_ObjectStringEx1" classname="org.joda.time.TestLocalDateTime_Constructors" time="0"/>
  <testcase name="testConstructor_ObjectStringEx2" classname="org.joda.time.TestLocalDateTime_Constructors" time="0.001"/>
  <testcase name="testConstructor_Object_DateTimeZone" classname="org.joda.time.TestLocalDateTime_Constructors" time="0"/>
  <testcase name="testConstructor_nullObject_DateTimeZone" classname="org.joda.time.TestLocalDateTime_Constructors" time="0"/>
  <testcase name="testConstructor_Object_nullDateTimeZone" classname="org.joda.time.TestLocalDateTime_Constructors" time="0"/>
  <testcase name="testConstructor_nullObject_nullDateTimeZone" classname="org.joda.time.TestLocalDateTime_Constructors" time="0"/>
  <testcase name="testConstructor_Object_Chronology" classname="org.joda.time.TestLocalDateTime_Constructors" time="0"/>
  <testcase name="testConstructor_nullObject_Chronology" classname="org.joda.time.TestLocalDateTime_Constructors" time="0.001"/>
  <testcase name="testConstructor_Object_nullChronology" classname="org.joda.time.TestLocalDateTime_Constructors" time="0"/>
  <testcase name="testConstructor_nullObject_nullChronology" classname="org.joda.time.TestLocalDateTime_Constructors" time="0"/>
  <testcase name="testConstructor_int_int_int_int_int" classname="org.joda.time.TestLocalDateTime_Constructors" time="0"/>
  <testcase name="testConstructor_int_int_int_int_int_int" classname="org.joda.time.TestLocalDateTime_Constructors" time="0"/>
  <testcase name="testConstructor_int_int_int_int_int_int_int" classname="org.joda.time.TestLocalDateTime_Constructors" time="0.001"/>
  <testcase name="testConstructor_DateTimeZone" classname="org.joda.time.TestLocalDateTime_Constructors" time="0.001"/>
  <testcase name="testConstructor_nullDateTimeZone" classname="org.joda.time.TestLocalDateTime_Constructors" time="0"/>
  <testcase name="testConstructor_Chronology" classname="org.joda.time.TestLocalDateTime_Constructors" time="0"/>
  <testcase name="testConstructor_nullChronology" classname="org.joda.time.TestLocalDateTime_Constructors" time="0"/>
  <testcase name="testConstructor_long1_DateTimeZone" classname="org.joda.time.TestLocalDateTime_Constructors" time="0"/>
  <testcase name="testConstructor_long2_DateTimeZone" classname="org.joda.time.TestLocalDateTime_Constructors" time="0"/>
  <testcase name="testConstructor_long_nullDateTimeZone" classname="org.joda.time.TestLocalDateTime_Constructors" time="0"/>
  <testcase name="testConstructor_long1_Chronology" classname="org.joda.time.TestLocalDateTime_Constructors" time="0"/>
  <testcase name="testConstructor_long2_Chronology" classname="org.joda.time.TestLocalDateTime_Constructors" time="0"/>
  <testcase name="testParse_noFormatter" classname="org.joda.time.TestLocalDateTime_Constructors" time="0"/>
  <testcase name="testParse_formatter" classname="org.joda.time.TestLocalDateTime_Constructors" time="0"/>
  <testcase name="testConstructor_long1" classname="org.joda.time.TestLocalDateTime_Constructors" time="0"/>
  <testcase name="testConstructor_long2" classname="org.joda.time.TestLocalDateTime_Constructors" time="0"/>
  <testcase name="testConstructor_nullObject" classname="org.joda.time.TestLocalDateTime_Constructors" time="0"/>
  <testcase name="testFactory_fromCalendarFields" classname="org.joda.time.TestLocalDateTime_Constructors" time="0"/>
  <testcase name="testFactory_fromCalendarFields_beforeYearZero1" classname="org.joda.time.TestLocalDateTime_Constructors" time="0.001"/>
  <testcase name="testFactory_fromCalendarFields_beforeYearZero3" classname="org.joda.time.TestLocalDateTime_Constructors" time="0.001"/>
  <testcase name="testFactory_fromCalendarFields_null" classname="org.joda.time.TestLocalDateTime_Constructors" time="0"/>
  <testcase name="testFactory_fromDateFields_after1970" classname="org.joda.time.TestLocalDateTime_Constructors" time="0"/>
  <testcase name="testFactory_fromDateFields_before1970" classname="org.joda.time.TestLocalDateTime_Constructors" time="0"/>
  <testcase name="testFactory_fromDateFields_beforeYearZero1" classname="org.joda.time.TestLocalDateTime_Constructors" time="0"/>
  <testcase name="testFactory_fromDateFields_beforeYearZero3" classname="org.joda.time.TestLocalDateTime_Constructors" time="0.001"/>
  <testcase name="testFactory_fromDateFields_null" classname="org.joda.time.TestLocalDateTime_Constructors" time="0"/>
  <testcase name="testConstructor_ObjectStringEx3" classname="org.joda.time.TestLocalDateTime_Constructors" time="0"/>
  <testcase name="testConstructor_ObjectStringEx4" classname="org.joda.time.TestLocalDateTime_Constructors" time="0"/>
  <testcase name="testConstructor_ObjectStringEx5" classname="org.joda.time.TestLocalDateTime_Constructors" time="0"/>
  <testcase name="testConstructor_Object1" classname="org.joda.time.TestLocalDateTime_Constructors" time="0"/>
  <testcase name="testConstructor_ObjectStringEx6" classname="org.joda.time.TestLocalDateTime_Constructors" time="0.001"/>
  <testcase name="testConstructor_ObjectLocalDateTime" classname="org.joda.time.TestLocalDateTime_Constructors" time="0"/>
  <testcase name="testConstructor_ObjectLocalDate" classname="org.joda.time.TestLocalDateTime_Constructors" time="0.001"/>
  <testcase name="testConstructor_ObjectLocalTime" classname="org.joda.time.TestLocalDateTime_Constructors" time="0"/>
  <testcase name="testConstructor_Object_DateTimeZoneMoscow" classname="org.joda.time.TestLocalDateTime_Constructors" time="0"/>
  <testcase name="testConstructor_Object_DateTimeZoneMoscowBadDateTime" classname="org.joda.time.TestLocalDateTime_Constructors" time="0"/>
  <testcase name="testConstructor_Object_Chronology_crossChronology" classname="org.joda.time.TestLocalDateTime_Constructors" time="0.001"/>
  <testcase name="testConstructor_Object_ChronologyMoscow" classname="org.joda.time.TestLocalDateTime_Constructors" time="0"/>
  <testcase name="testConstructor_Object_ChronologyMoscowBadDateTime" classname="org.joda.time.TestLocalDateTime_Constructors" time="0"/>
  <testcase name="testConstructor_int_int_int_Chronology" classname="org.joda.time.TestLocalDateTime_Constructors" time="0"/>
  <testcase name="testConstructor_int_int_int_nullChronology" classname="org.joda.time.TestLocalDateTime_Constructors" time="0"/>
  <testcase name="testToString" classname="org.joda.time.TestLocalDateTime_Basics" time="0.001"/>
  <testcase name="testMinusWeeks_int" classname="org.joda.time.TestLocalDateTime_Basics" time="0"/>
  <testcase name="testMinusDays_int" classname="org.joda.time.TestLocalDateTime_Basics" time="0"/>
  <testcase name="testMinusHours_int" classname="org.joda.time.TestLocalDateTime_Basics" time="0"/>
  <testcase name="testMinusMinutes_int" classname="org.joda.time.TestLocalDateTime_Basics" time="0"/>
  <testcase name="testMinusSeconds_int" classname="org.joda.time.TestLocalDateTime_Basics" time="0"/>
  <testcase name="testMinusMillis_int" classname="org.joda.time.TestLocalDateTime_Basics" time="0"/>
  <testcase name="testGet_DateTimeFieldType" classname="org.joda.time.TestLocalDateTime_Basics" time="0"/>
  <testcase name="testEqualsHashCode" classname="org.joda.time.TestLocalDateTime_Basics" time="0.004"/>
  <testcase name="testCompareTo" classname="org.joda.time.TestLocalDateTime_Basics" time="0"/>
  <testcase name="testSerialization" classname="org.joda.time.TestLocalDateTime_Basics" time="0.003"/>
  <testcase name="testToDateTime" classname="org.joda.time.TestLocalDateTime_Basics" time="0"/>
  <testcase name="testIsSupported_DateTimeFieldType" classname="org.joda.time.TestLocalDateTime_Basics" time="0"/>
  <testcase name="testGetters" classname="org.joda.time.TestLocalDateTime_Basics" time="0.001"/>
  <testcase name="testWithers" classname="org.joda.time.TestLocalDateTime_Basics" time="0"/>
  <testcase name="testToString_String" classname="org.joda.time.TestLocalDateTime_Basics" time="0"/>
  <testcase name="testToString_String_Locale" classname="org.joda.time.TestLocalDateTime_Basics" time="0"/>
  <testcase name="testToString_DTFormatter" classname="org.joda.time.TestLocalDateTime_Basics" time="0.007"/>
  <testcase name="testToLocalDate" classname="org.joda.time.TestLocalDateTime_Basics" time="0"/>
  <testcase name="testToLocalTime" classname="org.joda.time.TestLocalDateTime_Basics" time="0"/>
  <testcase name="testPlus_RP" classname="org.joda.time.TestLocalDateTime_Basics" time="0"/>
  <testcase name="testPlusYears_int" classname="org.joda.time.TestLocalDateTime_Basics" time="0"/>
  <testcase name="testPlusMonths_int" classname="org.joda.time.TestLocalDateTime_Basics" time="0"/>
  <testcase name="testPlusWeeks_int" classname="org.joda.time.TestLocalDateTime_Basics" time="0"/>
  <testcase name="testPlusDays_int" classname="org.joda.time.TestLocalDateTime_Basics" time="0"/>
  <testcase name="testPlusHours_int" classname="org.joda.time.TestLocalDateTime_Basics" time="0"/>
  <testcase name="testPlusMinutes_int" classname="org.joda.time.TestLocalDateTime_Basics" time="0"/>
  <testcase name="testPlusSeconds_int" classname="org.joda.time.TestLocalDateTime_Basics" time="0"/>
  <testcase name="testPlusMillis_int" classname="org.joda.time.TestLocalDateTime_Basics" time="0.001"/>
  <testcase name="testMinus_RP" classname="org.joda.time.TestLocalDateTime_Basics" time="0"/>
  <testcase name="testMinusYears_int" classname="org.joda.time.TestLocalDateTime_Basics" time="0"/>
  <testcase name="testMinusMonths_int" classname="org.joda.time.TestLocalDateTime_Basics" time="0"/>
  <testcase name="testProperty" classname="org.joda.time.TestLocalDateTime_Basics" time="0.001"/>
  <testcase name="testSize" classname="org.joda.time.TestLocalDateTime_Basics" time="0"/>
  <testcase name="testGetFieldType_int" classname="org.joda.time.TestLocalDateTime_Basics" time="0"/>
  <testcase name="testGetFieldTypes" classname="org.joda.time.TestLocalDateTime_Basics" time="0"/>
  <testcase name="testGetField_int" classname="org.joda.time.TestLocalDateTime_Basics" time="0"/>
  <testcase name="testGetFields" classname="org.joda.time.TestLocalDateTime_Basics" time="0.001"/>
  <testcase name="testGetValue_int" classname="org.joda.time.TestLocalDateTime_Basics" time="0"/>
  <testcase name="testGetValues" classname="org.joda.time.TestLocalDateTime_Basics" time="0"/>
  <testcase name="testIsSupported_DurationFieldType" classname="org.joda.time.TestLocalDateTime_Basics" time="0"/>
  <testcase name="testIsEqual_LocalDateTime" classname="org.joda.time.TestLocalDateTime_Basics" time="0"/>
  <testcase name="testIsBefore_LocalDateTime" classname="org.joda.time.TestLocalDateTime_Basics" time="0"/>
  <testcase name="testIsAfter_LocalDateTime" classname="org.joda.time.TestLocalDateTime_Basics" time="0.001"/>
  <testcase name="testWithDate" classname="org.joda.time.TestLocalDateTime_Basics" time="0"/>
  <testcase name="testWithTime" classname="org.joda.time.TestLocalDateTime_Basics" time="0"/>
  <testcase name="testWithField_DateTimeFieldType_int_1" classname="org.joda.time.TestLocalDateTime_Basics" time="0"/>
  <testcase name="testWithField_DateTimeFieldType_int_2" classname="org.joda.time.TestLocalDateTime_Basics" time="0"/>
  <testcase name="testWithField_DateTimeFieldType_int_3" classname="org.joda.time.TestLocalDateTime_Basics" time="0"/>
  <testcase name="testWithFieldAdded_DurationFieldType_int_1" classname="org.joda.time.TestLocalDateTime_Basics" time="0.001"/>
  <testcase name="testWithFieldAdded_DurationFieldType_int_2" classname="org.joda.time.TestLocalDateTime_Basics" time="0"/>
  <testcase name="testWithFieldAdded_DurationFieldType_int_3" classname="org.joda.time.TestLocalDateTime_Basics" time="0"/>
  <testcase name="testWithFieldAdded_DurationFieldType_int_4" classname="org.joda.time.TestLocalDateTime_Basics" time="0"/>
  <testcase name="testToDateTime_Zone" classname="org.joda.time.TestLocalDateTime_Basics" time="0"/>
  <testcase name="testToDateTime_nullZone" classname="org.joda.time.TestLocalDateTime_Basics" time="0"/>
  <testcase name="testToDateTime_Zone_dstGap" classname="org.joda.time.TestLocalDateTime_Basics" time="0"/>
  <testcase name="testToDateTime_Zone_dstOverlap" classname="org.joda.time.TestLocalDateTime_Basics" time="0.009"/>
  <testcase name="testToDateTime_Zone_dstOverlap_NewYork" classname="org.joda.time.TestLocalDateTime_Basics" time="0"/>
  <testcase name="testToDateTime_RI" classname="org.joda.time.TestLocalDateTime_Basics" time="0.001"/>
  <testcase name="testToDateTime_nullRI" classname="org.joda.time.TestLocalDateTime_Basics" time="0"/>
  <testcase name="testToDate_summer" classname="org.joda.time.TestLocalDateTime_Basics" time="0.002"/>
  <testcase name="testToDate_winter" classname="org.joda.time.TestLocalDateTime_Basics" time="0"/>
  <testcase name="testToDate_springDST" classname="org.joda.time.TestLocalDateTime_Basics" time="0.012"/>
  <testcase name="testToDate_springDST_2Hour40Savings" classname="org.joda.time.TestLocalDateTime_Basics" time="0.01"/>
  <testcase name="testToDate_autumnDST" classname="org.joda.time.TestLocalDateTime_Basics" time="0.001"/>
  <testcase name="testToDate_summer_Zone" classname="org.joda.time.TestLocalDateTime_Basics" time="0"/>
  <testcase name="testToDate_winter_Zone" classname="org.joda.time.TestLocalDateTime_Basics" time="0.003"/>
  <testcase name="testToDate_springDST_Zone" classname="org.joda.time.TestLocalDateTime_Basics" time="0.001"/>
  <testcase name="testToDate_springDST_2Hour40Savings_Zone" classname="org.joda.time.TestLocalDateTime_Basics" time="0.003"/>
  <testcase name="testToDate_autumnDST_Zone" classname="org.joda.time.TestLocalDateTime_Basics" time="0.001"/>
  <testcase name="testPropertyWithMaximumValueDayOfMonth" classname="org.joda.time.TestLocalDateTime_Properties" time="0"/>
  <testcase name="testPropertyWithMinimumValueDayOfMonth" classname="org.joda.time.TestLocalDateTime_Properties" time="0"/>
  <testcase name="testPropertyGetMaxMinValuesYear" classname="org.joda.time.TestLocalDateTime_Properties" time="0"/>
  <testcase name="testPropertySetCopyTextYear" classname="org.joda.time.TestLocalDateTime_Properties" time="0.001"/>
  <testcase name="testPropertyGetMonth" classname="org.joda.time.TestLocalDateTime_Properties" time="0"/>
  <testcase name="testPropertyGetMaxMinValuesMonth" classname="org.joda.time.TestLocalDateTime_Properties" time="0"/>
  <testcase name="testPropertyAddToCopyMonth" classname="org.joda.time.TestLocalDateTime_Properties" time="0.001"/>
  <testcase name="testPropertyAddWrapFieldToCopyMonth" classname="org.joda.time.TestLocalDateTime_Properties" time="0"/>
  <testcase name="testPropertySetCopyMonth" classname="org.joda.time.TestLocalDateTime_Properties" time="0"/>
  <testcase name="testPropertySetCopyTextMonth" classname="org.joda.time.TestLocalDateTime_Properties" time="0.001"/>
  <testcase name="testPropertyCompareToMonth" classname="org.joda.time.TestLocalDateTime_Properties" time="0"/>
  <testcase name="testPropertyGetDay" classname="org.joda.time.TestLocalDateTime_Properties" time="0"/>
  <testcase name="testPropertyGetMaxMinValuesDay" classname="org.joda.time.TestLocalDateTime_Properties" time="0"/>
  <testcase name="testPropertyAddToCopyDay" classname="org.joda.time.TestLocalDateTime_Properties" time="0"/>
  <testcase name="testPropertyAddToCopyYear" classname="org.joda.time.TestLocalDateTime_Properties" time="0"/>
  <testcase name="testPropertyAddWrapFieldToCopyYear" classname="org.joda.time.TestLocalDateTime_Properties" time="0.001"/>
  <testcase name="testPropertySetCopyYear" classname="org.joda.time.TestLocalDateTime_Properties" time="0"/>
  <testcase name="testPropertyGetMaxMinValuesSecond" classname="org.joda.time.TestLocalDateTime_Properties" time="0"/>
  <testcase name="testPropertyWithMaxMinValueSecond" classname="org.joda.time.TestLocalDateTime_Properties" time="0"/>
  <testcase name="testPropertyAddToCopySecond" classname="org.joda.time.TestLocalDateTime_Properties" time="0"/>
  <testcase name="testPropertyAddWrapFieldToCopySecond" classname="org.joda.time.TestLocalDateTime_Properties" time="0"/>
  <testcase name="testPropertySetSecond" classname="org.joda.time.TestLocalDateTime_Properties" time="0.001"/>
  <testcase name="testPropertySetTextSecond" classname="org.joda.time.TestLocalDateTime_Properties" time="0"/>
  <testcase name="testPropertyCompareToSecond" classname="org.joda.time.TestLocalDateTime_Properties" time="0"/>
  <testcase name="testPropertyGetMilli" classname="org.joda.time.TestLocalDateTime_Properties" time="0"/>
  <testcase name="testPropertyGetMaxMinValuesMilli" classname="org.joda.time.TestLocalDateTime_Properties" time="0"/>
  <testcase name="testPropertyWithMaxMinValueMilli" classname="org.joda.time.TestLocalDateTime_Properties" time="0"/>
  <testcase name="testPropertyAddToCopyMilli" classname="org.joda.time.TestLocalDateTime_Properties" time="0"/>
  <testcase name="testPropertyAddWrapFieldToCopyMilli" classname="org.joda.time.TestLocalDateTime_Properties" time="0.001"/>
  <testcase name="testPropertySetMilli" classname="org.joda.time.TestLocalDateTime_Properties" time="0"/>
  <testcase name="testPropertySetTextMilli" classname="org.joda.time.TestLocalDateTime_Properties" time="0"/>
  <testcase name="testPropertyCompareToMilli" classname="org.joda.time.TestLocalDateTime_Properties" time="0"/>
  <testcase name="testPropertyAddWrapFieldToCopyDay" classname="org.joda.time.TestLocalDateTime_Properties" time="0"/>
  <testcase name="testPropertySetCopyDay" classname="org.joda.time.TestLocalDateTime_Properties" time="0.002"/>
  <testcase name="testPropertySetCopyTextDay" classname="org.joda.time.TestLocalDateTime_Properties" time="0"/>
  <testcase name="testPropertyCompareToDay" classname="org.joda.time.TestLocalDateTime_Properties" time="0"/>
  <testcase name="testPropertyEquals" classname="org.joda.time.TestLocalDateTime_Properties" time="0"/>
  <testcase name="testPropertyHashCode" classname="org.joda.time.TestLocalDateTime_Properties" time="0"/>
  <testcase name="testPropertyGetHour" classname="org.joda.time.TestLocalDateTime_Properties" time="0"/>
  <testcase name="testPropertyRoundHour" classname="org.joda.time.TestLocalDateTime_Properties" time="0.001"/>
  <testcase name="testPropertyGetMaxMinValuesHour" classname="org.joda.time.TestLocalDateTime_Properties" time="0"/>
  <testcase name="testPropertyWithMaxMinValueHour" classname="org.joda.time.TestLocalDateTime_Properties" time="0"/>
  <testcase name="testPropertyAddToCopyHour" classname="org.joda.time.TestLocalDateTime_Properties" time="0"/>
  <testcase name="testPropertyAddWrapFieldToCopyHour" classname="org.joda.time.TestLocalDateTime_Properties" time="0"/>
  <testcase name="testPropertySetHour" classname="org.joda.time.TestLocalDateTime_Properties" time="0"/>
  <testcase name="testPropertySetTextHour" classname="org.joda.time.TestLocalDateTime_Properties" time="0.001"/>
  <testcase name="testPropertyWithMaximumValueHour" classname="org.joda.time.TestLocalDateTime_Properties" time="0"/>
  <testcase name="testPropertyWithMinimumValueHour" classname="org.joda.time.TestLocalDateTime_Properties" time="0"/>
  <testcase name="testPropertyCompareToHour" classname="org.joda.time.TestLocalDateTime_Properties" time="0"/>
  <testcase name="testPropertyGetMinute" classname="org.joda.time.TestLocalDateTime_Properties" time="0"/>
  <testcase name="testPropertyGetMaxMinValuesMinute" classname="org.joda.time.TestLocalDateTime_Properties" time="0"/>
  <testcase name="testPropertyWithMaxMinValueMinute" classname="org.joda.time.TestLocalDateTime_Properties" time="0"/>
  <testcase name="testPropertyAddToCopyMinute" classname="org.joda.time.TestLocalDateTime_Properties" time="0.001"/>
  <testcase name="testPropertyAddWrapFieldToCopyMinute" classname="org.joda.time.TestLocalDateTime_Properties" time="0"/>
  <testcase name="testPropertySetMinute" classname="org.joda.time.TestLocalDateTime_Properties" time="0"/>
  <testcase name="testPropertySetTextMinute" classname="org.joda.time.TestLocalDateTime_Properties" time="0"/>
  <testcase name="testPropertyCompareToMinute" classname="org.joda.time.TestLocalDateTime_Properties" time="0"/>
  <testcase name="testPropertyGetSecond" classname="org.joda.time.TestLocalDateTime_Properties" time="0"/>
  <testcase name="testPropertyGetYear" classname="org.joda.time.TestLocalDateTime_Properties" time="0"/>
  <testcase name="testPropertyCompareToYear" classname="org.joda.time.TestLocalDateTime_Properties" time="0"/>
  <testcase name="testConstructor" classname="org.joda.time.TestLocalDate_Constructors" time="0"/>
  <testcase name="testConstructor_long_nullChronology" classname="org.joda.time.TestLocalDate_Constructors" time="0.001"/>
  <testcase name="testConstructor_ObjectString1" classname="org.joda.time.TestLocalDate_Constructors" time="0"/>
  <testcase name="testConstructor_ObjectString2" classname="org.joda.time.TestLocalDate_Constructors" time="0"/>
  <testcase name="testConstructor_ObjectString3" classname="org.joda.time.TestLocalDate_Constructors" time="0"/>
  <testcase name="testConstructor_ObjectStringEx1" classname="org.joda.time.TestLocalDate_Constructors" time="0"/>
  <testcase name="testConstructor_ObjectStringEx2" classname="org.joda.time.TestLocalDate_Constructors" time="0.001"/>
  <testcase name="testConstructor_Object_DateTimeZone" classname="org.joda.time.TestLocalDate_Constructors" time="0"/>
  <testcase name="testConstructor_nullObject_DateTimeZone" classname="org.joda.time.TestLocalDate_Constructors" time="0"/>
  <testcase name="testConstructor_Object_nullDateTimeZone" classname="org.joda.time.TestLocalDate_Constructors" time="0"/>
  <testcase name="testConstructor_nullObject_nullDateTimeZone" classname="org.joda.time.TestLocalDate_Constructors" time="0"/>
  <testcase name="testConstructor_Object_Chronology" classname="org.joda.time.TestLocalDate_Constructors" time="0"/>
  <testcase name="testConstructor_nullObject_Chronology" classname="org.joda.time.TestLocalDate_Constructors" time="0"/>
  <testcase name="testConstructor_Object_nullChronology" classname="org.joda.time.TestLocalDate_Constructors" time="0"/>
  <testcase name="testConstructor_nullObject_nullChronology" classname="org.joda.time.TestLocalDate_Constructors" time="0"/>
  <testcase name="testConstructor_DateTimeZone" classname="org.joda.time.TestLocalDate_Constructors" time="0"/>
  <testcase name="testConstructor_nullDateTimeZone" classname="org.joda.time.TestLocalDate_Constructors" time="0"/>
  <testcase name="testConstructor_Chronology" classname="org.joda.time.TestLocalDate_Constructors" time="0"/>
  <testcase name="testConstructor_nullChronology" classname="org.joda.time.TestLocalDate_Constructors" time="0"/>
  <testcase name="testConstructor_long1_DateTimeZone" classname="org.joda.time.TestLocalDate_Constructors" time="0"/>
  <testcase name="testConstructor_long2_DateTimeZone" classname="org.joda.time.TestLocalDate_Constructors" time="0"/>
  <testcase name="testConstructor_long_nullDateTimeZone" classname="org.joda.time.TestLocalDate_Constructors" time="0.001"/>
  <testcase name="testConstructor_long1_Chronology" classname="org.joda.time.TestLocalDate_Constructors" time="0"/>
  <testcase name="testConstructor_long2_Chronology" classname="org.joda.time.TestLocalDate_Constructors" time="0"/>
  <testcase name="testParse_noFormatter" classname="org.joda.time.TestLocalDate_Constructors" time="0"/>
  <testcase name="testParse_formatter" classname="org.joda.time.TestLocalDate_Constructors" time="0"/>
  <testcase name="testConstructor_long1" classname="org.joda.time.TestLocalDate_Constructors" time="0"/>
  <testcase name="testConstructor_long2" classname="org.joda.time.TestLocalDate_Constructors" time="0"/>
  <testcase name="testConstructor_nullObject" classname="org.joda.time.TestLocalDate_Constructors" time="0.001"/>
  <testcase name="testConstructor_long3_DateTimeZone" classname="org.joda.time.TestLocalDate_Constructors" time="0"/>
  <testcase name="testConstructor_long4_DateTimeZone" classname="org.joda.time.TestLocalDate_Constructors" time="0"/>
  <testcase name="testConstructor_ObjectStringEx7" classname="org.joda.time.TestLocalDate_Constructors" time="0"/>
  <testcase name="testFactory_fromCalendarFields" classname="org.joda.time.TestLocalDate_Constructors" time="0"/>
  <testcase name="testFactory_fromCalendarFields_beforeYearZero1" classname="org.joda.time.TestLocalDate_Constructors" time="0.001"/>
  <testcase name="testFactory_fromCalendarFields_beforeYearZero3" classname="org.joda.time.TestLocalDate_Constructors" time="0"/>
  <testcase name="testFactory_fromCalendarFields_null" classname="org.joda.time.TestLocalDate_Constructors" time="0"/>
  <testcase name="testFactory_fromDateFields_after1970" classname="org.joda.time.TestLocalDate_Constructors" time="0.001"/>
  <testcase name="testFactory_fromDateFields_before1970" classname="org.joda.time.TestLocalDate_Constructors" time="0"/>
  <testcase name="testFactory_fromDateFields_beforeYearZero1" classname="org.joda.time.TestLocalDate_Constructors" time="0"/>
  <testcase name="testFactory_fromDateFields_beforeYearZero3" classname="org.joda.time.TestLocalDate_Constructors" time="0"/>
  <testcase name="testFactory_fromDateFields_null" classname="org.joda.time.TestLocalDate_Constructors" time="0"/>
  <testcase name="testConstructor_ObjectStringEx3" classname="org.joda.time.TestLocalDate_Constructors" time="0.002"/>
  <testcase name="testConstructor_ObjectStringEx4" classname="org.joda.time.TestLocalDate_Constructors" time="0"/>
  <testcase name="testConstructor_ObjectStringEx5" classname="org.joda.time.TestLocalDate_Constructors" time="0"/>
  <testcase name="testConstructor_ObjectYearMonthDay" classname="org.joda.time.TestLocalDate_Constructors" time="0.001"/>
  <testcase name="testConstructor_Object1" classname="org.joda.time.TestLocalDate_Constructors" time="0"/>
  <testcase name="testConstructor_ObjectStringEx6" classname="org.joda.time.TestLocalDate_Constructors" time="0"/>
  <testcase name="testConstructor_ObjectLocalDateTime" classname="org.joda.time.TestLocalDate_Constructors" time="0"/>
  <testcase name="testConstructor_ObjectLocalDate" classname="org.joda.time.TestLocalDate_Constructors" time="0"/>
  <testcase name="testConstructor_ObjectLocalTime" classname="org.joda.time.TestLocalDate_Constructors" time="0"/>
  <testcase name="testConstructor_Object_Chronology_crossChronology" classname="org.joda.time.TestLocalDate_Constructors" time="0"/>
  <testcase name="testConstructor_int_int_int" classname="org.joda.time.TestLocalDate_Constructors" time="0"/>
  <testcase name="testConstructor_int_int_int_Chronology" classname="org.joda.time.TestLocalDate_Constructors" time="0"/>
  <testcase name="testConstructor_int_int_int_nullChronology" classname="org.joda.time.TestLocalDate_Constructors" time="0"/>
  <testcase name="testToString" classname="org.joda.time.TestLocalDate_Basics" time="0.001"/>
  <testcase name="testMinusWeeks_int" classname="org.joda.time.TestLocalDate_Basics" time="0"/>
  <testcase name="testMinusDays_int" classname="org.joda.time.TestLocalDate_Basics" time="0"/>
  <testcase name="testGet_DateTimeFieldType" classname="org.joda.time.TestLocalDate_Basics" time="0"/>
  <testcase name="testEqualsHashCode" classname="org.joda.time.TestLocalDate_Basics" time="0.001"/>
  <testcase name="testCompareTo" classname="org.joda.time.TestLocalDate_Basics" time="0.001"/>
  <testcase name="testSerialization" classname="org.joda.time.TestLocalDate_Basics" time="0.002"/>
  <testcase name="testIsSupported_DateTimeFieldType" classname="org.joda.time.TestLocalDate_Basics" time="0"/>
  <testcase name="testGetters" classname="org.joda.time.TestLocalDate_Basics" time="0"/>
  <testcase name="testWithers" classname="org.joda.time.TestLocalDate_Basics" time="0"/>
  <testcase name="testToString_String" classname="org.joda.time.TestLocalDate_Basics" time="0.001"/>
  <testcase name="testToString_String_Locale" classname="org.joda.time.TestLocalDate_Basics" time="0"/>
  <testcase name="testToString_DTFormatter" classname="org.joda.time.TestLocalDate_Basics" time="0"/>
  <testcase name="testToDateMidnight" classname="org.joda.time.TestLocalDate_Basics" time="0"/>
  <testcase name="testPlus_RP" classname="org.joda.time.TestLocalDate_Basics" time="0.001"/>
  <testcase name="testPlusYears_int" classname="org.joda.time.TestLocalDate_Basics" time="0.003"/>
  <testcase name="testPlusMonths_int" classname="org.joda.time.TestLocalDate_Basics" time="0.001"/>
  <testcase name="testPlusWeeks_int" classname="org.joda.time.TestLocalDate_Basics" time="0"/>
  <testcase name="testPlusDays_int" classname="org.joda.time.TestLocalDate_Basics" time="0"/>
  <testcase name="testMinus_RP" classname="org.joda.time.TestLocalDate_Basics" time="0"/>
  <testcase name="testMinusYears_int" classname="org.joda.time.TestLocalDate_Basics" time="0"/>
  <testcase name="testMinusMonths_int" classname="org.joda.time.TestLocalDate_Basics" time="0"/>
  <testcase name="testProperty" classname="org.joda.time.TestLocalDate_Basics" time="0.001"/>
  <testcase name="testToDateTime_LocalTime_Zone_dstOverlap_NewYork" classname="org.joda.time.TestLocalDate_Basics" time="0"/>
  <testcase name="testToDateTime_wrongChronoLocalTime_Zone" classname="org.joda.time.TestLocalDate_Basics" time="0"/>
  <testcase name="testToDateMidnight_Zone" classname="org.joda.time.TestLocalDate_Basics" time="0"/>
  <testcase name="testToDateMidnight_nullZone" classname="org.joda.time.TestLocalDate_Basics" time="0"/>
  <testcase name="testToInterval_Zone" classname="org.joda.time.TestLocalDate_Basics" time="0.001"/>
  <testcase name="testToInterval_Zone_noMidnight" classname="org.joda.time.TestLocalDate_Basics" time="0"/>
  <testcase name="testToInterval_nullZone" classname="org.joda.time.TestLocalDate_Basics" time="0"/>
  <testcase name="testEqualsHashCodeAPI" classname="org.joda.time.TestLocalDate_Basics" time="0"/>
  <testcase name="testIsEqual_LocalDate" classname="org.joda.time.TestLocalDate_Basics" time="0"/>
  <testcase name="testIsBefore_LocalDate" classname="org.joda.time.TestLocalDate_Basics" time="0"/>
  <testcase name="testIsAfter_LocalDate" classname="org.joda.time.TestLocalDate_Basics" time="0"/>
  <testcase name="testWithField_DateTimeFieldType_int_4" classname="org.joda.time.TestLocalDate_Basics" time="0"/>
  <testcase name="testWithFieldAdded_DurationFieldType_int_5" classname="org.joda.time.TestLocalDate_Basics" time="0"/>
  <testcase name="testToDateTimeAtStartOfDay" classname="org.joda.time.TestLocalDate_Basics" time="0"/>
  <testcase name="testToDateTimeAtStartOfDay_avoidDST" classname="org.joda.time.TestLocalDate_Basics" time="0.001"/>
  <testcase name="testToDateTimeAtStartOfDay_Zone" classname="org.joda.time.TestLocalDate_Basics" time="0"/>
  <testcase name="testToDateTimeAtStartOfDay_Zone_avoidDST" classname="org.joda.time.TestLocalDate_Basics" time="0"/>
  <testcase name="testToDateTimeAtStartOfDay_nullZone" classname="org.joda.time.TestLocalDate_Basics" time="0"/>
  <testcase name="testToDateTimeAtMidnight" classname="org.joda.time.TestLocalDate_Basics" time="0"/>
  <testcase name="testToDateTimeAtMidnight_Zone" classname="org.joda.time.TestLocalDate_Basics" time="0"/>
  <testcase name="testToDateTimeAtMidnight_nullZone" classname="org.joda.time.TestLocalDate_Basics" time="0"/>
  <testcase name="testToDateTimeAtCurrentTime" classname="org.joda.time.TestLocalDate_Basics" time="0"/>
  <testcase name="testToDateTimeAtCurrentTime_Zone" classname="org.joda.time.TestLocalDate_Basics" time="0"/>
  <testcase name="testToDateTimeAtCurrentTime_nullZone" classname="org.joda.time.TestLocalDate_Basics" time="0.001"/>
  <testcase name="testToLocalDateTime_LocalTime" classname="org.joda.time.TestLocalDate_Basics" time="0"/>
  <testcase name="testToLocalDateTime_nullLocalTime" classname="org.joda.time.TestLocalDate_Basics" time="0.001"/>
  <testcase name="testToLocalDateTime_wrongChronologyLocalTime" classname="org.joda.time.TestLocalDate_Basics" time="0"/>
  <testcase name="testToDateTime_LocalTime" classname="org.joda.time.TestLocalDate_Basics" time="0"/>
  <testcase name="testToDateTime_nullLocalTime" classname="org.joda.time.TestLocalDate_Basics" time="0.001"/>
  <testcase name="testToDateTime_LocalTime_Zone" classname="org.joda.time.TestLocalDate_Basics" time="0"/>
  <testcase name="testToDateTime_LocalTime_nullZone" classname="org.joda.time.TestLocalDate_Basics" time="0"/>
  <testcase name="testToDateTime_nullLocalTime_Zone" classname="org.joda.time.TestLocalDate_Basics" time="0"/>
  <testcase name="testToDateTime_LocalTime_Zone_dstGap" classname="org.joda.time.TestLocalDate_Basics" time="0.001"/>
  <testcase name="testToDateTime_LocalTime_Zone_dstOverlap" classname="org.joda.time.TestLocalDate_Basics" time="0"/>
  <testcase name="testEqualsHashCodeLenient" classname="org.joda.time.TestLocalDate_Basics" time="0.002"/>
  <testcase name="testEqualsHashCodeStrict" classname="org.joda.time.TestLocalDate_Basics" time="0"/>
  <testcase name="testSize" classname="org.joda.time.TestLocalDate_Basics" time="0"/>
  <testcase name="testGetFieldType_int" classname="org.joda.time.TestLocalDate_Basics" time="0"/>
  <testcase name="testGetFieldTypes" classname="org.joda.time.TestLocalDate_Basics" time="0"/>
  <testcase name="testGetField_int" classname="org.joda.time.TestLocalDate_Basics" time="0.001"/>
  <testcase name="testGetFields" classname="org.joda.time.TestLocalDate_Basics" time="0"/>
  <testcase name="testGetValue_int" classname="org.joda.time.TestLocalDate_Basics" time="0"/>
  <testcase name="testGetValues" classname="org.joda.time.TestLocalDate_Basics" time="0"/>
  <testcase name="testIsSupported_DurationFieldType" classname="org.joda.time.TestLocalDate_Basics" time="0"/>
  <testcase name="testWithField_DateTimeFieldType_int_1" classname="org.joda.time.TestLocalDate_Basics" time="0"/>
  <testcase name="testWithField_DateTimeFieldType_int_2" classname="org.joda.time.TestLocalDate_Basics" time="0"/>
  <testcase name="testWithField_DateTimeFieldType_int_3" classname="org.joda.time.TestLocalDate_Basics" time="0"/>
  <testcase name="testWithFieldAdded_DurationFieldType_int_1" classname="org.joda.time.TestLocalDate_Basics" time="0"/>
  <testcase name="testWithFieldAdded_DurationFieldType_int_2" classname="org.joda.time.TestLocalDate_Basics" time="0"/>
  <testcase name="testWithFieldAdded_DurationFieldType_int_3" classname="org.joda.time.TestLocalDate_Basics" time="0"/>
  <testcase name="testWithFieldAdded_DurationFieldType_int_4" classname="org.joda.time.TestLocalDate_Basics" time="0"/>
  <testcase name="testToDateTime_RI" classname="org.joda.time.TestLocalDate_Basics" time="0"/>
  <testcase name="testToDateTime_nullRI" classname="org.joda.time.TestLocalDate_Basics" time="0"/>
  <testcase name="testToDate_summer" classname="org.joda.time.TestLocalDate_Basics" time="0"/>
  <testcase name="testToDate_winter" classname="org.joda.time.TestLocalDate_Basics" time="0.001"/>
  <testcase name="testToDate_springDST" classname="org.joda.time.TestLocalDate_Basics" time="0"/>
  <testcase name="testToDate_springDST_2Hour40Savings" classname="org.joda.time.TestLocalDate_Basics" time="0.007"/>
  <testcase name="testToDate_autumnDST" classname="org.joda.time.TestLocalDate_Basics" time="0"/>
  <testcase name="testToInterval" classname="org.joda.time.TestLocalDate_Basics" time="0"/>
  <testcase name="testPropertyWithMaximumValueDayOfMonth" classname="org.joda.time.TestLocalDate_Properties" time="0"/>
  <testcase name="testPropertyWithMinimumValueDayOfMonth" classname="org.joda.time.TestLocalDate_Properties" time="0.001"/>
  <testcase name="testPropertyEqualsHashCodeLenient" classname="org.joda.time.TestLocalDate_Properties" time="0"/>
  <testcase name="testPropertyEqualsHashCodeStrict" classname="org.joda.time.TestLocalDate_Properties" time="0.001"/>
  <testcase name="testPropertyGetMaxMinValuesYear" classname="org.joda.time.TestLocalDate_Properties" time="0"/>
  <testcase name="testPropertySetCopyTextYear" classname="org.joda.time.TestLocalDate_Properties" time="0"/>
  <testcase name="testPropertyGetMonth" classname="org.joda.time.TestLocalDate_Properties" time="0"/>
  <testcase name="testPropertyGetMaxMinValuesMonth" classname="org.joda.time.TestLocalDate_Properties" time="0"/>
  <testcase name="testPropertyAddToCopyMonth" classname="org.joda.time.TestLocalDate_Properties" time="0"/>
  <testcase name="testPropertyAddWrapFieldToCopyMonth" classname="org.joda.time.TestLocalDate_Properties" time="0"/>
  <testcase name="testPropertySetCopyMonth" classname="org.joda.time.TestLocalDate_Properties" time="0"/>
  <testcase name="testPropertySetCopyTextMonth" classname="org.joda.time.TestLocalDate_Properties" time="0"/>
  <testcase name="testPropertyCompareToMonth" classname="org.joda.time.TestLocalDate_Properties" time="0.001"/>
  <testcase name="testPropertyGetDay" classname="org.joda.time.TestLocalDate_Properties" time="0"/>
  <testcase name="testPropertyGetMaxMinValuesDay" classname="org.joda.time.TestLocalDate_Properties" time="0"/>
  <testcase name="testPropertyAddToCopyDay" classname="org.joda.time.TestLocalDate_Properties" time="0"/>
  <testcase name="testPropertyAddToCopyYear" classname="org.joda.time.TestLocalDate_Properties" time="0"/>
  <testcase name="testPropertyAddWrapFieldToCopyYear" classname="org.joda.time.TestLocalDate_Properties" time="0"/>
  <testcase name="testPropertySetCopyYear" classname="org.joda.time.TestLocalDate_Properties" time="0"/>
  <testcase name="testPropertyAddWrapFieldToCopyDay" classname="org.joda.time.TestLocalDate_Properties" time="0"/>
  <testcase name="testPropertySetCopyDay" classname="org.joda.time.TestLocalDate_Properties" time="0"/>
  <testcase name="testPropertySetCopyTextDay" classname="org.joda.time.TestLocalDate_Properties" time="0"/>
  <testcase name="testPropertyCompareToDay" classname="org.joda.time.TestLocalDate_Properties" time="0"/>
  <testcase name="testPropertyEquals" classname="org.joda.time.TestLocalDate_Properties" time="0"/>
  <testcase name="testPropertyHashCode" classname="org.joda.time.TestLocalDate_Properties" time="0.001"/>
  <testcase name="testPropertyGetYear" classname="org.joda.time.TestLocalDate_Properties" time="0"/>
  <testcase name="testPropertyCompareToYear" classname="org.joda.time.TestLocalDate_Properties" time="0"/>
  <testcase name="testConstructor" classname="org.joda.time.TestLocalTime_Constructors" time="0"/>
  <testcase name="testConstructor_long_nullChronology" classname="org.joda.time.TestLocalTime_Constructors" time="0"/>
  <testcase name="testConstructor_ObjectString1" classname="org.joda.time.TestLocalTime_Constructors" time="0.002"/>
  <testcase name="testConstructor_ObjectString2" classname="org.joda.time.TestLocalTime_Constructors" time="0"/>
  <testcase name="testConstructor_ObjectString3" classname="org.joda.time.TestLocalTime_Constructors" time="0"/>
  <testcase name="testConstructor_ObjectString4" classname="org.joda.time.TestLocalTime_Constructors" time="0.001"/>
  <testcase name="testConstructor_ObjectStringEx1" classname="org.joda.time.TestLocalTime_Constructors" time="0"/>
  <testcase name="testConstructor_ObjectStringEx2" classname="org.joda.time.TestLocalTime_Constructors" time="0.002"/>
  <testcase name="testConstructor_nullObject_DateTimeZone" classname="org.joda.time.TestLocalTime_Constructors" time="0"/>
  <testcase name="testConstructor_Object_nullDateTimeZone" classname="org.joda.time.TestLocalTime_Constructors" time="0"/>
  <testcase name="testConstructor_nullObject_nullDateTimeZone" classname="org.joda.time.TestLocalTime_Constructors" time="0"/>
  <testcase name="testConstructor_nullObject_Chronology" classname="org.joda.time.TestLocalTime_Constructors" time="0"/>
  <testcase name="testConstructor_Object_nullChronology" classname="org.joda.time.TestLocalTime_Constructors" time="0"/>
  <testcase name="testConstructor_nullObject_nullChronology" classname="org.joda.time.TestLocalTime_Constructors" time="0"/>
  <testcase name="testConstructor_DateTimeZone" classname="org.joda.time.TestLocalTime_Constructors" time="0"/>
  <testcase name="testConstructor_nullDateTimeZone" classname="org.joda.time.TestLocalTime_Constructors" time="0"/>
  <testcase name="testConstructor_Chronology" classname="org.joda.time.TestLocalTime_Constructors" time="0"/>
  <testcase name="testConstructor_nullChronology" classname="org.joda.time.TestLocalTime_Constructors" time="0"/>
  <testcase name="testConstructor_long_nullDateTimeZone" classname="org.joda.time.TestLocalTime_Constructors" time="0"/>
  <testcase name="testConstructor_long1_Chronology" classname="org.joda.time.TestLocalTime_Constructors" time="0"/>
  <testcase name="testConstructor_long2_Chronology" classname="org.joda.time.TestLocalTime_Constructors" time="0"/>
  <testcase name="testParse_noFormatter" classname="org.joda.time.TestLocalTime_Constructors" time="0"/>
  <testcase name="testParse_formatter" classname="org.joda.time.TestLocalTime_Constructors" time="0"/>
  <testcase name="testConstructor_long1" classname="org.joda.time.TestLocalTime_Constructors" time="0"/>
  <testcase name="testConstructor_long2" classname="org.joda.time.TestLocalTime_Constructors" time="0"/>
  <testcase name="testConstructor_nullObject" classname="org.joda.time.TestLocalTime_Constructors" time="0"/>
  <testcase name="testConstructor_ObjectStringEx3" classname="org.joda.time.TestLocalTime_Constructors" time="0"/>
  <testcase name="testConstructor_ObjectStringEx4" classname="org.joda.time.TestLocalTime_Constructors" time="0"/>
  <testcase name="testConstructor_ObjectStringEx5" classname="org.joda.time.TestLocalTime_Constructors" time="0.001"/>
  <testcase name="testConstantMidnight" classname="org.joda.time.TestLocalTime_Constructors" time="0"/>
  <testcase name="testFactory_FromCalendarFields_Calendar" classname="org.joda.time.TestLocalTime_Constructors" time="0"/>
  <testcase name="testFactory_FromDateFields_after1970" classname="org.joda.time.TestLocalTime_Constructors" time="0"/>
  <testcase name="testFactory_FromDateFields_before1970" classname="org.joda.time.TestLocalTime_Constructors" time="0.001"/>
  <testcase name="testFactory_FromDateFields_null" classname="org.joda.time.TestLocalTime_Constructors" time="0"/>
  <testcase name="testFactoryMillisOfDay_long" classname="org.joda.time.TestLocalTime_Constructors" time="0"/>
  <testcase name="testFactoryMillisOfDay_long_Chronology" classname="org.joda.time.TestLocalTime_Constructors" time="0"/>
  <testcase name="testFactoryMillisOfDay_long_nullChronology" classname="org.joda.time.TestLocalTime_Constructors" time="0"/>
  <testcase name="testConstructor_long_DateTimeZone" classname="org.joda.time.TestLocalTime_Constructors" time="0"/>
  <testcase name="testConstructor_long_DateTimeZone_2" classname="org.joda.time.TestLocalTime_Constructors" time="0"/>
  <testcase name="testConstructor_ObjectString1Tokyo" classname="org.joda.time.TestLocalTime_Constructors" time="0.001"/>
  <testcase name="testConstructor_ObjectString1NewYork" classname="org.joda.time.TestLocalTime_Constructors" time="0"/>
  <testcase name="testConstructor_ObjectTimeOfDay" classname="org.joda.time.TestLocalTime_Constructors" time="0"/>
  <testcase name="testConstructor_Object1_DateTimeZone" classname="org.joda.time.TestLocalTime_Constructors" time="0"/>
  <testcase name="testConstructor_ObjectString_DateTimeZoneLondon" classname="org.joda.time.TestLocalTime_Constructors" time="0.001"/>
  <testcase name="testConstructor_ObjectString_DateTimeZoneTokyo" classname="org.joda.time.TestLocalTime_Constructors" time="0"/>
  <testcase name="testConstructor_ObjectString_DateTimeZoneNewYork" classname="org.joda.time.TestLocalTime_Constructors" time="0"/>
  <testcase name="testConstructor_Object1_Chronology" classname="org.joda.time.TestLocalTime_Constructors" time="0"/>
  <testcase name="testConstructor_Object2_Chronology" classname="org.joda.time.TestLocalTime_Constructors" time="0"/>
  <testcase name="testConstructor_int_int" classname="org.joda.time.TestLocalTime_Constructors" time="0.001"/>
  <testcase name="testConstructor_int_int_int_int" classname="org.joda.time.TestLocalTime_Constructors" time="0"/>
  <testcase name="testConstructor_int_int_int_int_Chronology" classname="org.joda.time.TestLocalTime_Constructors" time="0"/>
  <testcase name="testConstructor_int_int_int_int_nullChronology" classname="org.joda.time.TestLocalTime_Constructors" time="0"/>
  <testcase name="testConstructor_Object1" classname="org.joda.time.TestLocalTime_Constructors" time="0"/>
  <testcase name="testConstructor_Object2" classname="org.joda.time.TestLocalTime_Constructors" time="0.001"/>
  <testcase name="testConstructor_ObjectStringEx6" classname="org.joda.time.TestLocalTime_Constructors" time="0"/>
  <testcase name="testConstructor_ObjectLocalDateTime" classname="org.joda.time.TestLocalTime_Constructors" time="0"/>
  <testcase name="testConstructor_ObjectLocalDate" classname="org.joda.time.TestLocalTime_Constructors" time="0"/>
  <testcase name="testConstructor_ObjectLocalTime" classname="org.joda.time.TestLocalTime_Constructors" time="0"/>
  <testcase name="testConstructor_int_int_int" classname="org.joda.time.TestLocalTime_Constructors" time="0.001"/>
  <testcase name="testToString" classname="org.joda.time.TestLocalTime_Basics" time="0"/>
  <testcase name="testMinusHours_int" classname="org.joda.time.TestLocalTime_Basics" time="0"/>
  <testcase name="testMinusMinutes_int" classname="org.joda.time.TestLocalTime_Basics" time="0"/>
  <testcase name="testMinusSeconds_int" classname="org.joda.time.TestLocalTime_Basics" time="0"/>
  <testcase name="testMinusMillis_int" classname="org.joda.time.TestLocalTime_Basics" time="0"/>
  <testcase name="testGet_DateTimeFieldType" classname="org.joda.time.TestLocalTime_Basics" time="0"/>
  <testcase name="testEqualsHashCode" classname="org.joda.time.TestLocalTime_Basics" time="0.002"/>
  <testcase name="testCompareTo" classname="org.joda.time.TestLocalTime_Basics" time="0.003"/>
  <testcase name="testSerialization" classname="org.joda.time.TestLocalTime_Basics" time="0.003"/>
  <testcase name="testIsSupported_DateTimeFieldType" classname="org.joda.time.TestLocalTime_Basics" time="0"/>
  <testcase name="testGetters" classname="org.joda.time.TestLocalTime_Basics" time="0"/>
  <testcase name="testWithers" classname="org.joda.time.TestLocalTime_Basics" time="0"/>
  <testcase name="testToString_String" classname="org.joda.time.TestLocalTime_Basics" time="0.001"/>
  <testcase name="testToString_String_Locale" classname="org.joda.time.TestLocalTime_Basics" time="0"/>
  <testcase name="testToString_DTFormatter" classname="org.joda.time.TestLocalTime_Basics" time="0"/>
  <testcase name="testPlus_RP" classname="org.joda.time.TestLocalTime_Basics" time="0"/>
  <testcase name="testPlusHours_int" classname="org.joda.time.TestLocalTime_Basics" time="0"/>
  <testcase name="testPlusMinutes_int" classname="org.joda.time.TestLocalTime_Basics" time="0.001"/>
  <testcase name="testPlusSeconds_int" classname="org.joda.time.TestLocalTime_Basics" time="0"/>
  <testcase name="testPlusMillis_int" classname="org.joda.time.TestLocalTime_Basics" time="0"/>
  <testcase name="testMinus_RP" classname="org.joda.time.TestLocalTime_Basics" time="0.001"/>
  <testcase name="testProperty" classname="org.joda.time.TestLocalTime_Basics" time="0.002"/>
  <testcase name="testIsBefore_LocalTime" classname="org.joda.time.TestLocalTime_Basics" time="0.001"/>
  <testcase name="testIsAfter_LocalTime" classname="org.joda.time.TestLocalTime_Basics" time="0"/>
  <testcase name="testWithFieldAdded_DurationFieldType_int_6" classname="org.joda.time.TestLocalTime_Basics" time="0"/>
  <testcase name="testWithFieldAdded_DurationFieldType_int_7" classname="org.joda.time.TestLocalTime_Basics" time="0"/>
  <testcase name="testIsEqual_LocalTime" classname="org.joda.time.TestLocalTime_Basics" time="0.002"/>
  <testcase name="testWithFieldAdded_DurationFieldType_int_8" classname="org.joda.time.TestLocalTime_Basics" time="0"/>
  <testcase name="testToDateTimeTodayDefaultZone" classname="org.joda.time.TestLocalTime_Basics" time="0.001"/>
  <testcase name="testToDateTimeToday_Zone" classname="org.joda.time.TestLocalTime_Basics" time="0.001"/>
  <testcase name="testToDateTimeToday_nullZone" classname="org.joda.time.TestLocalTime_Basics" time="0"/>
  <testcase name="testWithField_DateTimeFieldType_int_4" classname="org.joda.time.TestLocalTime_Basics" time="0"/>
  <testcase name="testWithFieldAdded_DurationFieldType_int_5" classname="org.joda.time.TestLocalTime_Basics" time="0"/>
  <testcase name="testSize" classname="org.joda.time.TestLocalTime_Basics" time="0"/>
  <testcase name="testGetFieldType_int" classname="org.joda.time.TestLocalTime_Basics" time="0.001"/>
  <testcase name="testGetFieldTypes" classname="org.joda.time.TestLocalTime_Basics" time="0"/>
  <testcase name="testGetField_int" classname="org.joda.time.TestLocalTime_Basics" time="0"/>
  <testcase name="testGetFields" classname="org.joda.time.TestLocalTime_Basics" time="0"/>
  <testcase name="testGetValue_int" classname="org.joda.time.TestLocalTime_Basics" time="0"/>
  <testcase name="testGetValues" classname="org.joda.time.TestLocalTime_Basics" time="0"/>
  <testcase name="testIsSupported_DurationFieldType" classname="org.joda.time.TestLocalTime_Basics" time="0"/>
  <testcase name="testWithField_DateTimeFieldType_int_1" classname="org.joda.time.TestLocalTime_Basics" time="0"/>
  <testcase name="testWithField_DateTimeFieldType_int_2" classname="org.joda.time.TestLocalTime_Basics" time="0"/>
  <testcase name="testWithField_DateTimeFieldType_int_3" classname="org.joda.time.TestLocalTime_Basics" time="0"/>
  <testcase name="testWithFieldAdded_DurationFieldType_int_1" classname="org.joda.time.TestLocalTime_Basics" time="0"/>
  <testcase name="testWithFieldAdded_DurationFieldType_int_2" classname="org.joda.time.TestLocalTime_Basics" time="0"/>
  <testcase name="testWithFieldAdded_DurationFieldType_int_3" classname="org.joda.time.TestLocalTime_Basics" time="0"/>
  <testcase name="testWithFieldAdded_DurationFieldType_int_4" classname="org.joda.time.TestLocalTime_Basics" time="0"/>
  <testcase name="testToDateTime_RI" classname="org.joda.time.TestLocalTime_Basics" time="0.001"/>
  <testcase name="testToDateTime_nullRI" classname="org.joda.time.TestLocalTime_Basics" time="0"/>
  <testcase name="testPropertyPlusNoWrapMinute" classname="org.joda.time.TestLocalTime_Properties" time="0"/>
  <testcase name="testPropertyPlusWrapFieldMinute" classname="org.joda.time.TestLocalTime_Properties" time="0"/>
  <testcase name="testPropertyPlusSecond" classname="org.joda.time.TestLocalTime_Properties" time="0"/>
  <testcase name="testPropertyPlusNoWrapSecond" classname="org.joda.time.TestLocalTime_Properties" time="0"/>
  <testcase name="testPropertyPlusWrapFieldSecond" classname="org.joda.time.TestLocalTime_Properties" time="0"/>
  <testcase name="testPropertyPlusMilli" classname="org.joda.time.TestLocalTime_Properties" time="0"/>
  <testcase name="testPropertyPlusNoWrapMilli" classname="org.joda.time.TestLocalTime_Properties" time="0"/>
  <testcase name="testPropertyPlusWrapFieldMilli" classname="org.joda.time.TestLocalTime_Properties" time="0.001"/>
  <testcase name="testPropertyPlusMinute" classname="org.joda.time.TestLocalTime_Properties" time="0"/>
  <testcase name="testPropertyPlusHour" classname="org.joda.time.TestLocalTime_Properties" time="0"/>
  <testcase name="testPropertyPlusNoWrapHour" classname="org.joda.time.TestLocalTime_Properties" time="0"/>
  <testcase name="testPropertyPlusWrapFieldHour" classname="org.joda.time.TestLocalTime_Properties" time="0"/>
  <testcase name="testPropertyGetMaxMinValuesSecond" classname="org.joda.time.TestLocalTime_Properties" time="0"/>
  <testcase name="testPropertyWithMaxMinValueSecond" classname="org.joda.time.TestLocalTime_Properties" time="0"/>
  <testcase name="testPropertySetSecond" classname="org.joda.time.TestLocalTime_Properties" time="0.001"/>
  <testcase name="testPropertySetTextSecond" classname="org.joda.time.TestLocalTime_Properties" time="0"/>
  <testcase name="testPropertyCompareToSecond" classname="org.joda.time.TestLocalTime_Properties" time="0"/>
  <testcase name="testPropertyGetMilli" classname="org.joda.time.TestLocalTime_Properties" time="0"/>
  <testcase name="testPropertyGetMaxMinValuesMilli" classname="org.joda.time.TestLocalTime_Properties" time="0"/>
  <testcase name="testPropertyWithMaxMinValueMilli" classname="org.joda.time.TestLocalTime_Properties" time="0"/>
  <testcase name="testPropertySetMilli" classname="org.joda.time.TestLocalTime_Properties" time="0"/>
  <testcase name="testPropertySetTextMilli" classname="org.joda.time.TestLocalTime_Properties" time="0"/>
  <testcase name="testPropertyCompareToMilli" classname="org.joda.time.TestLocalTime_Properties" time="0"/>
  <testcase name="testPropertyGetHour" classname="org.joda.time.TestLocalTime_Properties" time="0"/>
  <testcase name="testPropertyRoundHour" classname="org.joda.time.TestLocalTime_Properties" time="0.001"/>
  <testcase name="testPropertyGetMaxMinValuesHour" classname="org.joda.time.TestLocalTime_Properties" time="0"/>
  <testcase name="testPropertyWithMaxMinValueHour" classname="org.joda.time.TestLocalTime_Properties" time="0"/>
  <testcase name="testPropertySetHour" classname="org.joda.time.TestLocalTime_Properties" time="0"/>
  <testcase name="testPropertySetTextHour" classname="org.joda.time.TestLocalTime_Properties" time="0"/>
  <testcase name="testPropertyWithMaximumValueHour" classname="org.joda.time.TestLocalTime_Properties" time="0"/>
  <testcase name="testPropertyWithMinimumValueHour" classname="org.joda.time.TestLocalTime_Properties" time="0"/>
  <testcase name="testPropertyCompareToHour" classname="org.joda.time.TestLocalTime_Properties" time="0"/>
  <testcase name="testPropertyGetMinute" classname="org.joda.time.TestLocalTime_Properties" time="0"/>
  <testcase name="testPropertyGetMaxMinValuesMinute" classname="org.joda.time.TestLocalTime_Properties" time="0"/>
  <testcase name="testPropertyWithMaxMinValueMinute" classname="org.joda.time.TestLocalTime_Properties" time="0"/>
  <testcase name="testPropertySetMinute" classname="org.joda.time.TestLocalTime_Properties" time="0"/>
  <testcase name="testPropertySetTextMinute" classname="org.joda.time.TestLocalTime_Properties" time="0"/>
  <testcase name="testPropertyCompareToMinute" classname="org.joda.time.TestLocalTime_Properties" time="0"/>
  <testcase name="testPropertyGetSecond" classname="org.joda.time.TestLocalTime_Properties" time="0"/>
  <testcase name="testConstructor" classname="org.joda.time.TestMutableInterval_Constructors" time="0"/>
  <testcase name="testTest" classname="org.joda.time.TestMutableInterval_Constructors" time="0"/>
  <testcase name="testParse_noFormatter" classname="org.joda.time.TestMutableInterval_Constructors" time="0.001"/>
  <testcase name="testConstructor_RI_RP2" classname="org.joda.time.TestMutableInterval_Constructors" time="0.001"/>
  <testcase name="testConstructor_RI_RP3" classname="org.joda.time.TestMutableInterval_Constructors" time="0"/>
  <testcase name="testConstructor_RI_RP4" classname="org.joda.time.TestMutableInterval_Constructors" time="0.001"/>
  <testcase name="testConstructor_RI_RP5" classname="org.joda.time.TestMutableInterval_Constructors" time="0"/>
  <testcase name="testConstructor_RI_RP6" classname="org.joda.time.TestMutableInterval_Constructors" time="0"/>
  <testcase name="testConstructor_RI_RP7" classname="org.joda.time.TestMutableInterval_Constructors" time="0"/>
  <testcase name="testConstructor_RI_RP8" classname="org.joda.time.TestMutableInterval_Constructors" time="0"/>
  <testcase name="testConstructor_RP_RI1" classname="org.joda.time.TestMutableInterval_Constructors" time="0.001"/>
  <testcase name="testConstructor_RP_RI2" classname="org.joda.time.TestMutableInterval_Constructors" time="0"/>
  <testcase name="testConstructor_RP_RI3" classname="org.joda.time.TestMutableInterval_Constructors" time="0"/>
  <testcase name="testConstructor_RP_RI4" classname="org.joda.time.TestMutableInterval_Constructors" time="0"/>
  <testcase name="testConstructor_RP_RI5" classname="org.joda.time.TestMutableInterval_Constructors" time="0"/>
  <testcase name="testConstructor_RP_RI6" classname="org.joda.time.TestMutableInterval_Constructors" time="0"/>
  <testcase name="testConstructor_RP_RI7" classname="org.joda.time.TestMutableInterval_Constructors" time="0"/>
  <testcase name="testConstructor_RP_RI8" classname="org.joda.time.TestMutableInterval_Constructors" time="0.001"/>
  <testcase name="testConstructor_RI_RD1" classname="org.joda.time.TestMutableInterval_Constructors" time="0"/>
  <testcase name="testConstructor_RI_RD2" classname="org.joda.time.TestMutableInterval_Constructors" time="0"/>
  <testcase name="testConstructor_RI_RD3" classname="org.joda.time.TestMutableInterval_Constructors" time="0"/>
  <testcase name="testConstructor_RI_RD4" classname="org.joda.time.TestMutableInterval_Constructors" time="0"/>
  <testcase name="testConstructor_RI_RD5" classname="org.joda.time.TestMutableInterval_Constructors" time="0"/>
  <testcase name="testConstructor_RD_RI1" classname="org.joda.time.TestMutableInterval_Constructors" time="0"/>
  <testcase name="testConstructor_RD_RI2" classname="org.joda.time.TestMutableInterval_Constructors" time="0"/>
  <testcase name="testConstructor_RD_RI3" classname="org.joda.time.TestMutableInterval_Constructors" time="0.001"/>
  <testcase name="testConstructor_RD_RI4" classname="org.joda.time.TestMutableInterval_Constructors" time="0"/>
  <testcase name="testConstructor_RD_RI5" classname="org.joda.time.TestMutableInterval_Constructors" time="0"/>
  <testcase name="testConstructor_Object6" classname="org.joda.time.TestMutableInterval_Constructors" time="0.001"/>
  <testcase name="testConstructor_Object_Chronology1" classname="org.joda.time.TestMutableInterval_Constructors" time="0"/>
  <testcase name="testConstructor_Object_Chronology2" classname="org.joda.time.TestMutableInterval_Constructors" time="0"/>
  <testcase name="testConstructor_long_long2" classname="org.joda.time.TestMutableInterval_Constructors" time="0"/>
  <testcase name="testConstructor_long_long3" classname="org.joda.time.TestMutableInterval_Constructors" time="0"/>
  <testcase name="testConstructor_RI_RI5" classname="org.joda.time.TestMutableInterval_Constructors" time="0"/>
  <testcase name="testConstructor_RI_RI6" classname="org.joda.time.TestMutableInterval_Constructors" time="0"/>
  <testcase name="testConstructor_RI_RI7" classname="org.joda.time.TestMutableInterval_Constructors" time="0"/>
  <testcase name="testConstructor_RI_RP1" classname="org.joda.time.TestMutableInterval_Constructors" time="0"/>
  <testcase name="testConstructor_long_long_Chronology2" classname="org.joda.time.TestMutableInterval_Constructors" time="0"/>
  <testcase name="testConstructor_RI_RI8" classname="org.joda.time.TestMutableInterval_Constructors" time="0"/>
  <testcase name="testConstructor_RI_RI9" classname="org.joda.time.TestMutableInterval_Constructors" time="0"/>
  <testcase name="testConstructor_long_long_Chronology1" classname="org.joda.time.TestMutableInterval_Constructors" time="0.005"/>
  <testcase name="testConstructor_long_long1" classname="org.joda.time.TestMutableInterval_Constructors" time="0"/>
  <testcase name="testConstructor_RI_RI1" classname="org.joda.time.TestMutableInterval_Constructors" time="0"/>
  <testcase name="testConstructor_RI_RI2" classname="org.joda.time.TestMutableInterval_Constructors" time="0"/>
  <testcase name="testConstructor_RI_RI3" classname="org.joda.time.TestMutableInterval_Constructors" time="0"/>
  <testcase name="testConstructor_RI_RI4" classname="org.joda.time.TestMutableInterval_Constructors" time="0"/>
  <testcase name="testConstructor_Object1" classname="org.joda.time.TestMutableInterval_Constructors" time="0"/>
  <testcase name="testConstructor_Object2" classname="org.joda.time.TestMutableInterval_Constructors" time="0"/>
  <testcase name="testConstructor_Object3" classname="org.joda.time.TestMutableInterval_Constructors" time="0"/>
  <testcase name="testConstructor_Object4" classname="org.joda.time.TestMutableInterval_Constructors" time="0"/>
  <testcase name="testConstructor_Object5" classname="org.joda.time.TestMutableInterval_Constructors" time="0"/>
  <testcase name="testTest" classname="org.joda.time.TestMutableInterval_Basics" time="0.001"/>
  <testcase name="testToString" classname="org.joda.time.TestMutableInterval_Basics" time="0"/>
  <testcase name="testEqualsHashCode" classname="org.joda.time.TestMutableInterval_Basics" time="0.003"/>
  <testcase name="testIsBefore_long" classname="org.joda.time.TestMutableInterval_Basics" time="0"/>
  <testcase name="testIsBeforeNow" classname="org.joda.time.TestMutableInterval_Basics" time="0"/>
  <testcase name="testIsBefore_RI" classname="org.joda.time.TestMutableInterval_Basics" time="0"/>
  <testcase name="testIsAfter_long" classname="org.joda.time.TestMutableInterval_Basics" time="0"/>
  <testcase name="testIsAfterNow" classname="org.joda.time.TestMutableInterval_Basics" time="0"/>
  <testcase name="testIsAfter_RI" classname="org.joda.time.TestMutableInterval_Basics" time="0"/>
  <testcase name="testSerialization" classname="org.joda.time.TestMutableInterval_Basics" time="0.004"/>
  <testcase name="testGetDuration1" classname="org.joda.time.TestMutableInterval_Basics" time="0"/>
  <testcase name="testGetDuration2" classname="org.joda.time.TestMutableInterval_Basics" time="0"/>
  <testcase name="testOverlaps_RInterval" classname="org.joda.time.TestMutableInterval_Basics" time="0"/>
  <testcase name="testIsBefore_RInterval" classname="org.joda.time.TestMutableInterval_Basics" time="0"/>
  <testcase name="testIsAfter_RInterval" classname="org.joda.time.TestMutableInterval_Basics" time="0"/>
  <testcase name="testToInterval1" classname="org.joda.time.TestMutableInterval_Basics" time="0"/>
  <testcase name="testToMutableInterval1" classname="org.joda.time.TestMutableInterval_Basics" time="0"/>
  <testcase name="testToPeriod_PeriodType1" classname="org.joda.time.TestMutableInterval_Basics" time="0.001"/>
  <testcase name="testToPeriod_PeriodType2" classname="org.joda.time.TestMutableInterval_Basics" time="0.001"/>
  <testcase name="testContains_long" classname="org.joda.time.TestMutableInterval_Basics" time="0"/>
  <testcase name="testContainsNow" classname="org.joda.time.TestMutableInterval_Basics" time="0"/>
  <testcase name="testContains_RI" classname="org.joda.time.TestMutableInterval_Basics" time="0"/>
  <testcase name="testContains_RInterval" classname="org.joda.time.TestMutableInterval_Basics" time="0"/>
  <testcase name="testGetMillis" classname="org.joda.time.TestMutableInterval_Basics" time="0"/>
  <testcase name="testToPeriod" classname="org.joda.time.TestMutableInterval_Basics" time="0.001"/>
  <testcase name="testClone" classname="org.joda.time.TestMutableInterval_Basics" time="0"/>
  <testcase name="testCopy" classname="org.joda.time.TestMutableInterval_Basics" time="0"/>
  <testcase name="testTest" classname="org.joda.time.TestMutableInterval_Updates" time="0"/>
  <testcase name="testSetInterval_RI_RI1" classname="org.joda.time.TestMutableInterval_Updates" time="0"/>
  <testcase name="testSetInterval_RI_RI2" classname="org.joda.time.TestMutableInterval_Updates" time="0"/>
  <testcase name="testSetInterval_RI_RI3" classname="org.joda.time.TestMutableInterval_Updates" time="0"/>
  <testcase name="testSetInterval_RI_RI4" classname="org.joda.time.TestMutableInterval_Updates" time="0"/>
  <testcase name="testSetInterval_RI_RI5" classname="org.joda.time.TestMutableInterval_Updates" time="0"/>
  <testcase name="testSetInterval_long_long1" classname="org.joda.time.TestMutableInterval_Updates" time="0"/>
  <testcase name="testSetInterval_long_long2" classname="org.joda.time.TestMutableInterval_Updates" time="0"/>
  <testcase name="testSetInterval_RInterval1" classname="org.joda.time.TestMutableInterval_Updates" time="0"/>
  <testcase name="testSetInterval_RInterval2" classname="org.joda.time.TestMutableInterval_Updates" time="0.001"/>
  <testcase name="testSetInterval_RInterval3" classname="org.joda.time.TestMutableInterval_Updates" time="0"/>
  <testcase name="testSetStartMillis_long1" classname="org.joda.time.TestMutableInterval_Updates" time="0"/>
  <testcase name="testSetStartMillis_long2" classname="org.joda.time.TestMutableInterval_Updates" time="0"/>
  <testcase name="testSetStart_RI1" classname="org.joda.time.TestMutableInterval_Updates" time="0"/>
  <testcase name="testSetStart_RI2" classname="org.joda.time.TestMutableInterval_Updates" time="0"/>
  <testcase name="testSetStart_RI3" classname="org.joda.time.TestMutableInterval_Updates" time="0"/>
  <testcase name="testSetEndMillis_long1" classname="org.joda.time.TestMutableInterval_Updates" time="0"/>
  <testcase name="testSetEndMillis_long2" classname="org.joda.time.TestMutableInterval_Updates" time="0"/>
  <testcase name="testSetEnd_RI1" classname="org.joda.time.TestMutableInterval_Updates" time="0"/>
  <testcase name="testSetEnd_RI2" classname="org.joda.time.TestMutableInterval_Updates" time="0"/>
  <testcase name="testSetEnd_RI3" classname="org.joda.time.TestMutableInterval_Updates" time="0"/>
  <testcase name="testSetDurationAfterStart_long1" classname="org.joda.time.TestMutableInterval_Updates" time="0"/>
  <testcase name="testSeDurationAfterStart_long2" classname="org.joda.time.TestMutableInterval_Updates" time="0"/>
  <testcase name="testSetDurationAfterStart_RI1" classname="org.joda.time.TestMutableInterval_Updates" time="0"/>
  <testcase name="testSeDurationAfterStart_RI2" classname="org.joda.time.TestMutableInterval_Updates" time="0"/>
  <testcase name="testSetDurationAfterStart_RI3" classname="org.joda.time.TestMutableInterval_Updates" time="0"/>
  <testcase name="testSetDurationBeforeEnd_long1" classname="org.joda.time.TestMutableInterval_Updates" time="0"/>
  <testcase name="testSeDurationBeforeEnd_long2" classname="org.joda.time.TestMutableInterval_Updates" time="0"/>
  <testcase name="testSetDurationBeforeEnd_RI1" classname="org.joda.time.TestMutableInterval_Updates" time="0"/>
  <testcase name="testSeDurationBeforeEnd_RI2" classname="org.joda.time.TestMutableInterval_Updates" time="0"/>
  <testcase name="testSetDurationBeforeEnd_RI3" classname="org.joda.time.TestMutableInterval_Updates" time="0.001"/>
  <testcase name="testSetPeriodAfterStart_RI1" classname="org.joda.time.TestMutableInterval_Updates" time="0"/>
  <testcase name="testSePeriodAfterStart_RI2" classname="org.joda.time.TestMutableInterval_Updates" time="0"/>
  <testcase name="testSetPeriodAfterStart_RI3" classname="org.joda.time.TestMutableInterval_Updates" time="0"/>
  <testcase name="testSetPeriodBeforeEnd_RI1" classname="org.joda.time.TestMutableInterval_Updates" time="0"/>
  <testcase name="testSePeriodBeforeEnd_RI2" classname="org.joda.time.TestMutableInterval_Updates" time="0"/>
  <testcase name="testSetPeriodBeforeEnd_RI3" classname="org.joda.time.TestMutableInterval_Updates" time="0"/>
  <testcase name="testParse_noFormatter" classname="org.joda.time.TestPeriod_Constructors" time="0"/>
  <testcase name="testConstructor_long1" classname="org.joda.time.TestPeriod_Constructors" time="0"/>
  <testcase name="testConstructor_long2" classname="org.joda.time.TestPeriod_Constructors" time="0"/>
  <testcase name="testConstructor_RP_RP_PeriodType8" classname="org.joda.time.TestPeriod_Constructors" time="0.001"/>
  <testcase name="testConstructor_RI_RD_PeriodType1" classname="org.joda.time.TestPeriod_Constructors" time="0"/>
  <testcase name="testConstructor_RI_RD_PeriodType2" classname="org.joda.time.TestPeriod_Constructors" time="0"/>
  <testcase name="testConstructor_RD_RI_PeriodType1" classname="org.joda.time.TestPeriod_Constructors" time="0"/>
  <testcase name="testConstructor_RD_RI_PeriodType2" classname="org.joda.time.TestPeriod_Constructors" time="0"/>
  <testcase name="testConstructor_Object_PeriodType1" classname="org.joda.time.TestPeriod_Constructors" time="0"/>
  <testcase name="testConstructor_Object_PeriodType2" classname="org.joda.time.TestPeriod_Constructors" time="0.001"/>
  <testcase name="testConstructor_Object_PeriodType3" classname="org.joda.time.TestPeriod_Constructors" time="0"/>
  <testcase name="testConstructor_Object_PeriodType4" classname="org.joda.time.TestPeriod_Constructors" time="0"/>
  <testcase name="testFactoryYears" classname="org.joda.time.TestPeriod_Constructors" time="0"/>
  <testcase name="testFactoryWeeks" classname="org.joda.time.TestPeriod_Constructors" time="0"/>
  <testcase name="testFactoryDays" classname="org.joda.time.TestPeriod_Constructors" time="0"/>
  <testcase name="testFactoryHours" classname="org.joda.time.TestPeriod_Constructors" time="0"/>
  <testcase name="testFactoryMinutes" classname="org.joda.time.TestPeriod_Constructors" time="0"/>
  <testcase name="testFactorySeconds" classname="org.joda.time.TestPeriod_Constructors" time="0.001"/>
  <testcase name="testFactoryMillis" classname="org.joda.time.TestPeriod_Constructors" time="0"/>
  <testcase name="testConstructor_trickyDifferences_RI_RI_toFeb_standardYear" classname="org.joda.time.TestPeriod_Constructors" time="0"/>
  <testcase name="testConstructor_trickyDifferences_RI_RI_toFeb_leapYear" classname="org.joda.time.TestPeriod_Constructors" time="0"/>
  <testcase name="testConstructor_trickyDifferences_RI_RI_toFeb_exactMonths" classname="org.joda.time.TestPeriod_Constructors" time="0"/>
  <testcase name="testConstructor_trickyDifferences_RI_RI_toFeb_endOfMonth1" classname="org.joda.time.TestPeriod_Constructors" time="0"/>
  <testcase name="testConstructor_trickyDifferences_RI_RI_toFeb_endOfMonth2" classname="org.joda.time.TestPeriod_Constructors" time="0"/>
  <testcase name="testConstructor_trickyDifferences_RI_RI_toFeb_endOfMonth3" classname="org.joda.time.TestPeriod_Constructors" time="0.001"/>
  <testcase name="testConstructor_trickyDifferences_RI_RI_toMar_endOfMonth1" classname="org.joda.time.TestPeriod_Constructors" time="0.002"/>
  <testcase name="testConstructor_trickyDifferences_RI_RI_toMar_endOfMonth2" classname="org.joda.time.TestPeriod_Constructors" time="0"/>
  <testcase name="testConstructor_trickyDifferences_LD_LD_toFeb_standardYear" classname="org.joda.time.TestPeriod_Constructors" time="0.001"/>
  <testcase name="testConstructor_trickyDifferences_LD_LD_toFeb_leapYear" classname="org.joda.time.TestPeriod_Constructors" time="0"/>
  <testcase name="testConstructor_trickyDifferences_LD_LD_toFeb_exactMonths" classname="org.joda.time.TestPeriod_Constructors" time="0.001"/>
  <testcase name="testConstructor_trickyDifferences_LD_LD_toFeb_endOfMonth1" classname="org.joda.time.TestPeriod_Constructors" time="0"/>
  <testcase name="testConstructor_trickyDifferences_LD_LD_toFeb_endOfMonth2" classname="org.joda.time.TestPeriod_Constructors" time="0"/>
  <testcase name="testConstructor_trickyDifferences_LD_LD_toFeb_endOfMonth3" classname="org.joda.time.TestPeriod_Constructors" time="0"/>
  <testcase name="testConstructor_trickyDifferences_LD_LD_toMar_endOfMonth1" classname="org.joda.time.TestPeriod_Constructors" time="0.001"/>
  <testcase name="testConstructor_trickyDifferences_LD_LD_toMar_endOfMonth2" classname="org.joda.time.TestPeriod_Constructors" time="0"/>
  <testcase name="testFactoryFieldDifference1" classname="org.joda.time.TestPeriod_Constructors" time="0"/>
  <testcase name="testFactoryFieldDifference2" classname="org.joda.time.TestPeriod_Constructors" time="0"/>
  <testcase name="testFactoryFieldDifference3" classname="org.joda.time.TestPeriod_Constructors" time="0"/>
  <testcase name="testFactoryFieldDifference4" classname="org.joda.time.TestPeriod_Constructors" time="0"/>
  <testcase name="testFactoryFieldDifference5" classname="org.joda.time.TestPeriod_Constructors" time="0.001"/>
  <testcase name="testConstructor_RI_RD1" classname="org.joda.time.TestPeriod_Constructors" time="0"/>
  <testcase name="testConstructor_RI_RD2" classname="org.joda.time.TestPeriod_Constructors" time="0"/>
  <testcase name="testConstructor_RD_RI1" classname="org.joda.time.TestPeriod_Constructors" time="0.001"/>
  <testcase name="testConstructor_RD_RI2" classname="org.joda.time.TestPeriod_Constructors" time="0"/>
  <testcase name="testConstructor_long_long2" classname="org.joda.time.TestPeriod_Constructors" time="0"/>
  <testcase name="testConstructor_RI_RI5" classname="org.joda.time.TestPeriod_Constructors" time="0"/>
  <testcase name="testConstructor_RI_RI6" classname="org.joda.time.TestPeriod_Constructors" time="0"/>
  <testcase name="testConstructor_RI_RI7" classname="org.joda.time.TestPeriod_Constructors" time="0.001"/>
  <testcase name="testConstructor_long_long_Chronology2" classname="org.joda.time.TestPeriod_Constructors" time="0"/>
  <testcase name="testConstants" classname="org.joda.time.TestPeriod_Constructors" time="0"/>
  <testcase name="testConstructor1" classname="org.joda.time.TestPeriod_Constructors" time="0"/>
  <testcase name="testConstructor_long3" classname="org.joda.time.TestPeriod_Constructors" time="0"/>
  <testcase name="testConstructor_long_fixedZone" classname="org.joda.time.TestPeriod_Constructors" time="0"/>
  <testcase name="testConstructor_long_PeriodType1" classname="org.joda.time.TestPeriod_Constructors" time="0"/>
  <testcase name="testConstructor_long_PeriodType2" classname="org.joda.time.TestPeriod_Constructors" time="0"/>
  <testcase name="testConstructor_long_PeriodType3" classname="org.joda.time.TestPeriod_Constructors" time="0"/>
  <testcase name="testConstructor_long_PeriodType4" classname="org.joda.time.TestPeriod_Constructors" time="0.001"/>
  <testcase name="testConstructor_long_Chronology1" classname="org.joda.time.TestPeriod_Constructors" time="0"/>
  <testcase name="testConstructor_long_Chronology2" classname="org.joda.time.TestPeriod_Constructors" time="0"/>
  <testcase name="testConstructor_long_Chronology3" classname="org.joda.time.TestPeriod_Constructors" time="0"/>
  <testcase name="testConstructor_long_PeriodType_Chronology1" classname="org.joda.time.TestPeriod_Constructors" time="0"/>
  <testcase name="testConstructor_long_PeriodType_Chronology2" classname="org.joda.time.TestPeriod_Constructors" time="0"/>
  <testcase name="testConstructor_long_PeriodType_Chronology3" classname="org.joda.time.TestPeriod_Constructors" time="0"/>
  <testcase name="testConstructor_long_PeriodType_Chronology4" classname="org.joda.time.TestPeriod_Constructors" time="0"/>
  <testcase name="testConstructor_4int1" classname="org.joda.time.TestPeriod_Constructors" time="0"/>
  <testcase name="testConstructor_8int1" classname="org.joda.time.TestPeriod_Constructors" time="0"/>
  <testcase name="testConstructor_8int__PeriodType1" classname="org.joda.time.TestPeriod_Constructors" time="0"/>
  <testcase name="testConstructor_8int__PeriodType2" classname="org.joda.time.TestPeriod_Constructors" time="0"/>
  <testcase name="testConstructor_8int__PeriodType3" classname="org.joda.time.TestPeriod_Constructors" time="0"/>
  <testcase name="testConstructor_long_long_PeriodType1" classname="org.joda.time.TestPeriod_Constructors" time="0"/>
  <testcase name="testConstructor_long_long_PeriodType2" classname="org.joda.time.TestPeriod_Constructors" time="0"/>
  <testcase name="testConstructor_long_long_PeriodType3" classname="org.joda.time.TestPeriod_Constructors" time="0.001"/>
  <testcase name="testToPeriod_PeriodType3" classname="org.joda.time.TestPeriod_Constructors" time="0"/>
  <testcase name="testConstructor_long_long_PeriodType_Chronology1" classname="org.joda.time.TestPeriod_Constructors" time="0"/>
  <testcase name="testConstructor_long_long_PeriodType_Chronology2" classname="org.joda.time.TestPeriod_Constructors" time="0"/>
  <testcase name="testConstructor_RI_RI_PeriodType1" classname="org.joda.time.TestPeriod_Constructors" time="0"/>
  <testcase name="testConstructor_RI_RI_PeriodType2" classname="org.joda.time.TestPeriod_Constructors" time="0"/>
  <testcase name="testConstructor_RI_RI_PeriodType3" classname="org.joda.time.TestPeriod_Constructors" time="0"/>
  <testcase name="testConstructor_RI_RI_PeriodType4" classname="org.joda.time.TestPeriod_Constructors" time="0"/>
  <testcase name="testConstructor_RI_RI_PeriodType5" classname="org.joda.time.TestPeriod_Constructors" time="0"/>
  <testcase name="testConstructor_RP_RP1" classname="org.joda.time.TestPeriod_Constructors" time="0"/>
  <testcase name="testConstructor_RP_RP2" classname="org.joda.time.TestPeriod_Constructors" time="0.001"/>
  <testcase name="testConstructor_RP_RP2Local" classname="org.joda.time.TestPeriod_Constructors" time="0"/>
  <testcase name="testConstructor_RP_RP3" classname="org.joda.time.TestPeriod_Constructors" time="0.001"/>
  <testcase name="testConstructor_RP_RP4" classname="org.joda.time.TestPeriod_Constructors" time="0"/>
  <testcase name="testConstructor_RP_RP5" classname="org.joda.time.TestPeriod_Constructors" time="0"/>
  <testcase name="testConstructor_RP_RP6" classname="org.joda.time.TestPeriod_Constructors" time="0"/>
  <testcase name="testConstructor_RP_RP7" classname="org.joda.time.TestPeriod_Constructors" time="0"/>
  <testcase name="testConstructor_RP_RP8" classname="org.joda.time.TestPeriod_Constructors" time="0"/>
  <testcase name="testConstructor_RP_RP_PeriodType1" classname="org.joda.time.TestPeriod_Constructors" time="0"/>
  <testcase name="testConstructor_RP_RP_PeriodType2" classname="org.joda.time.TestPeriod_Constructors" time="0"/>
  <testcase name="testConstructor_RP_RP_PeriodType2Local" classname="org.joda.time.TestPeriod_Constructors" time="0"/>
  <testcase name="testConstructor_RP_RP_PeriodType3" classname="org.joda.time.TestPeriod_Constructors" time="0.001"/>
  <testcase name="testConstructor_RP_RP_PeriodType4" classname="org.joda.time.TestPeriod_Constructors" time="0"/>
  <testcase name="testConstructor_RP_RP_PeriodType5" classname="org.joda.time.TestPeriod_Constructors" time="0"/>
  <testcase name="testConstructor_RP_RP_PeriodType6" classname="org.joda.time.TestPeriod_Constructors" time="0"/>
  <testcase name="testConstructor_RP_RP_PeriodType7" classname="org.joda.time.TestPeriod_Constructors" time="0"/>
  <testcase name="testFactoryMonths" classname="org.joda.time.TestPeriod_Constructors" time="0"/>
  <testcase name="testConstructor_long_long_Chronology1" classname="org.joda.time.TestPeriod_Constructors" time="0"/>
  <testcase name="testConstructor_long_long1" classname="org.joda.time.TestPeriod_Constructors" time="0"/>
  <testcase name="testConstructor_RI_RI1" classname="org.joda.time.TestPeriod_Constructors" time="0"/>
  <testcase name="testConstructor_RI_RI2" classname="org.joda.time.TestPeriod_Constructors" time="0"/>
  <testcase name="testConstructor_RI_RI3" classname="org.joda.time.TestPeriod_Constructors" time="0.001"/>
  <testcase name="testConstructor_RI_RI4" classname="org.joda.time.TestPeriod_Constructors" time="0"/>
  <testcase name="testConstructor_Object1" classname="org.joda.time.TestPeriod_Constructors" time="0"/>
  <testcase name="testConstructor_Object2" classname="org.joda.time.TestPeriod_Constructors" time="0"/>
  <testcase name="testConstructor_Object3" classname="org.joda.time.TestPeriod_Constructors" time="0"/>
  <testcase name="testConstructor_Object4" classname="org.joda.time.TestPeriod_Constructors" time="0"/>
  <testcase name="testTest" classname="org.joda.time.TestPeriod_Basics" time="0"/>
  <testcase name="testToString" classname="org.joda.time.TestPeriod_Basics" time="0.001"/>
  <testcase name="testGetMethods" classname="org.joda.time.TestPeriod_Basics" time="0"/>
  <testcase name="testEqualsHashCode" classname="org.joda.time.TestPeriod_Basics" time="0.001"/>
  <testcase name="testSerialization" classname="org.joda.time.TestPeriod_Basics" time="0.02"/>
  <testcase name="testWithField1" classname="org.joda.time.TestPeriod_Basics" time="0"/>
  <testcase name="testWithField2" classname="org.joda.time.TestPeriod_Basics" time="0"/>
  <testcase name="testWithFieldAdded1" classname="org.joda.time.TestPeriod_Basics" time="0"/>
  <testcase name="testWithFieldAdded2" classname="org.joda.time.TestPeriod_Basics" time="0"/>
  <testcase name="testWithFieldAdded3" classname="org.joda.time.TestPeriod_Basics" time="0"/>
  <testcase name="testWithFieldAdded4" classname="org.joda.time.TestPeriod_Basics" time="0"/>
  <testcase name="testToDurationFrom" classname="org.joda.time.TestPeriod_Basics" time="0"/>
  <testcase name="testToDurationTo" classname="org.joda.time.TestPeriod_Basics" time="0"/>
  <testcase name="testWithPeriodType1" classname="org.joda.time.TestPeriod_Basics" time="0.001"/>
  <testcase name="testWithPeriodType2" classname="org.joda.time.TestPeriod_Basics" time="0.006"/>
  <testcase name="testWithPeriodType3" classname="org.joda.time.TestPeriod_Basics" time="0"/>
  <testcase name="testWithPeriodType4" classname="org.joda.time.TestPeriod_Basics" time="0"/>
  <testcase name="testWithPeriodType5" classname="org.joda.time.TestPeriod_Basics" time="0"/>
  <testcase name="testWithFields1" classname="org.joda.time.TestPeriod_Basics" time="0"/>
  <testcase name="testWithFields2" classname="org.joda.time.TestPeriod_Basics" time="0.001"/>
  <testcase name="testWithFields3" classname="org.joda.time.TestPeriod_Basics" time="0"/>
  <testcase name="testWithField3" classname="org.joda.time.TestPeriod_Basics" time="0"/>
  <testcase name="testWithField4" classname="org.joda.time.TestPeriod_Basics" time="0"/>
  <testcase name="testPeriodStatics" classname="org.joda.time.TestPeriod_Basics" time="0"/>
  <testcase name="testWith" classname="org.joda.time.TestPeriod_Basics" time="0"/>
  <testcase name="testPlus" classname="org.joda.time.TestPeriod_Basics" time="0.001"/>
  <testcase name="testMinus" classname="org.joda.time.TestPeriod_Basics" time="0"/>
  <testcase name="testPlusFields" classname="org.joda.time.TestPeriod_Basics" time="0.001"/>
  <testcase name="testPlusFieldsZero" classname="org.joda.time.TestPeriod_Basics" time="0"/>
  <testcase name="testMinusFields" classname="org.joda.time.TestPeriod_Basics" time="0"/>
  <testcase name="testMultipliedBy" classname="org.joda.time.TestPeriod_Basics" time="0"/>
  <testcase name="testNegated" classname="org.joda.time.TestPeriod_Basics" time="0"/>
  <testcase name="testToStandardWeeks" classname="org.joda.time.TestPeriod_Basics" time="0.003"/>
  <testcase name="testToStandardWeeks_years" classname="org.joda.time.TestPeriod_Basics" time="0"/>
  <testcase name="testToStandardWeeks_months" classname="org.joda.time.TestPeriod_Basics" time="0"/>
  <testcase name="testToStandardDays_years" classname="org.joda.time.TestPeriod_Basics" time="0"/>
  <testcase name="testToStandardDays_months" classname="org.joda.time.TestPeriod_Basics" time="0"/>
  <testcase name="testToStandardHours_years" classname="org.joda.time.TestPeriod_Basics" time="0.001"/>
  <testcase name="testToStandardHours_months" classname="org.joda.time.TestPeriod_Basics" time="0"/>
  <testcase name="testToStandardMinutes_years" classname="org.joda.time.TestPeriod_Basics" time="0"/>
  <testcase name="testToStandardMinutes_months" classname="org.joda.time.TestPeriod_Basics" time="0"/>
  <testcase name="testToStandardSeconds_years" classname="org.joda.time.TestPeriod_Basics" time="0"/>
  <testcase name="testToStandardSeconds_months" classname="org.joda.time.TestPeriod_Basics" time="0"/>
  <testcase name="testToStandardDuration" classname="org.joda.time.TestPeriod_Basics" time="0.001"/>
  <testcase name="testToStandardDuration_years" classname="org.joda.time.TestPeriod_Basics" time="0"/>
  <testcase name="testToStandardDuration_months" classname="org.joda.time.TestPeriod_Basics" time="0"/>
  <testcase name="testNormalizedStandard_yearMonth1" classname="org.joda.time.TestPeriod_Basics" time="0.001"/>
  <testcase name="testNormalizedStandard_yearMonth2" classname="org.joda.time.TestPeriod_Basics" time="0"/>
  <testcase name="testNormalizedStandard_weekDay1" classname="org.joda.time.TestPeriod_Basics" time="0"/>
  <testcase name="testNormalizedStandard_weekDay2" classname="org.joda.time.TestPeriod_Basics" time="0"/>
  <testcase name="testNormalizedStandard_yearMonthWeekDay" classname="org.joda.time.TestPeriod_Basics" time="0"/>
  <testcase name="testNormalizedStandard_yearMonthDay" classname="org.joda.time.TestPeriod_Basics" time="0"/>
  <testcase name="testNormalizedStandard_negative" classname="org.joda.time.TestPeriod_Basics" time="0.001"/>
  <testcase name="testNormalizedStandard_fullNegative" classname="org.joda.time.TestPeriod_Basics" time="0"/>
  <testcase name="testNormalizedStandard_periodType_yearMonth1" classname="org.joda.time.TestPeriod_Basics" time="0"/>
  <testcase name="testNormalizedStandard_periodType_yearMonth2" classname="org.joda.time.TestPeriod_Basics" time="0"/>
  <testcase name="testNormalizedStandard_periodType_yearMonth3" classname="org.joda.time.TestPeriod_Basics" time="0"/>
  <testcase name="testNormalizedStandard_periodType_weekDay1" classname="org.joda.time.TestPeriod_Basics" time="0.001"/>
  <testcase name="testNormalizedStandard_periodType_weekDay2" classname="org.joda.time.TestPeriod_Basics" time="0"/>
  <testcase name="testNormalizedStandard_periodType_weekDay3" classname="org.joda.time.TestPeriod_Basics" time="0"/>
  <testcase name="testNormalizedStandard_periodType_yearMonthWeekDay" classname="org.joda.time.TestPeriod_Basics" time="0"/>
  <testcase name="testGetPeriodType" classname="org.joda.time.TestPeriod_Basics" time="0"/>
  <testcase name="testValueIndexMethods" classname="org.joda.time.TestPeriod_Basics" time="0"/>
  <testcase name="testIsSupported" classname="org.joda.time.TestPeriod_Basics" time="0.001"/>
  <testcase name="testNormalizedStandard_periodType_yearMonthDay" classname="org.joda.time.TestPeriod_Basics" time="0"/>
  <testcase name="testNormalizedStandard_periodType_months1" classname="org.joda.time.TestPeriod_Basics" time="0"/>
  <testcase name="testNormalizedStandard_periodType_months2" classname="org.joda.time.TestPeriod_Basics" time="0"/>
  <testcase name="testNormalizedStandard_periodType_months3" classname="org.joda.time.TestPeriod_Basics" time="0"/>
  <testcase name="testNormalizedStandard_periodType_years" classname="org.joda.time.TestPeriod_Basics" time="0"/>
  <testcase name="testNormalizedStandard_periodType_monthsWeeks" classname="org.joda.time.TestPeriod_Basics" time="0.001"/>
  <testcase name="testTypeIndexMethods" classname="org.joda.time.TestPeriod_Basics" time="0"/>
  <testcase name="testIndexOf" classname="org.joda.time.TestPeriod_Basics" time="0"/>
  <testcase name="testGet" classname="org.joda.time.TestPeriod_Basics" time="0"/>
  <testcase name="testToString_PeriodFormatter" classname="org.joda.time.TestPeriod_Basics" time="0.006"/>
  <testcase name="testToString_nullPeriodFormatter" classname="org.joda.time.TestPeriod_Basics" time="0.001"/>
  <testcase name="testToMutablePeriod" classname="org.joda.time.TestPeriod_Basics" time="0"/>
  <testcase name="testToStandardDays" classname="org.joda.time.TestPeriod_Basics" time="0.004"/>
  <testcase name="testToStandardHours" classname="org.joda.time.TestPeriod_Basics" time="0"/>
  <testcase name="testToStandardMinutes" classname="org.joda.time.TestPeriod_Basics" time="0"/>
  <testcase name="testToStandardSeconds" classname="org.joda.time.TestPeriod_Basics" time="0"/>
  <testcase name="testToPeriod" classname="org.joda.time.TestPeriod_Basics" time="0"/>
  <testcase name="testParse_noFormatter" classname="org.joda.time.TestMutablePeriod_Constructors" time="0.001"/>
  <testcase name="testConstructor_long1" classname="org.joda.time.TestMutablePeriod_Constructors" time="0"/>
  <testcase name="testConstructor_long2" classname="org.joda.time.TestMutablePeriod_Constructors" time="0"/>
  <testcase name="testConstructor_RI_RD_PeriodType1" classname="org.joda.time.TestMutablePeriod_Constructors" time="0"/>
  <testcase name="testConstructor_RI_RD_PeriodType2" classname="org.joda.time.TestMutablePeriod_Constructors" time="0"/>
  <testcase name="testConstructor_Object_PeriodType1" classname="org.joda.time.TestMutablePeriod_Constructors" time="0"/>
  <testcase name="testConstructor_Object_PeriodType2" classname="org.joda.time.TestMutablePeriod_Constructors" time="0"/>
  <testcase name="testConstructor_Object_PeriodType3" classname="org.joda.time.TestMutablePeriod_Constructors" time="0"/>
  <testcase name="testConstructor_Object_PeriodType4" classname="org.joda.time.TestMutablePeriod_Constructors" time="0"/>
  <testcase name="testConstructor_PeriodType1" classname="org.joda.time.TestMutablePeriod_Constructors" time="0"/>
  <testcase name="testConstructor_PeriodType2" classname="org.joda.time.TestMutablePeriod_Constructors" time="0"/>
  <testcase name="testConstructor_RI_RD1" classname="org.joda.time.TestMutablePeriod_Constructors" time="0.001"/>
  <testcase name="testConstructor_RI_RD2" classname="org.joda.time.TestMutablePeriod_Constructors" time="0"/>
  <testcase name="testConstructor_Object_Chronology1" classname="org.joda.time.TestMutablePeriod_Constructors" time="0"/>
  <testcase name="testConstructor_Object_Chronology2" classname="org.joda.time.TestMutablePeriod_Constructors" time="0"/>
  <testcase name="testConstructor_long_long2" classname="org.joda.time.TestMutablePeriod_Constructors" time="0"/>
  <testcase name="testConstructor_RI_RI5" classname="org.joda.time.TestMutablePeriod_Constructors" time="0"/>
  <testcase name="testConstructor_long_long_Chronology2" classname="org.joda.time.TestMutablePeriod_Constructors" time="0.001"/>
  <testcase name="testConstructor1" classname="org.joda.time.TestMutablePeriod_Constructors" time="0"/>
  <testcase name="testConstructor_long3" classname="org.joda.time.TestMutablePeriod_Constructors" time="0"/>
  <testcase name="testConstructor_long_PeriodType1" classname="org.joda.time.TestMutablePeriod_Constructors" time="0"/>
  <testcase name="testConstructor_long_PeriodType2" classname="org.joda.time.TestMutablePeriod_Constructors" time="0"/>
  <testcase name="testConstructor_long_PeriodType3" classname="org.joda.time.TestMutablePeriod_Constructors" time="0"/>
  <testcase name="testConstructor_long_PeriodType4" classname="org.joda.time.TestMutablePeriod_Constructors" time="0"/>
  <testcase name="testConstructor_long_Chronology1" classname="org.joda.time.TestMutablePeriod_Constructors" time="0.001"/>
  <testcase name="testConstructor_long_Chronology2" classname="org.joda.time.TestMutablePeriod_Constructors" time="0"/>
  <testcase name="testConstructor_long_Chronology3" classname="org.joda.time.TestMutablePeriod_Constructors" time="0"/>
  <testcase name="testConstructor_long_PeriodType_Chronology1" classname="org.joda.time.TestMutablePeriod_Constructors" time="0"/>
  <testcase name="testConstructor_long_PeriodType_Chronology2" classname="org.joda.time.TestMutablePeriod_Constructors" time="0.002"/>
  <testcase name="testConstructor_long_PeriodType_Chronology3" classname="org.joda.time.TestMutablePeriod_Constructors" time="0"/>
  <testcase name="testConstructor_long_PeriodType_Chronology4" classname="org.joda.time.TestMutablePeriod_Constructors" time="0"/>
  <testcase name="testConstructor_4int1" classname="org.joda.time.TestMutablePeriod_Constructors" time="0"/>
  <testcase name="testConstructor_8int1" classname="org.joda.time.TestMutablePeriod_Constructors" time="0"/>
  <testcase name="testConstructor_8int__PeriodType1" classname="org.joda.time.TestMutablePeriod_Constructors" time="0"/>
  <testcase name="testConstructor_8int__PeriodType2" classname="org.joda.time.TestMutablePeriod_Constructors" time="0"/>
  <testcase name="testConstructor_8int__PeriodType3" classname="org.joda.time.TestMutablePeriod_Constructors" time="0"/>
  <testcase name="testConstructor_long_long_PeriodType1" classname="org.joda.time.TestMutablePeriod_Constructors" time="0.002"/>
  <testcase name="testConstructor_long_long_PeriodType2" classname="org.joda.time.TestMutablePeriod_Constructors" time="0.002"/>
  <testcase name="testConstructor_long_long_PeriodType3" classname="org.joda.time.TestMutablePeriod_Constructors" time="0"/>
  <testcase name="testConstructor_long_long_PeriodType_Chronology1" classname="org.joda.time.TestMutablePeriod_Constructors" time="0.001"/>
  <testcase name="testConstructor_long_long_PeriodType_Chronology2" classname="org.joda.time.TestMutablePeriod_Constructors" time="0"/>
  <testcase name="testConstructor_RI_RI_PeriodType1" classname="org.joda.time.TestMutablePeriod_Constructors" time="0"/>
  <testcase name="testConstructor_RI_RI_PeriodType2" classname="org.joda.time.TestMutablePeriod_Constructors" time="0"/>
  <testcase name="testConstructor_RI_RI_PeriodType3" classname="org.joda.time.TestMutablePeriod_Constructors" time="0"/>
  <testcase name="testConstructor_RI_RI_PeriodType4" classname="org.joda.time.TestMutablePeriod_Constructors" time="0"/>
  <testcase name="testConstructor_RI_RI_PeriodType5" classname="org.joda.time.TestMutablePeriod_Constructors" time="0"/>
  <testcase name="testConstructor_long_long_Chronology1" classname="org.joda.time.TestMutablePeriod_Constructors" time="0.001"/>
  <testcase name="testConstructor_long_long1" classname="org.joda.time.TestMutablePeriod_Constructors" time="0"/>
  <testcase name="testConstructor_RI_RI1" classname="org.joda.time.TestMutablePeriod_Constructors" time="0"/>
  <testcase name="testConstructor_RI_RI2" classname="org.joda.time.TestMutablePeriod_Constructors" time="0"/>
  <testcase name="testConstructor_RI_RI3" classname="org.joda.time.TestMutablePeriod_Constructors" time="0"/>
  <testcase name="testConstructor_RI_RI4" classname="org.joda.time.TestMutablePeriod_Constructors" time="0"/>
  <testcase name="testConstructor_Object1" classname="org.joda.time.TestMutablePeriod_Constructors" time="0.001"/>
  <testcase name="testConstructor_Object2" classname="org.joda.time.TestMutablePeriod_Constructors" time="0"/>
  <testcase name="testConstructor_Object3" classname="org.joda.time.TestMutablePeriod_Constructors" time="0"/>
  <testcase name="testConstructor_Object4" classname="org.joda.time.TestMutablePeriod_Constructors" time="0"/>
  <testcase name="testTest" classname="org.joda.time.TestMutablePeriod_Basics" time="0"/>
  <testcase name="testToString" classname="org.joda.time.TestMutablePeriod_Basics" time="0.004"/>
  <testcase name="testGetMethods" classname="org.joda.time.TestMutablePeriod_Basics" time="0"/>
  <testcase name="testEqualsHashCode" classname="org.joda.time.TestMutablePeriod_Basics" time="0"/>
  <testcase name="testSerialization" classname="org.joda.time.TestMutablePeriod_Basics" time="0.003"/>
  <testcase name="testToDurationFrom" classname="org.joda.time.TestMutablePeriod_Basics" time="0"/>
  <testcase name="testGetPeriodType" classname="org.joda.time.TestMutablePeriod_Basics" time="0"/>
  <testcase name="testToMutablePeriod" classname="org.joda.time.TestMutablePeriod_Basics" time="0"/>
  <testcase name="testToPeriod" classname="org.joda.time.TestMutablePeriod_Basics" time="0"/>
  <testcase name="testClone" classname="org.joda.time.TestMutablePeriod_Basics" time="0"/>
  <testcase name="testCopy" classname="org.joda.time.TestMutablePeriod_Basics" time="0"/>
  <testcase name="testTest" classname="org.joda.time.TestMutablePeriod_Updates" time="0.001"/>
  <testcase name="testAdd_long1" classname="org.joda.time.TestMutablePeriod_Updates" time="0"/>
  <testcase name="testAdd_RD1" classname="org.joda.time.TestMutablePeriod_Updates" time="0"/>
  <testcase name="testAdd_RD2" classname="org.joda.time.TestMutablePeriod_Updates" time="0"/>
  <testcase name="testAdd_RP1" classname="org.joda.time.TestMutablePeriod_Updates" time="0"/>
  <testcase name="testAdd_RP2" classname="org.joda.time.TestMutablePeriod_Updates" time="0"/>
  <testcase name="testClear" classname="org.joda.time.TestMutablePeriod_Updates" time="0"/>
  <testcase name="testAddYears" classname="org.joda.time.TestMutablePeriod_Updates" time="0"/>
  <testcase name="testAddMonths" classname="org.joda.time.TestMutablePeriod_Updates" time="0"/>
  <testcase name="testAddWeeks" classname="org.joda.time.TestMutablePeriod_Updates" time="0"/>
  <testcase name="testAddDays" classname="org.joda.time.TestMutablePeriod_Updates" time="0"/>
  <testcase name="testAddHours" classname="org.joda.time.TestMutablePeriod_Updates" time="0"/>
  <testcase name="testAddMinutes" classname="org.joda.time.TestMutablePeriod_Updates" time="0"/>
  <testcase name="testAddSeconds" classname="org.joda.time.TestMutablePeriod_Updates" time="0"/>
  <testcase name="testAddMillis" classname="org.joda.time.TestMutablePeriod_Updates" time="0"/>
  <testcase name="testSetYears" classname="org.joda.time.TestMutablePeriod_Updates" time="0"/>
  <testcase name="testSetMonths" classname="org.joda.time.TestMutablePeriod_Updates" time="0"/>
  <testcase name="testSetWeeks" classname="org.joda.time.TestMutablePeriod_Updates" time="0"/>
  <testcase name="testSetDays" classname="org.joda.time.TestMutablePeriod_Updates" time="0"/>
  <testcase name="testSetHours" classname="org.joda.time.TestMutablePeriod_Updates" time="0"/>
  <testcase name="testSetMinutes" classname="org.joda.time.TestMutablePeriod_Updates" time="0"/>
  <testcase name="testSetSeconds" classname="org.joda.time.TestMutablePeriod_Updates" time="0"/>
  <testcase name="testSetMillis" classname="org.joda.time.TestMutablePeriod_Updates" time="0"/>
  <testcase name="testSet_Field" classname="org.joda.time.TestMutablePeriod_Updates" time="0"/>
  <testcase name="testAdd_Field" classname="org.joda.time.TestMutablePeriod_Updates" time="0.001"/>
  <testcase name="testSetPeriod_8ints1" classname="org.joda.time.TestMutablePeriod_Updates" time="0"/>
  <testcase name="testSetPeriod_8ints2" classname="org.joda.time.TestMutablePeriod_Updates" time="0"/>
  <testcase name="testSetPeriod_8ints3" classname="org.joda.time.TestMutablePeriod_Updates" time="0"/>
  <testcase name="testSetPeriod_8ints4" classname="org.joda.time.TestMutablePeriod_Updates" time="0.001"/>
  <testcase name="testSetPeriod_RP1" classname="org.joda.time.TestMutablePeriod_Updates" time="0"/>
  <testcase name="testSetPeriod_RP2" classname="org.joda.time.TestMutablePeriod_Updates" time="0"/>
  <testcase name="testSetPeriod_RP3" classname="org.joda.time.TestMutablePeriod_Updates" time="0"/>
  <testcase name="testSetPeriod_RP4" classname="org.joda.time.TestMutablePeriod_Updates" time="0"/>
  <testcase name="testSetPeriod_RP5" classname="org.joda.time.TestMutablePeriod_Updates" time="0.001"/>
  <testcase name="testSetPeriod_long_long1" classname="org.joda.time.TestMutablePeriod_Updates" time="0"/>
  <testcase name="testSetPeriod_long_long2" classname="org.joda.time.TestMutablePeriod_Updates" time="0"/>
  <testcase name="testSetPeriod_long_long3" classname="org.joda.time.TestMutablePeriod_Updates" time="0"/>
  <testcase name="testSetPeriod_long_long_NoYears" classname="org.joda.time.TestMutablePeriod_Updates" time="0"/>
  <testcase name="testSetPeriod_long_long_NoMonths" classname="org.joda.time.TestMutablePeriod_Updates" time="0"/>
  <testcase name="testSetPeriod_long_long_NoWeeks" classname="org.joda.time.TestMutablePeriod_Updates" time="0"/>
  <testcase name="testSetPeriod_long_long_NoDays" classname="org.joda.time.TestMutablePeriod_Updates" time="0"/>
  <testcase name="testSetPeriod_long_long_NoHours" classname="org.joda.time.TestMutablePeriod_Updates" time="0"/>
  <testcase name="testSetPeriod_long_long_NoMinutes" classname="org.joda.time.TestMutablePeriod_Updates" time="0"/>
  <testcase name="testSetPeriod_long_long_NoSeconds" classname="org.joda.time.TestMutablePeriod_Updates" time="0"/>
  <testcase name="testSetPeriod_long_long_NoMillis" classname="org.joda.time.TestMutablePeriod_Updates" time="0"/>
  <testcase name="testSetPeriod_RI_RI1" classname="org.joda.time.TestMutablePeriod_Updates" time="0"/>
  <testcase name="testSetPeriod_RI_RI2" classname="org.joda.time.TestMutablePeriod_Updates" time="0"/>
  <testcase name="testSetPeriod_RI_RI3" classname="org.joda.time.TestMutablePeriod_Updates" time="0"/>
  <testcase name="testSetPeriod_RInterval1" classname="org.joda.time.TestMutablePeriod_Updates" time="0"/>
  <testcase name="testSetPeriod_RInterval2" classname="org.joda.time.TestMutablePeriod_Updates" time="0"/>
  <testcase name="testSetPeriod_long1" classname="org.joda.time.TestMutablePeriod_Updates" time="0"/>
  <testcase name="testSetPeriod_long2" classname="org.joda.time.TestMutablePeriod_Updates" time="0"/>
  <testcase name="testSetPeriod_RD1" classname="org.joda.time.TestMutablePeriod_Updates" time="0"/>
  <testcase name="testSetPeriod_RD2" classname="org.joda.time.TestMutablePeriod_Updates" time="0"/>
  <testcase name="testSetPeriod_RD3" classname="org.joda.time.TestMutablePeriod_Updates" time="0"/>
  <testcase name="testAdd_8ints1" classname="org.joda.time.TestMutablePeriod_Updates" time="0"/>
  <testcase name="testAdd_8ints2" classname="org.joda.time.TestMutablePeriod_Updates" time="0"/>
  <testcase name="testAdd_long2" classname="org.joda.time.TestMutablePeriod_Updates" time="0"/>
  <testcase name="testAdd_long3" classname="org.joda.time.TestMutablePeriod_Updates" time="0"/>
  <testcase name="testAdd_long_Chronology1" classname="org.joda.time.TestMutablePeriod_Updates" time="0"/>
  <testcase name="testAdd_long_Chronology2" classname="org.joda.time.TestMutablePeriod_Updates" time="0"/>
  <testcase name="testAdd_long_Chronology3" classname="org.joda.time.TestMutablePeriod_Updates" time="0"/>
  <testcase name="testAdd_RD3" classname="org.joda.time.TestMutablePeriod_Updates" time="0.001"/>
  <testcase name="testAdd_RP3" classname="org.joda.time.TestMutablePeriod_Updates" time="0"/>
  <testcase name="testAdd_RP4" classname="org.joda.time.TestMutablePeriod_Updates" time="0"/>
  <testcase name="testAdd_RP5" classname="org.joda.time.TestMutablePeriod_Updates" time="0"/>
  <testcase name="testAdd_RP6" classname="org.joda.time.TestMutablePeriod_Updates" time="0"/>
  <testcase name="testAdd_RInterval1" classname="org.joda.time.TestMutablePeriod_Updates" time="0"/>
  <testcase name="testAdd_RInterval2" classname="org.joda.time.TestMutablePeriod_Updates" time="0"/>
  <testcase name="testAdd_RInterval3" classname="org.joda.time.TestMutablePeriod_Updates" time="0"/>
  <testcase name="testAdd_RInterval4" classname="org.joda.time.TestMutablePeriod_Updates" time="0.001"/>
  <testcase name="testAdd_RInterval5" classname="org.joda.time.TestMutablePeriod_Updates" time="0"/>
  <testcase name="testMergePeriod_RP1" classname="org.joda.time.TestMutablePeriod_Updates" time="0"/>
  <testcase name="testMergePeriod_RP2" classname="org.joda.time.TestMutablePeriod_Updates" time="0"/>
  <testcase name="testMergePeriod_RP3" classname="org.joda.time.TestMutablePeriod_Updates" time="0"/>
  <testcase name="testMergePeriod_RP4" classname="org.joda.time.TestMutablePeriod_Updates" time="0"/>
  <testcase name="testMergePeriod_RP5" classname="org.joda.time.TestMutablePeriod_Updates" time="0"/>
  <testcase name="testEqualsHashCode" classname="org.joda.time.TestBaseSingleFieldPeriod" time="0"/>
  <testcase name="testCompareTo" classname="org.joda.time.TestBaseSingleFieldPeriod" time="0"/>
  <testcase name="testValueIndexMethods" classname="org.joda.time.TestBaseSingleFieldPeriod" time="0"/>
  <testcase name="testIsSupported" classname="org.joda.time.TestBaseSingleFieldPeriod" time="0"/>
  <testcase name="testFactory_between_RInstant" classname="org.joda.time.TestBaseSingleFieldPeriod" time="0"/>
  <testcase name="testFactory_between_RPartial" classname="org.joda.time.TestBaseSingleFieldPeriod" time="0"/>
  <testcase name="testFactory_standardPeriodIn_RPeriod" classname="org.joda.time.TestBaseSingleFieldPeriod" time="0"/>
  <testcase name="testGet" classname="org.joda.time.TestBaseSingleFieldPeriod" time="0"/>
  <testcase name="testToMutablePeriod" classname="org.joda.time.TestBaseSingleFieldPeriod" time="0"/>
  <testcase name="testToPeriod" classname="org.joda.time.TestBaseSingleFieldPeriod" time="0"/>
  <testcase name="testFieldTypeIndexMethods" classname="org.joda.time.TestBaseSingleFieldPeriod" time="0"/>
  <testcase name="testGetSetValue" classname="org.joda.time.TestBaseSingleFieldPeriod" time="0"/>
  <testcase name="testToString" classname="org.joda.time.TestYears" time="0"/>
  <testcase name="testGetMethods" classname="org.joda.time.TestYears" time="0"/>
  <testcase name="testSerialization" classname="org.joda.time.TestYears" time="0"/>
  <testcase name="testNegated" classname="org.joda.time.TestYears" time="0.001"/>
  <testcase name="testGetPeriodType" classname="org.joda.time.TestYears" time="0"/>
  <testcase name="testConstants" classname="org.joda.time.TestYears" time="0"/>
  <testcase name="testFactory_years_int" classname="org.joda.time.TestYears" time="0"/>
  <testcase name="testFactory_yearsBetween_RInstant" classname="org.joda.time.TestYears" time="0"/>
  <testcase name="testFactory_yearsBetween_RPartial" classname="org.joda.time.TestYears" time="0"/>
  <testcase name="testFactory_yearsIn_RInterval" classname="org.joda.time.TestYears" time="0"/>
  <testcase name="testFactory_parseYears_String" classname="org.joda.time.TestYears" time="0.001"/>
  <testcase name="testGetFieldType" classname="org.joda.time.TestYears" time="0"/>
  <testcase name="testIsGreaterThan" classname="org.joda.time.TestYears" time="0.001"/>
  <testcase name="testIsLessThan" classname="org.joda.time.TestYears" time="0"/>
  <testcase name="testPlus_int" classname="org.joda.time.TestYears" time="0"/>
  <testcase name="testPlus_Years" classname="org.joda.time.TestYears" time="0"/>
  <testcase name="testMinus_int" classname="org.joda.time.TestYears" time="0"/>
  <testcase name="testMinus_Years" classname="org.joda.time.TestYears" time="0"/>
  <testcase name="testMultipliedBy_int" classname="org.joda.time.TestYears" time="0"/>
  <testcase name="testDividedBy_int" classname="org.joda.time.TestYears" time="0"/>
  <testcase name="testAddToLocalDate" classname="org.joda.time.TestYears" time="0"/>
  <testcase name="testToString" classname="org.joda.time.TestMonths" time="0.002"/>
  <testcase name="testGetMethods" classname="org.joda.time.TestMonths" time="0"/>
  <testcase name="testSerialization" classname="org.joda.time.TestMonths" time="0.001"/>
  <testcase name="testNegated" classname="org.joda.time.TestMonths" time="0"/>
  <testcase name="testGetPeriodType" classname="org.joda.time.TestMonths" time="0"/>
  <testcase name="testFactory_months_int" classname="org.joda.time.TestMonths" time="0"/>
  <testcase name="testFactory_monthsBetween_RInstant" classname="org.joda.time.TestMonths" time="0"/>
  <testcase name="testFactory_monthsIn_RInterval" classname="org.joda.time.TestMonths" time="0.001"/>
  <testcase name="testConstants" classname="org.joda.time.TestMonths" time="0"/>
  <testcase name="testFactory_monthsBetween_RInstant_LocalDate_EndMonth" classname="org.joda.time.TestMonths" time="0"/>
  <testcase name="testFactory_monthsBetween_RPartial_LocalDate" classname="org.joda.time.TestMonths" time="0"/>
  <testcase name="testFactory_monthsBetween_RPartial_LocalDate_EndMonth" classname="org.joda.time.TestMonths" time="0.001"/>
  <testcase name="testFactory_monthsBetween_RPartial_YearMonth" classname="org.joda.time.TestMonths" time="0.001"/>
  <testcase name="testGetFieldType" classname="org.joda.time.TestMonths" time="0.001"/>
  <testcase name="testIsGreaterThan" classname="org.joda.time.TestMonths" time="0"/>
  <testcase name="testIsLessThan" classname="org.joda.time.TestMonths" time="0"/>
  <testcase name="testPlus_int" classname="org.joda.time.TestMonths" time="0"/>
  <testcase name="testFactory_monthsBetween_RPartial_MonthDay" classname="org.joda.time.TestMonths" time="0.002"/>
  <testcase name="testFactory_parseMonths_String" classname="org.joda.time.TestMonths" time="0"/>
  <testcase name="testPlus_Months" classname="org.joda.time.TestMonths" time="0"/>
  <testcase name="testMinus_Months" classname="org.joda.time.TestMonths" time="0"/>
  <testcase name="testMinus_int" classname="org.joda.time.TestMonths" time="0"/>
  <testcase name="testMultipliedBy_int" classname="org.joda.time.TestMonths" time="0.001"/>
  <testcase name="testDividedBy_int" classname="org.joda.time.TestMonths" time="0"/>
  <testcase name="testAddToLocalDate" classname="org.joda.time.TestMonths" time="0"/>
  <testcase name="testToString" classname="org.joda.time.TestWeeks" time="0"/>
  <testcase name="testGetMethods" classname="org.joda.time.TestWeeks" time="0"/>
  <testcase name="testSerialization" classname="org.joda.time.TestWeeks" time="0.002"/>
  <testcase name="testNegated" classname="org.joda.time.TestWeeks" time="0"/>
  <testcase name="testToStandardDuration" classname="org.joda.time.TestWeeks" time="0"/>
  <testcase name="testGetPeriodType" classname="org.joda.time.TestWeeks" time="0"/>
  <testcase name="testConstants" classname="org.joda.time.TestWeeks" time="0"/>
  <testcase name="testToStandardDays" classname="org.joda.time.TestWeeks" time="0"/>
  <testcase name="testToStandardHours" classname="org.joda.time.TestWeeks" time="0"/>
  <testcase name="testToStandardMinutes" classname="org.joda.time.TestWeeks" time="0"/>
  <testcase name="testToStandardSeconds" classname="org.joda.time.TestWeeks" time="0.001"/>
  <testcase name="testGetFieldType" classname="org.joda.time.TestWeeks" time="0"/>
  <testcase name="testIsGreaterThan" classname="org.joda.time.TestWeeks" time="0"/>
  <testcase name="testIsLessThan" classname="org.joda.time.TestWeeks" time="0"/>
  <testcase name="testPlus_int" classname="org.joda.time.TestWeeks" time="0"/>
  <testcase name="testFactory_weeks_int" classname="org.joda.time.TestWeeks" time="0"/>
  <testcase name="testFactory_weeksBetween_RInstant" classname="org.joda.time.TestWeeks" time="0"/>
  <testcase name="testFactory_weeksBetween_RPartial" classname="org.joda.time.TestWeeks" time="0"/>
  <testcase name="testFactory_weeksIn_RInterval" classname="org.joda.time.TestWeeks" time="0"/>
  <testcase name="testFactory_standardWeeksIn_RPeriod" classname="org.joda.time.TestWeeks" time="0"/>
  <testcase name="testFactory_parseWeeks_String" classname="org.joda.time.TestWeeks" time="0"/>
  <testcase name="testPlus_Weeks" classname="org.joda.time.TestWeeks" time="0"/>
  <testcase name="testMinus_Weeks" classname="org.joda.time.TestWeeks" time="0"/>
  <testcase name="testMinus_int" classname="org.joda.time.TestWeeks" time="0.001"/>
  <testcase name="testMultipliedBy_int" classname="org.joda.time.TestWeeks" time="0"/>
  <testcase name="testDividedBy_int" classname="org.joda.time.TestWeeks" time="0"/>
  <testcase name="testAddToLocalDate" classname="org.joda.time.TestWeeks" time="0"/>
  <testcase name="testToString" classname="org.joda.time.TestDays" time="0"/>
  <testcase name="testGetMethods" classname="org.joda.time.TestDays" time="0"/>
  <testcase name="testSerialization" classname="org.joda.time.TestDays" time="0.001"/>
  <testcase name="testNegated" classname="org.joda.time.TestDays" time="0.001"/>
  <testcase name="testToStandardWeeks" classname="org.joda.time.TestDays" time="0"/>
  <testcase name="testToStandardDuration" classname="org.joda.time.TestDays" time="0"/>
  <testcase name="testGetPeriodType" classname="org.joda.time.TestDays" time="0"/>
  <testcase name="testConstants" classname="org.joda.time.TestDays" time="0"/>
  <testcase name="testToStandardHours" classname="org.joda.time.TestDays" time="0"/>
  <testcase name="testToStandardMinutes" classname="org.joda.time.TestDays" time="0"/>
  <testcase name="testToStandardSeconds" classname="org.joda.time.TestDays" time="0"/>
  <testcase name="testGetFieldType" classname="org.joda.time.TestDays" time="0"/>
  <testcase name="testIsGreaterThan" classname="org.joda.time.TestDays" time="0"/>
  <testcase name="testIsLessThan" classname="org.joda.time.TestDays" time="0"/>
  <testcase name="testPlus_int" classname="org.joda.time.TestDays" time="0.001"/>
  <testcase name="testFactory_daysBetween_RPartial_MonthDay" classname="org.joda.time.TestDays" time="0"/>
  <testcase name="testFactory_standardDaysIn_RPeriod" classname="org.joda.time.TestDays" time="0.003"/>
  <testcase name="testFactory_parseDays_String" classname="org.joda.time.TestDays" time="0"/>
  <testcase name="testPlus_Days" classname="org.joda.time.TestDays" time="0"/>
  <testcase name="testMinus_Days" classname="org.joda.time.TestDays" time="0"/>
  <testcase name="testFactory_daysBetween_RPartial_YearMonth" classname="org.joda.time.TestDays" time="0"/>
  <testcase name="testFactory_daysIn_RInterval" classname="org.joda.time.TestDays" time="0"/>
  <testcase name="testMinus_int" classname="org.joda.time.TestDays" time="0"/>
  <testcase name="testMultipliedBy_int" classname="org.joda.time.TestDays" time="0"/>
  <testcase name="testDividedBy_int" classname="org.joda.time.TestDays" time="0"/>
  <testcase name="testAddToLocalDate" classname="org.joda.time.TestDays" time="0"/>
  <testcase name="testFactory_days_int" classname="org.joda.time.TestDays" time="0"/>
  <testcase name="testFactory_daysBetween_RInstant" classname="org.joda.time.TestDays" time="0"/>
  <testcase name="testFactory_daysBetween_RPartial_LocalDate" classname="org.joda.time.TestDays" time="0"/>
  <testcase name="testToString" classname="org.joda.time.TestHours" time="0"/>
  <testcase name="testGetMethods" classname="org.joda.time.TestHours" time="0"/>
  <testcase name="testSerialization" classname="org.joda.time.TestHours" time="0"/>
  <testcase name="testNegated" classname="org.joda.time.TestHours" time="0"/>
  <testcase name="testToStandardWeeks" classname="org.joda.time.TestHours" time="0"/>
  <testcase name="testToStandardDuration" classname="org.joda.time.TestHours" time="0"/>
  <testcase name="testGetPeriodType" classname="org.joda.time.TestHours" time="0"/>
  <testcase name="testConstants" classname="org.joda.time.TestHours" time="0"/>
  <testcase name="testToStandardDays" classname="org.joda.time.TestHours" time="0"/>
  <testcase name="testToStandardMinutes" classname="org.joda.time.TestHours" time="0"/>
  <testcase name="testToStandardSeconds" classname="org.joda.time.TestHours" time="0"/>
  <testcase name="testFactory_hoursIn_RInterval" classname="org.joda.time.TestHours" time="0"/>
  <testcase name="testFactory_standardHoursIn_RPeriod" classname="org.joda.time.TestHours" time="0"/>
  <testcase name="testFactory_parseHours_String" classname="org.joda.time.TestHours" time="0"/>
  <testcase name="testPlus_Hours" classname="org.joda.time.TestHours" time="0.001"/>
  <testcase name="testMinus_Hours" classname="org.joda.time.TestHours" time="0"/>
  <testcase name="testGetFieldType" classname="org.joda.time.TestHours" time="0"/>
  <testcase name="testIsGreaterThan" classname="org.joda.time.TestHours" time="0"/>
  <testcase name="testIsLessThan" classname="org.joda.time.TestHours" time="0"/>
  <testcase name="testPlus_int" classname="org.joda.time.TestHours" time="0"/>
  <testcase name="testFactory_hours_int" classname="org.joda.time.TestHours" time="0"/>
  <testcase name="testFactory_hoursBetween_RInstant" classname="org.joda.time.TestHours" time="0"/>
  <testcase name="testFactory_hoursBetween_RPartial" classname="org.joda.time.TestHours" time="0"/>
  <testcase name="testMinus_int" classname="org.joda.time.TestHours" time="0"/>
  <testcase name="testMultipliedBy_int" classname="org.joda.time.TestHours" time="0.001"/>
  <testcase name="testDividedBy_int" classname="org.joda.time.TestHours" time="0"/>
  <testcase name="testAddToLocalDate" classname="org.joda.time.TestHours" time="0"/>
  <testcase name="testToString" classname="org.joda.time.TestMinutes" time="0"/>
  <testcase name="testGetMethods" classname="org.joda.time.TestMinutes" time="0"/>
  <testcase name="testSerialization" classname="org.joda.time.TestMinutes" time="0.001"/>
  <testcase name="testNegated" classname="org.joda.time.TestMinutes" time="0"/>
  <testcase name="testToStandardWeeks" classname="org.joda.time.TestMinutes" time="0"/>
  <testcase name="testToStandardDuration" classname="org.joda.time.TestMinutes" time="0"/>
  <testcase name="testGetPeriodType" classname="org.joda.time.TestMinutes" time="0.001"/>
  <testcase name="testConstants" classname="org.joda.time.TestMinutes" time="0"/>
  <testcase name="testToStandardDays" classname="org.joda.time.TestMinutes" time="0"/>
  <testcase name="testToStandardHours" classname="org.joda.time.TestMinutes" time="0"/>
  <testcase name="testToStandardSeconds" classname="org.joda.time.TestMinutes" time="0"/>
  <testcase name="testFactory_minutesIn_RInterval" classname="org.joda.time.TestMinutes" time="0"/>
  <testcase name="testFactory_standardMinutesIn_RPeriod" classname="org.joda.time.TestMinutes" time="0"/>
  <testcase name="testFactory_parseMinutes_String" classname="org.joda.time.TestMinutes" time="0.001"/>
  <testcase name="testPlus_Minutes" classname="org.joda.time.TestMinutes" time="0"/>
  <testcase name="testMinus_Minutes" classname="org.joda.time.TestMinutes" time="0"/>
  <testcase name="testGetFieldType" classname="org.joda.time.TestMinutes" time="0"/>
  <testcase name="testIsGreaterThan" classname="org.joda.time.TestMinutes" time="0"/>
  <testcase name="testIsLessThan" classname="org.joda.time.TestMinutes" time="0"/>
  <testcase name="testPlus_int" classname="org.joda.time.TestMinutes" time="0"/>
  <testcase name="testFactory_minutes_int" classname="org.joda.time.TestMinutes" time="0.001"/>
  <testcase name="testFactory_minutesBetween_RInstant" classname="org.joda.time.TestMinutes" time="0"/>
  <testcase name="testFactory_minutesBetween_RPartial" classname="org.joda.time.TestMinutes" time="0"/>
  <testcase name="testMinus_int" classname="org.joda.time.TestMinutes" time="0"/>
  <testcase name="testMultipliedBy_int" classname="org.joda.time.TestMinutes" time="0"/>
  <testcase name="testDividedBy_int" classname="org.joda.time.TestMinutes" time="0"/>
  <testcase name="testAddToLocalDate" classname="org.joda.time.TestMinutes" time="0.001"/>
  <testcase name="testToString" classname="org.joda.time.TestSeconds" time="0"/>
  <testcase name="testGetMethods" classname="org.joda.time.TestSeconds" time="0"/>
  <testcase name="testSerialization" classname="org.joda.time.TestSeconds" time="0.001"/>
  <testcase name="testNegated" classname="org.joda.time.TestSeconds" time="0"/>
  <testcase name="testToStandardWeeks" classname="org.joda.time.TestSeconds" time="0"/>
  <testcase name="testToStandardDuration" classname="org.joda.time.TestSeconds" time="0"/>
  <testcase name="testGetPeriodType" classname="org.joda.time.TestSeconds" time="0"/>
  <testcase name="testConstants" classname="org.joda.time.TestSeconds" time="0"/>
  <testcase name="testToStandardDays" classname="org.joda.time.TestSeconds" time="0"/>
  <testcase name="testToStandardHours" classname="org.joda.time.TestSeconds" time="0"/>
  <testcase name="testToStandardMinutes" classname="org.joda.time.TestSeconds" time="0"/>
  <testcase name="testFactory_seconds_int" classname="org.joda.time.TestSeconds" time="0.001"/>
  <testcase name="testFactory_secondsBetween_RInstant" classname="org.joda.time.TestSeconds" time="0"/>
  <testcase name="testFactory_standardSecondsIn_RPeriod" classname="org.joda.time.TestSeconds" time="0"/>
  <testcase name="testMinus_Seconds" classname="org.joda.time.TestSeconds" time="0"/>
  <testcase name="testFactory_secondsIn_RInterval" classname="org.joda.time.TestSeconds" time="0"/>
  <testcase name="testFactory_parseSeconds_String" classname="org.joda.time.TestSeconds" time="0.001"/>
  <testcase name="testFactory_secondsBetween_RPartial" classname="org.joda.time.TestSeconds" time="0"/>
  <testcase name="testPlus_Seconds" classname="org.joda.time.TestSeconds" time="0"/>
  <testcase name="testGetFieldType" classname="org.joda.time.TestSeconds" time="0"/>
  <testcase name="testIsGreaterThan" classname="org.joda.time.TestSeconds" time="0"/>
  <testcase name="testIsLessThan" classname="org.joda.time.TestSeconds" time="0"/>
  <testcase name="testPlus_int" classname="org.joda.time.TestSeconds" time="0"/>
  <testcase name="testMinus_int" classname="org.joda.time.TestSeconds" time="0"/>
  <testcase name="testMultipliedBy_int" classname="org.joda.time.TestSeconds" time="0"/>
  <testcase name="testDividedBy_int" classname="org.joda.time.TestSeconds" time="0.001"/>
  <testcase name="testAddToLocalDate" classname="org.joda.time.TestSeconds" time="0"/>
  <testcase name="testToString" classname="org.joda.time.TestTimeOfDay_Basics" time="0"/>
  <testcase name="testMinusHours_int" classname="org.joda.time.TestTimeOfDay_Basics" time="0"/>
  <testcase name="testMinusMinutes_int" classname="org.joda.time.TestTimeOfDay_Basics" time="0"/>
  <testcase name="testMinusSeconds_int" classname="org.joda.time.TestTimeOfDay_Basics" time="0.001"/>
  <testcase name="testMinusMillis_int" classname="org.joda.time.TestTimeOfDay_Basics" time="0"/>
  <testcase name="testEqualsHashCode" classname="org.joda.time.TestTimeOfDay_Basics" time="0"/>
  <testcase name="testCompareTo" classname="org.joda.time.TestTimeOfDay_Basics" time="0.001"/>
  <testcase name="testSerialization" classname="org.joda.time.TestTimeOfDay_Basics" time="0.003"/>
  <testcase name="testWithers" classname="org.joda.time.TestTimeOfDay_Basics" time="0"/>
  <testcase name="testToString_String" classname="org.joda.time.TestTimeOfDay_Basics" time="0"/>
  <testcase name="testToString_String_Locale" classname="org.joda.time.TestTimeOfDay_Basics" time="0"/>
  <testcase name="testToString_DTFormatter" classname="org.joda.time.TestTimeOfDay_Basics" time="0"/>
  <testcase name="testToLocalTime" classname="org.joda.time.TestTimeOfDay_Basics" time="0"/>
  <testcase name="testWithField1" classname="org.joda.time.TestTimeOfDay_Basics" time="0"/>
  <testcase name="testWithField2" classname="org.joda.time.TestTimeOfDay_Basics" time="0"/>
  <testcase name="testWithFieldAdded1" classname="org.joda.time.TestTimeOfDay_Basics" time="0"/>
  <testcase name="testWithFieldAdded2" classname="org.joda.time.TestTimeOfDay_Basics" time="0"/>
  <testcase name="testWithFieldAdded3" classname="org.joda.time.TestTimeOfDay_Basics" time="0"/>
  <testcase name="testWithFieldAdded4" classname="org.joda.time.TestTimeOfDay_Basics" time="0"/>
  <testcase name="testPlus_RP" classname="org.joda.time.TestTimeOfDay_Basics" time="0"/>
  <testcase name="testPlusHours_int" classname="org.joda.time.TestTimeOfDay_Basics" time="0.001"/>
  <testcase name="testPlusMinutes_int" classname="org.joda.time.TestTimeOfDay_Basics" time="0"/>
  <testcase name="testPlusSeconds_int" classname="org.joda.time.TestTimeOfDay_Basics" time="0"/>
  <testcase name="testPlusMillis_int" classname="org.joda.time.TestTimeOfDay_Basics" time="0"/>
  <testcase name="testMinus_RP" classname="org.joda.time.TestTimeOfDay_Basics" time="0"/>
  <testcase name="testProperty" classname="org.joda.time.TestTimeOfDay_Basics" time="0.002"/>
  <testcase name="testWithField3" classname="org.joda.time.TestTimeOfDay_Basics" time="0"/>
  <testcase name="testWithField4" classname="org.joda.time.TestTimeOfDay_Basics" time="0"/>
  <testcase name="testIsSupported" classname="org.joda.time.TestTimeOfDay_Basics" time="0"/>
  <testcase name="testGet" classname="org.joda.time.TestTimeOfDay_Basics" time="0"/>
  <testcase name="testToDateTimeToday_Zone" classname="org.joda.time.TestTimeOfDay_Basics" time="0"/>
  <testcase name="testToDateTimeToday_nullZone" classname="org.joda.time.TestTimeOfDay_Basics" time="0"/>
  <testcase name="testSize" classname="org.joda.time.TestTimeOfDay_Basics" time="0"/>
  <testcase name="testGetFieldTypes" classname="org.joda.time.TestTimeOfDay_Basics" time="0.001"/>
  <testcase name="testGetFields" classname="org.joda.time.TestTimeOfDay_Basics" time="0"/>
  <testcase name="testGetValues" classname="org.joda.time.TestTimeOfDay_Basics" time="0"/>
  <testcase name="testToDateTime_RI" classname="org.joda.time.TestTimeOfDay_Basics" time="0"/>
  <testcase name="testToDateTime_nullRI" classname="org.joda.time.TestTimeOfDay_Basics" time="0"/>
  <testcase name="testGetField" classname="org.joda.time.TestTimeOfDay_Basics" time="0"/>
  <testcase name="testGetValue" classname="org.joda.time.TestTimeOfDay_Basics" time="0.001"/>
  <testcase name="testIsEqual_TOD" classname="org.joda.time.TestTimeOfDay_Basics" time="0"/>
  <testcase name="testIsBefore_TOD" classname="org.joda.time.TestTimeOfDay_Basics" time="0"/>
  <testcase name="testIsAfter_TOD" classname="org.joda.time.TestTimeOfDay_Basics" time="0"/>
  <testcase name="testWithChronologyRetainFields_Chrono" classname="org.joda.time.TestTimeOfDay_Basics" time="0"/>
  <testcase name="testWithChronologyRetainFields_sameChrono" classname="org.joda.time.TestTimeOfDay_Basics" time="0"/>
  <testcase name="testWithChronologyRetainFields_nullChrono" classname="org.joda.time.TestTimeOfDay_Basics" time="0"/>
  <testcase name="testWithFieldAdded5" classname="org.joda.time.TestTimeOfDay_Basics" time="0"/>
  <testcase name="testWithFieldAdded6" classname="org.joda.time.TestTimeOfDay_Basics" time="0.001"/>
  <testcase name="testWithFieldAdded7" classname="org.joda.time.TestTimeOfDay_Basics" time="0"/>
  <testcase name="testWithFieldAdded8" classname="org.joda.time.TestTimeOfDay_Basics" time="0"/>
  <testcase name="testToDateTimeToday" classname="org.joda.time.TestTimeOfDay_Basics" time="0"/>
  <testcase name="testGetFieldType" classname="org.joda.time.TestTimeOfDay_Basics" time="0"/>
  <testcase name="testConstructor" classname="org.joda.time.TestTimeOfDay_Constructors" time="0"/>
  <testcase name="testConstructor_long_nullChronology" classname="org.joda.time.TestTimeOfDay_Constructors" time="0"/>
  <testcase name="testConstructor_ObjectString1" classname="org.joda.time.TestTimeOfDay_Constructors" time="0.001"/>
  <testcase name="testConstructor_ObjectString2" classname="org.joda.time.TestTimeOfDay_Constructors" time="0"/>
  <testcase name="testConstructor_ObjectString3" classname="org.joda.time.TestTimeOfDay_Constructors" time="0"/>
  <testcase name="testConstructor_ObjectString4" classname="org.joda.time.TestTimeOfDay_Constructors" time="0"/>
  <testcase name="testConstructor_ObjectString5" classname="org.joda.time.TestTimeOfDay_Constructors" time="0"/>
  <testcase name="testConstructor_ObjectString6" classname="org.joda.time.TestTimeOfDay_Constructors" time="0"/>
  <testcase name="testConstructor_ObjectStringEx1" classname="org.joda.time.TestTimeOfDay_Constructors" time="0.001"/>
  <testcase name="testConstructor_ObjectStringEx2" classname="org.joda.time.TestTimeOfDay_Constructors" time="0"/>
  <testcase name="testConstructor_Object_Chronology" classname="org.joda.time.TestTimeOfDay_Constructors" time="0"/>
  <testcase name="testConstructor_nullObject_Chronology" classname="org.joda.time.TestTimeOfDay_Constructors" time="0"/>
  <testcase name="testConstructor_Object_nullChronology" classname="org.joda.time.TestTimeOfDay_Constructors" time="0"/>
  <testcase name="testConstructor_nullObject_nullChronology" classname="org.joda.time.TestTimeOfDay_Constructors" time="0"/>
  <testcase name="testConstructor_DateTimeZone" classname="org.joda.time.TestTimeOfDay_Constructors" time="0"/>
  <testcase name="testConstructor_nullDateTimeZone" classname="org.joda.time.TestTimeOfDay_Constructors" time="0"/>
  <testcase name="testConstructor_Chronology" classname="org.joda.time.TestTimeOfDay_Constructors" time="0"/>
  <testcase name="testConstructor_nullChronology" classname="org.joda.time.TestTimeOfDay_Constructors" time="0"/>
  <testcase name="testConstructor_long1_Chronology" classname="org.joda.time.TestTimeOfDay_Constructors" time="0"/>
  <testcase name="testConstructor_long2_Chronology" classname="org.joda.time.TestTimeOfDay_Constructors" time="0"/>
  <testcase name="testConstructor_long1" classname="org.joda.time.TestTimeOfDay_Constructors" time="0.001"/>
  <testcase name="testConstructor_long2" classname="org.joda.time.TestTimeOfDay_Constructors" time="0"/>
  <testcase name="testConstructor_nullObject" classname="org.joda.time.TestTimeOfDay_Constructors" time="0"/>
  <testcase name="testConstructor_ObjectStringEx3" classname="org.joda.time.TestTimeOfDay_Constructors" time="0"/>
  <testcase name="testConstructor_ObjectStringEx4" classname="org.joda.time.TestTimeOfDay_Constructors" time="0"/>
  <testcase name="testConstantMidnight" classname="org.joda.time.TestTimeOfDay_Constructors" time="0"/>
  <testcase name="testFactory_FromDateFields_after1970" classname="org.joda.time.TestTimeOfDay_Constructors" time="0"/>
  <testcase name="testFactory_FromDateFields_before1970" classname="org.joda.time.TestTimeOfDay_Constructors" time="0.001"/>
  <testcase name="testFactory_FromDateFields_null" classname="org.joda.time.TestTimeOfDay_Constructors" time="0"/>
  <testcase name="testFactoryMillisOfDay_long_nullChronology" classname="org.joda.time.TestTimeOfDay_Constructors" time="0"/>
  <testcase name="testConstructor_int_int" classname="org.joda.time.TestTimeOfDay_Constructors" time="0"/>
  <testcase name="testConstructor_int_int_int_int" classname="org.joda.time.TestTimeOfDay_Constructors" time="0"/>
  <testcase name="testConstructor_int_int_int_int_Chronology" classname="org.joda.time.TestTimeOfDay_Constructors" time="0"/>
  <testcase name="testConstructor_int_int_int_int_nullChronology" classname="org.joda.time.TestTimeOfDay_Constructors" time="0.001"/>
  <testcase name="testConstructor_Object1" classname="org.joda.time.TestTimeOfDay_Constructors" time="0"/>
  <testcase name="testConstructor_Object2" classname="org.joda.time.TestTimeOfDay_Constructors" time="0"/>
  <testcase name="testConstructor_int_int_int" classname="org.joda.time.TestTimeOfDay_Constructors" time="0"/>
  <testcase name="testConstructor_int_int_int_Chronology" classname="org.joda.time.TestTimeOfDay_Constructors" time="0"/>
  <testcase name="testConstructor_int_int_int_nullChronology" classname="org.joda.time.TestTimeOfDay_Constructors" time="0"/>
  <testcase name="testFactory_FromCalendarFields" classname="org.joda.time.TestTimeOfDay_Constructors" time="0.001"/>
  <testcase name="testFactoryMillisOfDay_long1" classname="org.joda.time.TestTimeOfDay_Constructors" time="0"/>
  <testcase name="testFactoryMillisOfDay_long1_Chronology" classname="org.joda.time.TestTimeOfDay_Constructors" time="0"/>
  <testcase name="testConstructor_todObject" classname="org.joda.time.TestTimeOfDay_Constructors" time="0"/>
  <testcase name="testConstructor2_Object_Chronology" classname="org.joda.time.TestTimeOfDay_Constructors" time="0"/>
  <testcase name="testConstructor_int_int_Chronology" classname="org.joda.time.TestTimeOfDay_Constructors" time="0"/>
  <testcase name="testConstructor_int_int_nullChronology" classname="org.joda.time.TestTimeOfDay_Constructors" time="0"/>
  <testcase name="testPropertyGetMaxMinValuesSecond" classname="org.joda.time.TestTimeOfDay_Properties" time="0"/>
  <testcase name="testPropertySetSecond" classname="org.joda.time.TestTimeOfDay_Properties" time="0.001"/>
  <testcase name="testPropertySetTextSecond" classname="org.joda.time.TestTimeOfDay_Properties" time="0"/>
  <testcase name="testPropertyCompareToSecond" classname="org.joda.time.TestTimeOfDay_Properties" time="0"/>
  <testcase name="testPropertyGetMilli" classname="org.joda.time.TestTimeOfDay_Properties" time="0"/>
  <testcase name="testPropertyGetMaxMinValuesMilli" classname="org.joda.time.TestTimeOfDay_Properties" time="0"/>
  <testcase name="testPropertySetMilli" classname="org.joda.time.TestTimeOfDay_Properties" time="0"/>
  <testcase name="testPropertySetTextMilli" classname="org.joda.time.TestTimeOfDay_Properties" time="0"/>
  <testcase name="testPropertyCompareToMilli" classname="org.joda.time.TestTimeOfDay_Properties" time="0.001"/>
  <testcase name="testPropertyGetHour" classname="org.joda.time.TestTimeOfDay_Properties" time="0"/>
  <testcase name="testPropertyGetMaxMinValuesHour" classname="org.joda.time.TestTimeOfDay_Properties" time="0"/>
  <testcase name="testPropertySetHour" classname="org.joda.time.TestTimeOfDay_Properties" time="0"/>
  <testcase name="testPropertySetTextHour" classname="org.joda.time.TestTimeOfDay_Properties" time="0"/>
  <testcase name="testPropertyWithMaximumValueHour" classname="org.joda.time.TestTimeOfDay_Properties" time="0"/>
  <testcase name="testPropertyWithMinimumValueHour" classname="org.joda.time.TestTimeOfDay_Properties" time="0"/>
  <testcase name="testPropertyCompareToHour" classname="org.joda.time.TestTimeOfDay_Properties" time="0"/>
  <testcase name="testPropertyGetMinute" classname="org.joda.time.TestTimeOfDay_Properties" time="0"/>
  <testcase name="testPropertyGetMaxMinValuesMinute" classname="org.joda.time.TestTimeOfDay_Properties" time="0.001"/>
  <testcase name="testPropertySetMinute" classname="org.joda.time.TestTimeOfDay_Properties" time="0"/>
  <testcase name="testPropertySetTextMinute" classname="org.joda.time.TestTimeOfDay_Properties" time="0"/>
  <testcase name="testPropertyCompareToMinute" classname="org.joda.time.TestTimeOfDay_Properties" time="0"/>
  <testcase name="testPropertyGetSecond" classname="org.joda.time.TestTimeOfDay_Properties" time="0"/>
  <testcase name="testPropertyAddWrapFieldSecond" classname="org.joda.time.TestTimeOfDay_Properties" time="0"/>
  <testcase name="testPropertyAddMilli" classname="org.joda.time.TestTimeOfDay_Properties" time="0.058"/>
  <testcase name="testPropertyAddNoWrapMilli" classname="org.joda.time.TestTimeOfDay_Properties" time="0.143"/>
  <testcase name="testPropertyAddWrapFieldMilli" classname="org.joda.time.TestTimeOfDay_Properties" time="0"/>
  <testcase name="testPropertyAddNoWrapHour" classname="org.joda.time.TestTimeOfDay_Properties" time="0"/>
  <testcase name="testPropertyAddWrapFieldHour" classname="org.joda.time.TestTimeOfDay_Properties" time="0"/>
  <testcase name="testPropertyAddMinute" classname="org.joda.time.TestTimeOfDay_Properties" time="0.001"/>
  <testcase name="testPropertyAddNoWrapMinute" classname="org.joda.time.TestTimeOfDay_Properties" time="0"/>
  <testcase name="testPropertyAddWrapFieldMinute" classname="org.joda.time.TestTimeOfDay_Properties" time="0"/>
  <testcase name="testPropertyAddSecond" classname="org.joda.time.TestTimeOfDay_Properties" time="0.004"/>
  <testcase name="testPropertyAddNoWrapSecond" classname="org.joda.time.TestTimeOfDay_Properties" time="0"/>
  <testcase name="testPropertyAddHour" classname="org.joda.time.TestTimeOfDay_Properties" time="0"/>
  <testcase name="testToString" classname="org.joda.time.TestYearMonthDay_Basics" time="0"/>
  <testcase name="testMinusDays_int" classname="org.joda.time.TestYearMonthDay_Basics" time="0"/>
  <testcase name="testEqualsHashCode" classname="org.joda.time.TestYearMonthDay_Basics" time="0.001"/>
  <testcase name="testCompareTo" classname="org.joda.time.TestYearMonthDay_Basics" time="0"/>
  <testcase name="testSerialization" classname="org.joda.time.TestYearMonthDay_Basics" time="0.002"/>
  <testcase name="testWithers" classname="org.joda.time.TestYearMonthDay_Basics" time="0.001"/>
  <testcase name="testToString_String" classname="org.joda.time.TestYearMonthDay_Basics" time="0"/>
  <testcase name="testToString_String_Locale" classname="org.joda.time.TestYearMonthDay_Basics" time="0"/>
  <testcase name="testToString_DTFormatter" classname="org.joda.time.TestYearMonthDay_Basics" time="0"/>
  <testcase name="testToDateMidnight" classname="org.joda.time.TestYearMonthDay_Basics" time="0"/>
  <testcase name="testToLocalDate" classname="org.joda.time.TestYearMonthDay_Basics" time="0"/>
  <testcase name="testWithField1" classname="org.joda.time.TestYearMonthDay_Basics" time="0.001"/>
  <testcase name="testWithField2" classname="org.joda.time.TestYearMonthDay_Basics" time="0"/>
  <testcase name="testWithFieldAdded1" classname="org.joda.time.TestYearMonthDay_Basics" time="0"/>
  <testcase name="testWithFieldAdded2" classname="org.joda.time.TestYearMonthDay_Basics" time="0"/>
  <testcase name="testWithFieldAdded3" classname="org.joda.time.TestYearMonthDay_Basics" time="0"/>
  <testcase name="testWithFieldAdded4" classname="org.joda.time.TestYearMonthDay_Basics" time="0"/>
  <testcase name="testPlus_RP" classname="org.joda.time.TestYearMonthDay_Basics" time="0"/>
  <testcase name="testPlusYears_int" classname="org.joda.time.TestYearMonthDay_Basics" time="0.001"/>
  <testcase name="testPlusMonths_int" classname="org.joda.time.TestYearMonthDay_Basics" time="0"/>
  <testcase name="testPlusDays_int" classname="org.joda.time.TestYearMonthDay_Basics" time="0"/>
  <testcase name="testMinus_RP" classname="org.joda.time.TestYearMonthDay_Basics" time="0"/>
  <testcase name="testMinusYears_int" classname="org.joda.time.TestYearMonthDay_Basics" time="0"/>
  <testcase name="testMinusMonths_int" classname="org.joda.time.TestYearMonthDay_Basics" time="0"/>
  <testcase name="testProperty" classname="org.joda.time.TestYearMonthDay_Basics" time="0.001"/>
  <testcase name="testWithField3" classname="org.joda.time.TestYearMonthDay_Basics" time="0"/>
  <testcase name="testWithField4" classname="org.joda.time.TestYearMonthDay_Basics" time="0"/>
  <testcase name="testToDateMidnight_Zone" classname="org.joda.time.TestYearMonthDay_Basics" time="0"/>
  <testcase name="testToDateMidnight_nullZone" classname="org.joda.time.TestYearMonthDay_Basics" time="0"/>
  <testcase name="testToInterval_Zone" classname="org.joda.time.TestYearMonthDay_Basics" time="0.001"/>
  <testcase name="testToInterval_nullZone" classname="org.joda.time.TestYearMonthDay_Basics" time="0"/>
  <testcase name="testIsSupported" classname="org.joda.time.TestYearMonthDay_Basics" time="0"/>
  <testcase name="testGet" classname="org.joda.time.TestYearMonthDay_Basics" time="0"/>
  <testcase name="testToDateTimeAtMidnight" classname="org.joda.time.TestYearMonthDay_Basics" time="0"/>
  <testcase name="testToDateTimeAtMidnight_Zone" classname="org.joda.time.TestYearMonthDay_Basics" time="0"/>
  <testcase name="testToDateTimeAtMidnight_nullZone" classname="org.joda.time.TestYearMonthDay_Basics" time="0"/>
  <testcase name="testToDateTimeAtCurrentTime" classname="org.joda.time.TestYearMonthDay_Basics" time="0.001"/>
  <testcase name="testToDateTimeAtCurrentTime_Zone" classname="org.joda.time.TestYearMonthDay_Basics" time="0"/>
  <testcase name="testToDateTimeAtCurrentTime_nullZone" classname="org.joda.time.TestYearMonthDay_Basics" time="0"/>
  <testcase name="testSize" classname="org.joda.time.TestYearMonthDay_Basics" time="0"/>
  <testcase name="testGetFieldTypes" classname="org.joda.time.TestYearMonthDay_Basics" time="0"/>
  <testcase name="testGetFields" classname="org.joda.time.TestYearMonthDay_Basics" time="0"/>
  <testcase name="testGetValues" classname="org.joda.time.TestYearMonthDay_Basics" time="0"/>
  <testcase name="testToDateTime_RI" classname="org.joda.time.TestYearMonthDay_Basics" time="0.001"/>
  <testcase name="testToDateTime_nullRI" classname="org.joda.time.TestYearMonthDay_Basics" time="0"/>
  <testcase name="testToInterval" classname="org.joda.time.TestYearMonthDay_Basics" time="0"/>
  <testcase name="testGetField" classname="org.joda.time.TestYearMonthDay_Basics" time="0"/>
  <testcase name="testGetValue" classname="org.joda.time.TestYearMonthDay_Basics" time="0"/>
  <testcase name="testWithChronologyRetainFields_Chrono" classname="org.joda.time.TestYearMonthDay_Basics" time="0"/>
  <testcase name="testWithChronologyRetainFields_sameChrono" classname="org.joda.time.TestYearMonthDay_Basics" time="0"/>
  <testcase name="testWithChronologyRetainFields_nullChrono" classname="org.joda.time.TestYearMonthDay_Basics" time="0.001"/>
  <testcase name="testWithFieldAdded5" classname="org.joda.time.TestYearMonthDay_Basics" time="0"/>
  <testcase name="testIsAfter_YMD" classname="org.joda.time.TestYearMonthDay_Basics" time="0"/>
  <testcase name="testIsEqual_YMD" classname="org.joda.time.TestYearMonthDay_Basics" time="0"/>
  <testcase name="testWithChronologyRetainFields_invalidInNewChrono" classname="org.joda.time.TestYearMonthDay_Basics" time="0"/>
  <testcase name="testToDateTime_TOD" classname="org.joda.time.TestYearMonthDay_Basics" time="0"/>
  <testcase name="testToDateTime_nullTOD" classname="org.joda.time.TestYearMonthDay_Basics" time="0"/>
  <testcase name="testToDateTime_TOD_Zone" classname="org.joda.time.TestYearMonthDay_Basics" time="0.001"/>
  <testcase name="testIsBefore_YMD" classname="org.joda.time.TestYearMonthDay_Basics" time="0"/>
  <testcase name="testToDateTime_TOD_nullZone" classname="org.joda.time.TestYearMonthDay_Basics" time="0"/>
  <testcase name="testToDateTime_nullTOD_Zone" classname="org.joda.time.TestYearMonthDay_Basics" time="0"/>
  <testcase name="testGetFieldType" classname="org.joda.time.TestYearMonthDay_Basics" time="0"/>
  <testcase name="testConstructor" classname="org.joda.time.TestYearMonthDay_Constructors" time="0"/>
  <testcase name="testConstructor_long_nullChronology" classname="org.joda.time.TestYearMonthDay_Constructors" time="0"/>
  <testcase name="testConstructor_ObjectString1" classname="org.joda.time.TestYearMonthDay_Constructors" time="0.001"/>
  <testcase name="testConstructor_ObjectString2" classname="org.joda.time.TestYearMonthDay_Constructors" time="0"/>
  <testcase name="testConstructor_ObjectString3" classname="org.joda.time.TestYearMonthDay_Constructors" time="0"/>
  <testcase name="testConstructor_ObjectString4" classname="org.joda.time.TestYearMonthDay_Constructors" time="0.001"/>
  <testcase name="testConstructor_ObjectString5" classname="org.joda.time.TestYearMonthDay_Constructors" time="0.002"/>
  <testcase name="testConstructor_ObjectStringEx1" classname="org.joda.time.TestYearMonthDay_Constructors" time="0"/>
  <testcase name="testConstructor_ObjectStringEx2" classname="org.joda.time.TestYearMonthDay_Constructors" time="0"/>
  <testcase name="testConstructor_Object_Chronology" classname="org.joda.time.TestYearMonthDay_Constructors" time="0"/>
  <testcase name="testConstructor_nullObject_Chronology" classname="org.joda.time.TestYearMonthDay_Constructors" time="0"/>
  <testcase name="testConstructor_Object_nullChronology" classname="org.joda.time.TestYearMonthDay_Constructors" time="0"/>
  <testcase name="testConstructor_nullObject_nullChronology" classname="org.joda.time.TestYearMonthDay_Constructors" time="0"/>
  <testcase name="testConstructor_DateTimeZone" classname="org.joda.time.TestYearMonthDay_Constructors" time="0"/>
  <testcase name="testConstructor_nullDateTimeZone" classname="org.joda.time.TestYearMonthDay_Constructors" time="0"/>
  <testcase name="testConstructor_Chronology" classname="org.joda.time.TestYearMonthDay_Constructors" time="0"/>
  <testcase name="testConstructor_nullChronology" classname="org.joda.time.TestYearMonthDay_Constructors" time="0"/>
  <testcase name="testConstructor_long1_Chronology" classname="org.joda.time.TestYearMonthDay_Constructors" time="0"/>
  <testcase name="testConstructor_long2_Chronology" classname="org.joda.time.TestYearMonthDay_Constructors" time="0"/>
  <testcase name="testConstructor_long1" classname="org.joda.time.TestYearMonthDay_Constructors" time="0"/>
  <testcase name="testConstructor_long2" classname="org.joda.time.TestYearMonthDay_Constructors" time="0"/>
  <testcase name="testConstructor_Object" classname="org.joda.time.TestYearMonthDay_Constructors" time="0"/>
  <testcase name="testConstructor_nullObject" classname="org.joda.time.TestYearMonthDay_Constructors" time="0"/>
  <testcase name="testConstructor_ObjectStringEx3" classname="org.joda.time.TestYearMonthDay_Constructors" time="0"/>
  <testcase name="testConstructor_ObjectStringEx4" classname="org.joda.time.TestYearMonthDay_Constructors" time="0"/>
  <testcase name="testConstructor_int_int_int" classname="org.joda.time.TestYearMonthDay_Constructors" time="0"/>
  <testcase name="testConstructor_int_int_int_Chronology" classname="org.joda.time.TestYearMonthDay_Constructors" time="0.005"/>
  <testcase name="testConstructor_int_int_int_nullChronology" classname="org.joda.time.TestYearMonthDay_Constructors" time="0"/>
  <testcase name="testFactory_FromCalendarFields" classname="org.joda.time.TestYearMonthDay_Constructors" time="0"/>
  <testcase name="testFactory_FromDateFields" classname="org.joda.time.TestYearMonthDay_Constructors" time="0"/>
  <testcase name="testPropertyWithMaximumValueDayOfMonth" classname="org.joda.time.TestYearMonthDay_Properties" time="0"/>
  <testcase name="testPropertyWithMinimumValueDayOfMonth" classname="org.joda.time.TestYearMonthDay_Properties" time="0"/>
  <testcase name="testPropertyEqualsHashCodeLenient" classname="org.joda.time.TestYearMonthDay_Properties" time="0"/>
  <testcase name="testPropertyEqualsHashCodeStrict" classname="org.joda.time.TestYearMonthDay_Properties" time="0"/>
  <testcase name="testPropertyGetMaxMinValuesYear" classname="org.joda.time.TestYearMonthDay_Properties" time="0"/>
  <testcase name="testPropertyGetMonth" classname="org.joda.time.TestYearMonthDay_Properties" time="0"/>
  <testcase name="testPropertyGetMaxMinValuesMonth" classname="org.joda.time.TestYearMonthDay_Properties" time="0"/>
  <testcase name="testPropertyCompareToMonth" classname="org.joda.time.TestYearMonthDay_Properties" time="0"/>
  <testcase name="testPropertyGetDay" classname="org.joda.time.TestYearMonthDay_Properties" time="0"/>
  <testcase name="testPropertyGetMaxMinValuesDay" classname="org.joda.time.TestYearMonthDay_Properties" time="0"/>
  <testcase name="testPropertyCompareToDay" classname="org.joda.time.TestYearMonthDay_Properties" time="0"/>
  <testcase name="testPropertyEquals" classname="org.joda.time.TestYearMonthDay_Properties" time="0"/>
  <testcase name="testPropertyHashCode" classname="org.joda.time.TestYearMonthDay_Properties" time="0"/>
  <testcase name="testPropertyGetYear" classname="org.joda.time.TestYearMonthDay_Properties" time="0"/>
  <testcase name="testPropertyAddYear" classname="org.joda.time.TestYearMonthDay_Properties" time="0"/>
  <testcase name="testPropertyAddWrapFieldYear" classname="org.joda.time.TestYearMonthDay_Properties" time="0"/>
  <testcase name="testPropertySetYear" classname="org.joda.time.TestYearMonthDay_Properties" time="0.001"/>
  <testcase name="testPropertySetTextYear" classname="org.joda.time.TestYearMonthDay_Properties" time="0"/>
  <testcase name="testPropertyCompareToYear" classname="org.joda.time.TestYearMonthDay_Properties" time="0"/>
  <testcase name="testPropertySetMonth" classname="org.joda.time.TestYearMonthDay_Properties" time="0"/>
  <testcase name="testPropertySetTextMonth" classname="org.joda.time.TestYearMonthDay_Properties" time="0"/>
  <testcase name="testPropertyAddDay" classname="org.joda.time.TestYearMonthDay_Properties" time="0"/>
  <testcase name="testPropertyAddWrapFieldDay" classname="org.joda.time.TestYearMonthDay_Properties" time="0"/>
  <testcase name="testPropertySetDay" classname="org.joda.time.TestYearMonthDay_Properties" time="0"/>
  <testcase name="testPropertySetTextDay" classname="org.joda.time.TestYearMonthDay_Properties" time="0"/>
  <testcase name="testPropertyAddMonth" classname="org.joda.time.TestYearMonthDay_Properties" time="0"/>
  <testcase name="testPropertyAddWrapFieldMonth" classname="org.joda.time.TestYearMonthDay_Properties" time="0"/>
  <testcase name="testToString" classname="org.joda.time.TestYearMonth_Basics" time="0"/>
  <testcase name="testEqualsHashCode" classname="org.joda.time.TestYearMonth_Basics" time="0"/>
  <testcase name="testCompareTo" classname="org.joda.time.TestYearMonth_Basics" time="0"/>
  <testcase name="testSerialization" classname="org.joda.time.TestYearMonth_Basics" time="0.002"/>
  <testcase name="testWithers" classname="org.joda.time.TestYearMonth_Basics" time="0"/>
  <testcase name="testToString_String" classname="org.joda.time.TestYearMonth_Basics" time="0"/>
  <testcase name="testToString_String_Locale" classname="org.joda.time.TestYearMonth_Basics" time="0.001"/>
  <testcase name="testToString_DTFormatter" classname="org.joda.time.TestYearMonth_Basics" time="0"/>
  <testcase name="testToLocalDate" classname="org.joda.time.TestYearMonth_Basics" time="0"/>
  <testcase name="testPlus_RP" classname="org.joda.time.TestYearMonth_Basics" time="0"/>
  <testcase name="testPlusYears_int" classname="org.joda.time.TestYearMonth_Basics" time="0"/>
  <testcase name="testPlusMonths_int" classname="org.joda.time.TestYearMonth_Basics" time="0"/>
  <testcase name="testMinus_RP" classname="org.joda.time.TestYearMonth_Basics" time="0"/>
  <testcase name="testMinusYears_int" classname="org.joda.time.TestYearMonth_Basics" time="0.001"/>
  <testcase name="testMinusMonths_int" classname="org.joda.time.TestYearMonth_Basics" time="0"/>
  <testcase name="testProperty" classname="org.joda.time.TestYearMonth_Basics" time="0"/>
  <testcase name="testToInterval_Zone" classname="org.joda.time.TestYearMonth_Basics" time="0.001"/>
  <testcase name="testToInterval_nullZone" classname="org.joda.time.TestYearMonth_Basics" time="0"/>
  <testcase name="testIsSupported" classname="org.joda.time.TestYearMonth_Basics" time="0"/>
  <testcase name="testGet" classname="org.joda.time.TestYearMonth_Basics" time="0"/>
  <testcase name="testSize" classname="org.joda.time.TestYearMonth_Basics" time="0"/>
  <testcase name="testGetFieldTypes" classname="org.joda.time.TestYearMonth_Basics" time="0"/>
  <testcase name="testGetFields" classname="org.joda.time.TestYearMonth_Basics" time="0.001"/>
  <testcase name="testGetValues" classname="org.joda.time.TestYearMonth_Basics" time="0"/>
  <testcase name="testToDateTime_RI" classname="org.joda.time.TestYearMonth_Basics" time="0"/>
  <testcase name="testToDateTime_nullRI" classname="org.joda.time.TestYearMonth_Basics" time="0"/>
  <testcase name="testToInterval" classname="org.joda.time.TestYearMonth_Basics" time="0"/>
  <testcase name="testGetField" classname="org.joda.time.TestYearMonth_Basics" time="0"/>
  <testcase name="testGetValue" classname="org.joda.time.TestYearMonth_Basics" time="0"/>
  <testcase name="testWithChronologyRetainFields_Chrono" classname="org.joda.time.TestYearMonth_Basics" time="0"/>
  <testcase name="testWithChronologyRetainFields_sameChrono" classname="org.joda.time.TestYearMonth_Basics" time="0"/>
  <testcase name="testWithChronologyRetainFields_nullChrono" classname="org.joda.time.TestYearMonth_Basics" time="0.001"/>
  <testcase name="testWithChronologyRetainFields_invalidInNewChrono" classname="org.joda.time.TestYearMonth_Basics" time="0"/>
  <testcase name="testIsEqual_YM" classname="org.joda.time.TestYearMonth_Basics" time="0"/>
  <testcase name="testIsBefore_YM" classname="org.joda.time.TestYearMonth_Basics" time="0"/>
  <testcase name="testIsAfter_YM" classname="org.joda.time.TestYearMonth_Basics" time="0"/>
  <testcase name="testWithField" classname="org.joda.time.TestYearMonth_Basics" time="0"/>
  <testcase name="testWithField_nullField" classname="org.joda.time.TestYearMonth_Basics" time="0"/>
  <testcase name="testWithField_unknownField" classname="org.joda.time.TestYearMonth_Basics" time="0"/>
  <testcase name="testWithField_same" classname="org.joda.time.TestYearMonth_Basics" time="0"/>
  <testcase name="testWithFieldAdded" classname="org.joda.time.TestYearMonth_Basics" time="0.001"/>
  <testcase name="testWithFieldAdded_nullField_zero" classname="org.joda.time.TestYearMonth_Basics" time="0"/>
  <testcase name="testWithFieldAdded_nullField_nonZero" classname="org.joda.time.TestYearMonth_Basics" time="0"/>
  <testcase name="testWithFieldAdded_zero" classname="org.joda.time.TestYearMonth_Basics" time="0"/>
  <testcase name="testWithFieldAdded_unknownField" classname="org.joda.time.TestYearMonth_Basics" time="0"/>
  <testcase name="testGetFieldType" classname="org.joda.time.TestYearMonth_Basics" time="0"/>
  <testcase name="testConstructor" classname="org.joda.time.TestYearMonth_Constructors" time="0"/>
  <testcase name="testConstructor_long_nullChronology" classname="org.joda.time.TestYearMonth_Constructors" time="0"/>
  <testcase name="testConstructor_ObjectString1" classname="org.joda.time.TestYearMonth_Constructors" time="0.001"/>
  <testcase name="testConstructor_ObjectString5" classname="org.joda.time.TestYearMonth_Constructors" time="0"/>
  <testcase name="testConstructor_ObjectStringEx1" classname="org.joda.time.TestYearMonth_Constructors" time="0"/>
  <testcase name="testConstructor_ObjectStringEx2" classname="org.joda.time.TestYearMonth_Constructors" time="0"/>
  <testcase name="testConstructor_Object_Chronology" classname="org.joda.time.TestYearMonth_Constructors" time="0"/>
  <testcase name="testConstructor_nullObject_Chronology" classname="org.joda.time.TestYearMonth_Constructors" time="0"/>
  <testcase name="testConstructor_Object_nullChronology" classname="org.joda.time.TestYearMonth_Constructors" time="0"/>
  <testcase name="testConstructor_nullObject_nullChronology" classname="org.joda.time.TestYearMonth_Constructors" time="0"/>
  <testcase name="testConstructor_DateTimeZone" classname="org.joda.time.TestYearMonth_Constructors" time="0"/>
  <testcase name="testConstructor_nullDateTimeZone" classname="org.joda.time.TestYearMonth_Constructors" time="0.001"/>
  <testcase name="testConstructor_Chronology" classname="org.joda.time.TestYearMonth_Constructors" time="0"/>
  <testcase name="testConstructor_nullChronology" classname="org.joda.time.TestYearMonth_Constructors" time="0"/>
  <testcase name="testConstructor_long1_Chronology" classname="org.joda.time.TestYearMonth_Constructors" time="0"/>
  <testcase name="testConstructor_long2_Chronology" classname="org.joda.time.TestYearMonth_Constructors" time="0"/>
  <testcase name="testParse_noFormatter" classname="org.joda.time.TestYearMonth_Constructors" time="0"/>
  <testcase name="testParse_formatter" classname="org.joda.time.TestYearMonth_Constructors" time="0"/>
  <testcase name="testConstructor_long1" classname="org.joda.time.TestYearMonth_Constructors" time="0"/>
  <testcase name="testConstructor_long2" classname="org.joda.time.TestYearMonth_Constructors" time="0"/>
  <testcase name="testConstructor_Object" classname="org.joda.time.TestYearMonth_Constructors" time="0"/>
  <testcase name="testConstructor_nullObject" classname="org.joda.time.TestYearMonth_Constructors" time="0"/>
  <testcase name="testConstructor_ObjectStringEx3" classname="org.joda.time.TestYearMonth_Constructors" time="0"/>
  <testcase name="testConstructor_ObjectStringEx4" classname="org.joda.time.TestYearMonth_Constructors" time="0"/>
  <testcase name="testConstructor_int_int" classname="org.joda.time.TestYearMonth_Constructors" time="0"/>
  <testcase name="testFactory_FromCalendarFields" classname="org.joda.time.TestYearMonth_Constructors" time="0"/>
  <testcase name="testConstructor_int_int_Chronology" classname="org.joda.time.TestYearMonth_Constructors" time="0"/>
  <testcase name="testConstructor_int_int_nullChronology" classname="org.joda.time.TestYearMonth_Constructors" time="0"/>
  <testcase name="testFactory_FromDateFields" classname="org.joda.time.TestYearMonth_Constructors" time="0"/>
  <testcase name="testPropertyEqualsHashCodeLenient" classname="org.joda.time.TestYearMonth_Properties" time="0"/>
  <testcase name="testPropertyEqualsHashCodeStrict" classname="org.joda.time.TestYearMonth_Properties" time="0"/>
  <testcase name="testPropertyGetMaxMinValuesYear" classname="org.joda.time.TestYearMonth_Properties" time="0"/>
  <testcase name="testPropertyGetMonth" classname="org.joda.time.TestYearMonth_Properties" time="0.001"/>
  <testcase name="testPropertyGetMaxMinValuesMonth" classname="org.joda.time.TestYearMonth_Properties" time="0"/>
  <testcase name="testPropertyCompareToMonth" classname="org.joda.time.TestYearMonth_Properties" time="0"/>
  <testcase name="testPropertyEquals" classname="org.joda.time.TestYearMonth_Properties" time="0"/>
  <testcase name="testPropertyHashCode" classname="org.joda.time.TestYearMonth_Properties" time="0"/>
  <testcase name="testPropertyGetYear" classname="org.joda.time.TestYearMonth_Properties" time="0"/>
  <testcase name="testPropertyAddYear" classname="org.joda.time.TestYearMonth_Properties" time="0"/>
  <testcase name="testPropertyAddWrapFieldYear" classname="org.joda.time.TestYearMonth_Properties" time="0"/>
  <testcase name="testPropertySetYear" classname="org.joda.time.TestYearMonth_Properties" time="0.001"/>
  <testcase name="testPropertySetTextYear" classname="org.joda.time.TestYearMonth_Properties" time="0"/>
  <testcase name="testPropertyCompareToYear" classname="org.joda.time.TestYearMonth_Properties" time="0"/>
  <testcase name="testPropertySetMonth" classname="org.joda.time.TestYearMonth_Properties" time="0"/>
  <testcase name="testPropertySetTextMonth" classname="org.joda.time.TestYearMonth_Properties" time="0"/>
  <testcase name="testPropertyAddMonth" classname="org.joda.time.TestYearMonth_Properties" time="0"/>
  <testcase name="testPropertyAddWrapFieldMonth" classname="org.joda.time.TestYearMonth_Properties" time="0"/>
  <testcase name="testToString" classname="org.joda.time.TestMonthDay_Basics" time="0.001"/>
  <testcase name="testMinusDays_int" classname="org.joda.time.TestMonthDay_Basics" time="0"/>
  <testcase name="testEqualsHashCode" classname="org.joda.time.TestMonthDay_Basics" time="0"/>
  <testcase name="testCompareTo" classname="org.joda.time.TestMonthDay_Basics" time="0.005"/>
  <testcase name="testSerialization" classname="org.joda.time.TestMonthDay_Basics" time="0"/>
  <testcase name="testWithers" classname="org.joda.time.TestMonthDay_Basics" time="0.001"/>
  <testcase name="testToString_String" classname="org.joda.time.TestMonthDay_Basics" time="0"/>
  <testcase name="testToString_String_Locale" classname="org.joda.time.TestMonthDay_Basics" time="0"/>
  <testcase name="testToString_DTFormatter" classname="org.joda.time.TestMonthDay_Basics" time="0"/>
  <testcase name="testToLocalDate" classname="org.joda.time.TestMonthDay_Basics" time="0.001"/>
  <testcase name="testPlus_RP" classname="org.joda.time.TestMonthDay_Basics" time="0"/>
  <testcase name="testPlusMonths_int" classname="org.joda.time.TestMonthDay_Basics" time="0"/>
  <testcase name="testPlusDays_int" classname="org.joda.time.TestMonthDay_Basics" time="0"/>
  <testcase name="testMinus_RP" classname="org.joda.time.TestMonthDay_Basics" time="0"/>
  <testcase name="testMinusMonths_int" classname="org.joda.time.TestMonthDay_Basics" time="0"/>
  <testcase name="testProperty" classname="org.joda.time.TestMonthDay_Basics" time="0"/>
  <testcase name="testIsSupported" classname="org.joda.time.TestMonthDay_Basics" time="0"/>
  <testcase name="testGet" classname="org.joda.time.TestMonthDay_Basics" time="0.001"/>
  <testcase name="testSize" classname="org.joda.time.TestMonthDay_Basics" time="0"/>
  <testcase name="testGetFieldTypes" classname="org.joda.time.TestMonthDay_Basics" time="0"/>
  <testcase name="testGetFields" classname="org.joda.time.TestMonthDay_Basics" time="0"/>
  <testcase name="testGetValues" classname="org.joda.time.TestMonthDay_Basics" time="0"/>
  <testcase name="testToDateTime_RI" classname="org.joda.time.TestMonthDay_Basics" time="0"/>
  <testcase name="testToDateTime_nullRI" classname="org.joda.time.TestMonthDay_Basics" time="0"/>
  <testcase name="testGetField" classname="org.joda.time.TestMonthDay_Basics" time="0.001"/>
  <testcase name="testGetValue" classname="org.joda.time.TestMonthDay_Basics" time="0"/>
  <testcase name="testWithChronologyRetainFields_Chrono" classname="org.joda.time.TestMonthDay_Basics" time="0"/>
  <testcase name="testWithChronologyRetainFields_sameChrono" classname="org.joda.time.TestMonthDay_Basics" time="0"/>
  <testcase name="testWithChronologyRetainFields_nullChrono" classname="org.joda.time.TestMonthDay_Basics" time="0.001"/>
  <testcase name="testWithField" classname="org.joda.time.TestMonthDay_Basics" time="0.002"/>
  <testcase name="testWithField_nullField" classname="org.joda.time.TestMonthDay_Basics" time="0"/>
  <testcase name="testWithField_unknownField" classname="org.joda.time.TestMonthDay_Basics" time="0"/>
  <testcase name="testWithField_same" classname="org.joda.time.TestMonthDay_Basics" time="0"/>
  <testcase name="testWithFieldAdded" classname="org.joda.time.TestMonthDay_Basics" time="0"/>
  <testcase name="testWithFieldAdded_nullField_zero" classname="org.joda.time.TestMonthDay_Basics" time="0"/>
  <testcase name="testWithFieldAdded_nullField_nonZero" classname="org.joda.time.TestMonthDay_Basics" time="0"/>
  <testcase name="testWithFieldAdded_zero" classname="org.joda.time.TestMonthDay_Basics" time="0"/>
  <testcase name="testWithFieldAdded_unknownField" classname="org.joda.time.TestMonthDay_Basics" time="0"/>
  <testcase name="testIsEqual_MD" classname="org.joda.time.TestMonthDay_Basics" time="0"/>
  <testcase name="testIsBefore_MD" classname="org.joda.time.TestMonthDay_Basics" time="0"/>
  <testcase name="testGetFieldType" classname="org.joda.time.TestMonthDay_Basics" time="0"/>
  <testcase name="testIsAfter_MD" classname="org.joda.time.TestMonthDay_Basics" time="0"/>
  <testcase name="testPlusMonths_int_fromLeap" classname="org.joda.time.TestMonthDay_Basics" time="0"/>
  <testcase name="testPlusMonths_int_negativeFromLeap" classname="org.joda.time.TestMonthDay_Basics" time="0"/>
  <testcase name="testPlusMonths_int_endOfMonthAdjust" classname="org.joda.time.TestMonthDay_Basics" time="0"/>
  <testcase name="testPlusMonths_int_negativeEndOfMonthAdjust" classname="org.joda.time.TestMonthDay_Basics" time="0"/>
  <testcase name="testPlusMonths_int_same" classname="org.joda.time.TestMonthDay_Basics" time="0"/>
  <testcase name="testPlusMonths_int_wrap" classname="org.joda.time.TestMonthDay_Basics" time="0"/>
  <testcase name="testPlusMonths_int_adjust" classname="org.joda.time.TestMonthDay_Basics" time="0"/>
  <testcase name="testPlusDays_int_wrapMonth" classname="org.joda.time.TestMonthDay_Basics" time="0"/>
  <testcase name="testPlusDays_int_wrapMonthTwice" classname="org.joda.time.TestMonthDay_Basics" time="0"/>
  <testcase name="testPlusDays_int_wrapMonthIntoNextYear" classname="org.joda.time.TestMonthDay_Basics" time="0"/>
  <testcase name="testPlusDays_int_wrapMonthTwiceIntoNextYear" classname="org.joda.time.TestMonthDay_Basics" time="0"/>
  <testcase name="testPlusDays_int_wrap50" classname="org.joda.time.TestMonthDay_Basics" time="0"/>
  <testcase name="testPlusDays_int_toLeap" classname="org.joda.time.TestMonthDay_Basics" time="0"/>
  <testcase name="testPlusDays_int_fromLeap" classname="org.joda.time.TestMonthDay_Basics" time="0"/>
  <testcase name="testPlusDays_int_negativeFromLeap" classname="org.joda.time.TestMonthDay_Basics" time="0"/>
  <testcase name="testPlusDays_same" classname="org.joda.time.TestMonthDay_Basics" time="0"/>
  <testcase name="testMinusMonths_int_fromLeap" classname="org.joda.time.TestMonthDay_Basics" time="0"/>
  <testcase name="testMinusMonths_int_negativeFromLeap" classname="org.joda.time.TestMonthDay_Basics" time="0"/>
  <testcase name="testMinusMonths_int_endOfMonthAdjust" classname="org.joda.time.TestMonthDay_Basics" time="0"/>
  <testcase name="testMinusMonths_int_negativeEndOfMonthAdjust" classname="org.joda.time.TestMonthDay_Basics" time="0"/>
  <testcase name="testMinusMonths_int_same" classname="org.joda.time.TestMonthDay_Basics" time="0"/>
  <testcase name="testMinusMonths_int_wrap" classname="org.joda.time.TestMonthDay_Basics" time="0"/>
  <testcase name="testMinusMonths_int_adjust" classname="org.joda.time.TestMonthDay_Basics" time="0.001"/>
  <testcase name="testMinusDays_int_wrapMonth" classname="org.joda.time.TestMonthDay_Basics" time="0"/>
  <testcase name="testMinusDays_int_wrapMonthTwice" classname="org.joda.time.TestMonthDay_Basics" time="0"/>
  <testcase name="testMinusDays_int_wrapMonthIntoLastYear" classname="org.joda.time.TestMonthDay_Basics" time="0"/>
  <testcase name="testMinusDays_int_wrapMonthTwiceIntoLastYear" classname="org.joda.time.TestMonthDay_Basics" time="0"/>
  <testcase name="testMinusDays_int_toLeap" classname="org.joda.time.TestMonthDay_Basics" time="0"/>
  <testcase name="testMinusDays_int_fromLeap" classname="org.joda.time.TestMonthDay_Basics" time="0"/>
  <testcase name="testMinusDays_int_negativeFromLeap" classname="org.joda.time.TestMonthDay_Basics" time="0.001"/>
  <testcase name="testMinusDays_same" classname="org.joda.time.TestMonthDay_Basics" time="0"/>
  <testcase name="testConstructor" classname="org.joda.time.TestMonthDay_Constructors" time="0"/>
  <testcase name="testConstructor_long_nullChronology" classname="org.joda.time.TestMonthDay_Constructors" time="0"/>
  <testcase name="testConstructor_ObjectString1" classname="org.joda.time.TestMonthDay_Constructors" time="0"/>
  <testcase name="testConstructor_ObjectString5" classname="org.joda.time.TestMonthDay_Constructors" time="0"/>
  <testcase name="testConstructor_ObjectStringEx1" classname="org.joda.time.TestMonthDay_Constructors" time="0"/>
  <testcase name="testConstructor_ObjectStringEx2" classname="org.joda.time.TestMonthDay_Constructors" time="0"/>
  <testcase name="testConstructor_Object_Chronology" classname="org.joda.time.TestMonthDay_Constructors" time="0"/>
  <testcase name="testConstructor_nullObject_Chronology" classname="org.joda.time.TestMonthDay_Constructors" time="0"/>
  <testcase name="testConstructor_Object_nullChronology" classname="org.joda.time.TestMonthDay_Constructors" time="0.001"/>
  <testcase name="testConstructor_nullObject_nullChronology" classname="org.joda.time.TestMonthDay_Constructors" time="0"/>
  <testcase name="testConstructor_DateTimeZone" classname="org.joda.time.TestMonthDay_Constructors" time="0"/>
  <testcase name="testConstructor_nullDateTimeZone" classname="org.joda.time.TestMonthDay_Constructors" time="0"/>
  <testcase name="testConstructor_Chronology" classname="org.joda.time.TestMonthDay_Constructors" time="0"/>
  <testcase name="testConstructor_nullChronology" classname="org.joda.time.TestMonthDay_Constructors" time="0"/>
  <testcase name="testConstructor_long1_Chronology" classname="org.joda.time.TestMonthDay_Constructors" time="0"/>
  <testcase name="testConstructor_long2_Chronology" classname="org.joda.time.TestMonthDay_Constructors" time="0"/>
  <testcase name="testParse_noFormatter" classname="org.joda.time.TestMonthDay_Constructors" time="0.001"/>
  <testcase name="testParse_formatter" classname="org.joda.time.TestMonthDay_Constructors" time="0"/>
  <testcase name="testConstructor_long1" classname="org.joda.time.TestMonthDay_Constructors" time="0"/>
  <testcase name="testConstructor_long2" classname="org.joda.time.TestMonthDay_Constructors" time="0"/>
  <testcase name="testConstructor_Object" classname="org.joda.time.TestMonthDay_Constructors" time="0"/>
  <testcase name="testConstructor_nullObject" classname="org.joda.time.TestMonthDay_Constructors" time="0"/>
  <testcase name="testConstructor_ObjectStringEx3" classname="org.joda.time.TestMonthDay_Constructors" time="0"/>
  <testcase name="testConstructor_ObjectStringEx4" classname="org.joda.time.TestMonthDay_Constructors" time="0"/>
  <testcase name="testConstructor_int_int" classname="org.joda.time.TestMonthDay_Constructors" time="0.001"/>
  <testcase name="testFactory_FromCalendarFields" classname="org.joda.time.TestMonthDay_Constructors" time="0"/>
  <testcase name="testConstructor_int_int_Chronology" classname="org.joda.time.TestMonthDay_Constructors" time="0"/>
  <testcase name="testConstructor_int_int_nullChronology" classname="org.joda.time.TestMonthDay_Constructors" time="0"/>
  <testcase name="testFactory_FromDateFields" classname="org.joda.time.TestMonthDay_Constructors" time="0"/>
  <testcase name="testPropertyAddMonthOfYear" classname="org.joda.time.TestMonthDay_Properties" time="0"/>
  <testcase name="testPropertyAddWrapFieldMonthOfYear" classname="org.joda.time.TestMonthDay_Properties" time="0.001"/>
  <testcase name="testPropertySetMonthOfYear" classname="org.joda.time.TestMonthDay_Properties" time="0"/>
  <testcase name="testPropertySetTextMonthOfYear" classname="org.joda.time.TestMonthDay_Properties" time="0"/>
  <testcase name="testPropertyCompareToMonthOfYear" classname="org.joda.time.TestMonthDay_Properties" time="0"/>
  <testcase name="testPropertyGetDayOfMonth" classname="org.joda.time.TestMonthDay_Properties" time="0"/>
  <testcase name="testPropertyGetMaxMinValuesDayOfMonth" classname="org.joda.time.TestMonthDay_Properties" time="0"/>
  <testcase name="testPropertyAddDayOfMonth" classname="org.joda.time.TestMonthDay_Properties" time="0.001"/>
  <testcase name="testPropertyAddWrapFieldDayOfMonth" classname="org.joda.time.TestMonthDay_Properties" time="0"/>
  <testcase name="testPropertySetDayOfMonth" classname="org.joda.time.TestMonthDay_Properties" time="0"/>
  <testcase name="testPropertySetTextDayOfMonth" classname="org.joda.time.TestMonthDay_Properties" time="0"/>
  <testcase name="testPropertyCompareToDayOfMonth" classname="org.joda.time.TestMonthDay_Properties" time="0"/>
  <testcase name="testPropertyGetMonthOfYear" classname="org.joda.time.TestMonthDay_Properties" time="0"/>
  <testcase name="testPropertyEqualsHashCodeLenient" classname="org.joda.time.TestMonthDay_Properties" time="0"/>
  <testcase name="testPropertyEqualsHashCodeStrict" classname="org.joda.time.TestMonthDay_Properties" time="0.001"/>
  <testcase name="testPropertyEquals" classname="org.joda.time.TestMonthDay_Properties" time="0"/>
  <testcase name="testPropertyHashCode" classname="org.joda.time.TestMonthDay_Properties" time="0"/>
  <testcase name="testPropertyGetMaxMinValuesMonthOfYear" classname="org.joda.time.TestMonthDay_Properties" time="0"/>
  <testcase name="testEqualsHashCode" classname="org.joda.time.TestPartial_Basics" time="0.001"/>
  <testcase name="testCompareTo" classname="org.joda.time.TestPartial_Basics" time="0.001"/>
  <testcase name="testSerialization" classname="org.joda.time.TestPartial_Basics" time="0.002"/>
  <testcase name="testToString_String" classname="org.joda.time.TestPartial_Basics" time="0.004"/>
  <testcase name="testToString_String_Locale" classname="org.joda.time.TestPartial_Basics" time="0"/>
  <testcase name="testToString_DTFormatter" classname="org.joda.time.TestPartial_Basics" time="0"/>
  <testcase name="testWithField1" classname="org.joda.time.TestPartial_Basics" time="0"/>
  <testcase name="testWithField2" classname="org.joda.time.TestPartial_Basics" time="0"/>
  <testcase name="testWithFieldAdded1" classname="org.joda.time.TestPartial_Basics" time="0"/>
  <testcase name="testWithFieldAdded2" classname="org.joda.time.TestPartial_Basics" time="0"/>
  <testcase name="testWithFieldAdded3" classname="org.joda.time.TestPartial_Basics" time="0"/>
  <testcase name="testWithFieldAdded4" classname="org.joda.time.TestPartial_Basics" time="0"/>
  <testcase name="testPlus_RP" classname="org.joda.time.TestPartial_Basics" time="0"/>
  <testcase name="testMinus_RP" classname="org.joda.time.TestPartial_Basics" time="0"/>
  <testcase name="testProperty" classname="org.joda.time.TestPartial_Basics" time="0"/>
  <testcase name="testWithField3" classname="org.joda.time.TestPartial_Basics" time="0"/>
  <testcase name="testWithField4" classname="org.joda.time.TestPartial_Basics" time="0"/>
  <testcase name="testIsSupported" classname="org.joda.time.TestPartial_Basics" time="0"/>
  <testcase name="testGet" classname="org.joda.time.TestPartial_Basics" time="0"/>
  <testcase name="testSize" classname="org.joda.time.TestPartial_Basics" time="0"/>
  <testcase name="testGetFieldTypes" classname="org.joda.time.TestPartial_Basics" time="0"/>
  <testcase name="testGetFields" classname="org.joda.time.TestPartial_Basics" time="0"/>
  <testcase name="testGetValues" classname="org.joda.time.TestPartial_Basics" time="0"/>
  <testcase name="testToDateTime_RI" classname="org.joda.time.TestPartial_Basics" time="0"/>
  <testcase name="testToDateTime_nullRI" classname="org.joda.time.TestPartial_Basics" time="0"/>
  <testcase name="testGetField" classname="org.joda.time.TestPartial_Basics" time="0"/>
  <testcase name="testGetValue" classname="org.joda.time.TestPartial_Basics" time="0"/>
  <testcase name="testIsEqual_TOD" classname="org.joda.time.TestPartial_Basics" time="0"/>
  <testcase name="testIsBefore_TOD" classname="org.joda.time.TestPartial_Basics" time="0"/>
  <testcase name="testIsAfter_TOD" classname="org.joda.time.TestPartial_Basics" time="0"/>
  <testcase name="testWithChronologyRetainFields_Chrono" classname="org.joda.time.TestPartial_Basics" time="0"/>
  <testcase name="testWithChronologyRetainFields_sameChrono" classname="org.joda.time.TestPartial_Basics" time="0"/>
  <testcase name="testWithChronologyRetainFields_nullChrono" classname="org.joda.time.TestPartial_Basics" time="0.001"/>
  <testcase name="testWithFieldAdded5" classname="org.joda.time.TestPartial_Basics" time="0"/>
  <testcase name="testWithFieldAdded6" classname="org.joda.time.TestPartial_Basics" time="0"/>
  <testcase name="testWithFieldAdded7" classname="org.joda.time.TestPartial_Basics" time="0"/>
  <testcase name="testWithFieldAdded8" classname="org.joda.time.TestPartial_Basics" time="0"/>
  <testcase name="testGetFieldType" classname="org.joda.time.TestPartial_Basics" time="0.001"/>
  <testcase name="testWith3a" classname="org.joda.time.TestPartial_Basics" time="0"/>
  <testcase name="testWith3b" classname="org.joda.time.TestPartial_Basics" time="0"/>
  <testcase name="testGetFormatter1" classname="org.joda.time.TestPartial_Basics" time="0.001"/>
  <testcase name="testGetFormatter2" classname="org.joda.time.TestPartial_Basics" time="0"/>
  <testcase name="testGetFormatter3" classname="org.joda.time.TestPartial_Basics" time="0"/>
  <testcase name="testToString1" classname="org.joda.time.TestPartial_Basics" time="0"/>
  <testcase name="testToString2" classname="org.joda.time.TestPartial_Basics" time="0"/>
  <testcase name="testToString3" classname="org.joda.time.TestPartial_Basics" time="0.001"/>
  <testcase name="testToString4" classname="org.joda.time.TestPartial_Basics" time="0"/>
  <testcase name="testToString5" classname="org.joda.time.TestPartial_Basics" time="0"/>
  <testcase name="testWith2" classname="org.joda.time.TestPartial_Basics" time="0.002"/>
  <testcase name="testWith3" classname="org.joda.time.TestPartial_Basics" time="0"/>
  <testcase name="testWithout5" classname="org.joda.time.TestPartial_Basics" time="0"/>
  <testcase name="testWithFieldAddWrapped1" classname="org.joda.time.TestPartial_Basics" time="0.001"/>
  <testcase name="testWithFieldAddWrapped2" classname="org.joda.time.TestPartial_Basics" time="0"/>
  <testcase name="testWithFieldAddWrapped3" classname="org.joda.time.TestPartial_Basics" time="0"/>
  <testcase name="testWithFieldAddWrapped4" classname="org.joda.time.TestPartial_Basics" time="0"/>
  <testcase name="testWithFieldAddWrapped5" classname="org.joda.time.TestPartial_Basics" time="0"/>
  <testcase name="testWithFieldAddWrapped6" classname="org.joda.time.TestPartial_Basics" time="0.001"/>
  <testcase name="testWithFieldAddWrapped7" classname="org.joda.time.TestPartial_Basics" time="0"/>
  <testcase name="testWithFieldAddWrapped8" classname="org.joda.time.TestPartial_Basics" time="0"/>
  <testcase name="testWith3c" classname="org.joda.time.TestPartial_Basics" time="0.001"/>
  <testcase name="testWith3d" classname="org.joda.time.TestPartial_Basics" time="0"/>
  <testcase name="testWith3e" classname="org.joda.time.TestPartial_Basics" time="0"/>
  <testcase name="testWith3f" classname="org.joda.time.TestPartial_Basics" time="0"/>
  <testcase name="testWith4" classname="org.joda.time.TestPartial_Basics" time="0"/>
  <testcase name="testWith_baseHasNoRange" classname="org.joda.time.TestPartial_Basics" time="0"/>
  <testcase name="testWith_argHasNoRange" classname="org.joda.time.TestPartial_Basics" time="0"/>
  <testcase name="testWith_baseAndArgHaveNoRange" classname="org.joda.time.TestPartial_Basics" time="0"/>
  <testcase name="testWithout1" classname="org.joda.time.TestPartial_Basics" time="0"/>
  <testcase name="testWithout2" classname="org.joda.time.TestPartial_Basics" time="0.001"/>
  <testcase name="testWithout3" classname="org.joda.time.TestPartial_Basics" time="0"/>
  <testcase name="testWithout4" classname="org.joda.time.TestPartial_Basics" time="0"/>
  <testcase name="testWith1" classname="org.joda.time.TestPartial_Basics" time="0"/>
  <testcase name="testConstructor" classname="org.joda.time.TestPartial_Constructors" time="0"/>
  <testcase name="testConstructor_Chrono" classname="org.joda.time.TestPartial_Constructors" time="0"/>
  <testcase name="testConstructor_Type_int" classname="org.joda.time.TestPartial_Constructors" time="0"/>
  <testcase name="testConstructorEx1_Type_int" classname="org.joda.time.TestPartial_Constructors" time="0.001"/>
  <testcase name="testConstructorEx2_Type_int" classname="org.joda.time.TestPartial_Constructors" time="0"/>
  <testcase name="testConstructor_Type_int_Chrono" classname="org.joda.time.TestPartial_Constructors" time="0"/>
  <testcase name="testConstructorEx_Type_int_Chrono" classname="org.joda.time.TestPartial_Constructors" time="0"/>
  <testcase name="testConstructorEx2_Type_int_Chrono" classname="org.joda.time.TestPartial_Constructors" time="0"/>
  <testcase name="testConstructor_TypeArray_intArray" classname="org.joda.time.TestPartial_Constructors" time="0"/>
  <testcase name="testConstructor_TypeArray_intArray_year_weekyear" classname="org.joda.time.TestPartial_Constructors" time="0"/>
  <testcase name="testConstructor2_TypeArray_intArray" classname="org.joda.time.TestPartial_Constructors" time="0"/>
  <testcase name="testConstructorEx1_TypeArray_intArray" classname="org.joda.time.TestPartial_Constructors" time="0"/>
  <testcase name="testConstructorEx3_TypeArray_intArray" classname="org.joda.time.TestPartial_Constructors" time="0"/>
  <testcase name="testConstructorEx5_TypeArray_intArray" classname="org.joda.time.TestPartial_Constructors" time="0.001"/>
  <testcase name="testConstructorEx6_TypeArray_intArray" classname="org.joda.time.TestPartial_Constructors" time="0"/>
  <testcase name="testConstructorEx7_TypeArray_intArray_inOrder" classname="org.joda.time.TestPartial_Constructors" time="0"/>
  <testcase name="testConstructorEx8_TypeArray_intArray_duplicate" classname="org.joda.time.TestPartial_Constructors" time="0"/>
  <testcase name="testConstructorEx9_TypeArray_intArray" classname="org.joda.time.TestPartial_Constructors" time="0"/>
  <testcase name="testConstructor_TypeArray_intArray_Chrono" classname="org.joda.time.TestPartial_Constructors" time="0"/>
  <testcase name="testConstructor_Partial" classname="org.joda.time.TestPartial_Constructors" time="0"/>
  <testcase name="testConstructorEx_Partial" classname="org.joda.time.TestPartial_Constructors" time="0.001"/>
  <testcase name="testPropertyGetHour" classname="org.joda.time.TestPartial_Properties" time="0"/>
  <testcase name="testPropertyGetMaxMinValuesHour" classname="org.joda.time.TestPartial_Properties" time="0"/>
  <testcase name="testPropertySetHour" classname="org.joda.time.TestPartial_Properties" time="0"/>
  <testcase name="testPropertySetTextHour" classname="org.joda.time.TestPartial_Properties" time="0"/>
  <testcase name="testPropertyWithMaximumValueHour" classname="org.joda.time.TestPartial_Properties" time="0"/>
  <testcase name="testPropertyWithMinimumValueHour" classname="org.joda.time.TestPartial_Properties" time="0"/>
  <testcase name="testPropertyCompareToHour" classname="org.joda.time.TestPartial_Properties" time="0.001"/>
  <testcase name="testPropertyGetMinute" classname="org.joda.time.TestPartial_Properties" time="0"/>
  <testcase name="testPropertyGetMaxMinValuesMinute" classname="org.joda.time.TestPartial_Properties" time="0"/>
  <testcase name="testPropertySetMinute" classname="org.joda.time.TestPartial_Properties" time="0"/>
  <testcase name="testPropertySetTextMinute" classname="org.joda.time.TestPartial_Properties" time="0"/>
  <testcase name="testPropertyCompareToMinute" classname="org.joda.time.TestPartial_Properties" time="0"/>
  <testcase name="testPropertyAddWrapFieldHour" classname="org.joda.time.TestPartial_Properties" time="0"/>
  <testcase name="testPropertyAddMinute" classname="org.joda.time.TestPartial_Properties" time="0.001"/>
  <testcase name="testPropertyAddWrapFieldMinute" classname="org.joda.time.TestPartial_Properties" time="0"/>
  <testcase name="testPropertyAddHour" classname="org.joda.time.TestPartial_Properties" time="0"/>
  <testcase name="testIsMatch_Instant" classname="org.joda.time.TestPartial_Match" time="0"/>
  <testcase name="testIsMatch_Partial" classname="org.joda.time.TestPartial_Match" time="0.001"/>
  <testcase name="testGetFieldTypes" classname="org.joda.time.TestAbstractPartial" time="0"/>
  <testcase name="testGetValues" classname="org.joda.time.TestAbstractPartial" time="0"/>
  <testcase name="testGetField" classname="org.joda.time.TestAbstractPartial" time="0.001"/>
  <testcase name="testGetValue" classname="org.joda.time.TestAbstractPartial" time="0"/>
  <testcase name="testGetFieldType" classname="org.joda.time.TestAbstractPartial" time="0"/>
  <testcase name="testGetPropertyEquals" classname="org.joda.time.TestAbstractPartial" time="0.027"/>
  <testcase name="testSetMethods" classname="org.joda.time.TestBasePartial" time="0.001"/>
  <testcase name="testClass" classname="org.joda.time.TestDateTimeComparator" time="0.006"/>
  <testcase name="testEqualsHashCode" classname="org.joda.time.TestDateTimeComparator" time="0"/>
  <testcase name="testStaticGetInstance" classname="org.joda.time.TestDateTimeComparator" time="0.005"/>
  <testcase name="testStaticGetDateOnlyInstance" classname="org.joda.time.TestDateTimeComparator" time="0"/>
  <testcase name="testStaticGetTimeOnlyInstance" classname="org.joda.time.TestDateTimeComparator" time="0"/>
  <testcase name="testStaticGetInstanceLower" classname="org.joda.time.TestDateTimeComparator" time="0"/>
  <testcase name="testStaticGetInstanceLowerUpper" classname="org.joda.time.TestDateTimeComparator" time="0"/>
  <testcase name="testNullNowCheckedOnce" classname="org.joda.time.TestDateTimeComparator" time="0.003"/>
  <testcase name="testSerialization1" classname="org.joda.time.TestDateTimeComparator" time="0.008"/>
  <testcase name="testSerialization2" classname="org.joda.time.TestDateTimeComparator" time="0.001"/>
  <testcase name="testBasicComps1" classname="org.joda.time.TestDateTimeComparator" time="0.002"/>
  <testcase name="testBasicComps2" classname="org.joda.time.TestDateTimeComparator" time="0.001"/>
  <testcase name="testBasicComps3" classname="org.joda.time.TestDateTimeComparator" time="0"/>
  <testcase name="testBasicComps4" classname="org.joda.time.TestDateTimeComparator" time="0"/>
  <testcase name="testBasicComps5" classname="org.joda.time.TestDateTimeComparator" time="0"/>
  <testcase name="testMillis" classname="org.joda.time.TestDateTimeComparator" time="0.001"/>
  <testcase name="testSecond" classname="org.joda.time.TestDateTimeComparator" time="0"/>
  <testcase name="testMinute" classname="org.joda.time.TestDateTimeComparator" time="0.001"/>
  <testcase name="testHour" classname="org.joda.time.TestDateTimeComparator" time="0"/>
  <testcase name="testDOW" classname="org.joda.time.TestDateTimeComparator" time="0"/>
  <testcase name="testDOM" classname="org.joda.time.TestDateTimeComparator" time="0.001"/>
  <testcase name="testDOY" classname="org.joda.time.TestDateTimeComparator" time="0"/>
  <testcase name="testWOW" classname="org.joda.time.TestDateTimeComparator" time="0.002"/>
  <testcase name="testWOYY" classname="org.joda.time.TestDateTimeComparator" time="0"/>
  <testcase name="testMonth" classname="org.joda.time.TestDateTimeComparator" time="0.001"/>
  <testcase name="testYear" classname="org.joda.time.TestDateTimeComparator" time="0.001"/>
  <testcase name="testListBasic" classname="org.joda.time.TestDateTimeComparator" time="0"/>
  <testcase name="testListMillis" classname="org.joda.time.TestDateTimeComparator" time="0"/>
  <testcase name="testListSecond" classname="org.joda.time.TestDateTimeComparator" time="0.001"/>
  <testcase name="testListMinute" classname="org.joda.time.TestDateTimeComparator" time="0.001"/>
  <testcase name="testListHour" classname="org.joda.time.TestDateTimeComparator" time="0.001"/>
  <testcase name="testListDOW" classname="org.joda.time.TestDateTimeComparator" time="0"/>
  <testcase name="testListDOM" classname="org.joda.time.TestDateTimeComparator" time="0"/>
  <testcase name="testListDOY" classname="org.joda.time.TestDateTimeComparator" time="0.001"/>
  <testcase name="testListWOW" classname="org.joda.time.TestDateTimeComparator" time="0.001"/>
  <testcase name="testListYOYY" classname="org.joda.time.TestDateTimeComparator" time="0"/>
  <testcase name="testListMonth" classname="org.joda.time.TestDateTimeComparator" time="0.001"/>
  <testcase name="testListYear" classname="org.joda.time.TestDateTimeComparator" time="0"/>
  <testcase name="testListDate" classname="org.joda.time.TestDateTimeComparator" time="0.001"/>
  <testcase name="testListTime" classname="org.joda.time.TestDateTimeComparator" time="0"/>
  <testcase name="testNullDT" classname="org.joda.time.TestDateTimeComparator" time="0.001"/>
  <testcase name="testInvalidObj" classname="org.joda.time.TestDateTimeComparator" time="0"/>
  <testcase name="testConstructor" classname="org.joda.time.TestDateTimeConstants" time="0.001"/>
  <testcase name="testHalfdaysOfDay" classname="org.joda.time.TestDateTimeConstants" time="0"/>
  <testcase name="testDaysOfWeek" classname="org.joda.time.TestDateTimeConstants" time="0"/>
  <testcase name="testMonthsOfYear" classname="org.joda.time.TestDateTimeConstants" time="0"/>
  <testcase name="testEras" classname="org.joda.time.TestDateTimeConstants" time="0"/>
  <testcase name="testMaths" classname="org.joda.time.TestDateTimeConstants" time="0"/>
  <testcase name="testClass" classname="org.joda.time.TestDateTimeUtils" time="0.001"/>
  <testcase name="testTest" classname="org.joda.time.TestDateTimeUtils" time="0"/>
  <testcase name="testSystemMillisSecurity" classname="org.joda.time.TestDateTimeUtils" time="0"/>
  <testcase name="testFixedMillisSecurity" classname="org.joda.time.TestDateTimeUtils" time="0"/>
  <testcase name="testOffsetMillisToZero" classname="org.joda.time.TestDateTimeUtils" time="0"/>
  <testcase name="testOffsetMillisSecurity" classname="org.joda.time.TestDateTimeUtils" time="0"/>
  <testcase name="testMillisProvider" classname="org.joda.time.TestDateTimeUtils" time="0"/>
  <testcase name="testMillisProvider_null" classname="org.joda.time.TestDateTimeUtils" time="0"/>
  <testcase name="testMillisProviderSecurity" classname="org.joda.time.TestDateTimeUtils" time="0"/>
  <testcase name="testGetInstantMillis_RI" classname="org.joda.time.TestDateTimeUtils" time="0"/>
  <testcase name="testGetInstantChronology_RI" classname="org.joda.time.TestDateTimeUtils" time="0.001"/>
  <testcase name="testGetIntervalChronology_RInterval" classname="org.joda.time.TestDateTimeUtils" time="0"/>
  <testcase name="testGetIntervalChronology_RI_RI" classname="org.joda.time.TestDateTimeUtils" time="0.001"/>
  <testcase name="testGetReadableInterval_ReadableInterval" classname="org.joda.time.TestDateTimeUtils" time="0"/>
  <testcase name="testGetChronology_Chronology" classname="org.joda.time.TestDateTimeUtils" time="0"/>
  <testcase name="testGetZone_Zone" classname="org.joda.time.TestDateTimeUtils" time="0"/>
  <testcase name="testGetPeriodType_PeriodType" classname="org.joda.time.TestDateTimeUtils" time="0"/>
  <testcase name="testGetDurationMillis_RI" classname="org.joda.time.TestDateTimeUtils" time="0"/>
  <testcase name="testIsContiguous_RP" classname="org.joda.time.TestDateTimeUtils" time="0"/>
  <testcase name="test_julianDay" classname="org.joda.time.TestDateTimeUtils" time="0.001"/>
  <testcase name="testIsContiguous_RP_GJChronology" classname="org.joda.time.TestDateTimeUtils" time="0.001"/>
  <testcase name="testSystemMillis" classname="org.joda.time.TestDateTimeUtils" time="0"/>
  <testcase name="testFixedMillis" classname="org.joda.time.TestDateTimeUtils" time="0"/>
  <testcase name="testOffsetMillis" classname="org.joda.time.TestDateTimeUtils" time="0.001"/>
  <testcase name="testConstructor" classname="org.joda.time.TestDateTimeZone" time="0"/>
  <testcase name="testToString" classname="org.joda.time.TestDateTimeZone" time="0"/>
  <testcase name="testEqualsHashCode" classname="org.joda.time.TestDateTimeZone" time="0"/>
  <testcase name="testSerialization1" classname="org.joda.time.TestDateTimeZone" time="0.001"/>
  <testcase name="testSerialization2" classname="org.joda.time.TestDateTimeZone" time="0.001"/>
  <testcase name="testGetName_berlin_english" classname="org.joda.time.TestDateTimeZone" time="0.009"/>
  <testcase name="testGetName_berlin_german" classname="org.joda.time.TestDateTimeZone" time="0.008"/>
  <testcase name="testGetNameProviderName" classname="org.joda.time.TestDateTimeZone" time="0"/>
  <testcase name="testGetNameNullKey" classname="org.joda.time.TestDateTimeZone" time="0.001"/>
  <testcase name="testGetOffset_long" classname="org.joda.time.TestDateTimeZone" time="0"/>
  <testcase name="testGetOffsetFixed" classname="org.joda.time.TestDateTimeZone" time="0"/>
  <testcase name="testGetOffsetFixed_RI" classname="org.joda.time.TestDateTimeZone" time="0"/>
  <testcase name="testGetMillisKeepLocal" classname="org.joda.time.TestDateTimeZone" time="0"/>
  <testcase name="testIsFixed" classname="org.joda.time.TestDateTimeZone" time="0"/>
  <testcase name="testTransitionFixed" classname="org.joda.time.TestDateTimeZone" time="0"/>
  <testcase name="testIsLocalDateTimeGap_Berlin" classname="org.joda.time.TestDateTimeZone" time="0.001"/>
  <testcase name="testIsLocalDateTimeGap_NewYork" classname="org.joda.time.TestDateTimeZone" time="0"/>
  <testcase name="testToTimeZone" classname="org.joda.time.TestDateTimeZone" time="0"/>
  <testcase name="testDublin" classname="org.joda.time.TestDateTimeZone" time="0.003"/>
  <testcase name="testCommentParse" classname="org.joda.time.TestDateTimeZone" time="0"/>
  <testcase name="testPatchedNameKeysLondon" classname="org.joda.time.TestDateTimeZone" time="0"/>
  <testcase name="testPatchedNameKeysSydney" classname="org.joda.time.TestDateTimeZone" time="0"/>
  <testcase name="testPatchedNameKeysSydneyHistoric" classname="org.joda.time.TestDateTimeZone" time="0"/>
  <testcase name="testPatchedNameKeysGazaHistoric" classname="org.joda.time.TestDateTimeZone" time="0.001"/>
  <testcase name="testForID_String_old" classname="org.joda.time.TestDateTimeZone" time="0.013"/>
  <testcase name="testForOffsetHours_int" classname="org.joda.time.TestDateTimeZone" time="0"/>
  <testcase name="testForOffsetHoursMinutes_int_int" classname="org.joda.time.TestDateTimeZone" time="0.001"/>
  <testcase name="testForOffsetMillis_int" classname="org.joda.time.TestDateTimeZone" time="0.006"/>
  <testcase name="testForTimeZone_TimeZone" classname="org.joda.time.TestDateTimeZone" time="0.003"/>
  <testcase name="testFromTimeZoneInvalid" classname="org.joda.time.TestDateTimeZone" time="0"/>
  <testcase name="testTimeZoneConversion" classname="org.joda.time.TestDateTimeZone" time="0"/>
  <testcase name="testGetAvailableIDs" classname="org.joda.time.TestDateTimeZone" time="0"/>
  <testcase name="testProvider" classname="org.joda.time.TestDateTimeZone" time="0.011"/>
  <testcase name="testProvider_badClassName" classname="org.joda.time.TestDateTimeZone" time="0.002"/>
  <testcase name="testProviderSecurity" classname="org.joda.time.TestDateTimeZone" time="0"/>
  <testcase name="testZoneInfoProviderResourceLoading" classname="org.joda.time.TestDateTimeZone" time="0.007"/>
  <testcase name="testNameProvider" classname="org.joda.time.TestDateTimeZone" time="0"/>
  <testcase name="testNameProvider_badClassName" classname="org.joda.time.TestDateTimeZone" time="0.004"/>
  <testcase name="testNameProviderSecurity" classname="org.joda.time.TestDateTimeZone" time="0"/>
  <testcase name="testGetID" classname="org.joda.time.TestDateTimeZone" time="0.001"/>
  <testcase name="testGetNameKey" classname="org.joda.time.TestDateTimeZone" time="0.023"/>
  <testcase name="testGetShortName" classname="org.joda.time.TestDateTimeZone" time="0"/>
  <testcase name="testGetShortName_berlin" classname="org.joda.time.TestDateTimeZone" time="0"/>
  <testcase name="testGetShortNameProviderName" classname="org.joda.time.TestDateTimeZone" time="0"/>
  <testcase name="testGetShortNameNullKey" classname="org.joda.time.TestDateTimeZone" time="0"/>
  <testcase name="testGetName" classname="org.joda.time.TestDateTimeZone" time="0"/>
  <testcase name="testGetOffset_RI" classname="org.joda.time.TestDateTimeZone" time="0"/>
  <testcase name="testDefaultSecurity" classname="org.joda.time.TestDateTimeZone" time="0"/>
  <testcase name="testForID_String" classname="org.joda.time.TestDateTimeZone" time="0.003"/>
  <testcase name="testDefault" classname="org.joda.time.TestDateTimeZone" time="0"/>
  <testcase name="test_DateTime_roundCeiling_Gaza" classname="org.joda.time.TestDateTimeZoneCutover" time="0.001"/>
  <testcase name="test_DateTime_setHourZero_Gaza" classname="org.joda.time.TestDateTimeZoneCutover" time="0"/>
  <testcase name="test_DateTime_withHourZero_Gaza" classname="org.joda.time.TestDateTimeZoneCutover" time="0"/>
  <testcase name="test_DateTime_withDay_Gaza" classname="org.joda.time.TestDateTimeZoneCutover" time="0"/>
  <testcase name="test_DateTime_minusHour_Gaza" classname="org.joda.time.TestDateTimeZoneCutover" time="0.001"/>
  <testcase name="test_DateTime_plusHour_Gaza" classname="org.joda.time.TestDateTimeZoneCutover" time="0"/>
  <testcase name="test_DateTime_minusDay_Gaza" classname="org.joda.time.TestDateTimeZoneCutover" time="0"/>
  <testcase name="test_DateTime_plusDay_Gaza" classname="org.joda.time.TestDateTimeZoneCutover" time="0"/>
  <testcase name="test_DateTime_plusDayMidGap_Gaza" classname="org.joda.time.TestDateTimeZoneCutover" time="0"/>
  <testcase name="test_DateTime_addWrapFieldDay_Gaza" classname="org.joda.time.TestDateTimeZoneCutover" time="0"/>
  <testcase name="test_DateTime_withZoneRetainFields_Gaza" classname="org.joda.time.TestDateTimeZoneCutover" time="0.002"/>
  <testcase name="test_MutableDateTime_withZoneRetainFields_Gaza" classname="org.joda.time.TestDateTimeZoneCutover" time="0"/>
  <testcase name="test_LocalDate_new_Gaza" classname="org.joda.time.TestDateTimeZoneCutover" time="0"/>
  <testcase name="test_LocalDate_toDateMidnight_Gaza" classname="org.joda.time.TestDateTimeZoneCutover" time="0"/>
  <testcase name="test_DateTime_new_Gaza" classname="org.joda.time.TestDateTimeZoneCutover" time="0"/>
  <testcase name="test_DateTime_newValid_Gaza" classname="org.joda.time.TestDateTimeZoneCutover" time="0"/>
  <testcase name="test_DateTime_parse_Gaza" classname="org.joda.time.TestDateTimeZoneCutover" time="0.001"/>
  <testcase name="test_MockTurkIsCorrect" classname="org.joda.time.TestDateTimeZoneCutover" time="0"/>
  <testcase name="test_getOffsetFromLocal_Turk" classname="org.joda.time.TestDateTimeZoneCutover" time="0"/>
  <testcase name="test_DateTime_roundFloor_Turk" classname="org.joda.time.TestDateTimeZoneCutover" time="0"/>
  <testcase name="test_DateTime_roundFloorNotDST_Turk" classname="org.joda.time.TestDateTimeZoneCutover" time="0.001"/>
  <testcase name="test_DateTime_roundCeiling_Turk" classname="org.joda.time.TestDateTimeZoneCutover" time="0"/>
  <testcase name="test_DateTime_setHourZero_Turk" classname="org.joda.time.TestDateTimeZoneCutover" time="0"/>
  <testcase name="test_DateTime_withHourZero_Turk" classname="org.joda.time.TestDateTimeZoneCutover" time="0"/>
  <testcase name="test_DateTime_withDay_Turk" classname="org.joda.time.TestDateTimeZoneCutover" time="0"/>
  <testcase name="test_DateTime_minusHour_Turk" classname="org.joda.time.TestDateTimeZoneCutover" time="0"/>
  <testcase name="test_DateTime_plusHour_Turk" classname="org.joda.time.TestDateTimeZoneCutover" time="0"/>
  <testcase name="test_DateTime_minusDay_Turk" classname="org.joda.time.TestDateTimeZoneCutover" time="0.001"/>
  <testcase name="test_DateTime_plusDay_Turk" classname="org.joda.time.TestDateTimeZoneCutover" time="0"/>
  <testcase name="test_DateTime_plusDayMidGap_Turk" classname="org.joda.time.TestDateTimeZoneCutover" time="0"/>
  <testcase name="test_DateTime_addWrapFieldDay_Turk" classname="org.joda.time.TestDateTimeZoneCutover" time="0"/>
  <testcase name="test_DateTime_withZoneRetainFields_Turk" classname="org.joda.time.TestDateTimeZoneCutover" time="0"/>
  <testcase name="test_MutableDateTime_setZoneRetainFields_Turk" classname="org.joda.time.TestDateTimeZoneCutover" time="0"/>
  <testcase name="test_LocalDate_new_Turk" classname="org.joda.time.TestDateTimeZoneCutover" time="0"/>
  <testcase name="test_LocalDate_toDateMidnight_Turk" classname="org.joda.time.TestDateTimeZoneCutover" time="0"/>
  <testcase name="test_DateTime_new_Turk" classname="org.joda.time.TestDateTimeZoneCutover" time="0.001"/>
  <testcase name="test_DateTime_newValid_Turk" classname="org.joda.time.TestDateTimeZoneCutover" time="0"/>
  <testcase name="test_DateTime_parse_Turk" classname="org.joda.time.TestDateTimeZoneCutover" time="0"/>
  <testcase name="test_NewYorkIsCorrect_Spring" classname="org.joda.time.TestDateTimeZoneCutover" time="0"/>
  <testcase name="test_getOffsetFromLocal_NewYork_Spring" classname="org.joda.time.TestDateTimeZoneCutover" time="0.001"/>
  <testcase name="test_DateTime_setHourAcross_NewYork_Spring" classname="org.joda.time.TestDateTimeZoneCutover" time="0"/>
  <testcase name="test_DateTime_setHourForward_NewYork_Spring" classname="org.joda.time.TestDateTimeZoneCutover" time="0"/>
  <testcase name="test_DateTime_setHourBack_NewYork_Spring" classname="org.joda.time.TestDateTimeZoneCutover" time="0"/>
  <testcase name="test_DateTime_roundFloor_day_NewYork_Spring_preCutover" classname="org.joda.time.TestDateTimeZoneCutover" time="0.001"/>
  <testcase name="test_DateTime_roundFloor_day_NewYork_Spring_postCutover" classname="org.joda.time.TestDateTimeZoneCutover" time="0"/>
  <testcase name="test_DateTime_roundFloor_hour_NewYork_Spring_preCutover" classname="org.joda.time.TestDateTimeZoneCutover" time="0"/>
  <testcase name="test_DateTime_roundFloor_hour_NewYork_Spring_postCutover" classname="org.joda.time.TestDateTimeZoneCutover" time="0"/>
  <testcase name="test_DateTime_roundFloor_minute_NewYork_Spring_preCutover" classname="org.joda.time.TestDateTimeZoneCutover" time="0"/>
  <testcase name="test_DateTime_roundFloor_minute_NewYork_Spring_postCutover" classname="org.joda.time.TestDateTimeZoneCutover" time="0"/>
  <testcase name="test_DateTime_roundCeiling_day_NewYork_Spring_preCutover" classname="org.joda.time.TestDateTimeZoneCutover" time="0"/>
  <testcase name="test_DateTime_roundCeiling_day_NewYork_Spring_postCutover" classname="org.joda.time.TestDateTimeZoneCutover" time="0"/>
  <testcase name="test_DateTime_roundCeiling_hour_NewYork_Spring_preCutover" classname="org.joda.time.TestDateTimeZoneCutover" time="0"/>
  <testcase name="test_DateTime_roundCeiling_hour_NewYork_Spring_postCutover" classname="org.joda.time.TestDateTimeZoneCutover" time="0"/>
  <testcase name="test_DateTime_roundCeiling_minute_NewYork_Spring_preCutover" classname="org.joda.time.TestDateTimeZoneCutover" time="0"/>
  <testcase name="test_DateTime_roundCeiling_minute_NewYork_Spring_postCutover" classname="org.joda.time.TestDateTimeZoneCutover" time="0"/>
  <testcase name="test_NewYorkIsCorrect_Autumn" classname="org.joda.time.TestDateTimeZoneCutover" time="0"/>
  <testcase name="test_getOffsetFromLocal_NewYork_Autumn" classname="org.joda.time.TestDateTimeZoneCutover" time="0"/>
  <testcase name="test_DateTime_constructor_NewYork_Autumn" classname="org.joda.time.TestDateTimeZoneCutover" time="0"/>
  <testcase name="test_DateTime_plusHour_NewYork_Autumn" classname="org.joda.time.TestDateTimeZoneCutover" time="0"/>
  <testcase name="test_DateTime_minusHour_NewYork_Autumn" classname="org.joda.time.TestDateTimeZoneCutover" time="0"/>
  <testcase name="test_DateTime_roundFloor_day_NewYork_Autumn_preCutover" classname="org.joda.time.TestDateTimeZoneCutover" time="0"/>
  <testcase name="test_DateTime_roundFloor_day_NewYork_Autumn_postCutover" classname="org.joda.time.TestDateTimeZoneCutover" time="0"/>
  <testcase name="test_DateTime_roundFloor_hourOfDay_NewYork_Autumn_preCutover" classname="org.joda.time.TestDateTimeZoneCutover" time="0"/>
  <testcase name="test_DateTime_roundFloor_hourOfDay_NewYork_Autumn_postCutover" classname="org.joda.time.TestDateTimeZoneCutover" time="0"/>
  <testcase name="test_DateTime_roundFloor_minuteOfHour_NewYork_Autumn_preCutover" classname="org.joda.time.TestDateTimeZoneCutover" time="0"/>
  <testcase name="test_DateTime_roundFloor_minuteOfHour_NewYork_Autumn_postCutover" classname="org.joda.time.TestDateTimeZoneCutover" time="0"/>
  <testcase name="test_DateTime_roundFloor_secondOfMinute_NewYork_Autumn_preCutover" classname="org.joda.time.TestDateTimeZoneCutover" time="0"/>
  <testcase name="test_DateTime_roundFloor_secondOfMinute_NewYork_Autumn_postCutover" classname="org.joda.time.TestDateTimeZoneCutover" time="0"/>
  <testcase name="test_DateTime_roundCeiling_day_NewYork_Autumn_preCutover" classname="org.joda.time.TestDateTimeZoneCutover" time="0"/>
  <testcase name="test_DateTime_roundCeiling_day_NewYork_Autumn_postCutover" classname="org.joda.time.TestDateTimeZoneCutover" time="0"/>
  <testcase name="test_DateTime_roundCeiling_hourOfDay_NewYork_Autumn_preCutover" classname="org.joda.time.TestDateTimeZoneCutover" time="0"/>
  <testcase name="test_DateTime_roundCeiling_hourOfDay_NewYork_Autumn_postCutover" classname="org.joda.time.TestDateTimeZoneCutover" time="0"/>
  <testcase name="test_DateTime_roundCeiling_minuteOfHour_NewYork_Autumn_preCutover" classname="org.joda.time.TestDateTimeZoneCutover" time="0"/>
  <testcase name="test_DateTime_roundCeiling_minuteOfHour_NewYork_Autumn_postCutover" classname="org.joda.time.TestDateTimeZoneCutover" time="0"/>
  <testcase name="test_DateTime_roundCeiling_secondOfMinute_NewYork_Autumn_preCutover" classname="org.joda.time.TestDateTimeZoneCutover" time="0"/>
  <testcase name="test_DateTime_roundCeiling_secondOfMinute_NewYork_Autumn_postCutover" classname="org.joda.time.TestDateTimeZoneCutover" time="0"/>
  <testcase name="test_MoscowIsCorrect_Spring" classname="org.joda.time.TestDateTimeZoneCutover" time="0.001"/>
  <testcase name="test_getOffsetFromLocal_Moscow_Spring" classname="org.joda.time.TestDateTimeZoneCutover" time="0"/>
  <testcase name="test_MoscowIsCorrect_Autumn" classname="org.joda.time.TestDateTimeZoneCutover" time="0"/>
  <testcase name="test_MockGazaIsCorrect" classname="org.joda.time.TestDateTimeZoneCutover" time="0"/>
  <testcase name="test_getOffsetFromLocal_Gaza" classname="org.joda.time.TestDateTimeZoneCutover" time="0"/>
  <testcase name="test_DateTime_roundFloor_Gaza" classname="org.joda.time.TestDateTimeZoneCutover" time="0"/>
  <testcase name="testPeriod" classname="org.joda.time.TestDateTimeZoneCutover" time="0.002"/>
  <testcase name="test_DateTime_setHourAcross_Moscow_Spring" classname="org.joda.time.TestDateTimeZoneCutover" time="0"/>
  <testcase name="test_DateTime_setHourForward_Moscow_Spring" classname="org.joda.time.TestDateTimeZoneCutover" time="0"/>
  <testcase name="test_DateTime_setHourBack_Moscow_Spring" classname="org.joda.time.TestDateTimeZoneCutover" time="0"/>
  <testcase name="test_getOffsetFromLocal_Moscow_Autumn" classname="org.joda.time.TestDateTimeZoneCutover" time="0.001"/>
  <testcase name="test_getOffsetFromLocal_Moscow_Autumn_overlap_mins" classname="org.joda.time.TestDateTimeZoneCutover" time="0.001"/>
  <testcase name="test_DateTime_constructor_Moscow_Autumn" classname="org.joda.time.TestDateTimeZoneCutover" time="0"/>
  <testcase name="test_DateTime_plusHour_Moscow_Autumn" classname="org.joda.time.TestDateTimeZoneCutover" time="0"/>
  <testcase name="test_DateTime_minusHour_Moscow_Autumn" classname="org.joda.time.TestDateTimeZoneCutover" time="0"/>
  <testcase name="test_GuatemataIsCorrect_Autumn" classname="org.joda.time.TestDateTimeZoneCutover" time="0.001"/>
  <testcase name="test_getOffsetFromLocal_Guatemata_Autumn" classname="org.joda.time.TestDateTimeZoneCutover" time="0"/>
  <testcase name="test_DateTime_plusHour_Guatemata_Autumn" classname="org.joda.time.TestDateTimeZoneCutover" time="0"/>
  <testcase name="test_DateTime_minusHour_Guatemata_Autumn" classname="org.joda.time.TestDateTimeZoneCutover" time="0"/>
  <testcase name="test_RioBrancoIsCorrect_Spring" classname="org.joda.time.TestDateTimeZoneCutover" time="0.001"/>
  <testcase name="test_getOffsetFromLocal_RioBranco_Spring" classname="org.joda.time.TestDateTimeZoneCutover" time="0"/>
  <testcase name="test_DateTime_JustAfterLastEverOverlap" classname="org.joda.time.TestDateTimeZoneCutover" time="0.01"/>
  <testcase name="testWithMinuteOfHourInDstChange_mockZone" classname="org.joda.time.TestDateTimeZoneCutover" time="0.001"/>
  <testcase name="testWithHourOfDayInDstChange" classname="org.joda.time.TestDateTimeZoneCutover" time="0.001"/>
  <testcase name="testWithMinuteOfHourInDstChange" classname="org.joda.time.TestDateTimeZoneCutover" time="0"/>
  <testcase name="testWithSecondOfMinuteInDstChange" classname="org.joda.time.TestDateTimeZoneCutover" time="0"/>
  <testcase name="testWithMillisOfSecondInDstChange_Paris_summer" classname="org.joda.time.TestDateTimeZoneCutover" time="0"/>
  <testcase name="testWithMillisOfSecondInDstChange_Paris_winter" classname="org.joda.time.TestDateTimeZoneCutover" time="0.001"/>
  <testcase name="testWithMillisOfSecondInDstChange_NewYork_summer" classname="org.joda.time.TestDateTimeZoneCutover" time="0"/>
  <testcase name="testWithMillisOfSecondInDstChange_NewYork_winter" classname="org.joda.time.TestDateTimeZoneCutover" time="0.001"/>
  <testcase name="testPlusMinutesInDstChange" classname="org.joda.time.TestDateTimeZoneCutover" time="0"/>
  <testcase name="testPlusSecondsInDstChange" classname="org.joda.time.TestDateTimeZoneCutover" time="0"/>
  <testcase name="testPlusMillisInDstChange" classname="org.joda.time.TestDateTimeZoneCutover" time="0"/>
  <testcase name="testBug2182444_usCentral" classname="org.joda.time.TestDateTimeZoneCutover" time="0.002"/>
  <testcase name="testBug2182444_ausNSW" classname="org.joda.time.TestDateTimeZoneCutover" time="0"/>
  <testcase name="testForum4013394_retainOffsetWhenRetainFields_sameOffsetsDifferentZones" classname="org.joda.time.TestDateTimeZoneCutover" time="0.002"/>
  <testcase name="testBug3192457_adjustOffset" classname="org.joda.time.TestDateTimeZoneCutover" time="0"/>
  <testcase name="testBug3476684_adjustOffset" classname="org.joda.time.TestDateTimeZoneCutover" time="0.001"/>
  <testcase name="testBug3476684_adjustOffset_springGap" classname="org.joda.time.TestDateTimeZoneCutover" time="0"/>
  <testcase name="testDateTimeCreation_athens" classname="org.joda.time.TestDateTimeZoneCutover" time="0.001"/>
  <testcase name="testDateTimeCreation_paris" classname="org.joda.time.TestDateTimeZoneCutover" time="0"/>
  <testcase name="testDateTimeCreation_london" classname="org.joda.time.TestDateTimeZoneCutover" time="0"/>
  <testcase name="testDateTimeCreation_newYork" classname="org.joda.time.TestDateTimeZoneCutover" time="0"/>
  <testcase name="testDateTimeCreation_losAngeles" classname="org.joda.time.TestDateTimeZoneCutover" time="0.001"/>
  <testcase name="testTest" classname="org.joda.time.TestPeriodType" time="0"/>
  <testcase name="testIsSupported" classname="org.joda.time.TestPeriodType" time="0"/>
  <testcase name="testIndexOf" classname="org.joda.time.TestPeriodType" time="0"/>
  <testcase name="testMillis" classname="org.joda.time.TestPeriodType" time="0.002"/>
  <testcase name="testStandard" classname="org.joda.time.TestPeriodType" time="0.002"/>
  <testcase name="testYearMonthDayTime" classname="org.joda.time.TestPeriodType" time="0.003"/>
  <testcase name="testYearMonthDay" classname="org.joda.time.TestPeriodType" time="0"/>
  <testcase name="testYearWeekDayTime" classname="org.joda.time.TestPeriodType" time="0.002"/>
  <testcase name="testYearWeekDay" classname="org.joda.time.TestPeriodType" time="0"/>
  <testcase name="testYearDayTime" classname="org.joda.time.TestPeriodType" time="0.005"/>
  <testcase name="testYearDay" classname="org.joda.time.TestPeriodType" time="0.001"/>
  <testcase name="testDayTime" classname="org.joda.time.TestPeriodType" time="0"/>
  <testcase name="testTime" classname="org.joda.time.TestPeriodType" time="0.002"/>
  <testcase name="testYears" classname="org.joda.time.TestPeriodType" time="0"/>
  <testcase name="testMonths" classname="org.joda.time.TestPeriodType" time="0.001"/>
  <testcase name="testWeeks" classname="org.joda.time.TestPeriodType" time="0"/>
  <testcase name="testDays" classname="org.joda.time.TestPeriodType" time="0.001"/>
  <testcase name="testHours" classname="org.joda.time.TestPeriodType" time="0"/>
  <testcase name="testMinutes" classname="org.joda.time.TestPeriodType" time="0.001"/>
  <testcase name="testSeconds" classname="org.joda.time.TestPeriodType" time="0"/>
  <testcase name="testForFields1" classname="org.joda.time.TestPeriodType" time="0"/>
  <testcase name="testForFields2" classname="org.joda.time.TestPeriodType" time="0.001"/>
  <testcase name="testForFields3" classname="org.joda.time.TestPeriodType" time="0"/>
  <testcase name="testForFields4" classname="org.joda.time.TestPeriodType" time="0"/>
  <testcase name="testForFields5" classname="org.joda.time.TestPeriodType" time="0"/>
  <testcase name="testForFields6" classname="org.joda.time.TestPeriodType" time="0"/>
  <testcase name="testForFields7" classname="org.joda.time.TestPeriodType" time="0"/>
  <testcase name="testMaskYears" classname="org.joda.time.TestPeriodType" time="0.001"/>
  <testcase name="testMaskMonths" classname="org.joda.time.TestPeriodType" time="0"/>
  <testcase name="testMaskWeeks" classname="org.joda.time.TestPeriodType" time="0.001"/>
  <testcase name="testMaskDays" classname="org.joda.time.TestPeriodType" time="0.001"/>
  <testcase name="testMaskHours" classname="org.joda.time.TestPeriodType" time="0.001"/>
  <testcase name="testMaskMinutes" classname="org.joda.time.TestPeriodType" time="0.006"/>
  <testcase name="testMaskSeconds" classname="org.joda.time.TestPeriodType" time="0"/>
  <testcase name="testMaskMillis" classname="org.joda.time.TestPeriodType" time="0.001"/>
  <testcase name="testMaskHoursMinutesSeconds" classname="org.joda.time.TestPeriodType" time="0"/>
  <testcase name="testMaskTwice1" classname="org.joda.time.TestPeriodType" time="0.001"/>
  <testcase name="testMaskTwice2" classname="org.joda.time.TestPeriodType" time="0"/>
  <testcase name="testEquals" classname="org.joda.time.TestPeriodType" time="0"/>
  <testcase name="testHashCode" classname="org.joda.time.TestPeriodType" time="0"/>
  <testcase name="test_subtract" classname="org.joda.time.TestDurationField" time="0"/>
  <testcase name="testDateMidnight" classname="org.joda.time.TestStringConvert" time="0.034"/>
  <testcase name="testLocalTime" classname="org.joda.time.TestStringConvert" time="0.001"/>
  <testcase name="testYearMonth" classname="org.joda.time.TestStringConvert" time="0"/>
  <testcase name="testMonthDay" classname="org.joda.time.TestStringConvert" time="0.002"/>
  <testcase name="testMonthDay_leapDay" classname="org.joda.time.TestStringConvert" time="0"/>
  <testcase name="testTimeZone" classname="org.joda.time.TestStringConvert" time="0"/>
  <testcase name="testDuration" classname="org.joda.time.TestStringConvert" time="0.001"/>
  <testcase name="testMutablePeriod" classname="org.joda.time.TestStringConvert" time="0.001"/>
  <testcase name="testPeriod" classname="org.joda.time.TestStringConvert" time="0"/>
  <testcase name="testYears" classname="org.joda.time.TestStringConvert" time="0"/>
  <testcase name="testMonths" classname="org.joda.time.TestStringConvert" time="0.001"/>
  <testcase name="testWeeks" classname="org.joda.time.TestStringConvert" time="0"/>
  <testcase name="testDays" classname="org.joda.time.TestStringConvert" time="0"/>
  <testcase name="testHours" classname="org.joda.time.TestStringConvert" time="0.001"/>
  <testcase name="testMinutes" classname="org.joda.time.TestStringConvert" time="0"/>
  <testcase name="testSeconds" classname="org.joda.time.TestStringConvert" time="0"/>
  <testcase name="testDateTime" classname="org.joda.time.TestStringConvert" time="0.002"/>
  <testcase name="testMutableDateTime" classname="org.joda.time.TestStringConvert" time="0"/>
  <testcase name="testLocalDateTime" classname="org.joda.time.TestStringConvert" time="0.001"/>
  <testcase name="testLocalDate" classname="org.joda.time.TestStringConvert" time="0.001"/>
  <testcase name="testTest" classname="org.joda.time.TestSerialization" time="0"/>
  <testcase name="testDuration" classname="org.joda.time.TestSerialization" time="0"/>
  <testcase name="testSerializedLocalDate" classname="org.joda.time.TestSerialization" time="0.002"/>
  <testcase name="testSerializedLocalDateBuddhist" classname="org.joda.time.TestSerialization" time="0.008"/>
  <testcase name="testSerializedLocalTime" classname="org.joda.time.TestSerialization" time="0.001"/>
  <testcase name="testSerializedLocalDateTime" classname="org.joda.time.TestSerialization" time="0.001"/>
  <testcase name="testSerializedYearMonthDay" classname="org.joda.time.TestSerialization" time="0.002"/>
  <testcase name="testSerializedTimeOfDay" classname="org.joda.time.TestSerialization" time="0.002"/>
  <testcase name="testSerializedDateTimeZoneUTC" classname="org.joda.time.TestSerialization" time="0"/>
  <testcase name="testSerializedDateTimeZone" classname="org.joda.time.TestSerialization" time="0"/>
  <testcase name="testSerializedCopticChronology" classname="org.joda.time.TestSerialization" time="0.002"/>
  <testcase name="testSerializedISOChronology" classname="org.joda.time.TestSerialization" time="0.002"/>
  <testcase name="testSerializedGJChronology" classname="org.joda.time.TestSerialization" time="0.002"/>
  <testcase name="testSerializedGJChronologyChangedInternals" classname="org.joda.time.TestSerialization" time="0.002"/>
  <testcase name="testSerializedGregorianChronology" classname="org.joda.time.TestSerialization" time="0.002"/>
  <testcase name="testSerializedJulianChronology" classname="org.joda.time.TestSerialization" time="0.001"/>
  <testcase name="testSerializedBuddhistChronology" classname="org.joda.time.TestSerialization" time="0.003"/>
  <testcase name="testSerializedPeriodType" classname="org.joda.time.TestSerialization" time="0.001"/>
  <testcase name="testSerializedDateTimeFieldType" classname="org.joda.time.TestSerialization" time="0.001"/>
  <testcase name="testSerializedUnsupportedDateTimeField" classname="org.joda.time.TestSerialization" time="0.002"/>
  <testcase name="testSerializedInstant" classname="org.joda.time.TestSerialization" time="0"/>
  <testcase name="testSerializedDateTime" classname="org.joda.time.TestSerialization" time="0.001"/>
  <testcase name="testSerializedDateTimeProperty" classname="org.joda.time.TestSerialization" time="0.002"/>
  <testcase name="testSerializedMutableDateTime" classname="org.joda.time.TestSerialization" time="0.001"/>
  <testcase name="testSerializedMutableDateTimeProperty" classname="org.joda.time.TestSerialization" time="0.002"/>
  <testcase name="testSerializedDateMidnight" classname="org.joda.time.TestSerialization" time="0"/>
  <testcase name="testSerializedDateMidnightProperty" classname="org.joda.time.TestSerialization" time="0.002"/>
  <testcase name="testVerifyValueBounds" classname="org.joda.time.TestIllegalFieldValueException" time="0"/>
  <testcase name="testSkipDateTimeField" classname="org.joda.time.TestIllegalFieldValueException" time="0.001"/>
  <testcase name="testSetText" classname="org.joda.time.TestIllegalFieldValueException" time="0"/>
  <testcase name="testZoneTransition" classname="org.joda.time.TestIllegalFieldValueException" time="0"/>
  <testcase name="testJulianYearZero" classname="org.joda.time.TestIllegalFieldValueException" time="0"/>
  <testcase name="testGJCutover" classname="org.joda.time.TestIllegalFieldValueException" time="0.001"/>
  <testcase name="testReadablePartialValidate" classname="org.joda.time.TestIllegalFieldValueException" time="0"/>
  <testcase name="testOtherConstructors" classname="org.joda.time.TestIllegalFieldValueException" time="0"/>
  <testcase name="testDateTime_max_math" classname="org.joda.time.TestMinMaxLong" time="0.001"/>
  <testcase name="testDateTime_max_fields" classname="org.joda.time.TestMinMaxLong" time="0"/>
  <testcase name="testDateTime_max_fieldsUTC" classname="org.joda.time.TestMinMaxLong" time="0"/>
  <testcase name="testDateTime_max_fieldsNewYork" classname="org.joda.time.TestMinMaxLong" time="0.001"/>
  <testcase name="testDateTime_max_long" classname="org.joda.time.TestMinMaxLong" time="0"/>
  <testcase name="testPrintParseMax" classname="org.joda.time.TestMinMaxLong" time="0.001"/>
  <testcase name="testDateTime_min" classname="org.joda.time.TestMinMaxLong" time="0"/>
  <testcase name="testDateTime_min_math" classname="org.joda.time.TestMinMaxLong" time="0"/>
  <testcase name="testDateTime_min_fields" classname="org.joda.time.TestMinMaxLong" time="0"/>
  <testcase name="testDateTime_min_long" classname="org.joda.time.TestMinMaxLong" time="0.001"/>
  <testcase name="testPrintParseMin" classname="org.joda.time.TestMinMaxLong" time="0"/>
  <testcase name="testDateTime_aroundZero" classname="org.joda.time.TestMinMaxLong" time="0.004"/>
  <testcase name="testDateTime_max" classname="org.joda.time.TestMinMaxLong" time="0"/>
  <testcase name="testToString" classname="org.joda.time.chrono.TestBuddhistChronology" time="0"/>
  <testcase name="testFactoryUTC" classname="org.joda.time.chrono.TestBuddhistChronology" time="0"/>
  <testcase name="testFactory" classname="org.joda.time.chrono.TestBuddhistChronology" time="0"/>
  <testcase name="testFactory_Zone" classname="org.joda.time.chrono.TestBuddhistChronology" time="0"/>
  <testcase name="testEquality" classname="org.joda.time.chrono.TestBuddhistChronology" time="0"/>
  <testcase name="testWithUTC" classname="org.joda.time.chrono.TestBuddhistChronology" time="0"/>
  <testcase name="testWithZone" classname="org.joda.time.chrono.TestBuddhistChronology" time="0.001"/>
  <testcase name="testDurationFields" classname="org.joda.time.chrono.TestBuddhistChronology" time="0"/>
  <testcase name="testDateFields" classname="org.joda.time.chrono.TestBuddhistChronology" time="0"/>
  <testcase name="testTimeFields" classname="org.joda.time.chrono.TestBuddhistChronology" time="0.001"/>
  <testcase name="testEpoch" classname="org.joda.time.chrono.TestBuddhistChronology" time="0"/>
  <testcase name="testEra" classname="org.joda.time.chrono.TestBuddhistChronology" time="0"/>
  <testcase name="testKeyYears" classname="org.joda.time.chrono.TestBuddhistChronology" time="0"/>
  <testcase name="testCalendar" classname="org.joda.time.chrono.TestBuddhistChronology" time="1.405"/>
  <testcase name="testToString" classname="org.joda.time.chrono.TestCopticChronology" time="0.001"/>
  <testcase name="testFactoryUTC" classname="org.joda.time.chrono.TestCopticChronology" time="0"/>
  <testcase name="testFactory" classname="org.joda.time.chrono.TestCopticChronology" time="0.001"/>
  <testcase name="testFactory_Zone" classname="org.joda.time.chrono.TestCopticChronology" time="0"/>
  <testcase name="testEquality" classname="org.joda.time.chrono.TestCopticChronology" time="0"/>
  <testcase name="testWithUTC" classname="org.joda.time.chrono.TestCopticChronology" time="0"/>
  <testcase name="testWithZone" classname="org.joda.time.chrono.TestCopticChronology" time="0"/>
  <testcase name="testDurationFields" classname="org.joda.time.chrono.TestCopticChronology" time="0.001"/>
  <testcase name="testDateFields" classname="org.joda.time.chrono.TestCopticChronology" time="0"/>
  <testcase name="testTimeFields" classname="org.joda.time.chrono.TestCopticChronology" time="0"/>
  <testcase name="testEpoch" classname="org.joda.time.chrono.TestCopticChronology" time="0"/>
  <testcase name="testEra" classname="org.joda.time.chrono.TestCopticChronology" time="0"/>
  <testcase name="testCalendar" classname="org.joda.time.chrono.TestCopticChronology" time="0.811"/>
  <testcase name="testSampleDate" classname="org.joda.time.chrono.TestCopticChronology" time="0.001"/>
  <testcase name="testSampleDateWithZone" classname="org.joda.time.chrono.TestCopticChronology" time="0"/>
  <testcase name="testDurationYear" classname="org.joda.time.chrono.TestCopticChronology" time="0"/>
  <testcase name="testDurationMonth" classname="org.joda.time.chrono.TestCopticChronology" time="0.001"/>
  <testcase name="testLeap_5_13" classname="org.joda.time.chrono.TestCopticChronology" time="0"/>
  <testcase name="testLeap_6_13" classname="org.joda.time.chrono.TestCopticChronology" time="0"/>
  <testcase name="testToString" classname="org.joda.time.chrono.TestEthiopicChronology" time="0.007"/>
  <testcase name="testFactoryUTC" classname="org.joda.time.chrono.TestEthiopicChronology" time="0"/>
  <testcase name="testFactory" classname="org.joda.time.chrono.TestEthiopicChronology" time="0"/>
  <testcase name="testFactory_Zone" classname="org.joda.time.chrono.TestEthiopicChronology" time="0"/>
  <testcase name="testEquality" classname="org.joda.time.chrono.TestEthiopicChronology" time="0"/>
  <testcase name="testWithUTC" classname="org.joda.time.chrono.TestEthiopicChronology" time="0"/>
  <testcase name="testWithZone" classname="org.joda.time.chrono.TestEthiopicChronology" time="0"/>
  <testcase name="testDurationFields" classname="org.joda.time.chrono.TestEthiopicChronology" time="0"/>
  <testcase name="testDateFields" classname="org.joda.time.chrono.TestEthiopicChronology" time="0"/>
  <testcase name="testTimeFields" classname="org.joda.time.chrono.TestEthiopicChronology" time="0"/>
  <testcase name="testEpoch" classname="org.joda.time.chrono.TestEthiopicChronology" time="0"/>
  <testcase name="testEra" classname="org.joda.time.chrono.TestEthiopicChronology" time="0"/>
  <testcase name="testCalendar" classname="org.joda.time.chrono.TestEthiopicChronology" time="0.759"/>
  <testcase name="testSampleDate" classname="org.joda.time.chrono.TestEthiopicChronology" time="0.014"/>
  <testcase name="testSampleDateWithZone" classname="org.joda.time.chrono.TestEthiopicChronology" time="0"/>
  <testcase name="testDurationYear" classname="org.joda.time.chrono.TestEthiopicChronology" time="0"/>
  <testcase name="testDurationMonth" classname="org.joda.time.chrono.TestEthiopicChronology" time="0"/>
  <testcase name="testLeap_5_13" classname="org.joda.time.chrono.TestEthiopicChronology" time="0"/>
  <testcase name="testLeap_6_13" classname="org.joda.time.chrono.TestEthiopicChronology" time="0"/>
  <testcase name="testToString" classname="org.joda.time.chrono.TestGJChronology" time="0"/>
  <testcase name="testParseEquivalence" classname="org.joda.time.chrono.TestGJChronology" time="0"/>
  <testcase name="testFactory_Zone_long_int" classname="org.joda.time.chrono.TestGJChronology" time="0"/>
  <testcase name="testFactory_Zone_RI" classname="org.joda.time.chrono.TestGJChronology" time="0"/>
  <testcase name="testFactory_Zone_RI_int" classname="org.joda.time.chrono.TestGJChronology" time="0"/>
  <testcase name="testIllegalDates" classname="org.joda.time.chrono.TestGJChronology" time="0"/>
  <testcase name="testCutoverAddYears" classname="org.joda.time.chrono.TestGJChronology" time="0.004"/>
  <testcase name="testCutoverAddWeekyears" classname="org.joda.time.chrono.TestGJChronology" time="0.008"/>
  <testcase name="testCutoverAddMonths" classname="org.joda.time.chrono.TestGJChronology" time="0.002"/>
  <testcase name="testCutoverAddWeeks" classname="org.joda.time.chrono.TestGJChronology" time="0"/>
  <testcase name="testCutoverAddDays" classname="org.joda.time.chrono.TestGJChronology" time="0.002"/>
  <testcase name="testYearEndAddDays" classname="org.joda.time.chrono.TestGJChronology" time="0.003"/>
  <testcase name="testSubtractDays" classname="org.joda.time.chrono.TestGJChronology" time="0.002"/>
  <testcase name="testTimeOfDayAdd" classname="org.joda.time.chrono.TestGJChronology" time="0.004"/>
  <testcase name="testMaximumValue" classname="org.joda.time.chrono.TestGJChronology" time="0.14"/>
  <testcase name="testFactoryUTC" classname="org.joda.time.chrono.TestGJChronology" time="0"/>
  <testcase name="testFactory" classname="org.joda.time.chrono.TestGJChronology" time="0"/>
  <testcase name="testFactory_Zone" classname="org.joda.time.chrono.TestGJChronology" time="0"/>
  <testcase name="testEquality" classname="org.joda.time.chrono.TestGJChronology" time="0.001"/>
  <testcase name="testWithUTC" classname="org.joda.time.chrono.TestGJChronology" time="0"/>
  <testcase name="testWithZone" classname="org.joda.time.chrono.TestGJChronology" time="0"/>
  <testcase name="testDurationFields" classname="org.joda.time.chrono.TestGJChronology" time="0.001"/>
  <testcase name="testDateFields" classname="org.joda.time.chrono.TestGJChronology" time="0"/>
  <testcase name="testTimeFields" classname="org.joda.time.chrono.TestGJChronology" time="0"/>
  <testcase name="testPartialGetAsText" classname="org.joda.time.chrono.TestGJChronology" time="0"/>
  <testcase name="testLeapYearRulesConstruction" classname="org.joda.time.chrono.TestGJChronology" time="0"/>
  <testcase name="testLeapYearRulesConstructionInvalid" classname="org.joda.time.chrono.TestGJChronology" time="0"/>
  <testcase name="testLeap_28feb" classname="org.joda.time.chrono.TestGJChronology" time="0.001"/>
  <testcase name="testLeap_29feb" classname="org.joda.time.chrono.TestGJChronology" time="0"/>
  <testcase name="testToString" classname="org.joda.time.chrono.TestGregorianChronology" time="0"/>
  <testcase name="testMaximumValue" classname="org.joda.time.chrono.TestGregorianChronology" time="0"/>
  <testcase name="testFactoryUTC" classname="org.joda.time.chrono.TestGregorianChronology" time="0"/>
  <testcase name="testFactory" classname="org.joda.time.chrono.TestGregorianChronology" time="0"/>
  <testcase name="testFactory_Zone" classname="org.joda.time.chrono.TestGregorianChronology" time="0.001"/>
  <testcase name="testEquality" classname="org.joda.time.chrono.TestGregorianChronology" time="0"/>
  <testcase name="testWithUTC" classname="org.joda.time.chrono.TestGregorianChronology" time="0"/>
  <testcase name="testWithZone" classname="org.joda.time.chrono.TestGregorianChronology" time="0"/>
  <testcase name="testDurationFields" classname="org.joda.time.chrono.TestGregorianChronology" time="0"/>
  <testcase name="testDateFields" classname="org.joda.time.chrono.TestGregorianChronology" time="0"/>
  <testcase name="testTimeFields" classname="org.joda.time.chrono.TestGregorianChronology" time="0.001"/>
  <testcase name="testLeap_28feb" classname="org.joda.time.chrono.TestGregorianChronology" time="0"/>
  <testcase name="testLeap_29feb" classname="org.joda.time.chrono.TestGregorianChronology" time="0"/>
  <testcase name="testFactory_Zone_int" classname="org.joda.time.chrono.TestGregorianChronology" time="0"/>
  <testcase name="testToString" classname="org.joda.time.chrono.TestIslamicChronology" time="0.001"/>
  <testcase name="testFactoryUTC" classname="org.joda.time.chrono.TestIslamicChronology" time="0"/>
  <testcase name="testFactory" classname="org.joda.time.chrono.TestIslamicChronology" time="0"/>
  <testcase name="testFactory_Zone" classname="org.joda.time.chrono.TestIslamicChronology" time="0"/>
  <testcase name="testEquality" classname="org.joda.time.chrono.TestIslamicChronology" time="0"/>
  <testcase name="testWithUTC" classname="org.joda.time.chrono.TestIslamicChronology" time="0"/>
  <testcase name="testWithZone" classname="org.joda.time.chrono.TestIslamicChronology" time="0"/>
  <testcase name="testDurationFields" classname="org.joda.time.chrono.TestIslamicChronology" time="0.001"/>
  <testcase name="testDateFields" classname="org.joda.time.chrono.TestIslamicChronology" time="0"/>
  <testcase name="testTimeFields" classname="org.joda.time.chrono.TestIslamicChronology" time="0"/>
  <testcase name="testEpoch" classname="org.joda.time.chrono.TestIslamicChronology" time="0"/>
  <testcase name="testEra" classname="org.joda.time.chrono.TestIslamicChronology" time="0"/>
  <testcase name="testCalendar" classname="org.joda.time.chrono.TestIslamicChronology" time="1.259"/>
  <testcase name="testSampleDateWithZone" classname="org.joda.time.chrono.TestIslamicChronology" time="0"/>
  <testcase name="testFieldConstructor" classname="org.joda.time.chrono.TestIslamicChronology" time="0"/>
  <testcase name="testSampleDate1" classname="org.joda.time.chrono.TestIslamicChronology" time="0"/>
  <testcase name="testSampleDate2" classname="org.joda.time.chrono.TestIslamicChronology" time="0.001"/>
  <testcase name="testSampleDate3" classname="org.joda.time.chrono.TestIslamicChronology" time="0"/>
  <testcase name="test15BasedLeapYear" classname="org.joda.time.chrono.TestIslamicChronology" time="0"/>
  <testcase name="test16BasedLeapYear" classname="org.joda.time.chrono.TestIslamicChronology" time="0"/>
  <testcase name="testIndianBasedLeapYear" classname="org.joda.time.chrono.TestIslamicChronology" time="0"/>
  <testcase name="testHabashAlHasibBasedLeapYear" classname="org.joda.time.chrono.TestIslamicChronology" time="0"/>
  <testcase name="testToString" classname="org.joda.time.chrono.TestJulianChronology" time="0"/>
  <testcase name="testFactoryUTC" classname="org.joda.time.chrono.TestJulianChronology" time="0.001"/>
  <testcase name="testFactory" classname="org.joda.time.chrono.TestJulianChronology" time="0"/>
  <testcase name="testFactory_Zone" classname="org.joda.time.chrono.TestJulianChronology" time="0"/>
  <testcase name="testEquality" classname="org.joda.time.chrono.TestJulianChronology" time="0"/>
  <testcase name="testWithUTC" classname="org.joda.time.chrono.TestJulianChronology" time="0"/>
  <testcase name="testWithZone" classname="org.joda.time.chrono.TestJulianChronology" time="0"/>
  <testcase name="testDurationFields" classname="org.joda.time.chrono.TestJulianChronology" time="0"/>
  <testcase name="testDateFields" classname="org.joda.time.chrono.TestJulianChronology" time="0"/>
  <testcase name="testTimeFields" classname="org.joda.time.chrono.TestJulianChronology" time="0"/>
  <testcase name="testLeap_28feb" classname="org.joda.time.chrono.TestJulianChronology" time="0.001"/>
  <testcase name="testLeap_29feb" classname="org.joda.time.chrono.TestJulianChronology" time="0"/>
  <testcase name="testFactory_Zone_int" classname="org.joda.time.chrono.TestJulianChronology" time="0"/>
  <testcase name="testToString" classname="org.joda.time.chrono.TestISOChronology" time="0"/>
  <testcase name="testAddMonths" classname="org.joda.time.chrono.TestISOChronology" time="0.003"/>
  <testcase name="testCutoverAddYears" classname="org.joda.time.chrono.TestISOChronology" time="0.004"/>
  <testcase name="testTimeOfDayAdd" classname="org.joda.time.chrono.TestISOChronology" time="0"/>
  <testcase name="testMaximumValue" classname="org.joda.time.chrono.TestISOChronology" time="0.03"/>
  <testcase name="testFactoryUTC" classname="org.joda.time.chrono.TestISOChronology" time="0"/>
  <testcase name="testFactory" classname="org.joda.time.chrono.TestISOChronology" time="0"/>
  <testcase name="testFactory_Zone" classname="org.joda.time.chrono.TestISOChronology" time="0.001"/>
  <testcase name="testEquality" classname="org.joda.time.chrono.TestISOChronology" time="0"/>
  <testcase name="testWithUTC" classname="org.joda.time.chrono.TestISOChronology" time="0"/>
  <testcase name="testWithZone" classname="org.joda.time.chrono.TestISOChronology" time="0"/>
  <testcase name="testDurationFields" classname="org.joda.time.chrono.TestISOChronology" time="0"/>
  <testcase name="testDateFields" classname="org.joda.time.chrono.TestISOChronology" time="0.001"/>
  <testcase name="testTimeFields" classname="org.joda.time.chrono.TestISOChronology" time="0"/>
  <testcase name="testMaxYear" classname="org.joda.time.chrono.TestISOChronology" time="0.001"/>
  <testcase name="testMinYear" classname="org.joda.time.chrono.TestISOChronology" time="0"/>
  <testcase name="testPartialDayOfYearAdd" classname="org.joda.time.chrono.TestISOChronology" time="0.001"/>
  <testcase name="testLeap_28feb" classname="org.joda.time.chrono.TestISOChronology" time="0"/>
  <testcase name="testLeap_29feb" classname="org.joda.time.chrono.TestISOChronology" time="0"/>
  <testcase name="test_MockTurkIsCorrect" classname="org.joda.time.chrono.TestLenientChronology" time="0"/>
  <testcase name="test_lenientChrononolgy_Turk" classname="org.joda.time.chrono.TestLenientChronology" time="0"/>
  <testcase name="test_strictChrononolgy_Chicago" classname="org.joda.time.chrono.TestLenientChronology" time="0"/>
  <testcase name="test_isoChrononolgy_Chicago" classname="org.joda.time.chrono.TestLenientChronology" time="0"/>
  <testcase name="test_setYear" classname="org.joda.time.chrono.TestLenientChronology" time="0"/>
  <testcase name="test_setMonthOfYear" classname="org.joda.time.chrono.TestLenientChronology" time="0"/>
  <testcase name="test_setDayOfMonth" classname="org.joda.time.chrono.TestLenientChronology" time="0.001"/>
  <testcase name="test_setHourOfDay" classname="org.joda.time.chrono.TestLenientChronology" time="0"/>
  <testcase name="testNearDstTransition" classname="org.joda.time.chrono.TestLenientChronology" time="0.001"/>
  <testcase name="test_lenientChrononolgy_Chicago" classname="org.joda.time.chrono.TestLenientChronology" time="0"/>
  <testcase name="test_plusYears_positiveToPositive" classname="org.joda.time.chrono.TestGJDate" time="0.001"/>
  <testcase name="test_plusYears_positiveToNegative" classname="org.joda.time.chrono.TestGJDate" time="0"/>
  <testcase name="test_plusYears_negativeToNegative" classname="org.joda.time.chrono.TestGJDate" time="0"/>
  <testcase name="test_plusYears_negativeToZero" classname="org.joda.time.chrono.TestGJDate" time="0"/>
  <testcase name="test_plusYears_negativeToPositive" classname="org.joda.time.chrono.TestGJDate" time="0.009"/>
  <testcase name="test_plusYears_positiveToPositive_crossCutover" classname="org.joda.time.chrono.TestGJDate" time="0"/>
  <testcase name="test_plusYears_positiveToZero_crossCutover" classname="org.joda.time.chrono.TestGJDate" time="0.001"/>
  <testcase name="test_plusYears_positiveToNegative_crossCutover" classname="org.joda.time.chrono.TestGJDate" time="0"/>
  <testcase name="test_plusYears_negativeToPositive_crossCutover" classname="org.joda.time.chrono.TestGJDate" time="0"/>
  <testcase name="test_plusWeekyears_positiveToZero_crossCutover" classname="org.joda.time.chrono.TestGJDate" time="0"/>
  <testcase name="test_plusWeekyears_positiveToNegative_crossCutover" classname="org.joda.time.chrono.TestGJDate" time="0"/>
  <testcase name="test_cutoverPreZero" classname="org.joda.time.chrono.TestGJDate" time="0"/>
  <testcase name="test_plusYears_positiveToZero" classname="org.joda.time.chrono.TestGJDate" time="0"/>
  <testcase name="testChronology" classname="org.joda.time.chrono.gj.MainTest" time="0.278"/>
  <testcase name="testChronology" classname="org.joda.time.chrono.gj.MainTest" time="0.141"/>
  <testcase name="testToString" classname="org.joda.time.convert.TestConverterManager" time="0.001"/>
  <testcase name="testGetDurationConverterRemovedNull" classname="org.joda.time.convert.TestConverterManager" time="0"/>
  <testcase name="testGetDurationConverters" classname="org.joda.time.convert.TestConverterManager" time="0"/>
  <testcase name="testAddDurationConverter1" classname="org.joda.time.convert.TestConverterManager" time="0"/>
  <testcase name="testAddDurationConverter2" classname="org.joda.time.convert.TestConverterManager" time="0.001"/>
  <testcase name="testAddDurationConverter3" classname="org.joda.time.convert.TestConverterManager" time="0"/>
  <testcase name="testAddDurationConverterSecurity" classname="org.joda.time.convert.TestConverterManager" time="0"/>
  <testcase name="testRemoveDurationConverter1" classname="org.joda.time.convert.TestConverterManager" time="0"/>
  <testcase name="testRemoveDurationConverter2" classname="org.joda.time.convert.TestConverterManager" time="0"/>
  <testcase name="testRemoveDurationConverter3" classname="org.joda.time.convert.TestConverterManager" time="0"/>
  <testcase name="testRemoveDurationConverterSecurity" classname="org.joda.time.convert.TestConverterManager" time="0"/>
  <testcase name="testGetPeriodConverter" classname="org.joda.time.convert.TestConverterManager" time="0.001"/>
  <testcase name="testGetPeriodConverterRemovedNull" classname="org.joda.time.convert.TestConverterManager" time="0"/>
  <testcase name="testGetPeriodConverters" classname="org.joda.time.convert.TestConverterManager" time="0"/>
  <testcase name="testAddPeriodConverter1" classname="org.joda.time.convert.TestConverterManager" time="0.001"/>
  <testcase name="testAddPeriodConverter2" classname="org.joda.time.convert.TestConverterManager" time="0"/>
  <testcase name="testAddPeriodConverter3" classname="org.joda.time.convert.TestConverterManager" time="0"/>
  <testcase name="testAddPeriodConverterSecurity" classname="org.joda.time.convert.TestConverterManager" time="0"/>
  <testcase name="testRemovePeriodConverter1" classname="org.joda.time.convert.TestConverterManager" time="0"/>
  <testcase name="testRemovePeriodConverter2" classname="org.joda.time.convert.TestConverterManager" time="0"/>
  <testcase name="testRemovePeriodConverter3" classname="org.joda.time.convert.TestConverterManager" time="0"/>
  <testcase name="testRemovePeriodConverterSecurity" classname="org.joda.time.convert.TestConverterManager" time="0"/>
  <testcase name="testGetIntervalConverter" classname="org.joda.time.convert.TestConverterManager" time="0"/>
  <testcase name="testGetIntervalConverterRemovedNull" classname="org.joda.time.convert.TestConverterManager" time="0"/>
  <testcase name="testGetIntervalConverters" classname="org.joda.time.convert.TestConverterManager" time="0.001"/>
  <testcase name="testAddIntervalConverter1" classname="org.joda.time.convert.TestConverterManager" time="0"/>
  <testcase name="testSingleton" classname="org.joda.time.convert.TestConverterManager" time="0"/>
  <testcase name="testAddIntervalConverter2" classname="org.joda.time.convert.TestConverterManager" time="0"/>
  <testcase name="testAddIntervalConverter3" classname="org.joda.time.convert.TestConverterManager" time="0"/>
  <testcase name="testAddIntervalConverterSecurity" classname="org.joda.time.convert.TestConverterManager" time="0"/>
  <testcase name="testRemoveIntervalConverter1" classname="org.joda.time.convert.TestConverterManager" time="0"/>
  <testcase name="testRemoveIntervalConverter2" classname="org.joda.time.convert.TestConverterManager" time="0"/>
  <testcase name="testRemoveIntervalConverter3" classname="org.joda.time.convert.TestConverterManager" time="0"/>
  <testcase name="testRemoveIntervalConverterSecurity" classname="org.joda.time.convert.TestConverterManager" time="0"/>
  <testcase name="testGetInstantConverter" classname="org.joda.time.convert.TestConverterManager" time="0"/>
  <testcase name="testGetInstantConverterRemovedNull" classname="org.joda.time.convert.TestConverterManager" time="0"/>
  <testcase name="testGetInstantConverterOKMultipleMatches" classname="org.joda.time.convert.TestConverterManager" time="0.001"/>
  <testcase name="testGetInstantConverterBadMultipleMatches" classname="org.joda.time.convert.TestConverterManager" time="0"/>
  <testcase name="testGetInstantConverters" classname="org.joda.time.convert.TestConverterManager" time="0"/>
  <testcase name="testAddInstantConverter1" classname="org.joda.time.convert.TestConverterManager" time="0.001"/>
  <testcase name="testAddInstantConverter2" classname="org.joda.time.convert.TestConverterManager" time="0"/>
  <testcase name="testAddInstantConverter3" classname="org.joda.time.convert.TestConverterManager" time="0"/>
  <testcase name="testAddInstantConverter4" classname="org.joda.time.convert.TestConverterManager" time="0"/>
  <testcase name="testAddInstantConverterSecurity" classname="org.joda.time.convert.TestConverterManager" time="0"/>
  <testcase name="testRemoveInstantConverter1" classname="org.joda.time.convert.TestConverterManager" time="0"/>
  <testcase name="testRemoveInstantConverter2" classname="org.joda.time.convert.TestConverterManager" time="0"/>
  <testcase name="testRemoveInstantConverter3" classname="org.joda.time.convert.TestConverterManager" time="0"/>
  <testcase name="testRemoveInstantConverterSecurity" classname="org.joda.time.convert.TestConverterManager" time="0"/>
  <testcase name="testGetPartialConverter" classname="org.joda.time.convert.TestConverterManager" time="0"/>
  <testcase name="testGetPartialConverterRemovedNull" classname="org.joda.time.convert.TestConverterManager" time="0"/>
  <testcase name="testGetPartialConverterOKMultipleMatches" classname="org.joda.time.convert.TestConverterManager" time="0"/>
  <testcase name="testGetPartialConverterBadMultipleMatches" classname="org.joda.time.convert.TestConverterManager" time="0.001"/>
  <testcase name="testGetPartialConverters" classname="org.joda.time.convert.TestConverterManager" time="0"/>
  <testcase name="testAddPartialConverter1" classname="org.joda.time.convert.TestConverterManager" time="0"/>
  <testcase name="testAddPartialConverter2" classname="org.joda.time.convert.TestConverterManager" time="0"/>
  <testcase name="testAddPartialConverter3" classname="org.joda.time.convert.TestConverterManager" time="0"/>
  <testcase name="testAddPartialConverter4" classname="org.joda.time.convert.TestConverterManager" time="0.001"/>
  <testcase name="testAddPartialConverterSecurity" classname="org.joda.time.convert.TestConverterManager" time="0"/>
  <testcase name="testRemovePartialConverter1" classname="org.joda.time.convert.TestConverterManager" time="0"/>
  <testcase name="testRemovePartialConverter2" classname="org.joda.time.convert.TestConverterManager" time="0"/>
  <testcase name="testRemovePartialConverter3" classname="org.joda.time.convert.TestConverterManager" time="0"/>
  <testcase name="testRemovePartialConverterSecurity" classname="org.joda.time.convert.TestConverterManager" time="0"/>
  <testcase name="testGetDurationConverter" classname="org.joda.time.convert.TestConverterManager" time="0"/>
  <testcase name="testClass" classname="org.joda.time.convert.TestConverterSet" time="0"/>
  <testcase name="testRemoveNullRemoved1" classname="org.joda.time.convert.TestConverterSet" time="0"/>
  <testcase name="testAddNullRemoved1" classname="org.joda.time.convert.TestConverterSet" time="0"/>
  <testcase name="testRemoveBadIndex1" classname="org.joda.time.convert.TestConverterSet" time="0"/>
  <testcase name="testRemoveBadIndex2" classname="org.joda.time.convert.TestConverterSet" time="0"/>
  <testcase name="testBigHashtable" classname="org.joda.time.convert.TestConverterSet" time="0"/>
  <testcase name="testAddNullRemoved2" classname="org.joda.time.convert.TestConverterSet" time="0"/>
  <testcase name="testAddNullRemoved3" classname="org.joda.time.convert.TestConverterSet" time="0"/>
  <testcase name="testRemoveNullRemoved2" classname="org.joda.time.convert.TestConverterSet" time="0"/>
  <testcase name="testToString" classname="org.joda.time.convert.TestCalendarConverter" time="0"/>
  <testcase name="testSingleton" classname="org.joda.time.convert.TestCalendarConverter" time="0"/>
  <testcase name="testGetChronology_Object_Zone" classname="org.joda.time.convert.TestCalendarConverter" time="0.002"/>
  <testcase name="testGetChronology_Object_nullChronology" classname="org.joda.time.convert.TestCalendarConverter" time="0.004"/>
  <testcase name="testGetChronology_Object_Chronology" classname="org.joda.time.convert.TestCalendarConverter" time="0"/>
  <testcase name="testGetInstantMillis_Object_Chronology" classname="org.joda.time.convert.TestCalendarConverter" time="0"/>
  <testcase name="testGetPartialValues" classname="org.joda.time.convert.TestCalendarConverter" time="0"/>
  <testcase name="testSupportedType" classname="org.joda.time.convert.TestCalendarConverter" time="0"/>
  <testcase name="testToString" classname="org.joda.time.convert.TestDateConverter" time="0"/>
  <testcase name="testSingleton" classname="org.joda.time.convert.TestDateConverter" time="0"/>
  <testcase name="testGetChronology_Object_Zone" classname="org.joda.time.convert.TestDateConverter" time="0"/>
  <testcase name="testGetChronology_Object_Chronology" classname="org.joda.time.convert.TestDateConverter" time="0"/>
  <testcase name="testGetInstantMillis_Object_Chronology" classname="org.joda.time.convert.TestDateConverter" time="0"/>
  <testcase name="testGetPartialValues" classname="org.joda.time.convert.TestDateConverter" time="0"/>
  <testcase name="testSupportedType" classname="org.joda.time.convert.TestDateConverter" time="0"/>
  <testcase name="testToString" classname="org.joda.time.convert.TestLongConverter" time="0"/>
  <testcase name="testSingleton" classname="org.joda.time.convert.TestLongConverter" time="0"/>
  <testcase name="testGetChronology_Object_Zone" classname="org.joda.time.convert.TestLongConverter" time="0"/>
  <testcase name="testGetChronology_Object_Chronology" classname="org.joda.time.convert.TestLongConverter" time="0"/>
  <testcase name="testGetDurationMillis_Object" classname="org.joda.time.convert.TestLongConverter" time="0"/>
  <testcase name="testGetInstantMillis_Object_Chronology" classname="org.joda.time.convert.TestLongConverter" time="0"/>
  <testcase name="testGetPartialValues" classname="org.joda.time.convert.TestLongConverter" time="0"/>
  <testcase name="testSupportedType" classname="org.joda.time.convert.TestLongConverter" time="0"/>
  <testcase name="testToString" classname="org.joda.time.convert.TestNullConverter" time="0"/>
  <testcase name="testSetInto_Object" classname="org.joda.time.convert.TestNullConverter" time="0"/>
  <testcase name="testSetInto_Object_Chronology1" classname="org.joda.time.convert.TestNullConverter" time="0"/>
  <testcase name="testGetPeriodType_Object" classname="org.joda.time.convert.TestNullConverter" time="0"/>
  <testcase name="testSingleton" classname="org.joda.time.convert.TestNullConverter" time="0"/>
  <testcase name="testGetChronology_Object_Zone" classname="org.joda.time.convert.TestNullConverter" time="0"/>
  <testcase name="testGetChronology_Object_Chronology" classname="org.joda.time.convert.TestNullConverter" time="0"/>
  <testcase name="testGetDurationMillis_Object" classname="org.joda.time.convert.TestNullConverter" time="0"/>
  <testcase name="testGetInstantMillis_Object_Chronology" classname="org.joda.time.convert.TestNullConverter" time="0.001"/>
  <testcase name="testGetPartialValues" classname="org.joda.time.convert.TestNullConverter" time="0"/>
  <testcase name="testSupportedType" classname="org.joda.time.convert.TestNullConverter" time="0"/>
  <testcase name="testIsReadableInterval_Object_Chronology" classname="org.joda.time.convert.TestNullConverter" time="0"/>
  <testcase name="testSetInto_Object_Chronology2" classname="org.joda.time.convert.TestNullConverter" time="0"/>
  <testcase name="testToString" classname="org.joda.time.convert.TestReadableDurationConverter" time="0"/>
  <testcase name="testSetInto_Object" classname="org.joda.time.convert.TestReadableDurationConverter" time="0.001"/>
  <testcase name="testGetPeriodType_Object" classname="org.joda.time.convert.TestReadableDurationConverter" time="0"/>
  <testcase name="testSingleton" classname="org.joda.time.convert.TestReadableDurationConverter" time="0"/>
  <testcase name="testGetDurationMillis_Object" classname="org.joda.time.convert.TestReadableDurationConverter" time="0"/>
  <testcase name="testSupportedType" classname="org.joda.time.convert.TestReadableDurationConverter" time="0"/>
  <testcase name="testToString" classname="org.joda.time.convert.TestReadableIntervalConverter" time="0"/>
  <testcase name="testGetPeriodType_Object" classname="org.joda.time.convert.TestReadableIntervalConverter" time="0"/>
  <testcase name="testSingleton" classname="org.joda.time.convert.TestReadableIntervalConverter" time="0"/>
  <testcase name="testSetIntoPeriod_Object2" classname="org.joda.time.convert.TestReadableIntervalConverter" time="0"/>
  <testcase name="testSetIntoInterval_Object1" classname="org.joda.time.convert.TestReadableIntervalConverter" time="0.001"/>
  <testcase name="testSetIntoInterval_Object2" classname="org.joda.time.convert.TestReadableIntervalConverter" time="0"/>
  <testcase name="testSetIntoInterval_Object3" classname="org.joda.time.convert.TestReadableIntervalConverter" time="0"/>
  <testcase name="testSetIntoInterval_Object4" classname="org.joda.time.convert.TestReadableIntervalConverter" time="0.005"/>
  <testcase name="testSetIntoPeriod_Object1" classname="org.joda.time.convert.TestReadableIntervalConverter" time="0"/>
  <testcase name="testGetDurationMillis_Object" classname="org.joda.time.convert.TestReadableIntervalConverter" time="0"/>
  <testcase name="testSupportedType" classname="org.joda.time.convert.TestReadableIntervalConverter" time="0"/>
  <testcase name="testIsReadableInterval_Object_Chronology" classname="org.joda.time.convert.TestReadableIntervalConverter" time="0"/>
  <testcase name="testToString" classname="org.joda.time.convert.TestReadableInstantConverter" time="0"/>
  <testcase name="testSingleton" classname="org.joda.time.convert.TestReadableInstantConverter" time="0"/>
  <testcase name="testGetChronology_Object_Zone" classname="org.joda.time.convert.TestReadableInstantConverter" time="0.001"/>
  <testcase name="testGetChronology_Object_nullChronology" classname="org.joda.time.convert.TestReadableInstantConverter" time="0"/>
  <testcase name="testGetChronology_Object_Chronology" classname="org.joda.time.convert.TestReadableInstantConverter" time="0"/>
  <testcase name="testGetInstantMillis_Object_Chronology" classname="org.joda.time.convert.TestReadableInstantConverter" time="0"/>
  <testcase name="testGetPartialValues" classname="org.joda.time.convert.TestReadableInstantConverter" time="0"/>
  <testcase name="testSupportedType" classname="org.joda.time.convert.TestReadableInstantConverter" time="0"/>
  <testcase name="testToString" classname="org.joda.time.convert.TestReadablePartialConverter" time="0"/>
  <testcase name="testSingleton" classname="org.joda.time.convert.TestReadablePartialConverter" time="0"/>
  <testcase name="testGetChronology_Object_Zone" classname="org.joda.time.convert.TestReadablePartialConverter" time="0"/>
  <testcase name="testGetChronology_Object_Chronology" classname="org.joda.time.convert.TestReadablePartialConverter" time="0"/>
  <testcase name="testGetPartialValues" classname="org.joda.time.convert.TestReadablePartialConverter" time="0"/>
  <testcase name="testSupportedType" classname="org.joda.time.convert.TestReadablePartialConverter" time="0"/>
  <testcase name="testToString" classname="org.joda.time.convert.TestReadablePeriodConverter" time="0"/>
  <testcase name="testSetInto_Object" classname="org.joda.time.convert.TestReadablePeriodConverter" time="0"/>
  <testcase name="testGetPeriodType_Object" classname="org.joda.time.convert.TestReadablePeriodConverter" time="0"/>
  <testcase name="testSingleton" classname="org.joda.time.convert.TestReadablePeriodConverter" time="0"/>
  <testcase name="testSupportedType" classname="org.joda.time.convert.TestReadablePeriodConverter" time="0"/>
  <testcase name="testToString" classname="org.joda.time.convert.TestStringConverter" time="0"/>
  <testcase name="testGetDateTime4" classname="org.joda.time.convert.TestStringConverter" time="0"/>
  <testcase name="testGetDateTime3" classname="org.joda.time.convert.TestStringConverter" time="0"/>
  <testcase name="testGetDateTime2" classname="org.joda.time.convert.TestStringConverter" time="0"/>
  <testcase name="testGetPeriodType_Object" classname="org.joda.time.convert.TestStringConverter" time="0"/>
  <testcase name="testGetDateTime5" classname="org.joda.time.convert.TestStringConverter" time="0"/>
  <testcase name="testGetDateTime6" classname="org.joda.time.convert.TestStringConverter" time="0"/>
  <testcase name="testSetIntoInterval_Object_Chronology2" classname="org.joda.time.convert.TestStringConverter" time="0"/>
  <testcase name="testSetIntoInterval_Object_Chronology3" classname="org.joda.time.convert.TestStringConverter" time="0"/>
  <testcase name="testSetIntoInterval_Object_Chronology4" classname="org.joda.time.convert.TestStringConverter" time="0"/>
  <testcase name="testSetIntoInterval_Object_Chronology5" classname="org.joda.time.convert.TestStringConverter" time="0"/>
  <testcase name="testSetIntoInterval_Object_Chronology6" classname="org.joda.time.convert.TestStringConverter" time="0"/>
  <testcase name="testSetIntoInterval_Object_Chronology7" classname="org.joda.time.convert.TestStringConverter" time="0"/>
  <testcase name="testSetIntoInterval_Object_Chronology8" classname="org.joda.time.convert.TestStringConverter" time="0"/>
  <testcase name="testSetIntoIntervalEx_Object_Chronology1" classname="org.joda.time.convert.TestStringConverter" time="0"/>
  <testcase name="testSetIntoIntervalEx_Object_Chronology2" classname="org.joda.time.convert.TestStringConverter" time="0"/>
  <testcase name="testGetInstantMillis_Object" classname="org.joda.time.convert.TestStringConverter" time="0.001"/>
  <testcase name="testGetInstantMillis_Object_Zone" classname="org.joda.time.convert.TestStringConverter" time="0.001"/>
  <testcase name="testSingleton" classname="org.joda.time.convert.TestStringConverter" time="0"/>
  <testcase name="testGetChronology_Object_Zone" classname="org.joda.time.convert.TestStringConverter" time="0"/>
  <testcase name="testGetChronology_Object_Chronology" classname="org.joda.time.convert.TestStringConverter" time="0"/>
  <testcase name="testSetIntoIntervalEx_Object_Chronology3" classname="org.joda.time.convert.TestStringConverter" time="0"/>
  <testcase name="testSetIntoIntervalEx_Object_Chronology4" classname="org.joda.time.convert.TestStringConverter" time="0"/>
  <testcase name="testSetIntoIntervalEx_Object_Chronology5" classname="org.joda.time.convert.TestStringConverter" time="0.001"/>
  <testcase name="testGetDateTime1" classname="org.joda.time.convert.TestStringConverter" time="0"/>
  <testcase name="testSetIntoPeriod_Object2" classname="org.joda.time.convert.TestStringConverter" time="0"/>
  <testcase name="testSetIntoPeriod_Object1" classname="org.joda.time.convert.TestStringConverter" time="0"/>
  <testcase name="testGetInstantMillis_Object_Chronology" classname="org.joda.time.convert.TestStringConverter" time="0"/>
  <testcase name="testGetPartialValues" classname="org.joda.time.convert.TestStringConverter" time="0"/>
  <testcase name="testSupportedType" classname="org.joda.time.convert.TestStringConverter" time="0"/>
  <testcase name="testGetInstantMillisInvalid" classname="org.joda.time.convert.TestStringConverter" time="0.001"/>
  <testcase name="testGetDurationMillis_Object1" classname="org.joda.time.convert.TestStringConverter" time="0"/>
  <testcase name="testGetDurationMillis_Object2" classname="org.joda.time.convert.TestStringConverter" time="0"/>
  <testcase name="testSetIntoPeriod_Object3" classname="org.joda.time.convert.TestStringConverter" time="0"/>
  <testcase name="testSetIntoPeriod_Object4" classname="org.joda.time.convert.TestStringConverter" time="0"/>
  <testcase name="testSetIntoPeriod_Object5" classname="org.joda.time.convert.TestStringConverter" time="0"/>
  <testcase name="testSetIntoPeriod_Object6" classname="org.joda.time.convert.TestStringConverter" time="0.002"/>
  <testcase name="testSetIntoPeriod_Object7" classname="org.joda.time.convert.TestStringConverter" time="0"/>
  <testcase name="testSetIntoPeriod_Object8" classname="org.joda.time.convert.TestStringConverter" time="0"/>
  <testcase name="testSetIntoInterval_Object_Chronology1" classname="org.joda.time.convert.TestStringConverter" time="0"/>
  <testcase name="testGetDateTime" classname="org.joda.time.convert.TestStringConverter" time="0"/>
  <testcase name="testIsReadableInterval_Object_Chronology" classname="org.joda.time.convert.TestStringConverter" time="0"/>
  <testcase name="testSafeAddInt" classname="org.joda.time.field.TestFieldUtils" time="0"/>
  <testcase name="testSafeAddLong" classname="org.joda.time.field.TestFieldUtils" time="0"/>
  <testcase name="testSafeSubtractLong" classname="org.joda.time.field.TestFieldUtils" time="0"/>
  <testcase name="testSafeMultiplyLongLong" classname="org.joda.time.field.TestFieldUtils" time="0.001"/>
  <testcase name="testSafeMultiplyLongInt" classname="org.joda.time.field.TestFieldUtils" time="0"/>
  <testcase name="testSafeDivideLongLong" classname="org.joda.time.field.TestFieldUtils" time="0"/>
  <testcase name="testSafeDivideRoundingModeLong" classname="org.joda.time.field.TestFieldUtils" time="0"/>
  <testcase name="test_set_RP_int_intarray_String_Locale" classname="org.joda.time.field.TestBaseDateTimeField" time="0.001"/>
  <testcase name="test_isLeap_long" classname="org.joda.time.field.TestBaseDateTimeField" time="0"/>
  <testcase name="test_getLeapAmount_long" classname="org.joda.time.field.TestBaseDateTimeField" time="0"/>
  <testcase name="test_getLeapDurationField" classname="org.joda.time.field.TestBaseDateTimeField" time="0"/>
  <testcase name="test_getMinimumValue" classname="org.joda.time.field.TestBaseDateTimeField" time="0"/>
  <testcase name="test_getMinimumValue_long" classname="org.joda.time.field.TestBaseDateTimeField" time="0"/>
  <testcase name="test_getMinimumValue_RP" classname="org.joda.time.field.TestBaseDateTimeField" time="0"/>
  <testcase name="test_getMinimumValue_RP_intarray" classname="org.joda.time.field.TestBaseDateTimeField" time="0"/>
  <testcase name="test_getMaximumValue" classname="org.joda.time.field.TestBaseDateTimeField" time="0"/>
  <testcase name="test_getMaximumValue_long" classname="org.joda.time.field.TestBaseDateTimeField" time="0"/>
  <testcase name="test_getMaximumValue_RP" classname="org.joda.time.field.TestBaseDateTimeField" time="0"/>
  <testcase name="test_getMaximumValue_RP_intarray" classname="org.joda.time.field.TestBaseDateTimeField" time="0"/>
  <testcase name="test_getMaximumTextLength_Locale" classname="org.joda.time.field.TestBaseDateTimeField" time="0"/>
  <testcase name="test_getMaximumShortTextLength_Locale" classname="org.joda.time.field.TestBaseDateTimeField" time="0"/>
  <testcase name="test_roundFloor_long" classname="org.joda.time.field.TestBaseDateTimeField" time="0"/>
  <testcase name="test_roundCeiling_long" classname="org.joda.time.field.TestBaseDateTimeField" time="0"/>
  <testcase name="test_roundHalfFloor_long" classname="org.joda.time.field.TestBaseDateTimeField" time="0"/>
  <testcase name="test_roundHalfCeiling_long" classname="org.joda.time.field.TestBaseDateTimeField" time="0.001"/>
  <testcase name="test_roundHalfEven_long" classname="org.joda.time.field.TestBaseDateTimeField" time="0"/>
  <testcase name="test_remainder_long" classname="org.joda.time.field.TestBaseDateTimeField" time="0"/>
  <testcase name="test_constructor" classname="org.joda.time.field.TestBaseDateTimeField" time="0"/>
  <testcase name="test_getType" classname="org.joda.time.field.TestBaseDateTimeField" time="0"/>
  <testcase name="test_getName" classname="org.joda.time.field.TestBaseDateTimeField" time="0"/>
  <testcase name="test_toString" classname="org.joda.time.field.TestBaseDateTimeField" time="0"/>
  <testcase name="test_isSupported" classname="org.joda.time.field.TestBaseDateTimeField" time="0"/>
  <testcase name="test_get" classname="org.joda.time.field.TestBaseDateTimeField" time="0"/>
  <testcase name="test_getAsText_long_Locale" classname="org.joda.time.field.TestBaseDateTimeField" time="0"/>
  <testcase name="test_getAsText_long" classname="org.joda.time.field.TestBaseDateTimeField" time="0"/>
  <testcase name="test_getAsText_RP_int_Locale" classname="org.joda.time.field.TestBaseDateTimeField" time="0"/>
  <testcase name="test_getAsText_RP_Locale" classname="org.joda.time.field.TestBaseDateTimeField" time="0"/>
  <testcase name="test_getAsText_int_Locale" classname="org.joda.time.field.TestBaseDateTimeField" time="0.001"/>
  <testcase name="test_getAsShortText_long_Locale" classname="org.joda.time.field.TestBaseDateTimeField" time="0"/>
  <testcase name="test_getAsShortText_long" classname="org.joda.time.field.TestBaseDateTimeField" time="0"/>
  <testcase name="test_getAsShortText_RP_int_Locale" classname="org.joda.time.field.TestBaseDateTimeField" time="0"/>
  <testcase name="test_getAsShortText_RP_Locale" classname="org.joda.time.field.TestBaseDateTimeField" time="0"/>
  <testcase name="test_getAsShortText_int_Locale" classname="org.joda.time.field.TestBaseDateTimeField" time="0"/>
  <testcase name="test_add_long_int" classname="org.joda.time.field.TestBaseDateTimeField" time="0"/>
  <testcase name="test_add_long_long" classname="org.joda.time.field.TestBaseDateTimeField" time="0"/>
  <testcase name="test_add_RP_int_intarray_int" classname="org.joda.time.field.TestBaseDateTimeField" time="0"/>
  <testcase name="test_addWrapField_long_int" classname="org.joda.time.field.TestBaseDateTimeField" time="0"/>
  <testcase name="test_addWrapField_RP_int_intarray_int" classname="org.joda.time.field.TestBaseDateTimeField" time="0"/>
  <testcase name="test_getDifference_long_long" classname="org.joda.time.field.TestBaseDateTimeField" time="0"/>
  <testcase name="test_getDifferenceAsLong_long_long" classname="org.joda.time.field.TestBaseDateTimeField" time="0"/>
  <testcase name="test_set_long_int" classname="org.joda.time.field.TestBaseDateTimeField" time="0"/>
  <testcase name="test_set_RP_int_intarray_int" classname="org.joda.time.field.TestBaseDateTimeField" time="0"/>
  <testcase name="test_set_long_String_Locale" classname="org.joda.time.field.TestBaseDateTimeField" time="0"/>
  <testcase name="test_set_long_String" classname="org.joda.time.field.TestBaseDateTimeField" time="0"/>
  <testcase name="test_convertText" classname="org.joda.time.field.TestBaseDateTimeField" time="0"/>
  <testcase name="test_constructor1" classname="org.joda.time.field.TestOffsetDateTimeField" time="0.001"/>
  <testcase name="test_constructor2" classname="org.joda.time.field.TestOffsetDateTimeField" time="0"/>
  <testcase name="test_getOffset" classname="org.joda.time.field.TestOffsetDateTimeField" time="0"/>
  <testcase name="test_set_RP_int_intarray_String_Locale" classname="org.joda.time.field.TestOffsetDateTimeField" time="0"/>
  <testcase name="test_isLeap_long" classname="org.joda.time.field.TestOffsetDateTimeField" time="0"/>
  <testcase name="test_getLeapAmount_long" classname="org.joda.time.field.TestOffsetDateTimeField" time="0"/>
  <testcase name="test_getLeapDurationField" classname="org.joda.time.field.TestOffsetDateTimeField" time="0"/>
  <testcase name="test_getMinimumValue" classname="org.joda.time.field.TestOffsetDateTimeField" time="0.003"/>
  <testcase name="test_getMinimumValue_long" classname="org.joda.time.field.TestOffsetDateTimeField" time="0"/>
  <testcase name="test_getMinimumValue_RP" classname="org.joda.time.field.TestOffsetDateTimeField" time="0"/>
  <testcase name="test_getMinimumValue_RP_intarray" classname="org.joda.time.field.TestOffsetDateTimeField" time="0"/>
  <testcase name="test_getMaximumValue" classname="org.joda.time.field.TestOffsetDateTimeField" time="0.001"/>
  <testcase name="test_getMaximumValue_long" classname="org.joda.time.field.TestOffsetDateTimeField" time="0"/>
  <testcase name="test_getMaximumValue_RP" classname="org.joda.time.field.TestOffsetDateTimeField" time="0"/>
  <testcase name="test_getMaximumValue_RP_intarray" classname="org.joda.time.field.TestOffsetDateTimeField" time="0.001"/>
  <testcase name="test_getMaximumTextLength_Locale" classname="org.joda.time.field.TestOffsetDateTimeField" time="0"/>
  <testcase name="test_getMaximumShortTextLength_Locale" classname="org.joda.time.field.TestOffsetDateTimeField" time="0"/>
  <testcase name="test_roundFloor_long" classname="org.joda.time.field.TestOffsetDateTimeField" time="0"/>
  <testcase name="test_roundCeiling_long" classname="org.joda.time.field.TestOffsetDateTimeField" time="0"/>
  <testcase name="test_roundHalfFloor_long" classname="org.joda.time.field.TestOffsetDateTimeField" time="0"/>
  <testcase name="test_roundHalfCeiling_long" classname="org.joda.time.field.TestOffsetDateTimeField" time="0"/>
  <testcase name="test_roundHalfEven_long" classname="org.joda.time.field.TestOffsetDateTimeField" time="0"/>
  <testcase name="test_remainder_long" classname="org.joda.time.field.TestOffsetDateTimeField" time="0"/>
  <testcase name="test_getType" classname="org.joda.time.field.TestOffsetDateTimeField" time="0"/>
  <testcase name="test_getName" classname="org.joda.time.field.TestOffsetDateTimeField" time="0"/>
  <testcase name="test_toString" classname="org.joda.time.field.TestOffsetDateTimeField" time="0"/>
  <testcase name="test_isSupported" classname="org.joda.time.field.TestOffsetDateTimeField" time="0"/>
  <testcase name="test_get" classname="org.joda.time.field.TestOffsetDateTimeField" time="0"/>
  <testcase name="test_getAsText_long_Locale" classname="org.joda.time.field.TestOffsetDateTimeField" time="0"/>
  <testcase name="test_getAsText_long" classname="org.joda.time.field.TestOffsetDateTimeField" time="0"/>
  <testcase name="test_getAsText_RP_int_Locale" classname="org.joda.time.field.TestOffsetDateTimeField" time="0"/>
  <testcase name="test_getAsText_RP_Locale" classname="org.joda.time.field.TestOffsetDateTimeField" time="0.001"/>
  <testcase name="test_getAsText_int_Locale" classname="org.joda.time.field.TestOffsetDateTimeField" time="0"/>
  <testcase name="test_getAsShortText_long_Locale" classname="org.joda.time.field.TestOffsetDateTimeField" time="0"/>
  <testcase name="test_getAsShortText_long" classname="org.joda.time.field.TestOffsetDateTimeField" time="0"/>
  <testcase name="test_getAsShortText_RP_int_Locale" classname="org.joda.time.field.TestOffsetDateTimeField" time="0"/>
  <testcase name="test_getAsShortText_RP_Locale" classname="org.joda.time.field.TestOffsetDateTimeField" time="0"/>
  <testcase name="test_getAsShortText_int_Locale" classname="org.joda.time.field.TestOffsetDateTimeField" time="0"/>
  <testcase name="test_add_long_int" classname="org.joda.time.field.TestOffsetDateTimeField" time="0"/>
  <testcase name="test_add_long_long" classname="org.joda.time.field.TestOffsetDateTimeField" time="0"/>
  <testcase name="test_add_RP_int_intarray_int" classname="org.joda.time.field.TestOffsetDateTimeField" time="0.001"/>
  <testcase name="test_addWrapField_long_int" classname="org.joda.time.field.TestOffsetDateTimeField" time="0"/>
  <testcase name="test_addWrapField_RP_int_intarray_int" classname="org.joda.time.field.TestOffsetDateTimeField" time="0"/>
  <testcase name="test_getDifference_long_long" classname="org.joda.time.field.TestOffsetDateTimeField" time="0"/>
  <testcase name="test_getDifferenceAsLong_long_long" classname="org.joda.time.field.TestOffsetDateTimeField" time="0"/>
  <testcase name="test_set_long_int" classname="org.joda.time.field.TestOffsetDateTimeField" time="0"/>
  <testcase name="test_set_RP_int_intarray_int" classname="org.joda.time.field.TestOffsetDateTimeField" time="0.001"/>
  <testcase name="test_set_long_String_Locale" classname="org.joda.time.field.TestOffsetDateTimeField" time="0"/>
  <testcase name="test_set_long_String" classname="org.joda.time.field.TestOffsetDateTimeField" time="0"/>
  <testcase name="test_convertText" classname="org.joda.time.field.TestOffsetDateTimeField" time="0"/>
  <testcase name="test_isLenient" classname="org.joda.time.field.TestOffsetDateTimeField" time="0"/>
  <testcase name="test_set_RP_int_intarray_String_Locale" classname="org.joda.time.field.TestPreciseDurationDateTimeField" time="0"/>
  <testcase name="test_isLeap_long" classname="org.joda.time.field.TestPreciseDurationDateTimeField" time="0.001"/>
  <testcase name="test_getLeapAmount_long" classname="org.joda.time.field.TestPreciseDurationDateTimeField" time="0"/>
  <testcase name="test_getLeapDurationField" classname="org.joda.time.field.TestPreciseDurationDateTimeField" time="0"/>
  <testcase name="test_getMinimumValue" classname="org.joda.time.field.TestPreciseDurationDateTimeField" time="0"/>
  <testcase name="test_getMinimumValue_long" classname="org.joda.time.field.TestPreciseDurationDateTimeField" time="0"/>
  <testcase name="test_getMinimumValue_RP" classname="org.joda.time.field.TestPreciseDurationDateTimeField" time="0"/>
  <testcase name="test_getMinimumValue_RP_intarray" classname="org.joda.time.field.TestPreciseDurationDateTimeField" time="0"/>
  <testcase name="test_getMaximumValue" classname="org.joda.time.field.TestPreciseDurationDateTimeField" time="0"/>
  <testcase name="test_getMaximumValue_long" classname="org.joda.time.field.TestPreciseDurationDateTimeField" time="0"/>
  <testcase name="test_getMaximumValue_RP" classname="org.joda.time.field.TestPreciseDurationDateTimeField" time="0"/>
  <testcase name="test_getMaximumValue_RP_intarray" classname="org.joda.time.field.TestPreciseDurationDateTimeField" time="0"/>
  <testcase name="test_getMaximumTextLength_Locale" classname="org.joda.time.field.TestPreciseDurationDateTimeField" time="0.001"/>
  <testcase name="test_getMaximumShortTextLength_Locale" classname="org.joda.time.field.TestPreciseDurationDateTimeField" time="0"/>
  <testcase name="test_roundFloor_long" classname="org.joda.time.field.TestPreciseDurationDateTimeField" time="0"/>
  <testcase name="test_roundCeiling_long" classname="org.joda.time.field.TestPreciseDurationDateTimeField" time="0"/>
  <testcase name="test_roundHalfFloor_long" classname="org.joda.time.field.TestPreciseDurationDateTimeField" time="0"/>
  <testcase name="test_roundHalfCeiling_long" classname="org.joda.time.field.TestPreciseDurationDateTimeField" time="0"/>
  <testcase name="test_roundHalfEven_long" classname="org.joda.time.field.TestPreciseDurationDateTimeField" time="0.001"/>
  <testcase name="test_remainder_long" classname="org.joda.time.field.TestPreciseDurationDateTimeField" time="0"/>
  <testcase name="test_constructor" classname="org.joda.time.field.TestPreciseDurationDateTimeField" time="0"/>
  <testcase name="test_getType" classname="org.joda.time.field.TestPreciseDurationDateTimeField" time="0"/>
  <testcase name="test_getName" classname="org.joda.time.field.TestPreciseDurationDateTimeField" time="0"/>
  <testcase name="test_toString" classname="org.joda.time.field.TestPreciseDurationDateTimeField" time="0"/>
  <testcase name="test_isSupported" classname="org.joda.time.field.TestPreciseDurationDateTimeField" time="0"/>
  <testcase name="test_get" classname="org.joda.time.field.TestPreciseDurationDateTimeField" time="0"/>
  <testcase name="test_getAsText_long_Locale" classname="org.joda.time.field.TestPreciseDurationDateTimeField" time="0"/>
  <testcase name="test_getAsText_long" classname="org.joda.time.field.TestPreciseDurationDateTimeField" time="0"/>
  <testcase name="test_getAsText_RP_int_Locale" classname="org.joda.time.field.TestPreciseDurationDateTimeField" time="0"/>
  <testcase name="test_getAsText_RP_Locale" classname="org.joda.time.field.TestPreciseDurationDateTimeField" time="0"/>
  <testcase name="test_getAsText_int_Locale" classname="org.joda.time.field.TestPreciseDurationDateTimeField" time="0"/>
  <testcase name="test_getAsShortText_long_Locale" classname="org.joda.time.field.TestPreciseDurationDateTimeField" time="0"/>
  <testcase name="test_getAsShortText_long" classname="org.joda.time.field.TestPreciseDurationDateTimeField" time="0.001"/>
  <testcase name="test_getAsShortText_RP_int_Locale" classname="org.joda.time.field.TestPreciseDurationDateTimeField" time="0"/>
  <testcase name="test_getAsShortText_RP_Locale" classname="org.joda.time.field.TestPreciseDurationDateTimeField" time="0"/>
  <testcase name="test_getAsShortText_int_Locale" classname="org.joda.time.field.TestPreciseDurationDateTimeField" time="0"/>
  <testcase name="test_add_long_int" classname="org.joda.time.field.TestPreciseDurationDateTimeField" time="0.001"/>
  <testcase name="test_add_long_long" classname="org.joda.time.field.TestPreciseDurationDateTimeField" time="0"/>
  <testcase name="test_add_RP_int_intarray_int" classname="org.joda.time.field.TestPreciseDurationDateTimeField" time="0"/>
  <testcase name="test_addWrapField_long_int" classname="org.joda.time.field.TestPreciseDurationDateTimeField" time="0"/>
  <testcase name="test_addWrapField_RP_int_intarray_int" classname="org.joda.time.field.TestPreciseDurationDateTimeField" time="0"/>
  <testcase name="test_getDifference_long_long" classname="org.joda.time.field.TestPreciseDurationDateTimeField" time="0"/>
  <testcase name="test_getDifferenceAsLong_long_long" classname="org.joda.time.field.TestPreciseDurationDateTimeField" time="0"/>
  <testcase name="test_set_long_int" classname="org.joda.time.field.TestPreciseDurationDateTimeField" time="0"/>
  <testcase name="test_set_RP_int_intarray_int" classname="org.joda.time.field.TestPreciseDurationDateTimeField" time="0"/>
  <testcase name="test_set_long_String_Locale" classname="org.joda.time.field.TestPreciseDurationDateTimeField" time="0"/>
  <testcase name="test_set_long_String" classname="org.joda.time.field.TestPreciseDurationDateTimeField" time="0"/>
  <testcase name="test_convertText" classname="org.joda.time.field.TestPreciseDurationDateTimeField" time="0"/>
  <testcase name="test_isLenient" classname="org.joda.time.field.TestPreciseDurationDateTimeField" time="0"/>
  <testcase name="test_getRange" classname="org.joda.time.field.TestPreciseDateTimeField" time="0.001"/>
  <testcase name="test_set_RP_int_intarray_String_Locale" classname="org.joda.time.field.TestPreciseDateTimeField" time="0"/>
  <testcase name="test_isLeap_long" classname="org.joda.time.field.TestPreciseDateTimeField" time="0"/>
  <testcase name="test_getLeapAmount_long" classname="org.joda.time.field.TestPreciseDateTimeField" time="0"/>
  <testcase name="test_getLeapDurationField" classname="org.joda.time.field.TestPreciseDateTimeField" time="0"/>
  <testcase name="test_getMinimumValue" classname="org.joda.time.field.TestPreciseDateTimeField" time="0"/>
  <testcase name="test_getMinimumValue_long" classname="org.joda.time.field.TestPreciseDateTimeField" time="0"/>
  <testcase name="test_getMinimumValue_RP" classname="org.joda.time.field.TestPreciseDateTimeField" time="0"/>
  <testcase name="test_getMinimumValue_RP_intarray" classname="org.joda.time.field.TestPreciseDateTimeField" time="0"/>
  <testcase name="test_getMaximumValue" classname="org.joda.time.field.TestPreciseDateTimeField" time="0"/>
  <testcase name="test_getMaximumValue_long" classname="org.joda.time.field.TestPreciseDateTimeField" time="0"/>
  <testcase name="test_getMaximumValue_RP" classname="org.joda.time.field.TestPreciseDateTimeField" time="0"/>
  <testcase name="test_getMaximumValue_RP_intarray" classname="org.joda.time.field.TestPreciseDateTimeField" time="0"/>
  <testcase name="test_getMaximumTextLength_Locale" classname="org.joda.time.field.TestPreciseDateTimeField" time="0"/>
  <testcase name="test_getMaximumShortTextLength_Locale" classname="org.joda.time.field.TestPreciseDateTimeField" time="0"/>
  <testcase name="test_roundFloor_long" classname="org.joda.time.field.TestPreciseDateTimeField" time="0"/>
  <testcase name="test_roundCeiling_long" classname="org.joda.time.field.TestPreciseDateTimeField" time="0"/>
  <testcase name="test_roundHalfFloor_long" classname="org.joda.time.field.TestPreciseDateTimeField" time="0"/>
  <testcase name="test_roundHalfCeiling_long" classname="org.joda.time.field.TestPreciseDateTimeField" time="0"/>
  <testcase name="test_roundHalfEven_long" classname="org.joda.time.field.TestPreciseDateTimeField" time="0.001"/>
  <testcase name="test_remainder_long" classname="org.joda.time.field.TestPreciseDateTimeField" time="0"/>
  <testcase name="test_constructor" classname="org.joda.time.field.TestPreciseDateTimeField" time="0"/>
  <testcase name="test_getType" classname="org.joda.time.field.TestPreciseDateTimeField" time="0"/>
  <testcase name="test_getName" classname="org.joda.time.field.TestPreciseDateTimeField" time="0"/>
  <testcase name="test_toString" classname="org.joda.time.field.TestPreciseDateTimeField" time="0"/>
  <testcase name="test_isSupported" classname="org.joda.time.field.TestPreciseDateTimeField" time="0"/>
  <testcase name="test_get" classname="org.joda.time.field.TestPreciseDateTimeField" time="0.001"/>
  <testcase name="test_getAsText_long_Locale" classname="org.joda.time.field.TestPreciseDateTimeField" time="0"/>
  <testcase name="test_getAsText_long" classname="org.joda.time.field.TestPreciseDateTimeField" time="0"/>
  <testcase name="test_getAsText_RP_int_Locale" classname="org.joda.time.field.TestPreciseDateTimeField" time="0"/>
  <testcase name="test_getAsText_RP_Locale" classname="org.joda.time.field.TestPreciseDateTimeField" time="0"/>
  <testcase name="test_getAsText_int_Locale" classname="org.joda.time.field.TestPreciseDateTimeField" time="0"/>
  <testcase name="test_getAsShortText_long_Locale" classname="org.joda.time.field.TestPreciseDateTimeField" time="0"/>
  <testcase name="test_getAsShortText_long" classname="org.joda.time.field.TestPreciseDateTimeField" time="0"/>
  <testcase name="test_getAsShortText_RP_int_Locale" classname="org.joda.time.field.TestPreciseDateTimeField" time="0"/>
  <testcase name="test_getAsShortText_RP_Locale" classname="org.joda.time.field.TestPreciseDateTimeField" time="0"/>
  <testcase name="test_getAsShortText_int_Locale" classname="org.joda.time.field.TestPreciseDateTimeField" time="0.001"/>
  <testcase name="test_add_long_int" classname="org.joda.time.field.TestPreciseDateTimeField" time="0"/>
  <testcase name="test_add_long_long" classname="org.joda.time.field.TestPreciseDateTimeField" time="0"/>
  <testcase name="test_add_RP_int_intarray_int" classname="org.joda.time.field.TestPreciseDateTimeField" time="0"/>
  <testcase name="test_addWrapField_long_int" classname="org.joda.time.field.TestPreciseDateTimeField" time="0"/>
  <testcase name="test_addWrapField_RP_int_intarray_int" classname="org.joda.time.field.TestPreciseDateTimeField" time="0"/>
  <testcase name="test_getDifference_long_long" classname="org.joda.time.field.TestPreciseDateTimeField" time="0"/>
  <testcase name="test_getDifferenceAsLong_long_long" classname="org.joda.time.field.TestPreciseDateTimeField" time="0"/>
  <testcase name="test_set_long_int" classname="org.joda.time.field.TestPreciseDateTimeField" time="0"/>
  <testcase name="test_set_RP_int_intarray_int" classname="org.joda.time.field.TestPreciseDateTimeField" time="0"/>
  <testcase name="test_set_long_String_Locale" classname="org.joda.time.field.TestPreciseDateTimeField" time="0.001"/>
  <testcase name="test_set_long_String" classname="org.joda.time.field.TestPreciseDateTimeField" time="0"/>
  <testcase name="test_convertText" classname="org.joda.time.field.TestPreciseDateTimeField" time="0"/>
  <testcase name="testSerialization" classname="org.joda.time.field.TestMillisDurationField" time="0.002"/>
  <testcase name="test_getValueAsLong_long_long" classname="org.joda.time.field.TestMillisDurationField" time="0"/>
  <testcase name="test_isPrecise" classname="org.joda.time.field.TestMillisDurationField" time="0"/>
  <testcase name="test_getType" classname="org.joda.time.field.TestMillisDurationField" time="0"/>
  <testcase name="test_getName" classname="org.joda.time.field.TestMillisDurationField" time="0"/>
  <testcase name="test_toString" classname="org.joda.time.field.TestMillisDurationField" time="0"/>
  <testcase name="test_isSupported" classname="org.joda.time.field.TestMillisDurationField" time="0"/>
  <testcase name="test_add_long_int" classname="org.joda.time.field.TestMillisDurationField" time="0"/>
  <testcase name="test_add_long_long" classname="org.joda.time.field.TestMillisDurationField" time="0"/>
  <testcase name="test_getDifferenceAsLong_long_long" classname="org.joda.time.field.TestMillisDurationField" time="0"/>
  <testcase name="test_getMillis_long" classname="org.joda.time.field.TestMillisDurationField" time="0"/>
  <testcase name="test_getMillis_int" classname="org.joda.time.field.TestMillisDurationField" time="0"/>
  <testcase name="test_getUnitMillis" classname="org.joda.time.field.TestMillisDurationField" time="0"/>
  <testcase name="test_getValue_long" classname="org.joda.time.field.TestMillisDurationField" time="0"/>
  <testcase name="test_getValueAsLong_long" classname="org.joda.time.field.TestMillisDurationField" time="0"/>
  <testcase name="test_compareTo" classname="org.joda.time.field.TestMillisDurationField" time="0.001"/>
  <testcase name="test_getMillis_int_long" classname="org.joda.time.field.TestMillisDurationField" time="0"/>
  <testcase name="test_getMillis_long_long" classname="org.joda.time.field.TestMillisDurationField" time="0"/>
  <testcase name="test_getDifference_long_int" classname="org.joda.time.field.TestMillisDurationField" time="0"/>
  <testcase name="test_getValue_long_long" classname="org.joda.time.field.TestMillisDurationField" time="0"/>
  <testcase name="testSerialization" classname="org.joda.time.field.TestPreciseDurationField" time="0.002"/>
  <testcase name="test_getValueAsLong_long_long" classname="org.joda.time.field.TestPreciseDurationField" time="0"/>
  <testcase name="test_isPrecise" classname="org.joda.time.field.TestPreciseDurationField" time="0"/>
  <testcase name="test_constructor" classname="org.joda.time.field.TestPreciseDurationField" time="0"/>
  <testcase name="test_getType" classname="org.joda.time.field.TestPreciseDurationField" time="0"/>
  <testcase name="test_getName" classname="org.joda.time.field.TestPreciseDurationField" time="0"/>
  <testcase name="test_toString" classname="org.joda.time.field.TestPreciseDurationField" time="0"/>
  <testcase name="test_isSupported" classname="org.joda.time.field.TestPreciseDurationField" time="0"/>
  <testcase name="test_add_long_int" classname="org.joda.time.field.TestPreciseDurationField" time="0"/>
  <testcase name="test_add_long_long" classname="org.joda.time.field.TestPreciseDurationField" time="0"/>
  <testcase name="test_getDifferenceAsLong_long_long" classname="org.joda.time.field.TestPreciseDurationField" time="0"/>
  <testcase name="test_getMillis_long" classname="org.joda.time.field.TestPreciseDurationField" time="0"/>
  <testcase name="test_getMillis_int" classname="org.joda.time.field.TestPreciseDurationField" time="0"/>
  <testcase name="test_getUnitMillis" classname="org.joda.time.field.TestPreciseDurationField" time="0"/>
  <testcase name="test_getValue_long" classname="org.joda.time.field.TestPreciseDurationField" time="0"/>
  <testcase name="test_getValueAsLong_long" classname="org.joda.time.field.TestPreciseDurationField" time="0"/>
  <testcase name="test_compareTo" classname="org.joda.time.field.TestPreciseDurationField" time="0"/>
  <testcase name="test_hashCode" classname="org.joda.time.field.TestPreciseDurationField" time="0"/>
  <testcase name="test_getMillis_int_long" classname="org.joda.time.field.TestPreciseDurationField" time="0"/>
  <testcase name="test_getMillis_long_long" classname="org.joda.time.field.TestPreciseDurationField" time="0"/>
  <testcase name="test_getDifference_long_int" classname="org.joda.time.field.TestPreciseDurationField" time="0"/>
  <testcase name="test_getValue_long_long" classname="org.joda.time.field.TestPreciseDurationField" time="0"/>
  <testcase name="test_equals" classname="org.joda.time.field.TestPreciseDurationField" time="0.001"/>
  <testcase name="testSerialization" classname="org.joda.time.field.TestScaledDurationField" time="0.001"/>
  <testcase name="test_getValueAsLong_long_long" classname="org.joda.time.field.TestScaledDurationField" time="0"/>
  <testcase name="test_isPrecise" classname="org.joda.time.field.TestScaledDurationField" time="0"/>
  <testcase name="test_constructor" classname="org.joda.time.field.TestScaledDurationField" time="0.001"/>
  <testcase name="test_getType" classname="org.joda.time.field.TestScaledDurationField" time="0"/>
  <testcase name="test_getName" classname="org.joda.time.field.TestScaledDurationField" time="0"/>
  <testcase name="test_toString" classname="org.joda.time.field.TestScaledDurationField" time="0"/>
  <testcase name="test_isSupported" classname="org.joda.time.field.TestScaledDurationField" time="0"/>
  <testcase name="test_add_long_int" classname="org.joda.time.field.TestScaledDurationField" time="0"/>
  <testcase name="test_add_long_long" classname="org.joda.time.field.TestScaledDurationField" time="0"/>
  <testcase name="test_getDifferenceAsLong_long_long" classname="org.joda.time.field.TestScaledDurationField" time="0"/>
  <testcase name="test_getMillis_long" classname="org.joda.time.field.TestScaledDurationField" time="0"/>
  <testcase name="test_getMillis_int" classname="org.joda.time.field.TestScaledDurationField" time="0"/>
  <testcase name="test_getUnitMillis" classname="org.joda.time.field.TestScaledDurationField" time="0"/>
  <testcase name="test_getValue_long" classname="org.joda.time.field.TestScaledDurationField" time="0"/>
  <testcase name="test_getValueAsLong_long" classname="org.joda.time.field.TestScaledDurationField" time="0"/>
  <testcase name="test_compareTo" classname="org.joda.time.field.TestScaledDurationField" time="0"/>
  <testcase name="test_hashCode" classname="org.joda.time.field.TestScaledDurationField" time="0"/>
  <testcase name="test_getScalar" classname="org.joda.time.field.TestScaledDurationField" time="0"/>
  <testcase name="test_getMillis_int_long" classname="org.joda.time.field.TestScaledDurationField" time="0"/>
  <testcase name="test_getMillis_long_long" classname="org.joda.time.field.TestScaledDurationField" time="0.007"/>
  <testcase name="test_getDifference_long_int" classname="org.joda.time.field.TestScaledDurationField" time="0"/>
  <testcase name="test_getValue_long_long" classname="org.joda.time.field.TestScaledDurationField" time="0.001"/>
  <testcase name="test_equals" classname="org.joda.time.field.TestScaledDurationField" time="0"/>
  <testcase name="testToString" classname="org.joda.time.field.TestUnsupportedDateTimeField" time="0"/>
  <testcase name="testAlwaysFalseReturnTypes" classname="org.joda.time.field.TestUnsupportedDateTimeField" time="0"/>
  <testcase name="testMethodsThatShouldAlwaysReturnNull" classname="org.joda.time.field.TestUnsupportedDateTimeField" time="0"/>
  <testcase name="testUnsupportedMethods" classname="org.joda.time.field.TestUnsupportedDateTimeField" time="0.001"/>
  <testcase name="testDelegatedMethods" classname="org.joda.time.field.TestUnsupportedDateTimeField" time="0"/>
  <testcase name="testNullValuesToGetInstanceThrowsException" classname="org.joda.time.field.TestUnsupportedDateTimeField" time="0"/>
  <testcase name="testDifferentDurationReturnDifferentObjects" classname="org.joda.time.field.TestUnsupportedDateTimeField" time="0"/>
  <testcase name="testPublicGetNameMethod" classname="org.joda.time.field.TestUnsupportedDateTimeField" time="0"/>
  <testcase name="testParseLocalDate_weekyear_month_week_2011" classname="org.joda.time.format.TestDateTimeFormatter" time="0.001"/>
  <testcase name="testParseLocalDate_weekyear_month_week_2012" classname="org.joda.time.format.TestDateTimeFormatter" time="0.007"/>
  <testcase name="testParseLocalDate_year_month_week_2010" classname="org.joda.time.format.TestDateTimeFormatter" time="0"/>
  <testcase name="testParseLocalDate_year_month_week_2011" classname="org.joda.time.format.TestDateTimeFormatter" time="0"/>
  <testcase name="testParseLocalDate_year_month_week_2012" classname="org.joda.time.format.TestDateTimeFormatter" time="0"/>
  <testcase name="testParseLocalDate_year_month_week_2013" classname="org.joda.time.format.TestDateTimeFormatter" time="0"/>
  <testcase name="testParseLocalDate_year_month_week_2014" classname="org.joda.time.format.TestDateTimeFormatter" time="0"/>
  <testcase name="testParseLocalDate_year_month_week_2015" classname="org.joda.time.format.TestDateTimeFormatter" time="0"/>
  <testcase name="testParseLocalDate_year_month_week_2016" classname="org.joda.time.format.TestDateTimeFormatter" time="0"/>
  <testcase name="testParseLocalTime_simple" classname="org.joda.time.format.TestDateTimeFormatter" time="0"/>
  <testcase name="testParseLocalDateTime_simple" classname="org.joda.time.format.TestDateTimeFormatter" time="0"/>
  <testcase name="testParseLocalDateTime_monthDay_feb29" classname="org.joda.time.format.TestDateTimeFormatter" time="0"/>
  <testcase name="testParseLocalDateTime_monthDay_withDefaultYear_feb29" classname="org.joda.time.format.TestDateTimeFormatter" time="0"/>
  <testcase name="testParseDateTime_simple" classname="org.joda.time.format.TestDateTimeFormatter" time="0"/>
  <testcase name="testParseDateTime_zone" classname="org.joda.time.format.TestDateTimeFormatter" time="0"/>
  <testcase name="testParseDateTime_zone2" classname="org.joda.time.format.TestDateTimeFormatter" time="0"/>
  <testcase name="testParseDateTime_zone3" classname="org.joda.time.format.TestDateTimeFormatter" time="0"/>
  <testcase name="testParseDateTime_simple_precedence" classname="org.joda.time.format.TestDateTimeFormatter" time="0"/>
  <testcase name="testParseDateTime_offsetParsed" classname="org.joda.time.format.TestDateTimeFormatter" time="0"/>
  <testcase name="testParseDateTime_chrono" classname="org.joda.time.format.TestDateTimeFormatter" time="0"/>
  <testcase name="testParseMutableDateTime_simple" classname="org.joda.time.format.TestDateTimeFormatter" time="0"/>
  <testcase name="testParseMutableDateTime_zone" classname="org.joda.time.format.TestDateTimeFormatter" time="0"/>
  <testcase name="testParseMutableDateTime_zone2" classname="org.joda.time.format.TestDateTimeFormatter" time="0"/>
  <testcase name="testParseMutableDateTime_zone3" classname="org.joda.time.format.TestDateTimeFormatter" time="0"/>
  <testcase name="testParseMutableDateTime_simple_precedence" classname="org.joda.time.format.TestDateTimeFormatter" time="0"/>
  <testcase name="testParseMutableDateTime_offsetParsed" classname="org.joda.time.format.TestDateTimeFormatter" time="0"/>
  <testcase name="testParseMutableDateTime_chrono" classname="org.joda.time.format.TestDateTimeFormatter" time="0"/>
  <testcase name="testParseInto_simple" classname="org.joda.time.format.TestDateTimeFormatter" time="0"/>
  <testcase name="testParseInto_zone" classname="org.joda.time.format.TestDateTimeFormatter" time="0"/>
  <testcase name="testParseInto_zone2" classname="org.joda.time.format.TestDateTimeFormatter" time="0"/>
  <testcase name="testParseInto_zone3" classname="org.joda.time.format.TestDateTimeFormatter" time="0"/>
  <testcase name="testParseInto_simple_precedence" classname="org.joda.time.format.TestDateTimeFormatter" time="0"/>
  <testcase name="testParseInto_offsetParsed" classname="org.joda.time.format.TestDateTimeFormatter" time="0"/>
  <testcase name="testParseInto_chrono" classname="org.joda.time.format.TestDateTimeFormatter" time="0"/>
  <testcase name="testParseInto_monthOnly" classname="org.joda.time.format.TestDateTimeFormatter" time="0"/>
  <testcase name="testParseInto_monthOnly_baseStartYear" classname="org.joda.time.format.TestDateTimeFormatter" time="0"/>
  <testcase name="testParseInto_monthOnly_parseStartYear" classname="org.joda.time.format.TestDateTimeFormatter" time="0"/>
  <testcase name="testParseInto_monthOnly_baseEndYear" classname="org.joda.time.format.TestDateTimeFormatter" time="0"/>
  <testcase name="testParseInto_monthOnly_parseEndYear" classname="org.joda.time.format.TestDateTimeFormatter" time="0"/>
  <testcase name="testParseInto_monthDay_feb29" classname="org.joda.time.format.TestDateTimeFormatter" time="0"/>
  <testcase name="testParseInto_monthDay_feb29_startOfYear" classname="org.joda.time.format.TestDateTimeFormatter" time="0"/>
  <testcase name="testParseInto_monthDay_feb29_OfYear" classname="org.joda.time.format.TestDateTimeFormatter" time="0.001"/>
  <testcase name="testParseInto_monthDay_feb29_newYork" classname="org.joda.time.format.TestDateTimeFormatter" time="0"/>
  <testcase name="testParseInto_monthDay_feb29_newYork_startOfYear" classname="org.joda.time.format.TestDateTimeFormatter" time="0.001"/>
  <testcase name="testParseInto_monthDay_feb29_newYork_endOfYear" classname="org.joda.time.format.TestDateTimeFormatter" time="0"/>
  <testcase name="testParseInto_monthDay_feb29_tokyo" classname="org.joda.time.format.TestDateTimeFormatter" time="0.001"/>
  <testcase name="testParseInto_monthDay_feb29_tokyo_startOfYear" classname="org.joda.time.format.TestDateTimeFormatter" time="0"/>
  <testcase name="testParseInto_monthDay_feb29_tokyo_endOfYear" classname="org.joda.time.format.TestDateTimeFormatter" time="0"/>
  <testcase name="testParseInto_monthDay_withDefaultYear_feb29" classname="org.joda.time.format.TestDateTimeFormatter" time="0"/>
  <testcase name="testParseInto_monthDay_withDefaultYear_feb29_newYork" classname="org.joda.time.format.TestDateTimeFormatter" time="0"/>
  <testcase name="testParseInto_monthDay_withDefaultYear_feb29_newYork_endOfYear" classname="org.joda.time.format.TestDateTimeFormatter" time="0.004"/>
  <testcase name="testParseMillis_fractionOfSecondLong" classname="org.joda.time.format.TestDateTimeFormatter" time="0"/>
  <testcase name="testZoneNameNearTransition" classname="org.joda.time.format.TestDateTimeFormatter" time="0.002"/>
  <testcase name="testZoneShortNameNearTransition" classname="org.joda.time.format.TestDateTimeFormatter" time="0.001"/>
  <testcase name="testCustomDateTimePrinter" classname="org.joda.time.format.TestDateTimeFormatter" time="0"/>
  <testcase name="testPrint_locale" classname="org.joda.time.format.TestDateTimeFormatter" time="0.001"/>
  <testcase name="testPrint_simple" classname="org.joda.time.format.TestDateTimeFormatter" time="0.003"/>
  <testcase name="testPrint_zone" classname="org.joda.time.format.TestDateTimeFormatter" time="0.001"/>
  <testcase name="testPrint_chrono" classname="org.joda.time.format.TestDateTimeFormatter" time="0.001"/>
  <testcase name="testPrint_bufferMethods" classname="org.joda.time.format.TestDateTimeFormatter" time="0"/>
  <testcase name="testPrint_builderMethods" classname="org.joda.time.format.TestDateTimeFormatter" time="0"/>
  <testcase name="testPrint_writerMethods" classname="org.joda.time.format.TestDateTimeFormatter" time="0"/>
  <testcase name="testPrint_appendableMethods" classname="org.joda.time.format.TestDateTimeFormatter" time="0.001"/>
  <testcase name="testPrint_chrono_and_zone" classname="org.joda.time.format.TestDateTimeFormatter" time="0.001"/>
  <testcase name="testWithGetLocale" classname="org.joda.time.format.TestDateTimeFormatter" time="0"/>
  <testcase name="testWithGetZone" classname="org.joda.time.format.TestDateTimeFormatter" time="0"/>
  <testcase name="testWithGetChronology" classname="org.joda.time.format.TestDateTimeFormatter" time="0"/>
  <testcase name="testWithGetPivotYear" classname="org.joda.time.format.TestDateTimeFormatter" time="0"/>
  <testcase name="testWithGetOffsetParsedMethods" classname="org.joda.time.format.TestDateTimeFormatter" time="0"/>
  <testcase name="testPrinterParserMethods" classname="org.joda.time.format.TestDateTimeFormatter" time="0"/>
  <testcase name="testParseLocalDate_simple" classname="org.joda.time.format.TestDateTimeFormatter" time="0.001"/>
  <testcase name="testParseLocalDate_yearOfEra" classname="org.joda.time.format.TestDateTimeFormatter" time="0.001"/>
  <testcase name="testParseLocalDate_yearOfCentury" classname="org.joda.time.format.TestDateTimeFormatter" time="0.002"/>
  <testcase name="testParseLocalDate_monthDay_feb29" classname="org.joda.time.format.TestDateTimeFormatter" time="0"/>
  <testcase name="testParseLocalDate_monthDay_withDefaultYear_feb29" classname="org.joda.time.format.TestDateTimeFormatter" time="0"/>
  <testcase name="testParseLocalDate_weekyear_month_week_2010" classname="org.joda.time.format.TestDateTimeFormatter" time="0.001"/>
  <testcase name="testFormat_yearOfEra_twoDigit" classname="org.joda.time.format.TestDateTimeFormat" time="0.001"/>
  <testcase name="testFormat_year" classname="org.joda.time.format.TestDateTimeFormat" time="0"/>
  <testcase name="testFormat_monthOfYearText" classname="org.joda.time.format.TestDateTimeFormat" time="0"/>
  <testcase name="testFormat_dayOfMonth" classname="org.joda.time.format.TestDateTimeFormat" time="0"/>
  <testcase name="testFormat_halfdayOfDay" classname="org.joda.time.format.TestDateTimeFormat" time="0"/>
  <testcase name="testFormat_hourOfHalfday" classname="org.joda.time.format.TestDateTimeFormat" time="0.002"/>
  <testcase name="testFormat_clockhourOfHalfday" classname="org.joda.time.format.TestDateTimeFormat" time="0"/>
  <testcase name="testFormat_hourOfDay" classname="org.joda.time.format.TestDateTimeFormat" time="0"/>
  <testcase name="testFormat_clockhourOfDay" classname="org.joda.time.format.TestDateTimeFormat" time="0"/>
  <testcase name="testFormat_minute" classname="org.joda.time.format.TestDateTimeFormat" time="0"/>
  <testcase name="testFormat_second" classname="org.joda.time.format.TestDateTimeFormat" time="0"/>
  <testcase name="testFormat_fractionOfSecond" classname="org.joda.time.format.TestDateTimeFormat" time="0"/>
  <testcase name="testFormat_fractionOfSecondLong" classname="org.joda.time.format.TestDateTimeFormat" time="0.001"/>
  <testcase name="testFormat_zoneText" classname="org.joda.time.format.TestDateTimeFormat" time="0"/>
  <testcase name="testFormat_zoneLongText" classname="org.joda.time.format.TestDateTimeFormat" time="0.01"/>
  <testcase name="testFormat_zoneAmount" classname="org.joda.time.format.TestDateTimeFormat" time="0"/>
  <testcase name="testFormat_zoneAmountColon" classname="org.joda.time.format.TestDateTimeFormat" time="0"/>
  <testcase name="testFormat_zoneAmountID" classname="org.joda.time.format.TestDateTimeFormat" time="0.008"/>
  <testcase name="testFormat_invalid" classname="org.joda.time.format.TestDateTimeFormat" time="0"/>
  <testcase name="testFormat_samples" classname="org.joda.time.format.TestDateTimeFormat" time="0.001"/>
  <testcase name="testFormat_shortBasicParse" classname="org.joda.time.format.TestDateTimeFormat" time="0"/>
  <testcase name="testParse_pivotYear" classname="org.joda.time.format.TestDateTimeFormat" time="0.007"/>
  <testcase name="testParse_pivotYear_ignored4DigitYear" classname="org.joda.time.format.TestDateTimeFormat" time="0"/>
  <testcase name="testFormatParse_textMonthJanShort_UK" classname="org.joda.time.format.TestDateTimeFormat" time="0.001"/>
  <testcase name="testFormatParse_textMonthJanShortLowerCase_UK" classname="org.joda.time.format.TestDateTimeFormat" time="0"/>
  <testcase name="testFormatParse_textMonthJanShortUpperCase_UK" classname="org.joda.time.format.TestDateTimeFormat" time="0"/>
  <testcase name="testParse_textMonthJanLong_UK" classname="org.joda.time.format.TestDateTimeFormat" time="0"/>
  <testcase name="testFormatParse_textMonthJanLongLowerCase_UK" classname="org.joda.time.format.TestDateTimeFormat" time="0"/>
  <testcase name="testFormatParse_textMonthJanLongUpperCase_UK" classname="org.joda.time.format.TestDateTimeFormat" time="0"/>
  <testcase name="testFormatParse_textMonthJanShort_France" classname="org.joda.time.format.TestDateTimeFormat" time="0.001"/>
  <testcase name="testFormatParse_textMonthJanLong_France" classname="org.joda.time.format.TestDateTimeFormat" time="0"/>
  <testcase name="testFormatParse_textMonthApr_France" classname="org.joda.time.format.TestDateTimeFormat" time="0.001"/>
  <testcase name="testFormatParse_textMonthAtEnd_France" classname="org.joda.time.format.TestDateTimeFormat" time="0"/>
  <testcase name="testFormatParse_textMonthAtEnd_France_withSpecifiedDefault" classname="org.joda.time.format.TestDateTimeFormat" time="0"/>
  <testcase name="testFormatParse_textMonthApr_Korean" classname="org.joda.time.format.TestDateTimeFormat" time="0.002"/>
  <testcase name="testFormatParse_textHalfdayAM_UK" classname="org.joda.time.format.TestDateTimeFormat" time="0.001"/>
  <testcase name="testFormatParse_textHalfdayAM_France" classname="org.joda.time.format.TestDateTimeFormat" time="0"/>
  <testcase name="testFormatParse_textEraAD_UK" classname="org.joda.time.format.TestDateTimeFormat" time="0"/>
  <testcase name="testFormatParse_textEraAD_France" classname="org.joda.time.format.TestDateTimeFormat" time="0"/>
  <testcase name="testFormatParse_textEraBC_France" classname="org.joda.time.format.TestDateTimeFormat" time="0"/>
  <testcase name="testFormatParse_textYear_UK" classname="org.joda.time.format.TestDateTimeFormat" time="0.001"/>
  <testcase name="testFormatParse_textYear_France" classname="org.joda.time.format.TestDateTimeFormat" time="0"/>
  <testcase name="testFormatParse_textAdjoiningHelloWorld_UK" classname="org.joda.time.format.TestDateTimeFormat" time="0"/>
  <testcase name="testFormatParse_textAdjoiningMonthDOW_UK" classname="org.joda.time.format.TestDateTimeFormat" time="0.001"/>
  <testcase name="testFormatParse_zoneId_noColon" classname="org.joda.time.format.TestDateTimeFormat" time="0"/>
  <testcase name="testFormatParse_zoneId_noColon_parseZ" classname="org.joda.time.format.TestDateTimeFormat" time="0"/>
  <testcase name="testFormatParse_zoneId_colon" classname="org.joda.time.format.TestDateTimeFormat" time="0"/>
  <testcase name="testFormatParse_zoneId_colon_parseZ" classname="org.joda.time.format.TestDateTimeFormat" time="0"/>
  <testcase name="testSubclassableConstructor" classname="org.joda.time.format.TestDateTimeFormat" time="0.001"/>
  <testcase name="testFormat_era" classname="org.joda.time.format.TestDateTimeFormat" time="0"/>
  <testcase name="testFormat_centuryOfEra" classname="org.joda.time.format.TestDateTimeFormat" time="0"/>
  <testcase name="testFormat_yearOfEra" classname="org.joda.time.format.TestDateTimeFormat" time="0.001"/>
  <testcase name="testFormat_yearOfEraParse" classname="org.joda.time.format.TestDateTimeFormat" time="0"/>
  <testcase name="testFormat_year_twoDigit" classname="org.joda.time.format.TestDateTimeFormat" time="0.007"/>
  <testcase name="testFormat_year_long" classname="org.joda.time.format.TestDateTimeFormat" time="0.001"/>
  <testcase name="testFormat_weekyear" classname="org.joda.time.format.TestDateTimeFormat" time="0"/>
  <testcase name="testFormat_weekyearOfEra_twoDigit" classname="org.joda.time.format.TestDateTimeFormat" time="0"/>
  <testcase name="testFormat_weekOfWeekyear" classname="org.joda.time.format.TestDateTimeFormat" time="0"/>
  <testcase name="testFormat_dayOfWeek" classname="org.joda.time.format.TestDateTimeFormat" time="0.001"/>
  <testcase name="testFormat_dayOfWeekShortText" classname="org.joda.time.format.TestDateTimeFormat" time="0"/>
  <testcase name="testFormat_dayOfWeekText" classname="org.joda.time.format.TestDateTimeFormat" time="0"/>
  <testcase name="testFormat_dayOfYearText" classname="org.joda.time.format.TestDateTimeFormat" time="0"/>
  <testcase name="testFormat_monthOfYear" classname="org.joda.time.format.TestDateTimeFormat" time="0"/>
  <testcase name="testFormat_monthOfYearShortText" classname="org.joda.time.format.TestDateTimeFormat" time="0"/>
  <testcase name="testFormat_other" classname="org.joda.time.format.TestDateTimeFormat" time="0"/>
  <testcase name="testForStyle_stringLengths" classname="org.joda.time.format.TestDateTimeFormatStyle" time="0.001"/>
  <testcase name="testForStyle_invalidStrings" classname="org.joda.time.format.TestDateTimeFormatStyle" time="0"/>
  <testcase name="testForStyle_shortDate" classname="org.joda.time.format.TestDateTimeFormatStyle" time="0.007"/>
  <testcase name="testForStyle_shortTime" classname="org.joda.time.format.TestDateTimeFormatStyle" time="0.003"/>
  <testcase name="testForStyle_shortDateTime" classname="org.joda.time.format.TestDateTimeFormatStyle" time="0"/>
  <testcase name="testForStyle_mediumDate" classname="org.joda.time.format.TestDateTimeFormatStyle" time="0.001"/>
  <testcase name="testForStyle_mediumTime" classname="org.joda.time.format.TestDateTimeFormatStyle" time="0.001"/>
  <testcase name="testForStyle_mediumDateTime" classname="org.joda.time.format.TestDateTimeFormatStyle" time="0.001"/>
  <testcase name="testForStyle_longDate" classname="org.joda.time.format.TestDateTimeFormatStyle" time="0.001"/>
  <testcase name="testForStyle_longTime" classname="org.joda.time.format.TestDateTimeFormatStyle" time="0.018"/>
  <testcase name="testForStyle_longDateTime" classname="org.joda.time.format.TestDateTimeFormatStyle" time="0.001"/>
  <testcase name="testForStyle_fullDate" classname="org.joda.time.format.TestDateTimeFormatStyle" time="0.002"/>
  <testcase name="testForStyle_fullTime" classname="org.joda.time.format.TestDateTimeFormatStyle" time="0"/>
  <testcase name="testForStyle_fullDateTime" classname="org.joda.time.format.TestDateTimeFormatStyle" time="0.006"/>
  <testcase name="testForStyle_shortMediumDateTime" classname="org.joda.time.format.TestDateTimeFormatStyle" time="0"/>
  <testcase name="testForStyle_shortLongDateTime" classname="org.joda.time.format.TestDateTimeFormatStyle" time="0.005"/>
  <testcase name="testForStyle_shortFullDateTime" classname="org.joda.time.format.TestDateTimeFormatStyle" time="0"/>
  <testcase name="testForStyle_mediumShortDateTime" classname="org.joda.time.format.TestDateTimeFormatStyle" time="0"/>
  <testcase name="testForStyle_mediumLongDateTime" classname="org.joda.time.format.TestDateTimeFormatStyle" time="0"/>
  <testcase name="testForStyle_mediumFullDateTime" classname="org.joda.time.format.TestDateTimeFormatStyle" time="0"/>
  <testcase name="test_patternForStyle" classname="org.joda.time.format.TestDateTimeFormatStyle" time="0"/>
  <testcase name="testParse" classname="org.joda.time.format.TestDateTimeParserBucket" time="0"/>
  <testcase name="testSetPivotYear" classname="org.joda.time.format.TestDateTimeParserBucket" time="0"/>
  <testcase name="testSetOffset" classname="org.joda.time.format.TestDateTimeParserBucket" time="0"/>
  <testcase name="testSetZone" classname="org.joda.time.format.TestDateTimeParserBucket" time="0"/>
  <testcase name="testCompute" classname="org.joda.time.format.TestDateTimeParserBucket" time="0"/>
  <testcase name="testSaveCompute" classname="org.joda.time.format.TestDateTimeParserBucket" time="0"/>
  <testcase name="testSaveRestoreState" classname="org.joda.time.format.TestDateTimeParserBucket" time="0"/>
  <testcase name="testSaveRestoreState_avoidSideEffects" classname="org.joda.time.format.TestDateTimeParserBucket" time="0"/>
  <testcase name="testSaveRestoreState_offset" classname="org.joda.time.format.TestDateTimeParserBucket" time="0"/>
  <testcase name="testSaveRestoreState_zone" classname="org.joda.time.format.TestDateTimeParserBucket" time="0"/>
  <testcase name="testSaveRestoreState_text" classname="org.joda.time.format.TestDateTimeParserBucket" time="0.001"/>
  <testcase name="testSaveRestoreState_twoStates" classname="org.joda.time.format.TestDateTimeParserBucket" time="0"/>
  <testcase name="testSaveRestoreState_sameStates" classname="org.joda.time.format.TestDateTimeParserBucket" time="0"/>
  <testcase name="testSaveRestoreState_badType" classname="org.joda.time.format.TestDateTimeParserBucket" time="0"/>
  <testcase name="testReset" classname="org.joda.time.format.TestDateTimeParserBucket" time="0"/>
  <testcase name="testConstructor_3arg" classname="org.joda.time.format.TestDateTimeParserBucket" time="0"/>
  <testcase name="testConstructor_4arg" classname="org.joda.time.format.TestDateTimeParserBucket" time="0"/>
  <testcase name="testConstructor_5arg" classname="org.joda.time.format.TestDateTimeParserBucket" time="0"/>
  <testcase name="testFormat_year" classname="org.joda.time.format.TestISODateTimeFormat" time="0.001"/>
  <testcase name="testFormat_date_partial" classname="org.joda.time.format.TestISODateTimeFormat" time="0"/>
  <testcase name="testFormat_time" classname="org.joda.time.format.TestISODateTimeFormat" time="0"/>
  <testcase name="testFormat_time_partial" classname="org.joda.time.format.TestISODateTimeFormat" time="0"/>
  <testcase name="testFormat_timeNoMillis" classname="org.joda.time.format.TestISODateTimeFormat" time="0"/>
  <testcase name="testFormat_timeNoMillis_partial" classname="org.joda.time.format.TestISODateTimeFormat" time="0"/>
  <testcase name="testFormat_tTime" classname="org.joda.time.format.TestISODateTimeFormat" time="0"/>
  <testcase name="testFormat_hour" classname="org.joda.time.format.TestISODateTimeFormat" time="0"/>
  <testcase name="testSubclassableConstructor" classname="org.joda.time.format.TestISODateTimeFormat" time="0.001"/>
  <testcase name="testFormat_basicTTimeNoMillis" classname="org.joda.time.format.TestISODateTimeFormat" time="0"/>
  <testcase name="testFormat_basicDateTime" classname="org.joda.time.format.TestISODateTimeFormat" time="0.001"/>
  <testcase name="testFormat_basicDateTimeNoMillis" classname="org.joda.time.format.TestISODateTimeFormat" time="0"/>
  <testcase name="testFormat_basicOrdinalDate" classname="org.joda.time.format.TestISODateTimeFormat" time="0"/>
  <testcase name="testFormat_basicOrdinalDateTime" classname="org.joda.time.format.TestISODateTimeFormat" time="0"/>
  <testcase name="testFormat_basicOrdinalDateTimeNoMillis" classname="org.joda.time.format.TestISODateTimeFormat" time="0"/>
  <testcase name="testFormat_basicWeekDate" classname="org.joda.time.format.TestISODateTimeFormat" time="0"/>
  <testcase name="testFormat_basicWeekDateTime" classname="org.joda.time.format.TestISODateTimeFormat" time="0"/>
  <testcase name="testFormat_basicWeekDateTimeNoMillis" classname="org.joda.time.format.TestISODateTimeFormat" time="0"/>
  <testcase name="testFormat_yearMonth" classname="org.joda.time.format.TestISODateTimeFormat" time="0"/>
  <testcase name="testFormat_yearMonthDay" classname="org.joda.time.format.TestISODateTimeFormat" time="0"/>
  <testcase name="testFormat_weekyearWeek" classname="org.joda.time.format.TestISODateTimeFormat" time="0"/>
  <testcase name="testFormat_weekyearWeekDay" classname="org.joda.time.format.TestISODateTimeFormat" time="0.002"/>
  <testcase name="testFormat_hourMinute" classname="org.joda.time.format.TestISODateTimeFormat" time="0"/>
  <testcase name="testFormat_hourMinuteSecond" classname="org.joda.time.format.TestISODateTimeFormat" time="0"/>
  <testcase name="testFormat_hourMinuteSecondMillis" classname="org.joda.time.format.TestISODateTimeFormat" time="0.001"/>
  <testcase name="testFormat_hourMinuteSecondFraction" classname="org.joda.time.format.TestISODateTimeFormat" time="0"/>
  <testcase name="testFormat_dateHour" classname="org.joda.time.format.TestISODateTimeFormat" time="0"/>
  <testcase name="testFormat_dateHourMinute" classname="org.joda.time.format.TestISODateTimeFormat" time="0"/>
  <testcase name="testFormat_dateHourMinuteSecond" classname="org.joda.time.format.TestISODateTimeFormat" time="0"/>
  <testcase name="testFormat_dateHourMinuteSecondMillis" classname="org.joda.time.format.TestISODateTimeFormat" time="0"/>
  <testcase name="testFormat_dateHourMinuteSecondFraction" classname="org.joda.time.format.TestISODateTimeFormat" time="0"/>
  <testcase name="testFormat_weekyear" classname="org.joda.time.format.TestISODateTimeFormat" time="0"/>
  <testcase name="testFormat_tTimeNoMillis" classname="org.joda.time.format.TestISODateTimeFormat" time="0.001"/>
  <testcase name="testFormat_dateTime" classname="org.joda.time.format.TestISODateTimeFormat" time="0"/>
  <testcase name="testFormat_dateTimeNoMillis" classname="org.joda.time.format.TestISODateTimeFormat" time="0"/>
  <testcase name="testFormat_ordinalDate" classname="org.joda.time.format.TestISODateTimeFormat" time="0"/>
  <testcase name="testFormat_ordinalDateTime" classname="org.joda.time.format.TestISODateTimeFormat" time="0"/>
  <testcase name="testFormat_ordinalDateTimeNoMillis" classname="org.joda.time.format.TestISODateTimeFormat" time="0"/>
  <testcase name="testFormat_weekDate" classname="org.joda.time.format.TestISODateTimeFormat" time="0"/>
  <testcase name="testFormat_weekDateTime" classname="org.joda.time.format.TestISODateTimeFormat" time="0"/>
  <testcase name="testFormat_weekDateTimeNoMillis" classname="org.joda.time.format.TestISODateTimeFormat" time="0"/>
  <testcase name="testFormat_basicDate" classname="org.joda.time.format.TestISODateTimeFormat" time="0"/>
  <testcase name="testFormat_basicTime" classname="org.joda.time.format.TestISODateTimeFormat" time="0"/>
  <testcase name="testFormat_basicTimeNoMillis" classname="org.joda.time.format.TestISODateTimeFormat" time="0"/>
  <testcase name="testFormat_basicTTime" classname="org.joda.time.format.TestISODateTimeFormat" time="0"/>
  <testcase name="testFormat_date" classname="org.joda.time.format.TestISODateTimeFormat" time="0"/>
  <testcase name="testForFields_calBased_YD" classname="org.joda.time.format.TestISODateTimeFormat_Fields" time="0"/>
  <testcase name="testForFields_weekBased_YWD" classname="org.joda.time.format.TestISODateTimeFormat_Fields" time="0"/>
  <testcase name="testForFields_weekBased_Y" classname="org.joda.time.format.TestISODateTimeFormat_Fields" time="0"/>
  <testcase name="testForFields_weekBased_W" classname="org.joda.time.format.TestISODateTimeFormat_Fields" time="0"/>
  <testcase name="testForFields_weekBased_D" classname="org.joda.time.format.TestISODateTimeFormat_Fields" time="0.003"/>
  <testcase name="testForFields_weekBased_YW" classname="org.joda.time.format.TestISODateTimeFormat_Fields" time="0"/>
  <testcase name="testForFields_weekBased_WD" classname="org.joda.time.format.TestISODateTimeFormat_Fields" time="0"/>
  <testcase name="testForFields_weekBased_YD" classname="org.joda.time.format.TestISODateTimeFormat_Fields" time="0"/>
  <testcase name="testForFields_ordinalBased_YD" classname="org.joda.time.format.TestISODateTimeFormat_Fields" time="0"/>
  <testcase name="testForFields_ordinalBased_Y" classname="org.joda.time.format.TestISODateTimeFormat_Fields" time="0"/>
  <testcase name="testForFields_ordinalBased_D" classname="org.joda.time.format.TestISODateTimeFormat_Fields" time="0"/>
  <testcase name="testForFields_time_HMSm" classname="org.joda.time.format.TestISODateTimeFormat_Fields" time="0.001"/>
  <testcase name="testForFields_time_HMS" classname="org.joda.time.format.TestISODateTimeFormat_Fields" time="0"/>
  <testcase name="testForFields_time_HM" classname="org.joda.time.format.TestISODateTimeFormat_Fields" time="0.002"/>
  <testcase name="testForFields_time_H" classname="org.joda.time.format.TestISODateTimeFormat_Fields" time="0"/>
  <testcase name="testForFields_time_MSm" classname="org.joda.time.format.TestISODateTimeFormat_Fields" time="0"/>
  <testcase name="testForFields_time_MS" classname="org.joda.time.format.TestISODateTimeFormat_Fields" time="0"/>
  <testcase name="testForFields_time_M" classname="org.joda.time.format.TestISODateTimeFormat_Fields" time="0"/>
  <testcase name="testForFields_time_Sm" classname="org.joda.time.format.TestISODateTimeFormat_Fields" time="0"/>
  <testcase name="testForFields_time_S" classname="org.joda.time.format.TestISODateTimeFormat_Fields" time="0"/>
  <testcase name="testForFields_time_m" classname="org.joda.time.format.TestISODateTimeFormat_Fields" time="0"/>
  <testcase name="testForFields_time_Hm" classname="org.joda.time.format.TestISODateTimeFormat_Fields" time="0"/>
  <testcase name="testForFields_time_HS" classname="org.joda.time.format.TestISODateTimeFormat_Fields" time="0"/>
  <testcase name="testForFields_time_Mm" classname="org.joda.time.format.TestISODateTimeFormat_Fields" time="0"/>
  <testcase name="testForFields_time_HSm" classname="org.joda.time.format.TestISODateTimeFormat_Fields" time="0"/>
  <testcase name="testForFields_time_HMm" classname="org.joda.time.format.TestISODateTimeFormat_Fields" time="0.001"/>
  <testcase name="testForFields_datetime_YMDH" classname="org.joda.time.format.TestISODateTimeFormat_Fields" time="0"/>
  <testcase name="testForFields_datetime_DH" classname="org.joda.time.format.TestISODateTimeFormat_Fields" time="0"/>
  <testcase name="testForFields_datetime_YH" classname="org.joda.time.format.TestISODateTimeFormat_Fields" time="0"/>
  <testcase name="testForFields_datetime_DM" classname="org.joda.time.format.TestISODateTimeFormat_Fields" time="0.001"/>
  <testcase name="testForFields_null" classname="org.joda.time.format.TestISODateTimeFormat_Fields" time="0"/>
  <testcase name="testForFields_empty" classname="org.joda.time.format.TestISODateTimeFormat_Fields" time="0"/>
  <testcase name="testForFields_calBased_YMD" classname="org.joda.time.format.TestISODateTimeFormat_Fields" time="0"/>
  <testcase name="testForFields_calBased_YMD_unmodifiable" classname="org.joda.time.format.TestISODateTimeFormat_Fields" time="0"/>
  <testcase name="testForFields_calBased_YMD_duplicates" classname="org.joda.time.format.TestISODateTimeFormat_Fields" time="0"/>
  <testcase name="testForFields_calBased_Y" classname="org.joda.time.format.TestISODateTimeFormat_Fields" time="0.003"/>
  <testcase name="testForFields_calBased_M" classname="org.joda.time.format.TestISODateTimeFormat_Fields" time="0"/>
  <testcase name="testForFields_calBased_D" classname="org.joda.time.format.TestISODateTimeFormat_Fields" time="0"/>
  <testcase name="testForFields_calBased_YM" classname="org.joda.time.format.TestISODateTimeFormat_Fields" time="0"/>
  <testcase name="testForFields_calBased_MD" classname="org.joda.time.format.TestISODateTimeFormat_Fields" time="0.001"/>
  <testcase name="test_dateOptionalTimeParser" classname="org.joda.time.format.TestISODateTimeFormatParsing" time="0.001"/>
  <testcase name="test_localDateOptionalTimeParser" classname="org.joda.time.format.TestISODateTimeFormatParsing" time="0.001"/>
  <testcase name="test_date" classname="org.joda.time.format.TestISODateTimeFormatParsing" time="0"/>
  <testcase name="test_time" classname="org.joda.time.format.TestISODateTimeFormatParsing" time="0.001"/>
  <testcase name="test_timeNoMillis" classname="org.joda.time.format.TestISODateTimeFormatParsing" time="0"/>
  <testcase name="test_tTime" classname="org.joda.time.format.TestISODateTimeFormatParsing" time="0.009"/>
  <testcase name="test_tTimeNoMillis" classname="org.joda.time.format.TestISODateTimeFormatParsing" time="0"/>
  <testcase name="test_dateTime" classname="org.joda.time.format.TestISODateTimeFormatParsing" time="0"/>
  <testcase name="test_dateTimeNoMillis" classname="org.joda.time.format.TestISODateTimeFormatParsing" time="0.001"/>
  <testcase name="test_ordinalDate" classname="org.joda.time.format.TestISODateTimeFormatParsing" time="0"/>
  <testcase name="test_ordinalDateTime" classname="org.joda.time.format.TestISODateTimeFormatParsing" time="0"/>
  <testcase name="test_ordinalDateTimeNoMillis" classname="org.joda.time.format.TestISODateTimeFormatParsing" time="0.001"/>
  <testcase name="test_weekDate" classname="org.joda.time.format.TestISODateTimeFormatParsing" time="0"/>
  <testcase name="test_weekDateTime" classname="org.joda.time.format.TestISODateTimeFormatParsing" time="0.002"/>
  <testcase name="test_weekDateTimeNoMillis" classname="org.joda.time.format.TestISODateTimeFormatParsing" time="0"/>
  <testcase name="test_basicDate" classname="org.joda.time.format.TestISODateTimeFormatParsing" time="0"/>
  <testcase name="test_hourMinuteSecondMillis" classname="org.joda.time.format.TestISODateTimeFormatParsing" time="0"/>
  <testcase name="test_hourMinuteSecondFraction" classname="org.joda.time.format.TestISODateTimeFormatParsing" time="0"/>
  <testcase name="test_dateParser" classname="org.joda.time.format.TestISODateTimeFormatParsing" time="0"/>
  <testcase name="test_localDateParser" classname="org.joda.time.format.TestISODateTimeFormatParsing" time="0.001"/>
  <testcase name="test_dateElementParser" classname="org.joda.time.format.TestISODateTimeFormatParsing" time="0.001"/>
  <testcase name="test_timeParser" classname="org.joda.time.format.TestISODateTimeFormatParsing" time="0"/>
  <testcase name="test_localTimeParser" classname="org.joda.time.format.TestISODateTimeFormatParsing" time="0.001"/>
  <testcase name="test_timeElementParser" classname="org.joda.time.format.TestISODateTimeFormatParsing" time="0"/>
  <testcase name="test_dateTimeParser" classname="org.joda.time.format.TestISODateTimeFormatParsing" time="0.001"/>
  <testcase name="test_basicTime" classname="org.joda.time.format.TestISODateTimeFormatParsing" time="0"/>
  <testcase name="test_basicTimeNoMillis" classname="org.joda.time.format.TestISODateTimeFormatParsing" time="0"/>
  <testcase name="test_basicTTime" classname="org.joda.time.format.TestISODateTimeFormatParsing" time="0.002"/>
  <testcase name="test_basicTTimeNoMillis" classname="org.joda.time.format.TestISODateTimeFormatParsing" time="0"/>
  <testcase name="test_basicDateTime" classname="org.joda.time.format.TestISODateTimeFormatParsing" time="0"/>
  <testcase name="test_basicDateTimeNoMillis" classname="org.joda.time.format.TestISODateTimeFormatParsing" time="0"/>
  <testcase name="test_basicOrdinalDate" classname="org.joda.time.format.TestISODateTimeFormatParsing" time="0"/>
  <testcase name="test_basicOrdinalDateTime" classname="org.joda.time.format.TestISODateTimeFormatParsing" time="0"/>
  <testcase name="test_basicOrdinalDateTimeNoMillis" classname="org.joda.time.format.TestISODateTimeFormatParsing" time="0.001"/>
  <testcase name="test_basicWeekDate" classname="org.joda.time.format.TestISODateTimeFormatParsing" time="0"/>
  <testcase name="test_basicWeekDateTime" classname="org.joda.time.format.TestISODateTimeFormatParsing" time="0"/>
  <testcase name="test_basicWeekDateTimeNoMillis" classname="org.joda.time.format.TestISODateTimeFormatParsing" time="0"/>
  <testcase name="test_hourMinute" classname="org.joda.time.format.TestISODateTimeFormatParsing" time="0"/>
  <testcase name="test_hourMinuteSecond" classname="org.joda.time.format.TestISODateTimeFormatParsing" time="0"/>
  <testcase name="test_append_nullParser" classname="org.joda.time.format.TestDateTimeFormatterBuilder" time="0.001"/>
  <testcase name="test_append_Printer_nullParser" classname="org.joda.time.format.TestDateTimeFormatterBuilder" time="0"/>
  <testcase name="test_append_nullPrinter_Parser" classname="org.joda.time.format.TestDateTimeFormatterBuilder" time="0"/>
  <testcase name="test_appendOptional_Parser" classname="org.joda.time.format.TestDateTimeFormatterBuilder" time="0"/>
  <testcase name="test_appendOptional_nullParser" classname="org.joda.time.format.TestDateTimeFormatterBuilder" time="0"/>
  <testcase name="test_appendFixedDecimal" classname="org.joda.time.format.TestDateTimeFormatterBuilder" time="0.001"/>
  <testcase name="test_appendFixedSignedDecimal" classname="org.joda.time.format.TestDateTimeFormatterBuilder" time="0"/>
  <testcase name="test_appendTimeZoneOffset_parse" classname="org.joda.time.format.TestDateTimeFormatterBuilder" time="0.001"/>
  <testcase name="test_appendTimeZoneOffset_print_min1max1" classname="org.joda.time.format.TestDateTimeFormatterBuilder" time="0"/>
  <testcase name="test_appendTimeZoneOffset_print_min1max2" classname="org.joda.time.format.TestDateTimeFormatterBuilder" time="0"/>
  <testcase name="test_appendTimeZoneOffset_print_min1max3" classname="org.joda.time.format.TestDateTimeFormatterBuilder" time="0"/>
  <testcase name="test_appendTimeZoneOffset_print_min2max2" classname="org.joda.time.format.TestDateTimeFormatterBuilder" time="0"/>
  <testcase name="test_appendTimeZoneOffset_print_min2max3" classname="org.joda.time.format.TestDateTimeFormatterBuilder" time="0.001"/>
  <testcase name="test_appendTimeZoneOffset_print_min3max3" classname="org.joda.time.format.TestDateTimeFormatterBuilder" time="0"/>
  <testcase name="test_appendTimeZoneOffset_invalidText" classname="org.joda.time.format.TestDateTimeFormatterBuilder" time="0"/>
  <testcase name="test_appendTimeZoneOffset_zeroMinInvalid" classname="org.joda.time.format.TestDateTimeFormatterBuilder" time="0"/>
  <testcase name="test_appendTimeZoneId" classname="org.joda.time.format.TestDateTimeFormatterBuilder" time="0"/>
  <testcase name="test_printParseZoneTokyo" classname="org.joda.time.format.TestDateTimeFormatterBuilder" time="0"/>
  <testcase name="test_printParseZoneParis" classname="org.joda.time.format.TestDateTimeFormatterBuilder" time="0"/>
  <testcase name="test_printParseZoneDawson" classname="org.joda.time.format.TestDateTimeFormatterBuilder" time="0.001"/>
  <testcase name="test_printParseZoneDawson_suffix" classname="org.joda.time.format.TestDateTimeFormatterBuilder" time="0"/>
  <testcase name="test_printParseZoneDawsonCreek" classname="org.joda.time.format.TestDateTimeFormatterBuilder" time="0.001"/>
  <testcase name="test_printParseZoneDawsonCreek_suffix" classname="org.joda.time.format.TestDateTimeFormatterBuilder" time="0.001"/>
  <testcase name="test_printParseZoneEtcGMT" classname="org.joda.time.format.TestDateTimeFormatterBuilder" time="0"/>
  <testcase name="test_printParseZoneEtcGMT_suffix" classname="org.joda.time.format.TestDateTimeFormatterBuilder" time="0"/>
  <testcase name="test_printParseZoneGMT" classname="org.joda.time.format.TestDateTimeFormatterBuilder" time="0"/>
  <testcase name="test_printParseZoneGMT_suffix" classname="org.joda.time.format.TestDateTimeFormatterBuilder" time="0.001"/>
  <testcase name="test_printParseZoneEtcGMT1" classname="org.joda.time.format.TestDateTimeFormatterBuilder" time="0.001"/>
  <testcase name="test_printParseZoneEtcGMT1_suffix" classname="org.joda.time.format.TestDateTimeFormatterBuilder" time="0"/>
  <testcase name="test_printParseZoneEtcGMT10" classname="org.joda.time.format.TestDateTimeFormatterBuilder" time="0"/>
  <testcase name="test_printParseZoneEtcGMT10_suffix" classname="org.joda.time.format.TestDateTimeFormatterBuilder" time="0"/>
  <testcase name="test_printParseZoneMET" classname="org.joda.time.format.TestDateTimeFormatterBuilder" time="0"/>
  <testcase name="test_printParseZoneMET_suffix" classname="org.joda.time.format.TestDateTimeFormatterBuilder" time="0"/>
  <testcase name="test_printParseZoneBahiaBanderas" classname="org.joda.time.format.TestDateTimeFormatterBuilder" time="0"/>
  <testcase name="test_printParseOffset" classname="org.joda.time.format.TestDateTimeFormatterBuilder" time="0"/>
  <testcase name="test_printParseOffsetAndZone" classname="org.joda.time.format.TestDateTimeFormatterBuilder" time="0"/>
  <testcase name="test_parseWrongOffset" classname="org.joda.time.format.TestDateTimeFormatterBuilder" time="0.001"/>
  <testcase name="test_parseWrongOffsetAndZone" classname="org.joda.time.format.TestDateTimeFormatterBuilder" time="0"/>
  <testcase name="test_localPrintParseZoneTokyo" classname="org.joda.time.format.TestDateTimeFormatterBuilder" time="0"/>
  <testcase name="test_localPrintParseOffset" classname="org.joda.time.format.TestDateTimeFormatterBuilder" time="0"/>
  <testcase name="test_localPrintParseOffsetAndZone" classname="org.joda.time.format.TestDateTimeFormatterBuilder" time="0"/>
  <testcase name="test_localParseWrongOffsetAndZone" classname="org.joda.time.format.TestDateTimeFormatterBuilder" time="0.001"/>
  <testcase name="test_printParseShortName" classname="org.joda.time.format.TestDateTimeFormatterBuilder" time="0.002"/>
  <testcase name="test_printParseShortNameWithLookup" classname="org.joda.time.format.TestDateTimeFormatterBuilder" time="0"/>
  <testcase name="test_printParseShortNameWithAutoLookup" classname="org.joda.time.format.TestDateTimeFormatterBuilder" time="0.001"/>
  <testcase name="test_printParseLongName" classname="org.joda.time.format.TestDateTimeFormatterBuilder" time="0"/>
  <testcase name="test_printParseLongNameWithLookup" classname="org.joda.time.format.TestDateTimeFormatterBuilder" time="0"/>
  <testcase name="test_toFormatter" classname="org.joda.time.format.TestDateTimeFormatterBuilder" time="0"/>
  <testcase name="test_toPrinter" classname="org.joda.time.format.TestDateTimeFormatterBuilder" time="0"/>
  <testcase name="test_toParser" classname="org.joda.time.format.TestDateTimeFormatterBuilder" time="0.001"/>
  <testcase name="test_canBuildFormatter" classname="org.joda.time.format.TestDateTimeFormatterBuilder" time="0"/>
  <testcase name="test_canBuildPrinter" classname="org.joda.time.format.TestDateTimeFormatterBuilder" time="0"/>
  <testcase name="test_canBuildParser" classname="org.joda.time.format.TestDateTimeFormatterBuilder" time="0"/>
  <testcase name="test_append_Formatter" classname="org.joda.time.format.TestDateTimeFormatterBuilder" time="0"/>
  <testcase name="test_append_Printer" classname="org.joda.time.format.TestDateTimeFormatterBuilder" time="0"/>
  <testcase name="test_append_nullPrinter" classname="org.joda.time.format.TestDateTimeFormatterBuilder" time="0"/>
  <testcase name="test_append_Parser" classname="org.joda.time.format.TestDateTimeFormatterBuilder" time="0"/>
  <testcase name="testParseInto_simple" classname="org.joda.time.format.TestPeriodFormatter" time="0.001"/>
  <testcase name="testWithGetLocaleMethods" classname="org.joda.time.format.TestPeriodFormatter" time="0"/>
  <testcase name="testWithGetParseTypeMethods" classname="org.joda.time.format.TestPeriodFormatter" time="0"/>
  <testcase name="testParsePeriod_simple" classname="org.joda.time.format.TestPeriodFormatter" time="0.002"/>
  <testcase name="testParsePeriod_parseType" classname="org.joda.time.format.TestPeriodFormatter" time="0"/>
  <testcase name="testParseMutablePeriod_simple" classname="org.joda.time.format.TestPeriodFormatter" time="0"/>
  <testcase name="testPrint_simple" classname="org.joda.time.format.TestPeriodFormatter" time="0"/>
  <testcase name="testPrint_bufferMethods" classname="org.joda.time.format.TestPeriodFormatter" time="0"/>
  <testcase name="testPrint_writerMethods" classname="org.joda.time.format.TestPeriodFormatter" time="0"/>
  <testcase name="testPrinterParserMethods" classname="org.joda.time.format.TestPeriodFormatter" time="0"/>
  <testcase name="test_getDefault_formatStandard" classname="org.joda.time.format.TestPeriodFormat" time="0"/>
  <testcase name="test_getDefault_FormatOneField" classname="org.joda.time.format.TestPeriodFormat" time="0"/>
  <testcase name="test_getDefault_formatTwoFields" classname="org.joda.time.format.TestPeriodFormat" time="0"/>
  <testcase name="test_getDefault_parseOneField" classname="org.joda.time.format.TestPeriodFormat" time="0"/>
  <testcase name="test_getDefault_parseTwoFields" classname="org.joda.time.format.TestPeriodFormat" time="0"/>
  <testcase name="test_getDefault_checkRedundantSeparator" classname="org.joda.time.format.TestPeriodFormat" time="0"/>
  <testcase name="test_getDefault_cached" classname="org.joda.time.format.TestPeriodFormat" time="0"/>
  <testcase name="test_wordBased_default" classname="org.joda.time.format.TestPeriodFormat" time="0.002"/>
  <testcase name="test_wordBased_fr_formatStandard" classname="org.joda.time.format.TestPeriodFormat" time="0.002"/>
  <testcase name="test_wordBased_fr_FormatOneField" classname="org.joda.time.format.TestPeriodFormat" time="0"/>
  <testcase name="test_wordBased_fr_formatTwoFields" classname="org.joda.time.format.TestPeriodFormat" time="0"/>
  <testcase name="test_wordBased_fr_parseOneField" classname="org.joda.time.format.TestPeriodFormat" time="0"/>
  <testcase name="test_wordBased_fr_parseTwoFields" classname="org.joda.time.format.TestPeriodFormat" time="0"/>
  <testcase name="test_wordBased_fr_cached" classname="org.joda.time.format.TestPeriodFormat" time="0"/>
  <testcase name="test_wordBased_pt_formatStandard" classname="org.joda.time.format.TestPeriodFormat" time="0.001"/>
  <testcase name="test_wordBased_pt_FormatOneField" classname="org.joda.time.format.TestPeriodFormat" time="0"/>
  <testcase name="test_wordBased_pt_formatTwoFields" classname="org.joda.time.format.TestPeriodFormat" time="0.001"/>
  <testcase name="test_wordBased_pt_parseOneField" classname="org.joda.time.format.TestPeriodFormat" time="0"/>
  <testcase name="test_wordBased_pt_parseTwoFields" classname="org.joda.time.format.TestPeriodFormat" time="0"/>
  <testcase name="test_wordBased_pt_cached" classname="org.joda.time.format.TestPeriodFormat" time="0"/>
  <testcase name="test_wordBased_es_formatStandard" classname="org.joda.time.format.TestPeriodFormat" time="0.001"/>
  <testcase name="test_wordBased_es_FormatOneField" classname="org.joda.time.format.TestPeriodFormat" time="0"/>
  <testcase name="test_wordBased_es_formatTwoFields" classname="org.joda.time.format.TestPeriodFormat" time="0"/>
  <testcase name="test_wordBased_es_parseOneField" classname="org.joda.time.format.TestPeriodFormat" time="0"/>
  <testcase name="test_wordBased_es_parseTwoFields" classname="org.joda.time.format.TestPeriodFormat" time="0.001"/>
  <testcase name="test_wordBased_es_cached" classname="org.joda.time.format.TestPeriodFormat" time="0"/>
  <testcase name="test_wordBased_de_formatStandard" classname="org.joda.time.format.TestPeriodFormat" time="0"/>
  <testcase name="test_wordBased_de_FormatOneField" classname="org.joda.time.format.TestPeriodFormat" time="0"/>
  <testcase name="test_wordBased_de_formatTwoFields" classname="org.joda.time.format.TestPeriodFormat" time="0"/>
  <testcase name="test_wordBased_de_parseOneField" classname="org.joda.time.format.TestPeriodFormat" time="0"/>
  <testcase name="test_wordBased_de_parseTwoFields" classname="org.joda.time.format.TestPeriodFormat" time="0.001"/>
  <testcase name="test_wordBased_de_cached" classname="org.joda.time.format.TestPeriodFormat" time="0"/>
  <testcase name="test_wordBased_nl_formatStandard" classname="org.joda.time.format.TestPeriodFormat" time="0.001"/>
  <testcase name="test_wordBased_nl_FormatOneField" classname="org.joda.time.format.TestPeriodFormat" time="0"/>
  <testcase name="test_wordBased_nl_formatTwoFields" classname="org.joda.time.format.TestPeriodFormat" time="0"/>
  <testcase name="test_wordBased_nl_parseOneField" classname="org.joda.time.format.TestPeriodFormat" time="0"/>
  <testcase name="test_wordBased_nl_parseTwoFields" classname="org.joda.time.format.TestPeriodFormat" time="0.002"/>
  <testcase name="test_wordBased_nl_cached" classname="org.joda.time.format.TestPeriodFormat" time="0"/>
  <testcase name="test_wordBased_da_formatMultiple" classname="org.joda.time.format.TestPeriodFormat" time="0.001"/>
  <testcase name="test_wordBased_da_formatSinglular" classname="org.joda.time.format.TestPeriodFormat" time="0.001"/>
  <testcase name="test_wordBased_da_cached" classname="org.joda.time.format.TestPeriodFormat" time="0"/>
  <testcase name="test_wordBased_ja_formatMultiple" classname="org.joda.time.format.TestPeriodFormat" time="0.001"/>
  <testcase name="test_wordBased_ja_formatSingular" classname="org.joda.time.format.TestPeriodFormat" time="0"/>
  <testcase name="test_wordBased_ja_cached" classname="org.joda.time.format.TestPeriodFormat" time="0"/>
  <testcase name="test_wordBased_ja_parseOneField" classname="org.joda.time.format.TestPeriodFormat" time="0"/>
  <testcase name="test_wordBased_ja_parseTwoFields" classname="org.joda.time.format.TestPeriodFormat" time="0.001"/>
  <testcase name="test_wordBased_ja_checkRedundantSeparator" classname="org.joda.time.format.TestPeriodFormat" time="0"/>
  <testcase name="test_wordBased_pl_formatStandard" classname="org.joda.time.format.TestPeriodFormat" time="0.004"/>
  <testcase name="test_wordBased_pl_FormatOneField" classname="org.joda.time.format.TestPeriodFormat" time="0"/>
  <testcase name="test_wordBased_pl_formatTwoFields" classname="org.joda.time.format.TestPeriodFormat" time="0"/>
  <testcase name="test_wordBased_pl_parseOneField" classname="org.joda.time.format.TestPeriodFormat" time="0"/>
  <testcase name="test_wordBased_pl_parseTwoFields" classname="org.joda.time.format.TestPeriodFormat" time="0"/>
  <testcase name="test_wordBased_pl_checkRedundantSeparator" classname="org.joda.time.format.TestPeriodFormat" time="0"/>
  <testcase name="test_wordBased_pl_cached" classname="org.joda.time.format.TestPeriodFormat" time="0"/>
  <testcase name="test_wordBased_pl_regEx" classname="org.joda.time.format.TestPeriodFormat" time="0.015"/>
  <testcase name="test_wordBased_fr_from_de" classname="org.joda.time.format.TestPeriodFormat" time="0.001"/>
  <testcase name="test_wordBased_fr_from_nl" classname="org.joda.time.format.TestPeriodFormat" time="0.002"/>
  <testcase name="test_wordBased_en_from_de" classname="org.joda.time.format.TestPeriodFormat" time="0"/>
  <testcase name="test_wordBased_en_from_nl" classname="org.joda.time.format.TestPeriodFormat" time="0"/>
  <testcase name="test_wordBased_en_from_pl" classname="org.joda.time.format.TestPeriodFormat" time="0"/>
  <testcase name="test_wordBased_pl_from_fr" classname="org.joda.time.format.TestPeriodFormat" time="0"/>
  <testcase name="test_getDefault_localeValue" classname="org.joda.time.format.TestPeriodFormat" time="0"/>
  <testcase name="test_wordBased_localeValue" classname="org.joda.time.format.TestPeriodFormat" time="0"/>
  <testcase name="test_wordBasedWithLocale_localeValue" classname="org.joda.time.format.TestPeriodFormat" time="0.001"/>
  <testcase name="test_wordBased_en_withLocale_pt" classname="org.joda.time.format.TestPeriodFormat" time="0"/>
  <testcase name="testSubclassableConstructor" classname="org.joda.time.format.TestPeriodFormat" time="0"/>
  <testcase name="testFormatStandard" classname="org.joda.time.format.TestISOPeriodFormat" time="0.001"/>
  <testcase name="testFormatStandard_negative" classname="org.joda.time.format.TestISOPeriodFormat" time="0"/>
  <testcase name="testFormatAlternate" classname="org.joda.time.format.TestISOPeriodFormat" time="0.001"/>
  <testcase name="testFormatAlternateExtended" classname="org.joda.time.format.TestISOPeriodFormat" time="0.001"/>
  <testcase name="testFormatAlternateWithWeeks" classname="org.joda.time.format.TestISOPeriodFormat" time="0"/>
  <testcase name="testFormatAlternateExtendedWithWeeks" classname="org.joda.time.format.TestISOPeriodFormat" time="0"/>
  <testcase name="testSubclassableConstructor" classname="org.joda.time.format.TestISOPeriodFormat" time="0.002"/>
  <testcase name="testParseStandard1" classname="org.joda.time.format.TestISOPeriodFormatParsing" time="0.001"/>
  <testcase name="testParseStandard2" classname="org.joda.time.format.TestISOPeriodFormatParsing" time="0"/>
  <testcase name="testParseStandard3" classname="org.joda.time.format.TestISOPeriodFormatParsing" time="0"/>
  <testcase name="testParseStandard4" classname="org.joda.time.format.TestISOPeriodFormatParsing" time="0"/>
  <testcase name="testParseStandard5" classname="org.joda.time.format.TestISOPeriodFormatParsing" time="0"/>
  <testcase name="testParseStandard6" classname="org.joda.time.format.TestISOPeriodFormatParsing" time="0"/>
  <testcase name="testParseStandard7" classname="org.joda.time.format.TestISOPeriodFormatParsing" time="0"/>
  <testcase name="testParseStandard8" classname="org.joda.time.format.TestISOPeriodFormatParsing" time="0"/>
  <testcase name="testParseStandard9" classname="org.joda.time.format.TestISOPeriodFormatParsing" time="0"/>
  <testcase name="testParseStandard10" classname="org.joda.time.format.TestISOPeriodFormatParsing" time="0"/>
  <testcase name="testParseStandard11" classname="org.joda.time.format.TestISOPeriodFormatParsing" time="0"/>
  <testcase name="testParseStandardFail1" classname="org.joda.time.format.TestISOPeriodFormatParsing" time="0.001"/>
  <testcase name="testParseStandardFail2" classname="org.joda.time.format.TestISOPeriodFormatParsing" time="0"/>
  <testcase name="testParseStandardFail3" classname="org.joda.time.format.TestISOPeriodFormatParsing" time="0"/>
  <testcase name="testParseStandardFail4" classname="org.joda.time.format.TestISOPeriodFormatParsing" time="0"/>
  <testcase name="testParseNegativeMillis1" classname="org.joda.time.format.TestPeriodFormatParsing" time="0"/>
  <testcase name="testParseNegativeMillis2" classname="org.joda.time.format.TestPeriodFormatParsing" time="0.001"/>
  <testcase name="testParseStandard1" classname="org.joda.time.format.TestPeriodFormatParsing" time="0"/>
  <testcase name="testParseCustom1" classname="org.joda.time.format.TestPeriodFormatParsing" time="0.001"/>
  <testcase name="testToFormatterPrinterParser" classname="org.joda.time.format.TestPeriodFormatterBuilder" time="0.001"/>
  <testcase name="testFormatMonths" classname="org.joda.time.format.TestPeriodFormatterBuilder" time="0"/>
  <testcase name="testFormatWeeks" classname="org.joda.time.format.TestPeriodFormatterBuilder" time="0"/>
  <testcase name="testFormatDays" classname="org.joda.time.format.TestPeriodFormatterBuilder" time="0.001"/>
  <testcase name="testFormatHours" classname="org.joda.time.format.TestPeriodFormatterBuilder" time="0"/>
  <testcase name="testFormatMinutes" classname="org.joda.time.format.TestPeriodFormatterBuilder" time="0"/>
  <testcase name="testFormatSeconds" classname="org.joda.time.format.TestPeriodFormatterBuilder" time="0"/>
  <testcase name="testFormatSecondsWithMillis" classname="org.joda.time.format.TestPeriodFormatterBuilder" time="0"/>
  <testcase name="testFormatSecondsWithOptionalMillis" classname="org.joda.time.format.TestPeriodFormatterBuilder" time="0"/>
  <testcase name="testFormatMillis" classname="org.joda.time.format.TestPeriodFormatterBuilder" time="0"/>
  <testcase name="testFormatMillis3Digit" classname="org.joda.time.format.TestPeriodFormatterBuilder" time="0"/>
  <testcase name="testFormatPrefixSimple1" classname="org.joda.time.format.TestPeriodFormatterBuilder" time="0"/>
  <testcase name="testFormatPrefixSimple2" classname="org.joda.time.format.TestPeriodFormatterBuilder" time="0"/>
  <testcase name="testFormatPrefixSimple3" classname="org.joda.time.format.TestPeriodFormatterBuilder" time="0"/>
  <testcase name="testFormatPrefixSimple4IgnoringPrefix" classname="org.joda.time.format.TestPeriodFormatterBuilder" time="0.001"/>
  <testcase name="testPluralAffixParseOrder" classname="org.joda.time.format.TestPeriodFormatterBuilder" time="0"/>
  <testcase name="testFormatPrefixPlural1" classname="org.joda.time.format.TestPeriodFormatterBuilder" time="0"/>
  <testcase name="testFormatPrefixPlural2" classname="org.joda.time.format.TestPeriodFormatterBuilder" time="0"/>
  <testcase name="testFormatPrefixPlural3" classname="org.joda.time.format.TestPeriodFormatterBuilder" time="0"/>
  <testcase name="testFormatPrefixPlural4IgnoringPrefix" classname="org.joda.time.format.TestPeriodFormatterBuilder" time="0.001"/>
  <testcase name="testRegExAffixParseOrder" classname="org.joda.time.format.TestPeriodFormatterBuilder" time="0"/>
  <testcase name="testFormatPrefixRegEx1" classname="org.joda.time.format.TestPeriodFormatterBuilder" time="0"/>
  <testcase name="testFormatPrefixRegEx2" classname="org.joda.time.format.TestPeriodFormatterBuilder" time="0.001"/>
  <testcase name="testFormatPrefixRegEx3" classname="org.joda.time.format.TestPeriodFormatterBuilder" time="0"/>
  <testcase name="testFormatPrefixRegEx4IgnoringPrefix" classname="org.joda.time.format.TestPeriodFormatterBuilder" time="0.001"/>
  <testcase name="testFormatPrefixComposite1" classname="org.joda.time.format.TestPeriodFormatterBuilder" time="0.001"/>
  <testcase name="testFormatSuffixSimple1" classname="org.joda.time.format.TestPeriodFormatterBuilder" time="0"/>
  <testcase name="testFormatSuffixSimple2" classname="org.joda.time.format.TestPeriodFormatterBuilder" time="0"/>
  <testcase name="testFormatSuffixSimple3" classname="org.joda.time.format.TestPeriodFormatterBuilder" time="0"/>
  <testcase name="testFormatSuffixSimple4" classname="org.joda.time.format.TestPeriodFormatterBuilder" time="0"/>
  <testcase name="testFormatPrefixSimple5IgnoringPrefix" classname="org.joda.time.format.TestPeriodFormatterBuilder" time="0"/>
  <testcase name="testFormatPrefixSimple6IgnoringPrefix" classname="org.joda.time.format.TestPeriodFormatterBuilder" time="0.001"/>
  <testcase name="testFormatSuffixPlural1" classname="org.joda.time.format.TestPeriodFormatterBuilder" time="0"/>
  <testcase name="testFormatSuffixPlural2" classname="org.joda.time.format.TestPeriodFormatterBuilder" time="0"/>
  <testcase name="testFormatSuffixPlural3" classname="org.joda.time.format.TestPeriodFormatterBuilder" time="0"/>
  <testcase name="testFormatSuffixPlural4" classname="org.joda.time.format.TestPeriodFormatterBuilder" time="0"/>
  <testcase name="testFormatSuffixPlural4IgnoringPrefix" classname="org.joda.time.format.TestPeriodFormatterBuilder" time="0.001"/>
  <testcase name="testFormatSuffixRegEx1" classname="org.joda.time.format.TestPeriodFormatterBuilder" time="0"/>
  <testcase name="testFormatSuffixRegEx2" classname="org.joda.time.format.TestPeriodFormatterBuilder" time="0.002"/>
  <testcase name="testFormatSuffixRegEx3" classname="org.joda.time.format.TestPeriodFormatterBuilder" time="0"/>
  <testcase name="testFormatSuffixRegEx4" classname="org.joda.time.format.TestPeriodFormatterBuilder" time="0"/>
  <testcase name="testFormatSuffixRegEx5IgnoringAffix" classname="org.joda.time.format.TestPeriodFormatterBuilder" time="0"/>
  <testcase name="testFormatSuffixComposite1" classname="org.joda.time.format.TestPeriodFormatterBuilder" time="0.001"/>
  <testcase name="testFormatSuffixComposite5IgnoringAffix" classname="org.joda.time.format.TestPeriodFormatterBuilder" time="0"/>
  <testcase name="testFormatPrefixSuffix" classname="org.joda.time.format.TestPeriodFormatterBuilder" time="0"/>
  <testcase name="testFormatSeparatorSimple" classname="org.joda.time.format.TestPeriodFormatterBuilder" time="0"/>
  <testcase name="testFormatSeparatorComplex" classname="org.joda.time.format.TestPeriodFormatterBuilder" time="0"/>
  <testcase name="testFormatSeparatorIfFieldsAfter" classname="org.joda.time.format.TestPeriodFormatterBuilder" time="0"/>
  <testcase name="testFormatSeparatorIfFieldsBefore" classname="org.joda.time.format.TestPeriodFormatterBuilder" time="0.001"/>
  <testcase name="testFormatLiteral" classname="org.joda.time.format.TestPeriodFormatterBuilder" time="0"/>
  <testcase name="testFormatAppendFormatter" classname="org.joda.time.format.TestPeriodFormatterBuilder" time="0"/>
  <testcase name="testFormatMinDigits" classname="org.joda.time.format.TestPeriodFormatterBuilder" time="0"/>
  <testcase name="testFormatYears" classname="org.joda.time.format.TestPeriodFormatterBuilder" time="0"/>
  <testcase name="testFormatPrintZeroDefault" classname="org.joda.time.format.TestPeriodFormatterBuilder" time="0"/>
  <testcase name="testFormatPrintZeroRarelyLast" classname="org.joda.time.format.TestPeriodFormatterBuilder" time="0.001"/>
  <testcase name="testFormatPrintZeroRarelyFirst" classname="org.joda.time.format.TestPeriodFormatterBuilder" time="0"/>
  <testcase name="testFormatPrintZeroRarelyFirstYears" classname="org.joda.time.format.TestPeriodFormatterBuilder" time="0"/>
  <testcase name="testFormatPrintZeroRarelyFirstMonths" classname="org.joda.time.format.TestPeriodFormatterBuilder" time="0"/>
  <testcase name="testFormatPrintZeroRarelyFirstWeeks" classname="org.joda.time.format.TestPeriodFormatterBuilder" time="0"/>
  <testcase name="testFormatPrintZeroRarelyFirstDays" classname="org.joda.time.format.TestPeriodFormatterBuilder" time="0"/>
  <testcase name="testFormatPrintZeroRarelyFirstHours" classname="org.joda.time.format.TestPeriodFormatterBuilder" time="0"/>
  <testcase name="testFormatPrintZeroRarelyFirstMinutes" classname="org.joda.time.format.TestPeriodFormatterBuilder" time="0"/>
  <testcase name="testFormatPrintZeroRarelyFirstSeconds" classname="org.joda.time.format.TestPeriodFormatterBuilder" time="0"/>
  <testcase name="testFormatPrintZeroIfSupported" classname="org.joda.time.format.TestPeriodFormatterBuilder" time="0.001"/>
  <testcase name="testFormatPrintZeroAlways" classname="org.joda.time.format.TestPeriodFormatterBuilder" time="0"/>
  <testcase name="testFormatPrintZeroNever" classname="org.joda.time.format.TestPeriodFormatterBuilder" time="0"/>
  <testcase name="testFormatAppend_PrinterParser_null_null" classname="org.joda.time.format.TestPeriodFormatterBuilder" time="0"/>
  <testcase name="testFormatAppend_PrinterParser_Printer_null" classname="org.joda.time.format.TestPeriodFormatterBuilder" time="0"/>
  <testcase name="testFormatAppend_PrinterParser_null_Parser" classname="org.joda.time.format.TestPeriodFormatterBuilder" time="0"/>
  <testcase name="testFormatAppend_PrinterParser_PrinterParser" classname="org.joda.time.format.TestPeriodFormatterBuilder" time="0.002"/>
  <testcase name="testFormatAppend_PrinterParser_Printer_null_null_Parser" classname="org.joda.time.format.TestPeriodFormatterBuilder" time="0"/>
  <testcase name="testFormatAppend_PrinterParserThenClear" classname="org.joda.time.format.TestPeriodFormatterBuilder" time="0"/>
  <testcase name="testBug2495455" classname="org.joda.time.format.TestPeriodFormatterBuilder" time="0.001"/>
  <testcase name="testMonthsAndMinutesAreConsideredSeparateAndCaseIsNotIgnored" classname="org.joda.time.format.TestPeriodFormatterBuilder" time="0"/>
  <testcase name="testAppendSeparatorIfFieldsBeforeThrowsIllegalStateExceptionAndAppendPrefixTakingString" classname="org.joda.time.format.TestPeriodFormatterBuilder" time="0.001"/>
  <testcase name="testAppendSeparatorIfFieldsBeforeThrowsIllegalStateExceptionAndAppendSeparatorIfFieldsAfter" classname="org.joda.time.format.TestPeriodFormatterBuilder" time="0"/>
  <testcase name="testAppendSeparatorTaking3ArgumentsWithEmptyStringAndNull" classname="org.joda.time.format.TestPeriodFormatterBuilder" time="0"/>
  <testcase name="testAppendSeparatorTaking3ArgumentsWithNullAndNonEmptyArray" classname="org.joda.time.format.TestPeriodFormatterBuilder" time="0"/>
  <testcase name="testAppendSuffixTaking2StringArraysThrowsIllegalStateException" classname="org.joda.time.format.TestPeriodFormatterBuilder" time="0"/>
  <testcase name="testAppendLiteralThrowsIllegalArgumentException" classname="org.joda.time.format.TestPeriodFormatterBuilder" time="0"/>
  <testcase name="testAppendTakingPeriodFormatterThrowsIllegalArgumentException" classname="org.joda.time.format.TestPeriodFormatterBuilder" time="0.001"/>
  <testcase name="testMonthNames_monthStart" classname="org.joda.time.format.TestTextFields" time="0.002"/>
  <testcase name="testMonthNames_monthMiddle" classname="org.joda.time.format.TestTextFields" time="0.001"/>
  <testcase name="testMonthNames_monthEnd" classname="org.joda.time.format.TestTextFields" time="0"/>
  <testcase name="testWeekdayNames" classname="org.joda.time.format.TestTextFields" time="0.005"/>
  <testcase name="testHalfdayNames" classname="org.joda.time.format.TestTextFields" time="0"/>
  <testcase name="testClass" classname="org.joda.time.tz.TestUTCProvider" time="0"/>
  <testcase name="testGetAvailableIDs" classname="org.joda.time.tz.TestUTCProvider" time="0.001"/>
  <testcase name="testGetZone_String" classname="org.joda.time.tz.TestUTCProvider" time="0"/>
  <testcase name="testSerialization" classname="org.joda.time.tz.TestBuilder" time="0.027"/>
  <testcase name="testFixed" classname="org.joda.time.tz.TestBuilder" time="0"/>
  <testcase name="testID" classname="org.joda.time.tz.TestBuilder" time="0.008"/>
  <testcase name="testForwardTransitions" classname="org.joda.time.tz.TestBuilder" time="0.011"/>
  <testcase name="testReverseTransitions" classname="org.joda.time.tz.TestBuilder" time="0.006"/>
  <testcase name="testCompile" classname="org.joda.time.tz.TestCompiler" time="0.032"/>
  <testcase name="testDateTimeZoneBuilder" classname="org.joda.time.tz.TestCompiler" time="0.005"/>
  <testcase name="testCompileOnBrokenTimeZoneFile" classname="org.joda.time.tz.TestCompiler" time="0.002"/>
  <testcase name="testCompileOnBrokenTimeZoneFile_2" classname="org.joda.time.tz.TestCompiler" time="0.001"/>
  <testcase name="test_2400_fromDay" classname="org.joda.time.tz.TestCompiler" time="0"/>
  <testcase name="test_2400_last" classname="org.joda.time.tz.TestCompiler" time="0"/>
  <testcase name="test_2400_specific_day" classname="org.joda.time.tz.TestCompiler" time="0"/>
  <testcase name="test_Amman_2003" classname="org.joda.time.tz.TestCompiler" time="0.001"/>
  <testcase name="test_Amman_2004" classname="org.joda.time.tz.TestCompiler" time="0"/>
  <testcase name="test_Amman_2005" classname="org.joda.time.tz.TestCompiler" time="0"/>
  <testcase name="test_Amman_2006" classname="org.joda.time.tz.TestCompiler" time="0"/>
  <testcase name="testSerialization" classname="org.joda.time.tz.TestCachedDateTimeZone" time="0"/>
  <testcase name="test_caching" classname="org.joda.time.tz.TestCachedDateTimeZone" time="0"/>
  <testcase name="testEquals" classname="org.joda.time.tz.TestFixedDateTimeZone" time="0"/>
  <testcase name="testHashCode" classname="org.joda.time.tz.TestFixedDateTimeZone" time="0.001"/>
  <testcase name="testToTimeZone1" classname="org.joda.time.tz.TestFixedDateTimeZone" time="0"/>
  <testcase name="testToTimeZone2" classname="org.joda.time.tz.TestFixedDateTimeZone" time="0"/>
</testsuite>